20161104_T130100Z | Info |     Loaded 0 space assets for customer: 4176 (); Elapsed: 00:00:02.4688145 | Method = CustomerLogic.GatherSpaceAssets | Thread = 54
20161104_T130100Z | Info |     Loaded 0 meter assets for customer: 4176 (); Elapsed: 00:00:00.6288804 | Method = CustomerLogic.GatherMeterAssets | Thread = 54
20161104_T130101Z | Info |     Loaded 0 cluster assets for customer: 4176 (); Elapsed: 00:00:00.3266737 | Method = CustomerLogic.GatherClusterAssets | Thread = 54
20161104_T130101Z | Info |     Loaded 1 area assets for customer: 4176 (); Elapsed: 00:00:00.2677277 | Method = CustomerLogic.GatherAreaAssets | Thread = 54
20161104_T130101Z | Info |     Loaded 1 CustomGroup1 assets for customer: 4176 (); Elapsed: 00:00:00.2463623 | Method = CustomerLogic.GatherCustomGroup1Assets | Thread = 54
20161104_T131159Z | Info |     Loaded 0 space assets for customer: 4176 (); Elapsed: 00:00:02.4440987 | Method = CustomerLogic.GatherSpaceAssets | Thread = 31
20161104_T131200Z | Info |     Loaded 0 meter assets for customer: 4176 (); Elapsed: 00:00:00.6334939 | Method = CustomerLogic.GatherMeterAssets | Thread = 31
20161104_T131200Z | Info |     Loaded 0 cluster assets for customer: 4176 (); Elapsed: 00:00:00.2465932 | Method = CustomerLogic.GatherClusterAssets | Thread = 31
20161104_T131200Z | Info |     Loaded 1 area assets for customer: 4176 (); Elapsed: 00:00:00.2493048 | Method = CustomerLogic.GatherAreaAssets | Thread = 31
20161104_T131201Z | Info |     Loaded 1 CustomGroup1 assets for customer: 4176 (); Elapsed: 00:00:00.3226804 | Method = CustomerLogic.GatherCustomGroup1Assets | Thread = 31
20161104_T134320Z | Info |     Loaded 0 space assets for customer: 4176 (); Elapsed: 00:00:02.5059861 | Method = CustomerLogic.GatherSpaceAssets | Thread = 16
20161104_T134320Z | Info |     Loaded 0 meter assets for customer: 4176 (); Elapsed: 00:00:00.6660105 | Method = CustomerLogic.GatherMeterAssets | Thread = 16
20161104_T134321Z | Info |     Loaded 0 cluster assets for customer: 4176 (); Elapsed: 00:00:00.2453043 | Method = CustomerLogic.GatherClusterAssets | Thread = 16
20161104_T134321Z | Info |     Loaded 1 area assets for customer: 4176 (); Elapsed: 00:00:00.2554508 | Method = CustomerLogic.GatherAreaAssets | Thread = 16
20161104_T134321Z | Info |     Loaded 1 CustomGroup1 assets for customer: 4176 (); Elapsed: 00:00:00.2454717 | Method = CustomerLogic.GatherCustomGroup1Assets | Thread = 16
20161104_T151032Z | Info |     Loaded 0 space assets for customer: 4176 (); Elapsed: 00:00:02.6953627 | Method = CustomerLogic.GatherSpaceAssets | Thread = 10
20161104_T151032Z | Info |     Loaded 0 meter assets for customer: 4176 (); Elapsed: 00:00:00.7684245 | Method = CustomerLogic.GatherMeterAssets | Thread = 10
20161104_T151033Z | Info |     Loaded 0 cluster assets for customer: 4176 (); Elapsed: 00:00:00.2466248 | Method = CustomerLogic.GatherClusterAssets | Thread = 10
20161104_T151033Z | Info |     Loaded 1 area assets for customer: 4176 (); Elapsed: 00:00:00.2590817 | Method = CustomerLogic.GatherAreaAssets | Thread = 10
20161104_T151033Z | Info |     Loaded 1 CustomGroup1 assets for customer: 4176 (); Elapsed: 00:00:00.2509174 | Method = CustomerLogic.GatherCustomGroup1Assets | Thread = 10
