20161105_T073524Z | Info |     Loaded 0 space assets for customer: 4176 (); Elapsed: 00:00:02.4532733 | Method = CustomerLogic.GatherSpaceAssets | Thread = 15
20161105_T073524Z | Info |     Loaded 0 meter assets for customer: 4176 (); Elapsed: 00:00:00.6626330 | Method = CustomerLogic.GatherMeterAssets | Thread = 15
20161105_T073525Z | Info |     Loaded 0 cluster assets for customer: 4176 (); Elapsed: 00:00:00.2463346 | Method = CustomerLogic.GatherClusterAssets | Thread = 15
20161105_T073525Z | Info |     Loaded 1 area assets for customer: 4176 (); Elapsed: 00:00:00.2457038 | Method = CustomerLogic.GatherAreaAssets | Thread = 15
20161105_T073525Z | Info |     Loaded 1 CustomGroup1 assets for customer: 4176 (); Elapsed: 00:00:00.2384908 | Method = CustomerLogic.GatherCustomGroup1Assets | Thread = 15
20161105_T083043Z | Info |     Loaded 0 space assets for customer: 4176 (); Elapsed: 00:00:02.4055514 | Method = CustomerLogic.GatherSpaceAssets | Thread = 17
20161105_T083044Z | Info |     Loaded 0 meter assets for customer: 4176 (); Elapsed: 00:00:00.9593364 | Method = CustomerLogic.GatherMeterAssets | Thread = 17
20161105_T083045Z | Info |     Loaded 0 cluster assets for customer: 4176 (); Elapsed: 00:00:00.3300177 | Method = CustomerLogic.GatherClusterAssets | Thread = 17
20161105_T083045Z | Info |     Loaded 1 area assets for customer: 4176 (); Elapsed: 00:00:00.2507239 | Method = CustomerLogic.GatherAreaAssets | Thread = 17
20161105_T083045Z | Info |     Loaded 1 CustomGroup1 assets for customer: 4176 (); Elapsed: 00:00:00.3667515 | Method = CustomerLogic.GatherCustomGroup1Assets | Thread = 17
20161105_T092834Z | Info |     Loaded 0 space assets for customer: 4176 (); Elapsed: 00:00:02.4772745 | Method = CustomerLogic.GatherSpaceAssets | Thread = 72
20161105_T092835Z | Info |     Loaded 0 meter assets for customer: 4176 (); Elapsed: 00:00:00.7272284 | Method = CustomerLogic.GatherMeterAssets | Thread = 72
20161105_T092835Z | Info |     Loaded 0 cluster assets for customer: 4176 (); Elapsed: 00:00:00.2474439 | Method = CustomerLogic.GatherClusterAssets | Thread = 72
20161105_T092836Z | Info |     Loaded 1 area assets for customer: 4176 (); Elapsed: 00:00:00.2491808 | Method = CustomerLogic.GatherAreaAssets | Thread = 72
20161105_T092836Z | Info |     Loaded 1 CustomGroup1 assets for customer: 4176 (); Elapsed: 00:00:00.2442637 | Method = CustomerLogic.GatherCustomGroup1Assets | Thread = 72
20161105_T093926Z | Info |     Loaded 0 space assets for customer: 4176 (); Elapsed: 00:00:02.4124214 | Method = CustomerLogic.GatherSpaceAssets | Thread = 65
20161105_T093926Z | Info |     Loaded 0 meter assets for customer: 4176 (); Elapsed: 00:00:00.6210480 | Method = CustomerLogic.GatherMeterAssets | Thread = 65
20161105_T093926Z | Info |     Loaded 0 cluster assets for customer: 4176 (); Elapsed: 00:00:00.2459521 | Method = CustomerLogic.GatherClusterAssets | Thread = 65
20161105_T093927Z | Info |     Loaded 1 area assets for customer: 4176 (); Elapsed: 00:00:00.2458179 | Method = CustomerLogic.GatherAreaAssets | Thread = 65
20161105_T093927Z | Info |     Loaded 1 CustomGroup1 assets for customer: 4176 (); Elapsed: 00:00:00.2472631 | Method = CustomerLogic.GatherCustomGroup1Assets | Thread = 65
20161105_T094544Z | Info |     Loaded 0 space assets for customer: 4176 (); Elapsed: 00:00:02.7419544 | Method = CustomerLogic.GatherSpaceAssets | Thread = 11
20161105_T094545Z | Info |     Loaded 0 meter assets for customer: 4176 (); Elapsed: 00:00:00.6754460 | Method = CustomerLogic.GatherMeterAssets | Thread = 11
20161105_T094545Z | Info |     Loaded 0 cluster assets for customer: 4176 (); Elapsed: 00:00:00.3440691 | Method = CustomerLogic.GatherClusterAssets | Thread = 11
20161105_T094546Z | Info |     Loaded 1 area assets for customer: 4176 (); Elapsed: 00:00:00.2647209 | Method = CustomerLogic.GatherAreaAssets | Thread = 11
20161105_T094546Z | Info |     Loaded 1 CustomGroup1 assets for customer: 4176 (); Elapsed: 00:00:00.2663974 | Method = CustomerLogic.GatherCustomGroup1Assets | Thread = 11
20161105_T101951Z | Info |     Loaded 0 space assets for customer: 4176 (); Elapsed: 00:00:02.5765213 | Method = CustomerLogic.GatherSpaceAssets | Thread = 41
20161105_T101952Z | Info |     Loaded 0 meter assets for customer: 4176 (); Elapsed: 00:00:00.6923610 | Method = CustomerLogic.GatherMeterAssets | Thread = 41
20161105_T101952Z | Info |     Loaded 0 cluster assets for customer: 4176 (); Elapsed: 00:00:00.2555980 | Method = CustomerLogic.GatherClusterAssets | Thread = 41
20161105_T101952Z | Info |     Loaded 1 area assets for customer: 4176 (); Elapsed: 00:00:00.2491954 | Method = CustomerLogic.GatherAreaAssets | Thread = 41
20161105_T101953Z | Info |     Loaded 1 CustomGroup1 assets for customer: 4176 (); Elapsed: 00:00:00.4374419 | Method = CustomerLogic.GatherCustomGroup1Assets | Thread = 41
20161105_T105242Z | Info |     Loaded 0 space assets for customer: 4176 (); Elapsed: 00:00:02.4698077 | Method = CustomerLogic.GatherSpaceAssets | Thread = 39
20161105_T105243Z | Info |     Loaded 0 meter assets for customer: 4176 (); Elapsed: 00:00:00.8489029 | Method = CustomerLogic.GatherMeterAssets | Thread = 39
20161105_T105243Z | Info |     Loaded 0 cluster assets for customer: 4176 (); Elapsed: 00:00:00.3794276 | Method = CustomerLogic.GatherClusterAssets | Thread = 39
20161105_T105243Z | Info |     Loaded 1 area assets for customer: 4176 (); Elapsed: 00:00:00.2748227 | Method = CustomerLogic.GatherAreaAssets | Thread = 39
20161105_T105244Z | Info |     Loaded 1 CustomGroup1 assets for customer: 4176 (); Elapsed: 00:00:00.3136712 | Method = CustomerLogic.GatherCustomGroup1Assets | Thread = 39
20161105_T151219Z | Info |     Loaded 0 space assets for customer: 4176 (); Elapsed: 00:00:02.4259939 | Method = CustomerLogic.GatherSpaceAssets | Thread = 13
20161105_T151219Z | Info |     Loaded 0 meter assets for customer: 4176 (); Elapsed: 00:00:00.6357235 | Method = CustomerLogic.GatherMeterAssets | Thread = 13
20161105_T151220Z | Info |     Loaded 0 cluster assets for customer: 4176 (); Elapsed: 00:00:00.2427944 | Method = CustomerLogic.GatherClusterAssets | Thread = 13
20161105_T151220Z | Info |     Loaded 1 area assets for customer: 4176 (); Elapsed: 00:00:00.2442191 | Method = CustomerLogic.GatherAreaAssets | Thread = 13
20161105_T151220Z | Info |     Loaded 1 CustomGroup1 assets for customer: 4176 (); Elapsed: 00:00:00.2409983 | Method = CustomerLogic.GatherCustomGroup1Assets | Thread = 13
