20161107_T161242Z | Info |     Loaded 0 space assets for customer: 7008 (); Elapsed: 00:00:02.7322901 | Method = CustomerLogic.GatherSpaceAssets | Thread = 25
20161107_T161243Z | Info |     Loaded 0 meter assets for customer: 7008 (); Elapsed: 00:00:00.6702901 | Method = CustomerLogic.GatherMeterAssets | Thread = 25
20161107_T161243Z | Info |     Loaded 0 cluster assets for customer: 7008 (); Elapsed: 00:00:00.2461647 | Method = CustomerLogic.GatherClusterAssets | Thread = 25
20161107_T161243Z | Info |     Loaded 0 area assets for customer: 7008 (); Elapsed: 00:00:00.2435336 | Method = CustomerLogic.GatherAreaAssets | Thread = 25
20161107_T161244Z | Info |     Loaded 1 CustomGroup1 assets for customer: 7008 (); Elapsed: 00:00:00.3272232 | Method = CustomerLogic.GatherCustomGroup1Assets | Thread = 25
20161107_T161256Z | Info |     Loaded 0 space assets for customer: 7011 (); Elapsed: 00:00:00.5997416 | Method = CustomerLogic.GatherSpaceAssets | Thread = 27
20161107_T161256Z | Info |     Loaded 0 meter assets for customer: 7011 (); Elapsed: 00:00:00.5493799 | Method = CustomerLogic.GatherMeterAssets | Thread = 27
20161107_T161257Z | Info |     Loaded 0 cluster assets for customer: 7011 (); Elapsed: 00:00:00.4030382 | Method = CustomerLogic.GatherClusterAssets | Thread = 27
20161107_T161257Z | Info |     Loaded 0 area assets for customer: 7011 (); Elapsed: 00:00:00.5046317 | Method = CustomerLogic.GatherAreaAssets | Thread = 27
20161107_T161258Z | Info |     Loaded 1 CustomGroup1 assets for customer: 7011 (); Elapsed: 00:00:00.4084791 | Method = CustomerLogic.GatherCustomGroup1Assets | Thread = 27
20161107_T162915Z | Info |     Loaded 0 space assets for customer: 7001 (); Elapsed: 00:00:03.2002377 | Method = CustomerLogic.GatherSpaceAssets | Thread = 30
20161107_T162916Z | Info |     Loaded 0 meter assets for customer: 7001 (); Elapsed: 00:00:00.6753679 | Method = CustomerLogic.GatherMeterAssets | Thread = 30
20161107_T162917Z | Info |     Loaded 0 cluster assets for customer: 7001 (); Elapsed: 00:00:00.4708273 | Method = CustomerLogic.GatherClusterAssets | Thread = 30
20161107_T162917Z | Info |     Loaded 0 area assets for customer: 7001 (); Elapsed: 00:00:00.5123267 | Method = CustomerLogic.GatherAreaAssets | Thread = 30
20161107_T162917Z | Info |     Loaded 1 CustomGroup1 assets for customer: 7001 (); Elapsed: 00:00:00.2864178 | Method = CustomerLogic.GatherCustomGroup1Assets | Thread = 30
20161107_T180306Z | Info |     Loaded 0 space assets for customer: 7011 (); Elapsed: 00:00:02.4801720 | Method = CustomerLogic.GatherSpaceAssets | Thread = 16
20161107_T180306Z | Info |     Loaded 0 meter assets for customer: 7011 (); Elapsed: 00:00:00.6832800 | Method = CustomerLogic.GatherMeterAssets | Thread = 16
20161107_T180307Z | Info |     Loaded 0 cluster assets for customer: 7011 (); Elapsed: 00:00:00.2438451 | Method = CustomerLogic.GatherClusterAssets | Thread = 16
20161107_T180307Z | Info |     Loaded 0 area assets for customer: 7011 (); Elapsed: 00:00:00.2442481 | Method = CustomerLogic.GatherAreaAssets | Thread = 16
20161107_T180307Z | Info |     Loaded 1 CustomGroup1 assets for customer: 7011 (); Elapsed: 00:00:00.3132409 | Method = CustomerLogic.GatherCustomGroup1Assets | Thread = 16
20161107_T200937Z | Info |     Loaded 0 space assets for customer: 7011 (); Elapsed: 00:00:02.6372058 | Method = CustomerLogic.GatherSpaceAssets | Thread = 83
20161107_T200938Z | Info |     Loaded 0 meter assets for customer: 7011 (); Elapsed: 00:00:00.6367747 | Method = CustomerLogic.GatherMeterAssets | Thread = 83
20161107_T200938Z | Info |     Loaded 0 cluster assets for customer: 7011 (); Elapsed: 00:00:00.2450357 | Method = CustomerLogic.GatherClusterAssets | Thread = 83
20161107_T200938Z | Info |     Loaded 0 area assets for customer: 7011 (); Elapsed: 00:00:00.2583722 | Method = CustomerLogic.GatherAreaAssets | Thread = 83
20161107_T200938Z | Info |     Loaded 1 CustomGroup1 assets for customer: 7011 (); Elapsed: 00:00:00.2456124 | Method = CustomerLogic.GatherCustomGroup1Assets | Thread = 83
20161107_T201507Z | Info |     Loaded 0 space assets for customer: 7011 (); Elapsed: 00:00:03.7100261 | Method = CustomerLogic.GatherSpaceAssets | Thread = 82
20161107_T201508Z | Info |     Loaded 0 meter assets for customer: 7011 (); Elapsed: 00:00:01.3927022 | Method = CustomerLogic.GatherMeterAssets | Thread = 82
20161107_T201509Z | Info |     Loaded 0 cluster assets for customer: 7011 (); Elapsed: 00:00:00.2945905 | Method = CustomerLogic.GatherClusterAssets | Thread = 82
20161107_T201509Z | Info |     Loaded 0 area assets for customer: 7011 (); Elapsed: 00:00:00.2800618 | Method = CustomerLogic.GatherAreaAssets | Thread = 82
20161107_T201510Z | Info |     Loaded 1 CustomGroup1 assets for customer: 7011 (); Elapsed: 00:00:00.5025983 | Method = CustomerLogic.GatherCustomGroup1Assets | Thread = 82
20161107_T201909Z | Info |     Loaded 0 space assets for customer: 7011 (); Elapsed: 00:00:02.8817050 | Method = CustomerLogic.GatherSpaceAssets | Thread = 90
20161107_T201910Z | Info |     Loaded 0 meter assets for customer: 7011 (); Elapsed: 00:00:01.1159287 | Method = CustomerLogic.GatherMeterAssets | Thread = 90
20161107_T201911Z | Info |     Loaded 0 cluster assets for customer: 7011 (); Elapsed: 00:00:00.3279326 | Method = CustomerLogic.GatherClusterAssets | Thread = 90
20161107_T201911Z | Info |     Loaded 0 area assets for customer: 7011 (); Elapsed: 00:00:00.2738088 | Method = CustomerLogic.GatherAreaAssets | Thread = 90
20161107_T201911Z | Info |     Loaded 1 CustomGroup1 assets for customer: 7011 (); Elapsed: 00:00:00.2839671 | Method = CustomerLogic.GatherCustomGroup1Assets | Thread = 90
20161107_T202816Z | Info |     Loaded 0 space assets for customer: 7011 (); Elapsed: 00:00:02.7935933 | Method = CustomerLogic.GatherSpaceAssets | Thread = 4
20161107_T202817Z | Info |     Loaded 0 meter assets for customer: 7011 (); Elapsed: 00:00:00.8935344 | Method = CustomerLogic.GatherMeterAssets | Thread = 4
20161107_T202817Z | Info |     Loaded 0 cluster assets for customer: 7011 (); Elapsed: 00:00:00.5149242 | Method = CustomerLogic.GatherClusterAssets | Thread = 4
20161107_T202818Z | Info |     Loaded 0 area assets for customer: 7011 (); Elapsed: 00:00:00.3820299 | Method = CustomerLogic.GatherAreaAssets | Thread = 4
20161107_T202818Z | Info |     Loaded 1 CustomGroup1 assets for customer: 7011 (); Elapsed: 00:00:00.5694664 | Method = CustomerLogic.GatherCustomGroup1Assets | Thread = 4
20161107_T203153Z | Info |     Loaded 0 space assets for customer: 7011 (); Elapsed: 00:00:02.9249204 | Method = CustomerLogic.GatherSpaceAssets | Thread = 83
20161107_T203154Z | Info |     Loaded 0 meter assets for customer: 7011 (); Elapsed: 00:00:00.6582508 | Method = CustomerLogic.GatherMeterAssets | Thread = 83
20161107_T203154Z | Info |     Loaded 0 cluster assets for customer: 7011 (); Elapsed: 00:00:00.5331684 | Method = CustomerLogic.GatherClusterAssets | Thread = 83
20161107_T203155Z | Info |     Loaded 0 area assets for customer: 7011 (); Elapsed: 00:00:00.3867631 | Method = CustomerLogic.GatherAreaAssets | Thread = 83
20161107_T203155Z | Info |     Loaded 1 CustomGroup1 assets for customer: 7011 (); Elapsed: 00:00:00.2501573 | Method = CustomerLogic.GatherCustomGroup1Assets | Thread = 83
