20161017_T114012Z | Info |     Loaded 133 space assets for customer: 4184 (); Elapsed: 00:00:04.9455875 | Method = CustomerLogic.GatherSpaceAssets | Thread = 15
20161017_T114015Z | Info |     Loaded 133 meter assets for customer: 4184 (); Elapsed: 00:00:03.5478675 | Method = CustomerLogic.GatherMeterAssets | Thread = 15
20161017_T114015Z | Info |     Loaded 19 cluster assets for customer: 4184 (); Elapsed: 00:00:00.2443793 | Method = CustomerLogic.GatherClusterAssets | Thread = 15
20161017_T114016Z | Info |     Loaded 1 area assets for customer: 4184 (); Elapsed: 00:00:00.2393993 | Method = CustomerLogic.GatherAreaAssets | Thread = 15
20161017_T114016Z | Info |     Loaded 2 CustomGroup1 assets for customer: 4184 (); Elapsed: 00:00:00.2392248 | Method = CustomerLogic.GatherCustomGroup1Assets | Thread = 15
20161017_T125235Z | Info |     Loaded 141 space assets for customer: 8002 (); Elapsed: 00:00:03.6862433 | Method = CustomerLogic.GatherSpaceAssets | Thread = 10
20161017_T125236Z | Info |     Loaded 0 meter assets for customer: 8002 (); Elapsed: 00:00:01.3066269 | Method = CustomerLogic.GatherMeterAssets | Thread = 10
20161017_T125237Z | Info |     Loaded 0 cluster assets for customer: 8002 (); Elapsed: 00:00:00.2393103 | Method = CustomerLogic.GatherClusterAssets | Thread = 10
20161017_T125237Z | Info |     Loaded 2 area assets for customer: 8002 (); Elapsed: 00:00:00.2385673 | Method = CustomerLogic.GatherAreaAssets | Thread = 10
20161017_T125237Z | Info |     Loaded 2 CustomGroup1 assets for customer: 8002 (); Elapsed: 00:00:00.2385357 | Method = CustomerLogic.GatherCustomGroup1Assets | Thread = 10
20161017_T130352Z | Info |     Loaded 141 space assets for customer: 8002 (); Elapsed: 00:00:04.3379497 | Method = CustomerLogic.GatherSpaceAssets | Thread = 5
20161017_T130354Z | Info |     Loaded 0 meter assets for customer: 8002 (); Elapsed: 00:00:01.4336066 | Method = CustomerLogic.GatherMeterAssets | Thread = 5
20161017_T130354Z | Info |     Loaded 0 cluster assets for customer: 8002 (); Elapsed: 00:00:00.2390387 | Method = CustomerLogic.GatherClusterAssets | Thread = 5
20161017_T130354Z | Info |     Loaded 2 area assets for customer: 8002 (); Elapsed: 00:00:00.2391542 | Method = CustomerLogic.GatherAreaAssets | Thread = 5
20161017_T130354Z | Info |     Loaded 2 CustomGroup1 assets for customer: 8002 (); Elapsed: 00:00:00.2388886 | Method = CustomerLogic.GatherCustomGroup1Assets | Thread = 5
20161017_T134433Z | Info |     Loaded 141 space assets for customer: 8002 (); Elapsed: 00:00:07.3368060 | Method = CustomerLogic.GatherSpaceAssets | Thread = 15
20161017_T134435Z | Info |     Loaded 0 meter assets for customer: 8002 (); Elapsed: 00:00:01.4454816 | Method = CustomerLogic.GatherMeterAssets | Thread = 15
20161017_T134435Z | Info |     Loaded 0 cluster assets for customer: 8002 (); Elapsed: 00:00:00.2396448 | Method = CustomerLogic.GatherClusterAssets | Thread = 15
20161017_T134435Z | Info |     Loaded 2 area assets for customer: 8002 (); Elapsed: 00:00:00.2376674 | Method = CustomerLogic.GatherAreaAssets | Thread = 15
20161017_T134436Z | Info |     Loaded 2 CustomGroup1 assets for customer: 8002 (); Elapsed: 00:00:00.2377457 | Method = CustomerLogic.GatherCustomGroup1Assets | Thread = 15
20161017_T140201Z | Info |     Loaded 141 space assets for customer: 8002 (); Elapsed: 00:00:04.4480330 | Method = CustomerLogic.GatherSpaceAssets | Thread = 13
20161017_T140202Z | Info |     Loaded 0 meter assets for customer: 8002 (); Elapsed: 00:00:01.5144556 | Method = CustomerLogic.GatherMeterAssets | Thread = 13
20161017_T140202Z | Info |     Loaded 0 cluster assets for customer: 8002 (); Elapsed: 00:00:00.2391033 | Method = CustomerLogic.GatherClusterAssets | Thread = 13
20161017_T140203Z | Info |     Loaded 2 area assets for customer: 8002 (); Elapsed: 00:00:00.2379745 | Method = CustomerLogic.GatherAreaAssets | Thread = 13
20161017_T140203Z | Info |     Loaded 2 CustomGroup1 assets for customer: 8002 (); Elapsed: 00:00:00.2389664 | Method = CustomerLogic.GatherCustomGroup1Assets | Thread = 13
20161017_T151546Z | Info |     Loaded 141 space assets for customer: 8002 (); Elapsed: 00:00:04.5780882 | Method = CustomerLogic.GatherSpaceAssets | Thread = 22
20161017_T151547Z | Info |     Loaded 0 meter assets for customer: 8002 (); Elapsed: 00:00:01.5464804 | Method = CustomerLogic.GatherMeterAssets | Thread = 22
20161017_T151548Z | Info |     Loaded 0 cluster assets for customer: 8002 (); Elapsed: 00:00:00.2409866 | Method = CustomerLogic.GatherClusterAssets | Thread = 22
20161017_T151548Z | Info |     Loaded 2 area assets for customer: 8002 (); Elapsed: 00:00:00.2415413 | Method = CustomerLogic.GatherAreaAssets | Thread = 22
20161017_T151548Z | Info |     Loaded 2 CustomGroup1 assets for customer: 8002 (); Elapsed: 00:00:00.2467823 | Method = CustomerLogic.GatherCustomGroup1Assets | Thread = 22
20161017_T152730Z | Info |     Loaded 141 space assets for customer: 8002 (); Elapsed: 00:00:04.1021609 | Method = CustomerLogic.GatherSpaceAssets | Thread = 15
20161017_T152732Z | Info |     Loaded 0 meter assets for customer: 8002 (); Elapsed: 00:00:01.5789004 | Method = CustomerLogic.GatherMeterAssets | Thread = 15
20161017_T152732Z | Info |     Loaded 0 cluster assets for customer: 8002 (); Elapsed: 00:00:00.2391277 | Method = CustomerLogic.GatherClusterAssets | Thread = 15
20161017_T152732Z | Info |     Loaded 2 area assets for customer: 8002 (); Elapsed: 00:00:00.2390485 | Method = CustomerLogic.GatherAreaAssets | Thread = 15
20161017_T152732Z | Info |     Loaded 2 CustomGroup1 assets for customer: 8002 (); Elapsed: 00:00:00.2390344 | Method = CustomerLogic.GatherCustomGroup1Assets | Thread = 15
20161017_T153447Z | Info |     Loaded 141 space assets for customer: 8002 (); Elapsed: 00:00:04.1181472 | Method = CustomerLogic.GatherSpaceAssets | Thread = 19
20161017_T153449Z | Info |     Loaded 0 meter assets for customer: 8002 (); Elapsed: 00:00:01.4310638 | Method = CustomerLogic.GatherMeterAssets | Thread = 19
20161017_T153449Z | Info |     Loaded 0 cluster assets for customer: 8002 (); Elapsed: 00:00:00.2387029 | Method = CustomerLogic.GatherClusterAssets | Thread = 19
20161017_T153449Z | Info |     Loaded 2 area assets for customer: 8002 (); Elapsed: 00:00:00.2377679 | Method = CustomerLogic.GatherAreaAssets | Thread = 19
20161017_T153449Z | Info |     Loaded 2 CustomGroup1 assets for customer: 8002 (); Elapsed: 00:00:00.2380254 | Method = CustomerLogic.GatherCustomGroup1Assets | Thread = 19
20161017_T153531Z | Info |     Loaded 141 space assets for customer: 8002 (); Elapsed: 00:00:02.5154967 | Method = CustomerLogic.GatherSpaceAssets | Thread = 22
20161017_T153532Z | Info |     Loaded 0 meter assets for customer: 8002 (); Elapsed: 00:00:01.4590620 | Method = CustomerLogic.GatherMeterAssets | Thread = 22
20161017_T153532Z | Info |     Loaded 0 cluster assets for customer: 8002 (); Elapsed: 00:00:00.2389224 | Method = CustomerLogic.GatherClusterAssets | Thread = 22
20161017_T153533Z | Info |     Loaded 2 area assets for customer: 8002 (); Elapsed: 00:00:00.2377769 | Method = CustomerLogic.GatherAreaAssets | Thread = 22
20161017_T153533Z | Info |     Loaded 2 CustomGroup1 assets for customer: 8002 (); Elapsed: 00:00:00.2393441 | Method = CustomerLogic.GatherCustomGroup1Assets | Thread = 22
20161017_T153553Z | Info |     Loaded 141 space assets for customer: 8002 (); Elapsed: 00:00:02.6173997 | Method = CustomerLogic.GatherSpaceAssets | Thread = 18
20161017_T153555Z | Info |     Loaded 0 meter assets for customer: 8002 (); Elapsed: 00:00:02.4056607 | Method = CustomerLogic.GatherMeterAssets | Thread = 18
20161017_T153555Z | Info |     Loaded 0 cluster assets for customer: 8002 (); Elapsed: 00:00:00.2389703 | Method = CustomerLogic.GatherClusterAssets | Thread = 18
20161017_T153556Z | Info |     Loaded 2 area assets for customer: 8002 (); Elapsed: 00:00:00.2381858 | Method = CustomerLogic.GatherAreaAssets | Thread = 18
20161017_T153556Z | Info |     Loaded 2 CustomGroup1 assets for customer: 8002 (); Elapsed: 00:00:00.2379223 | Method = CustomerLogic.GatherCustomGroup1Assets | Thread = 18
20161017_T153716Z | Info |     Loaded 141 space assets for customer: 8002 (); Elapsed: 00:00:02.4120145 | Method = CustomerLogic.GatherSpaceAssets | Thread = 13
20161017_T153717Z | Info |     Loaded 0 meter assets for customer: 8002 (); Elapsed: 00:00:01.4886427 | Method = CustomerLogic.GatherMeterAssets | Thread = 13
20161017_T153717Z | Info |     Loaded 0 cluster assets for customer: 8002 (); Elapsed: 00:00:00.2401144 | Method = CustomerLogic.GatherClusterAssets | Thread = 13
20161017_T153718Z | Info |     Loaded 2 area assets for customer: 8002 (); Elapsed: 00:00:00.2975659 | Method = CustomerLogic.GatherAreaAssets | Thread = 13
20161017_T153718Z | Info |     Loaded 2 CustomGroup1 assets for customer: 8002 (); Elapsed: 00:00:00.2398437 | Method = CustomerLogic.GatherCustomGroup1Assets | Thread = 13
20161017_T153737Z | Info |     Loaded 141 space assets for customer: 8002 (); Elapsed: 00:00:02.7241493 | Method = CustomerLogic.GatherSpaceAssets | Thread = 13
20161017_T153738Z | Info |     Loaded 0 meter assets for customer: 8002 (); Elapsed: 00:00:01.4845605 | Method = CustomerLogic.GatherMeterAssets | Thread = 13
20161017_T153739Z | Info |     Loaded 0 cluster assets for customer: 8002 (); Elapsed: 00:00:00.2392530 | Method = CustomerLogic.GatherClusterAssets | Thread = 13
20161017_T153739Z | Info |     Loaded 2 area assets for customer: 8002 (); Elapsed: 00:00:00.2376520 | Method = CustomerLogic.GatherAreaAssets | Thread = 13
20161017_T153739Z | Info |     Loaded 2 CustomGroup1 assets for customer: 8002 (); Elapsed: 00:00:00.2378796 | Method = CustomerLogic.GatherCustomGroup1Assets | Thread = 13
20161017_T154104Z | Info |     Loaded 141 space assets for customer: 8002 (); Elapsed: 00:00:02.5069353 | Method = CustomerLogic.GatherSpaceAssets | Thread = 14
20161017_T154117Z | Info |     Loaded 0 meter assets for customer: 8002 (); Elapsed: 00:00:05.0833717 | Method = CustomerLogic.GatherMeterAssets | Thread = 14
20161017_T154117Z | Info |     Loaded 0 cluster assets for customer: 8002 (); Elapsed: 00:00:08.4644830 | Method = CustomerLogic.GatherClusterAssets | Thread = 14
20161017_T154117Z | Info |     Loaded 2 area assets for customer: 8002 (); Elapsed: 00:00:00.2390002 | Method = CustomerLogic.GatherAreaAssets | Thread = 14
20161017_T154118Z | Info |     Loaded 2 CustomGroup1 assets for customer: 8002 (); Elapsed: 00:00:00.2386443 | Method = CustomerLogic.GatherCustomGroup1Assets | Thread = 14
20161017_T160529Z | Info |     Loaded 141 space assets for customer: 8002 (); Elapsed: 00:00:04.2682572 | Method = CustomerLogic.GatherSpaceAssets | Thread = 30
20161017_T160535Z | Info |     Loaded 0 meter assets for customer: 8002 (); Elapsed: 00:00:06.9118018 | Method = CustomerLogic.GatherMeterAssets | Thread = 30
20161017_T160538Z | Info |     Loaded 0 cluster assets for customer: 8002 (); Elapsed: 00:00:02.6502534 | Method = CustomerLogic.GatherClusterAssets | Thread = 30
20161017_T160538Z | Info |     Loaded 2 area assets for customer: 8002 (); Elapsed: 00:00:00.2378894 | Method = CustomerLogic.GatherAreaAssets | Thread = 30
20161017_T160539Z | Info |     Loaded 2 CustomGroup1 assets for customer: 8002 (); Elapsed: 00:00:00.3248519 | Method = CustomerLogic.GatherCustomGroup1Assets | Thread = 30
20161017_T170242Z | Info |     Loaded 133 space assets for customer: 4184 (); Elapsed: 00:00:05.0445465 | Method = CustomerLogic.GatherSpaceAssets | Thread = 12
20161017_T170246Z | Info |     Loaded 133 meter assets for customer: 4184 (); Elapsed: 00:00:04.3753934 | Method = CustomerLogic.GatherMeterAssets | Thread = 12
20161017_T170246Z | Info |     Loaded 19 cluster assets for customer: 4184 (); Elapsed: 00:00:00.2447044 | Method = CustomerLogic.GatherClusterAssets | Thread = 12
20161017_T170246Z | Info |     Loaded 1 area assets for customer: 4184 (); Elapsed: 00:00:00.2409827 | Method = CustomerLogic.GatherAreaAssets | Thread = 12
20161017_T170247Z | Info |     Loaded 2 CustomGroup1 assets for customer: 4184 (); Elapsed: 00:00:00.2414275 | Method = CustomerLogic.GatherCustomGroup1Assets | Thread = 12
