2016-01-08 11:04:48.6544 | Trace | Duncan.PEMS.Framework.Controller.PemsController.OnActionExecuting | Enter
2016-01-08 11:05:02.8673 | Trace | Duncan.PEMS.Framework.Controller.PemsController.OnActionExecuting | Allowed, C: Index, A:Home
2016-01-08 11:05:02.8673 | Debug | Duncan.PEMS.Framework.Controller.PemsController.OnActionExecuting | Allowed Pass execution to action
2016-01-08 11:05:02.8673 | Trace | Duncan.PEMS.Framework.Controller.PemsController.OnActionExecuting | Exit
2016-01-08 11:05:02.8673 | Trace | Duncan.PEMS.Web.Areas.admin.Controllers.HomeController.Index | Enter
2016-01-08 11:05:03.2053 | Trace | Duncan.PEMS.Web.Areas.admin.Controllers.HomeController.Index | Exit
2016-01-08 11:05:30.6168 | Trace | Duncan.PEMS.Framework.Controller.PemsController.OnActionExecuting | Enter
2016-01-08 11:05:30.7648 | Trace | Duncan.PEMS.Framework.Controller.PemsController.OnActionExecuting | Allowed, C: Index, A:Customers
2016-01-08 11:05:30.7648 | Debug | Duncan.PEMS.Framework.Controller.PemsController.OnActionExecuting | Allowed Pass execution to action
2016-01-08 11:05:30.7648 | Trace | Duncan.PEMS.Framework.Controller.PemsController.OnActionExecuting | Exit
2016-01-08 11:05:41.2294 | Trace | Duncan.PEMS.Framework.Controller.PemsController.OnActionExecuting | Enter
2016-01-08 11:05:41.2294 | Trace | Duncan.PEMS.Framework.Controller.PemsController.OnActionExecuting | UndefinedAjax, C: GetSavedSortValues, A:Customers
2016-01-08 11:05:41.2294 | Debug | Duncan.PEMS.Framework.Controller.PemsController.OnActionExecuting | UndefinedAjax Pass execution to action
2016-01-08 11:05:41.2294 | Trace | Duncan.PEMS.Framework.Controller.PemsController.OnActionExecuting | Exit
2016-01-08 11:05:43.4916 | Trace | Duncan.PEMS.Framework.Controller.PemsController.OnActionExecuting | Enter
2016-01-08 11:05:43.5666 | Trace | Duncan.PEMS.Framework.Controller.PemsController.OnActionExecuting | Allowed, C: Add, A:Customers
2016-01-08 11:05:43.5666 | Debug | Duncan.PEMS.Framework.Controller.PemsController.OnActionExecuting | Allowed Pass execution to action
2016-01-08 11:05:43.5666 | Trace | Duncan.PEMS.Framework.Controller.PemsController.OnActionExecuting | Exit
2016-01-08 11:06:18.5406 | Trace | Duncan.PEMS.Framework.Controller.PemsController.OnActionExecuting | Enter
2016-01-08 11:06:18.5986 | Trace | Duncan.PEMS.Framework.Controller.PemsController.OnActionExecuting | Allowed, C: Add, A:Customers
2016-01-08 11:06:18.5986 | Debug | Duncan.PEMS.Framework.Controller.PemsController.OnActionExecuting | Allowed Pass execution to action
2016-01-08 11:06:18.5986 | Trace | Duncan.PEMS.Framework.Controller.PemsController.OnActionExecuting | Exit
2016-01-08 11:07:14.3698 | Trace | Duncan.PEMS.Framework.Controller.PemsController.OnActionExecuting | Enter
2016-01-08 11:07:14.4378 | Trace | Duncan.PEMS.Framework.Controller.PemsController.OnActionExecuting | Allowed, C: EditCustomer, A:Customers
2016-01-08 11:07:14.4378 | Debug | Duncan.PEMS.Framework.Controller.PemsController.OnActionExecuting | Allowed Pass execution to action
2016-01-08 11:07:14.4378 | Trace | Duncan.PEMS.Framework.Controller.PemsController.OnActionExecuting | Exit
2016-01-08 11:09:01.5099 | Trace | Duncan.PEMS.Framework.Controller.PemsController.OnActionExecuting | Enter
2016-01-08 11:09:01.5609 | Trace | Duncan.PEMS.Framework.Controller.PemsController.OnActionExecuting | Allowed, C: EditAssets, A:Customers
2016-01-08 11:09:01.5629 | Debug | Duncan.PEMS.Framework.Controller.PemsController.OnActionExecuting | Allowed Pass execution to action
2016-01-08 11:09:01.5629 | Trace | Duncan.PEMS.Framework.Controller.PemsController.OnActionExecuting | Exit
2016-01-08 11:09:03.2500 | Trace | Duncan.PEMS.Framework.Controller.PemsController.OnActionExecuting | Enter
2016-01-08 11:09:03.2950 | Trace | Duncan.PEMS.Framework.Controller.PemsController.OnActionExecuting | Allowed, C: EditCustomer, A:Customers
2016-01-08 11:09:03.2950 | Debug | Duncan.PEMS.Framework.Controller.PemsController.OnActionExecuting | Allowed Pass execution to action
2016-01-08 11:09:03.3280 | Trace | Duncan.PEMS.Framework.Controller.PemsController.OnActionExecuting | Exit
2016-01-08 11:10:03.9285 | Trace | Duncan.PEMS.Framework.Controller.PemsController.OnActionExecuting | Enter
2016-01-08 11:10:03.9835 | Trace | Duncan.PEMS.Framework.Controller.PemsController.OnActionExecuting | Allowed, C: EditCustomer, A:Customers
2016-01-08 11:10:03.9835 | Debug | Duncan.PEMS.Framework.Controller.PemsController.OnActionExecuting | Allowed Pass execution to action
2016-01-08 11:10:03.9835 | Trace | Duncan.PEMS.Framework.Controller.PemsController.OnActionExecuting | Exit
2016-01-08 11:10:26.7428 | Trace | Duncan.PEMS.Framework.Controller.PemsController.OnActionExecuting | Enter
2016-01-08 11:10:26.7868 | Trace | Duncan.PEMS.Framework.Controller.PemsController.OnActionExecuting | Allowed, C: EditCustomer, A:Customers
2016-01-08 11:10:26.7868 | Debug | Duncan.PEMS.Framework.Controller.PemsController.OnActionExecuting | Allowed Pass execution to action
2016-01-08 11:10:26.7868 | Trace | Duncan.PEMS.Framework.Controller.PemsController.OnActionExecuting | Exit
2016-01-08 11:10:36.9434 | Trace | Duncan.PEMS.Framework.Controller.PemsController.OnActionExecuting | Enter
2016-01-08 11:10:36.9924 | Trace | Duncan.PEMS.Framework.Controller.PemsController.OnActionExecuting | Allowed, C: EditCustomer, A:Customers
2016-01-08 11:10:36.9924 | Debug | Duncan.PEMS.Framework.Controller.PemsController.OnActionExecuting | Allowed Pass execution to action
2016-01-08 11:10:36.9924 | Trace | Duncan.PEMS.Framework.Controller.PemsController.OnActionExecuting | Exit
2016-01-08 11:10:40.3156 | Trace | Duncan.PEMS.Framework.Controller.PemsController.OnActionExecuting | Enter
2016-01-08 11:10:40.3726 | Trace | Duncan.PEMS.Framework.Controller.PemsController.OnActionExecuting | Allowed, C: EditAssets, A:Customers
2016-01-08 11:10:40.3726 | Debug | Duncan.PEMS.Framework.Controller.PemsController.OnActionExecuting | Allowed Pass execution to action
2016-01-08 11:10:40.3726 | Trace | Duncan.PEMS.Framework.Controller.PemsController.OnActionExecuting | Exit
2016-01-08 11:10:44.6958 | Trace | Duncan.PEMS.Framework.Controller.PemsController.OnActionExecuting | Enter
2016-01-08 11:10:44.7808 | Trace | Duncan.PEMS.Framework.Controller.PemsController.OnActionExecuting | Allowed, C: EditPayments, A:Customers
2016-01-08 11:10:44.7808 | Debug | Duncan.PEMS.Framework.Controller.PemsController.OnActionExecuting | Allowed Pass execution to action
2016-01-08 11:10:44.7808 | Trace | Duncan.PEMS.Framework.Controller.PemsController.OnActionExecuting | Exit
2016-01-08 11:11:18.4767 | Trace | Duncan.PEMS.Framework.Controller.PemsController.OnActionExecuting | Enter
2016-01-08 11:11:18.9068 | Trace | Duncan.PEMS.Framework.Controller.PemsController.OnActionExecuting | UndefinedAction, C: SetCoinDenominationSource, A:Customers
2016-01-08 11:11:18.9068 | Debug | Duncan.PEMS.Framework.Controller.PemsController.OnActionExecuting | UndefinedAction Pass execution to action
2016-01-08 11:11:18.9068 | Trace | Duncan.PEMS.Framework.Controller.PemsController.OnActionExecuting | Exit
2016-01-08 11:11:25.3471 | Trace | Duncan.PEMS.Framework.Controller.PemsController.OnActionExecuting | Enter
2016-01-08 11:11:25.4111 | Trace | Duncan.PEMS.Framework.Controller.PemsController.OnActionExecuting | Allowed, C: EditPayments, A:Customers
2016-01-08 11:11:25.4111 | Debug | Duncan.PEMS.Framework.Controller.PemsController.OnActionExecuting | Allowed Pass execution to action
2016-01-08 11:11:25.4111 | Trace | Duncan.PEMS.Framework.Controller.PemsController.OnActionExecuting | Exit
2016-01-08 11:11:28.4163 | Trace | Duncan.PEMS.Framework.Controller.PemsController.OnActionExecuting | Enter
2016-01-08 11:11:28.6233 | Trace | Duncan.PEMS.Framework.Controller.PemsController.OnActionExecuting | UndefinedAction, C: EditCustPayByCell, A:Customers
2016-01-08 11:11:28.6233 | Debug | Duncan.PEMS.Framework.Controller.PemsController.OnActionExecuting | UndefinedAction Pass execution to action
2016-01-08 11:11:28.6233 | Trace | Duncan.PEMS.Framework.Controller.PemsController.OnActionExecuting | Exit
2016-01-08 11:11:39.9310 | Trace | Duncan.PEMS.Framework.Controller.PemsController.OnActionExecuting | Enter
2016-01-08 11:11:40.1120 | Trace | Duncan.PEMS.Framework.Controller.PemsController.OnActionExecuting | Allowed, C: EditCustomLabels, A:Customers
2016-01-08 11:11:40.1120 | Debug | Duncan.PEMS.Framework.Controller.PemsController.OnActionExecuting | Allowed Pass execution to action
2016-01-08 11:11:40.1120 | Trace | Duncan.PEMS.Framework.Controller.PemsController.OnActionExecuting | Exit
2016-01-08 11:12:02.8333 | Trace | Duncan.PEMS.Framework.Controller.PemsController.OnActionExecuting | Enter
2016-01-08 11:12:02.9073 | Trace | Duncan.PEMS.Framework.Controller.PemsController.OnActionExecuting | Allowed, C: EditCustomGrids, A:Customers
2016-01-08 11:12:02.9073 | Debug | Duncan.PEMS.Framework.Controller.PemsController.OnActionExecuting | Allowed Pass execution to action
2016-01-08 11:12:02.9073 | Trace | Duncan.PEMS.Framework.Controller.PemsController.OnActionExecuting | Exit
2016-01-08 11:12:11.3538 | Trace | Duncan.PEMS.Framework.Controller.PemsController.OnActionExecuting | Enter
2016-01-08 11:12:11.6288 | Trace | Duncan.PEMS.Framework.Controller.PemsController.OnActionExecuting | UndefinedAction, C: GetController, A:Customers
2016-01-08 11:12:11.6288 | Debug | Duncan.PEMS.Framework.Controller.PemsController.OnActionExecuting | UndefinedAction Pass execution to action
2016-01-08 11:12:11.6288 | Trace | Duncan.PEMS.Framework.Controller.PemsController.OnActionExecuting | Exit
2016-01-08 11:12:11.7718 | Trace | Duncan.PEMS.Framework.Controller.PemsController.OnActionExecuting | Enter
2016-01-08 11:12:11.9238 | Trace | Duncan.PEMS.Framework.Controller.PemsController.OnActionExecuting | UndefinedAction, C: GetActionnames, A:Customers
2016-01-08 11:12:11.9238 | Debug | Duncan.PEMS.Framework.Controller.PemsController.OnActionExecuting | UndefinedAction Pass execution to action
2016-01-08 11:12:11.9238 | Trace | Duncan.PEMS.Framework.Controller.PemsController.OnActionExecuting | Exit
2016-01-08 11:12:17.6221 | Trace | Duncan.PEMS.Framework.Controller.PemsController.OnActionExecuting | Enter
2016-01-08 11:12:17.8941 | Trace | Duncan.PEMS.Framework.Controller.PemsController.OnActionExecuting | UndefinedAction, C: GetActionnames, A:Customers
2016-01-08 11:12:17.8941 | Debug | Duncan.PEMS.Framework.Controller.PemsController.OnActionExecuting | UndefinedAction Pass execution to action
2016-01-08 11:12:17.8941 | Trace | Duncan.PEMS.Framework.Controller.PemsController.OnActionExecuting | Exit
2016-01-08 11:12:20.6953 | Trace | Duncan.PEMS.Framework.Controller.PemsController.OnActionExecuting | Enter
2016-01-08 11:12:20.9393 | Trace | Duncan.PEMS.Framework.Controller.PemsController.OnActionExecuting | UndefinedAction, C: GetCustmerGrid, A:Customers
2016-01-08 11:12:20.9393 | Debug | Duncan.PEMS.Framework.Controller.PemsController.OnActionExecuting | UndefinedAction Pass execution to action
2016-01-08 11:12:20.9393 | Trace | Duncan.PEMS.Framework.Controller.PemsController.OnActionExecuting | Exit
2016-01-08 11:12:34.5051 | Trace | Duncan.PEMS.Framework.Controller.PemsController.OnActionExecuting | Enter
2016-01-08 11:12:34.5821 | Trace | Duncan.PEMS.Framework.Controller.PemsController.OnActionExecuting | Allowed, C: EditEventCodes, A:Customers
2016-01-08 11:12:34.5821 | Debug | Duncan.PEMS.Framework.Controller.PemsController.OnActionExecuting | Allowed Pass execution to action
2016-01-08 11:12:34.5821 | Trace | Duncan.PEMS.Framework.Controller.PemsController.OnActionExecuting | Exit
2016-01-08 11:12:44.9837 | Trace | Duncan.PEMS.Framework.Controller.PemsController.OnActionExecuting | Enter
2016-01-08 11:12:45.0317 | Trace | Duncan.PEMS.Framework.Controller.PemsController.OnActionExecuting | Allowed, C: EditAreas, A:Customers
2016-01-08 11:12:45.0327 | Debug | Duncan.PEMS.Framework.Controller.PemsController.OnActionExecuting | Allowed Pass execution to action
2016-01-08 11:12:45.0327 | Trace | Duncan.PEMS.Framework.Controller.PemsController.OnActionExecuting | Exit
2016-01-08 11:13:09.7701 | Trace | Duncan.PEMS.Framework.Controller.PemsController.OnActionExecuting | Enter
2016-01-08 11:13:09.8131 | Trace | Duncan.PEMS.Framework.Controller.PemsController.OnActionExecuting | Allowed, C: EditAreas, A:Customers
2016-01-08 11:13:09.8221 | Debug | Duncan.PEMS.Framework.Controller.PemsController.OnActionExecuting | Allowed Pass execution to action
2016-01-08 11:13:09.8221 | Trace | Duncan.PEMS.Framework.Controller.PemsController.OnActionExecuting | Exit
2016-01-08 11:13:13.0683 | Trace | Duncan.PEMS.Framework.Controller.PemsController.OnActionExecuting | Enter
2016-01-08 11:13:13.3333 | Trace | Duncan.PEMS.Framework.Controller.PemsController.OnActionExecuting | UndefinedAction, C: EditDemandZones, A:Customers
2016-01-08 11:13:13.3333 | Debug | Duncan.PEMS.Framework.Controller.PemsController.OnActionExecuting | UndefinedAction Pass execution to action
2016-01-08 11:13:13.3333 | Trace | Duncan.PEMS.Framework.Controller.PemsController.OnActionExecuting | Exit
2016-01-08 11:13:14.8164 | Trace | Duncan.PEMS.Framework.Controller.PemsController.OnActionExecuting | Enter
2016-01-08 11:13:14.9984 | Trace | Duncan.PEMS.Framework.Controller.PemsController.OnActionExecuting | UndefinedAction, C: GetDemandZones, A:Customers
2016-01-08 11:13:14.9984 | Debug | Duncan.PEMS.Framework.Controller.PemsController.OnActionExecuting | UndefinedAction Pass execution to action
2016-01-08 11:13:14.9984 | Trace | Duncan.PEMS.Framework.Controller.PemsController.OnActionExecuting | Exit
2016-01-08 11:13:17.8926 | Trace | Duncan.PEMS.Framework.Controller.PemsController.OnActionExecuting | Enter
2016-01-08 11:13:17.9686 | Trace | Duncan.PEMS.Framework.Controller.PemsController.OnActionExecuting | Allowed, C: EditMaintenanceSchedule, A:Customers
2016-01-08 11:13:17.9686 | Debug | Duncan.PEMS.Framework.Controller.PemsController.OnActionExecuting | Allowed Pass execution to action
2016-01-08 11:13:17.9686 | Trace | Duncan.PEMS.Framework.Controller.PemsController.OnActionExecuting | Exit
2016-01-08 11:13:21.5738 | Trace | Duncan.PEMS.Framework.Controller.PemsController.OnActionExecuting | Enter
2016-01-08 11:13:21.6418 | Trace | Duncan.PEMS.Framework.Controller.PemsController.OnActionExecuting | Allowed, C: ActivateCustomer, A:Customers
2016-01-08 11:13:21.6418 | Debug | Duncan.PEMS.Framework.Controller.PemsController.OnActionExecuting | Allowed Pass execution to action
2016-01-08 11:13:21.6418 | Trace | Duncan.PEMS.Framework.Controller.PemsController.OnActionExecuting | Exit
2016-01-08 11:13:29.7072 | Trace | Duncan.PEMS.Framework.Controller.PemsController.OnActionExecuting | Enter
2016-01-08 11:13:29.7602 | Trace | Duncan.PEMS.Framework.Controller.PemsController.OnActionExecuting | Allowed, C: ActivateCustomer, A:Customers
2016-01-08 11:13:29.7602 | Debug | Duncan.PEMS.Framework.Controller.PemsController.OnActionExecuting | Allowed Pass execution to action
2016-01-08 11:13:29.7602 | Trace | Duncan.PEMS.Framework.Controller.PemsController.OnActionExecuting | Exit
2016-01-08 11:13:32.6254 | Trace | Duncan.PEMS.Framework.Controller.PemsController.OnActionExecuting | Enter
2016-01-08 11:13:32.7894 | Trace | Duncan.PEMS.Framework.Controller.PemsController.OnActionExecuting | Allowed, C: Index, A:Customers
2016-01-08 11:13:32.7894 | Debug | Duncan.PEMS.Framework.Controller.PemsController.OnActionExecuting | Allowed Pass execution to action
2016-01-08 11:13:32.7894 | Trace | Duncan.PEMS.Framework.Controller.PemsController.OnActionExecuting | Exit
2016-01-08 11:13:34.0625 | Trace | Duncan.PEMS.Framework.Controller.PemsController.OnActionExecuting | Enter
2016-01-08 11:13:34.0645 | Trace | Duncan.PEMS.Framework.Controller.PemsController.OnActionExecuting | UndefinedAjax, C: GetSavedSortValues, A:Customers
2016-01-08 11:13:34.0645 | Debug | Duncan.PEMS.Framework.Controller.PemsController.OnActionExecuting | UndefinedAjax Pass execution to action
2016-01-08 11:13:34.0645 | Trace | Duncan.PEMS.Framework.Controller.PemsController.OnActionExecuting | Exit
2016-01-08 11:13:41.9509 | Trace | Duncan.PEMS.Framework.Controller.PemsController.OnActionExecuting | Enter
2016-01-08 11:13:42.2040 | Trace | Duncan.PEMS.Framework.Controller.PemsController.OnActionExecuting | UndefinedAction, C: GetCustomers, A:Customers
2016-01-08 11:13:42.2040 | Debug | Duncan.PEMS.Framework.Controller.PemsController.OnActionExecuting | UndefinedAction Pass execution to action
2016-01-08 11:13:42.2040 | Trace | Duncan.PEMS.Framework.Controller.PemsController.OnActionExecuting | Exit
2016-01-08 11:13:54.7927 | Trace | Duncan.PEMS.Framework.Controller.PemsController.OnActionExecuting | Enter
2016-01-08 11:13:54.8517 | Trace | Duncan.PEMS.Framework.Controller.PemsController.OnActionExecuting | Allowed, C: EditCustomer, A:Customers
2016-01-08 11:13:54.8517 | Debug | Duncan.PEMS.Framework.Controller.PemsController.OnActionExecuting | Allowed Pass execution to action
2016-01-08 11:13:54.8517 | Trace | Duncan.PEMS.Framework.Controller.PemsController.OnActionExecuting | Exit
2016-01-08 11:14:09.9085 | Trace | Duncan.PEMS.Framework.Controller.PemsController.OnActionExecuting | Enter
2016-01-08 11:14:09.9665 | Trace | Duncan.PEMS.Framework.Controller.PemsController.OnActionExecuting | Allowed, C: Index, A:Home
2016-01-08 11:14:09.9665 | Debug | Duncan.PEMS.Framework.Controller.PemsController.OnActionExecuting | Allowed Pass execution to action
2016-01-08 11:14:09.9665 | Trace | Duncan.PEMS.Framework.Controller.PemsController.OnActionExecuting | Exit
2016-01-08 11:14:21.3072 | Trace | Duncan.PEMS.Framework.Controller.PemsController.OnActionExecuting | Enter
2016-01-08 11:14:21.5792 | Trace | Duncan.PEMS.Framework.Controller.PemsController.OnActionExecuting | UndefinedAction, C: GetAssetTypes_HomePage, A:GIS
2016-01-08 11:14:21.5792 | Debug | Duncan.PEMS.Framework.Controller.PemsController.OnActionExecuting | UndefinedAction Pass execution to action
2016-01-08 11:14:21.5792 | Trace | Duncan.PEMS.Framework.Controller.PemsController.OnActionExecuting | Exit
2016-01-08 11:14:21.8412 | Trace | Duncan.PEMS.Framework.Controller.PemsController.OnActionExecuting | Enter
2016-01-08 11:14:22.0222 | Trace | Duncan.PEMS.Framework.Controller.PemsController.OnActionExecuting | UndefinedAction, C: GetCustomerGridDetails_NewHome, A:GIS
2016-01-08 11:14:22.0222 | Debug | Duncan.PEMS.Framework.Controller.PemsController.OnActionExecuting | UndefinedAction Pass execution to action
2016-01-08 11:14:22.0222 | Trace | Duncan.PEMS.Framework.Controller.PemsController.OnActionExecuting | Exit
2016-01-08 11:14:23.8823 | Trace | Duncan.PEMS.Framework.Controller.PemsController.OnActionExecuting | Enter
2016-01-08 11:14:24.1464 | Trace | Duncan.PEMS.Framework.Controller.PemsController.OnActionExecuting | UndefinedAction, C: GetCustomerGridDetails_NewHome, A:GIS
2016-01-08 11:14:24.1464 | Debug | Duncan.PEMS.Framework.Controller.PemsController.OnActionExecuting | UndefinedAction Pass execution to action
2016-01-08 11:14:24.1464 | Trace | Duncan.PEMS.Framework.Controller.PemsController.OnActionExecuting | Exit
2016-01-08 11:14:24.9094 | Trace | Duncan.PEMS.Framework.Controller.PemsController.OnActionExecuting | Enter
2016-01-08 11:14:25.2584 | Trace | Duncan.PEMS.Framework.Controller.PemsController.OnActionExecuting | UndefinedAction, C: GetNoMeterCommRep, A:Home
2016-01-08 11:14:25.2584 | Debug | Duncan.PEMS.Framework.Controller.PemsController.OnActionExecuting | UndefinedAction Pass execution to action
2016-01-08 11:14:25.2584 | Trace | Duncan.PEMS.Framework.Controller.PemsController.OnActionExecuting | Exit
2016-01-08 11:14:26.4505 | Trace | Duncan.PEMS.Framework.Controller.PemsController.OnActionExecuting | Enter
2016-01-08 11:14:26.6545 | Trace | Duncan.PEMS.Framework.Controller.PemsController.OnActionExecuting | UndefinedAction, C: GetChangeBatteryRep, A:Home
2016-01-08 11:14:26.6545 | Debug | Duncan.PEMS.Framework.Controller.PemsController.OnActionExecuting | UndefinedAction Pass execution to action
2016-01-08 11:14:26.6545 | Trace | Duncan.PEMS.Framework.Controller.PemsController.OnActionExecuting | Exit
2016-01-08 11:14:26.9515 | Trace | Duncan.PEMS.Framework.Controller.PemsController.OnActionExecuting | Enter
2016-01-08 11:14:27.1745 | Trace | Duncan.PEMS.Framework.Controller.PemsController.OnActionExecuting | UndefinedAction, C: GetBatteryRep, A:Home
2016-01-08 11:14:27.1745 | Debug | Duncan.PEMS.Framework.Controller.PemsController.OnActionExecuting | UndefinedAction Pass execution to action
2016-01-08 11:14:27.1745 | Trace | Duncan.PEMS.Framework.Controller.PemsController.OnActionExecuting | Exit
2016-01-08 11:37:01.3830 | Trace | Duncan.PEMS.Framework.Controller.PemsController.OnActionExecuting | Enter
2016-01-08 11:37:01.4660 | Trace | Duncan.PEMS.Framework.Controller.PemsController.OnActionExecuting | Allowed, C: Index, A:Events
2016-01-08 11:37:01.4660 | Debug | Duncan.PEMS.Framework.Controller.PemsController.OnActionExecuting | Allowed Pass execution to action
2016-01-08 11:37:01.4660 | Trace | Duncan.PEMS.Framework.Controller.PemsController.OnActionExecuting | Exit
2016-01-08 11:37:13.7747 | Trace | Duncan.PEMS.Framework.Controller.PemsController.OnActionExecuting | Enter
2016-01-08 11:37:14.1847 | Trace | Duncan.PEMS.Framework.Controller.PemsController.OnActionExecuting | UndefinedAction, C: GetFilterValues, A:Events
2016-01-08 11:37:14.1847 | Debug | Duncan.PEMS.Framework.Controller.PemsController.OnActionExecuting | UndefinedAction Pass execution to action
2016-01-08 11:37:14.1847 | Trace | Duncan.PEMS.Framework.Controller.PemsController.OnActionExecuting | Exit
2016-01-08 11:37:25.3804 | Trace | Duncan.PEMS.Framework.Controller.PemsController.OnActionExecuting | Enter
2016-01-08 11:37:25.4584 | Trace | Duncan.PEMS.Framework.Controller.PemsController.OnActionExecuting | Allowed, C: Index, A:Assets
2016-01-08 11:37:25.4584 | Debug | Duncan.PEMS.Framework.Controller.PemsController.OnActionExecuting | Allowed Pass execution to action
2016-01-08 11:37:25.4584 | Trace | Duncan.PEMS.Framework.Controller.PemsController.OnActionExecuting | Exit
2016-01-08 11:37:33.4868 | Trace | Duncan.PEMS.Framework.Controller.PemsController.OnActionExecuting | Enter
2016-01-08 11:37:33.7068 | Trace | Duncan.PEMS.Framework.Controller.PemsController.OnActionExecuting | UndefinedAction, C: GetFilterValues, A:Assets
2016-01-08 11:37:33.7068 | Debug | Duncan.PEMS.Framework.Controller.PemsController.OnActionExecuting | UndefinedAction Pass execution to action
2016-01-08 11:37:33.7068 | Trace | Duncan.PEMS.Framework.Controller.PemsController.OnActionExecuting | Exit
2016-01-08 11:37:34.0189 | Trace | Duncan.PEMS.Framework.Controller.PemsController.OnActionExecuting | Enter
2016-01-08 11:37:34.1769 | Trace | Duncan.PEMS.Framework.Controller.PemsController.OnActionExecuting | UndefinedAction, C: GetGrid, A:Assets
2016-01-08 11:37:34.1769 | Debug | Duncan.PEMS.Framework.Controller.PemsController.OnActionExecuting | UndefinedAction Pass execution to action
2016-01-08 11:37:34.1769 | Trace | Duncan.PEMS.Framework.Controller.PemsController.OnActionExecuting | Exit
2016-01-08 11:37:43.5264 | Trace | Duncan.PEMS.Framework.Controller.PemsController.OnActionExecuting | Enter
2016-01-08 11:37:43.6964 | Trace | Duncan.PEMS.Framework.Controller.PemsController.OnActionExecuting | UndefinedAction, C: GetSummaryItems, A:Assets
2016-01-08 11:37:43.6964 | Debug | Duncan.PEMS.Framework.Controller.PemsController.OnActionExecuting | UndefinedAction Pass execution to action
2016-01-08 11:37:43.6964 | Trace | Duncan.PEMS.Framework.Controller.PemsController.OnActionExecuting | Exit
2016-01-08 12:01:57.2015 | Trace | Duncan.PEMS.Framework.Controller.PemsController.OnActionExecuting | Enter
2016-01-08 12:01:57.2935 | Trace | Duncan.PEMS.Framework.Controller.PemsController.OnActionExecuting | Allowed, C: Index, A:Occupancy
2016-01-08 12:01:57.2935 | Debug | Duncan.PEMS.Framework.Controller.PemsController.OnActionExecuting | Allowed Pass execution to action
2016-01-08 12:01:57.2935 | Trace | Duncan.PEMS.Framework.Controller.PemsController.OnActionExecuting | Exit
2016-01-08 12:02:09.2782 | Trace | Duncan.PEMS.Framework.Controller.PemsController.OnActionExecuting | Enter
2016-01-08 12:02:09.4562 | Trace | Duncan.PEMS.Framework.Controller.PemsController.OnActionExecuting | UndefinedAction, C: GetTimeTypes, A:Occupancy
2016-01-08 12:02:09.4562 | Debug | Duncan.PEMS.Framework.Controller.PemsController.OnActionExecuting | UndefinedAction Pass execution to action
2016-01-08 12:02:09.4572 | Trace | Duncan.PEMS.Framework.Controller.PemsController.OnActionExecuting | Exit
2016-01-08 12:02:09.5582 | Trace | Duncan.PEMS.Framework.Controller.PemsController.OnActionExecuting | Enter
2016-01-08 12:02:09.7093 | Trace | Duncan.PEMS.Framework.Controller.PemsController.OnActionExecuting | UndefinedAction, C: GetNoncompliantStatuses, A:Occupancy
2016-01-08 12:02:09.7093 | Debug | Duncan.PEMS.Framework.Controller.PemsController.OnActionExecuting | UndefinedAction Pass execution to action
2016-01-08 12:02:09.7093 | Trace | Duncan.PEMS.Framework.Controller.PemsController.OnActionExecuting | Exit
2016-01-08 12:02:09.8183 | Trace | Duncan.PEMS.Framework.Controller.PemsController.OnActionExecuting | Enter
2016-01-08 12:02:09.9613 | Trace | Duncan.PEMS.Framework.Controller.PemsController.OnActionExecuting | UndefinedAction, C: GetOccupancyStatuses, A:Occupancy
2016-01-08 12:02:09.9613 | Debug | Duncan.PEMS.Framework.Controller.PemsController.OnActionExecuting | UndefinedAction Pass execution to action
2016-01-08 12:02:09.9613 | Trace | Duncan.PEMS.Framework.Controller.PemsController.OnActionExecuting | Exit
2016-01-08 12:02:10.0723 | Trace | Duncan.PEMS.Framework.Controller.PemsController.OnActionExecuting | Enter
2016-01-08 12:02:10.2883 | Trace | Duncan.PEMS.Framework.Controller.PemsController.OnActionExecuting | UndefinedAction, C: GetOperationalStatuses, A:Occupancy
2016-01-08 12:02:10.2883 | Debug | Duncan.PEMS.Framework.Controller.PemsController.OnActionExecuting | UndefinedAction Pass execution to action
2016-01-08 12:02:10.2883 | Trace | Duncan.PEMS.Framework.Controller.PemsController.OnActionExecuting | Exit
2016-01-08 12:02:10.4193 | Trace | Duncan.PEMS.Framework.Controller.PemsController.OnActionExecuting | Enter
2016-01-08 12:02:10.6203 | Trace | Duncan.PEMS.Framework.Controller.PemsController.OnActionExecuting | UndefinedAction, C: GetAssetTypes, A:Occupancy
2016-01-08 12:02:10.6203 | Debug | Duncan.PEMS.Framework.Controller.PemsController.OnActionExecuting | UndefinedAction Pass execution to action
2016-01-08 12:02:10.6203 | Trace | Duncan.PEMS.Framework.Controller.PemsController.OnActionExecuting | Exit
2016-01-08 12:02:10.8303 | Trace | Duncan.PEMS.Framework.Controller.PemsController.OnActionExecuting | Enter
2016-01-08 12:02:10.9603 | Trace | Duncan.PEMS.Framework.Controller.PemsController.OnActionExecuting | UndefinedAction, C: GetTimeTypes, A:Occupancy
2016-01-08 12:02:10.9603 | Debug | Duncan.PEMS.Framework.Controller.PemsController.OnActionExecuting | UndefinedAction Pass execution to action
2016-01-08 12:02:10.9603 | Trace | Duncan.PEMS.Framework.Controller.PemsController.OnActionExecuting | Exit
2016-01-08 12:02:11.3463 | Trace | Duncan.PEMS.Framework.Controller.PemsController.OnActionExecuting | Enter
2016-01-08 12:02:11.5884 | Trace | Duncan.PEMS.Framework.Controller.PemsController.OnActionExecuting | UndefinedAction, C: GetOperationalStatuses, A:Occupancy
2016-01-08 12:02:11.5884 | Debug | Duncan.PEMS.Framework.Controller.PemsController.OnActionExecuting | UndefinedAction Pass execution to action
2016-01-08 12:02:11.5884 | Trace | Duncan.PEMS.Framework.Controller.PemsController.OnActionExecuting | Exit
2016-01-08 12:02:11.8494 | Trace | Duncan.PEMS.Framework.Controller.PemsController.OnActionExecuting | Enter
2016-01-08 12:02:12.9304 | Trace | Duncan.PEMS.Framework.Controller.PemsController.OnActionExecuting | UndefinedAction, C: GetAssetTypes, A:Occupancy
2016-01-08 12:02:12.9304 | Debug | Duncan.PEMS.Framework.Controller.PemsController.OnActionExecuting | UndefinedAction Pass execution to action
2016-01-08 12:02:12.9304 | Trace | Duncan.PEMS.Framework.Controller.PemsController.OnActionExecuting | Exit
2016-01-08 12:02:13.5145 | Trace | Duncan.PEMS.Framework.Controller.PemsController.OnActionExecuting | Enter
2016-01-08 12:02:13.7035 | Trace | Duncan.PEMS.Framework.Controller.PemsController.OnActionExecuting | UndefinedAction, C: GetOccupancyStatuses, A:Occupancy
2016-01-08 12:02:13.7035 | Debug | Duncan.PEMS.Framework.Controller.PemsController.OnActionExecuting | UndefinedAction Pass execution to action
2016-01-08 12:02:13.7035 | Trace | Duncan.PEMS.Framework.Controller.PemsController.OnActionExecuting | Exit
2016-01-08 12:02:14.0295 | Trace | Duncan.PEMS.Framework.Controller.PemsController.OnActionExecuting | Enter
2016-01-08 12:02:14.2205 | Trace | Duncan.PEMS.Framework.Controller.PemsController.OnActionExecuting | UndefinedAction, C: GetNoncompliantStatuses, A:Occupancy
2016-01-08 12:02:14.2205 | Debug | Duncan.PEMS.Framework.Controller.PemsController.OnActionExecuting | UndefinedAction Pass execution to action
2016-01-08 12:02:14.2205 | Trace | Duncan.PEMS.Framework.Controller.PemsController.OnActionExecuting | Exit
2016-01-08 15:13:19.0657 | Trace | Duncan.PEMS.Framework.Controller.PemsController.OnActionExecuting | Enter
2016-01-08 15:13:27.9212 | Trace | Duncan.PEMS.Framework.Controller.PemsController.OnActionExecuting | Allowed, C: Index, A:Home
2016-01-08 15:13:27.9212 | Debug | Duncan.PEMS.Framework.Controller.PemsController.OnActionExecuting | Allowed Pass execution to action
2016-01-08 15:13:27.9212 | Trace | Duncan.PEMS.Framework.Controller.PemsController.OnActionExecuting | Exit
2016-01-08 15:14:19.3512 | Trace | Duncan.PEMS.Framework.Controller.PemsController.OnActionExecuting | Enter
2016-01-08 15:14:20.3132 | Trace | Duncan.PEMS.Framework.Controller.PemsController.OnActionExecuting | UndefinedAction, C: GetNoMeterCommRep, A:Home
2016-01-08 15:14:20.3132 | Debug | Duncan.PEMS.Framework.Controller.PemsController.OnActionExecuting | UndefinedAction Pass execution to action
2016-01-08 15:14:20.3132 | Trace | Duncan.PEMS.Framework.Controller.PemsController.OnActionExecuting | Exit
2016-01-08 15:14:21.6513 | Trace | Duncan.PEMS.Framework.Controller.PemsController.OnActionExecuting | Enter
2016-01-08 15:14:21.8533 | Trace | Duncan.PEMS.Framework.Controller.PemsController.OnActionExecuting | UndefinedAction, C: GetChangeBatteryRep, A:Home
2016-01-08 15:14:21.8533 | Debug | Duncan.PEMS.Framework.Controller.PemsController.OnActionExecuting | UndefinedAction Pass execution to action
2016-01-08 15:14:21.8533 | Trace | Duncan.PEMS.Framework.Controller.PemsController.OnActionExecuting | Exit
2016-01-08 15:14:21.9593 | Trace | Duncan.PEMS.Framework.Controller.PemsController.OnActionExecuting | Enter
2016-01-08 15:14:22.2183 | Trace | Duncan.PEMS.Framework.Controller.PemsController.OnActionExecuting | UndefinedAction, C: GetBatteryRep, A:Home
2016-01-08 15:14:22.2183 | Debug | Duncan.PEMS.Framework.Controller.PemsController.OnActionExecuting | UndefinedAction Pass execution to action
2016-01-08 15:14:22.2183 | Trace | Duncan.PEMS.Framework.Controller.PemsController.OnActionExecuting | Exit
2016-01-08 15:14:22.4734 | Trace | Duncan.PEMS.Framework.Controller.PemsController.OnActionExecuting | Enter
2016-01-08 15:14:22.6244 | Trace | Duncan.PEMS.Framework.Controller.PemsController.OnActionExecuting | UndefinedAction, C: GetAssetTypes_HomePage, A:GIS
2016-01-08 15:14:22.6244 | Debug | Duncan.PEMS.Framework.Controller.PemsController.OnActionExecuting | UndefinedAction Pass execution to action
2016-01-08 15:14:22.6244 | Trace | Duncan.PEMS.Framework.Controller.PemsController.OnActionExecuting | Exit
2016-01-08 15:14:22.8154 | Trace | Duncan.PEMS.Framework.Controller.PemsController.OnActionExecuting | Enter
2016-01-08 15:14:22.9814 | Trace | Duncan.PEMS.Framework.Controller.PemsController.OnActionExecuting | UndefinedAction, C: GetCustomerGridDetails_NewHome, A:GIS
2016-01-08 15:14:22.9814 | Debug | Duncan.PEMS.Framework.Controller.PemsController.OnActionExecuting | UndefinedAction Pass execution to action
2016-01-08 15:14:22.9814 | Trace | Duncan.PEMS.Framework.Controller.PemsController.OnActionExecuting | Exit
2016-01-08 15:14:24.8195 | Trace | Duncan.PEMS.Framework.Controller.PemsController.OnActionExecuting | Enter
2016-01-08 15:14:24.9855 | Trace | Duncan.PEMS.Framework.Controller.PemsController.OnActionExecuting | UndefinedAction, C: GetCustomerGridDetails_NewHome, A:GIS
2016-01-08 15:14:24.9855 | Debug | Duncan.PEMS.Framework.Controller.PemsController.OnActionExecuting | UndefinedAction Pass execution to action
2016-01-08 15:14:24.9855 | Trace | Duncan.PEMS.Framework.Controller.PemsController.OnActionExecuting | Exit
2016-01-08 15:14:53.3551 | Trace | Duncan.PEMS.Framework.Controller.PemsController.OnActionExecuting | Enter
2016-01-08 15:14:53.4171 | Trace | Duncan.PEMS.Framework.Controller.PemsController.OnActionExecuting | Allowed, C: Index, A:Enforcement
2016-01-08 15:14:53.4171 | Debug | Duncan.PEMS.Framework.Controller.PemsController.OnActionExecuting | Allowed Pass execution to action
2016-01-08 15:14:53.4171 | Trace | Duncan.PEMS.Framework.Controller.PemsController.OnActionExecuting | Exit
2016-01-08 15:15:00.4245 | Trace | Duncan.PEMS.Framework.Controller.PemsController.OnActionExecuting | Enter
2016-01-08 15:15:00.7606 | Trace | Duncan.PEMS.Framework.Controller.PemsController.OnActionExecuting | UndefinedAction, C: GetFilterValues, A:Enforcement
2016-01-08 15:15:00.7606 | Debug | Duncan.PEMS.Framework.Controller.PemsController.OnActionExecuting | UndefinedAction Pass execution to action
2016-01-08 15:15:00.7606 | Trace | Duncan.PEMS.Framework.Controller.PemsController.OnActionExecuting | Exit
2016-01-08 15:15:04.6308 | Trace | Duncan.PEMS.Framework.Controller.PemsController.OnActionExecuting | Enter
2016-01-08 15:15:04.9038 | Trace | Duncan.PEMS.Framework.Controller.PemsController.OnActionExecuting | UndefinedAction, C: GetEnforcementsummary, A:Enforcement
2016-01-08 15:15:04.9038 | Debug | Duncan.PEMS.Framework.Controller.PemsController.OnActionExecuting | UndefinedAction Pass execution to action
2016-01-08 15:15:04.9038 | Trace | Duncan.PEMS.Framework.Controller.PemsController.OnActionExecuting | Exit
2016-01-08 15:15:10.6041 | Trace | Duncan.PEMS.Framework.Controller.PemsController.OnActionExecuting | Enter
2016-01-08 15:15:10.9341 | Trace | Duncan.PEMS.Framework.Controller.PemsController.OnActionExecuting | UndefinedAction, C: GetEnforcementsummary, A:Enforcement
2016-01-08 15:15:10.9341 | Debug | Duncan.PEMS.Framework.Controller.PemsController.OnActionExecuting | UndefinedAction Pass execution to action
2016-01-08 15:15:10.9341 | Trace | Duncan.PEMS.Framework.Controller.PemsController.OnActionExecuting | Exit
2016-01-08 15:20:17.4727 | Trace | Duncan.PEMS.Framework.Controller.PemsController.OnActionExecuting | Enter
2016-01-08 15:20:17.5447 | Trace | Duncan.PEMS.Framework.Controller.PemsController.OnActionExecuting | Allowed, C: Index, A:Home
2016-01-08 15:20:17.5447 | Debug | Duncan.PEMS.Framework.Controller.PemsController.OnActionExecuting | Allowed Pass execution to action
2016-01-08 15:20:17.5447 | Trace | Duncan.PEMS.Framework.Controller.PemsController.OnActionExecuting | Exit
2016-01-08 15:20:23.9290 | Trace | Duncan.PEMS.Framework.Controller.PemsController.OnActionExecuting | Enter
2016-01-08 15:20:24.3661 | Trace | Duncan.PEMS.Framework.Controller.PemsController.OnActionExecuting | UndefinedAction, C: GetBatteryRep, A:Home
2016-01-08 15:20:24.3661 | Debug | Duncan.PEMS.Framework.Controller.PemsController.OnActionExecuting | UndefinedAction Pass execution to action
2016-01-08 15:20:24.3661 | Trace | Duncan.PEMS.Framework.Controller.PemsController.OnActionExecuting | Exit
2016-01-08 15:20:24.5511 | Trace | Duncan.PEMS.Framework.Controller.PemsController.OnActionExecuting | Enter
2016-01-08 15:20:24.6761 | Trace | Duncan.PEMS.Framework.Controller.PemsController.OnActionExecuting | UndefinedAction, C: GetNoMeterCommRep, A:Home
2016-01-08 15:20:24.6761 | Debug | Duncan.PEMS.Framework.Controller.PemsController.OnActionExecuting | UndefinedAction Pass execution to action
2016-01-08 15:20:24.6761 | Trace | Duncan.PEMS.Framework.Controller.PemsController.OnActionExecuting | Exit
2016-01-08 15:20:24.9501 | Trace | Duncan.PEMS.Framework.Controller.PemsController.OnActionExecuting | Enter
2016-01-08 15:20:25.1131 | Trace | Duncan.PEMS.Framework.Controller.PemsController.OnActionExecuting | UndefinedAction, C: GetChangeBatteryRep, A:Home
2016-01-08 15:20:25.1131 | Debug | Duncan.PEMS.Framework.Controller.PemsController.OnActionExecuting | UndefinedAction Pass execution to action
2016-01-08 15:20:25.1131 | Trace | Duncan.PEMS.Framework.Controller.PemsController.OnActionExecuting | Exit
2016-01-08 15:20:26.2212 | Trace | Duncan.PEMS.Framework.Controller.PemsController.OnActionExecuting | Enter
2016-01-08 15:20:26.3852 | Trace | Duncan.PEMS.Framework.Controller.PemsController.OnActionExecuting | UndefinedAction, C: GetAssetTypes_HomePage, A:GIS
2016-01-08 15:20:26.3852 | Debug | Duncan.PEMS.Framework.Controller.PemsController.OnActionExecuting | UndefinedAction Pass execution to action
2016-01-08 15:20:26.3852 | Trace | Duncan.PEMS.Framework.Controller.PemsController.OnActionExecuting | Exit
2016-01-08 15:20:26.9422 | Trace | Duncan.PEMS.Framework.Controller.PemsController.OnActionExecuting | Enter
2016-01-08 15:20:27.1072 | Trace | Duncan.PEMS.Framework.Controller.PemsController.OnActionExecuting | UndefinedAction, C: GetCustomerGridDetails_NewHome, A:GIS
2016-01-08 15:20:27.1082 | Debug | Duncan.PEMS.Framework.Controller.PemsController.OnActionExecuting | UndefinedAction Pass execution to action
2016-01-08 15:20:27.1082 | Trace | Duncan.PEMS.Framework.Controller.PemsController.OnActionExecuting | Exit
2016-01-08 15:20:27.9913 | Trace | Duncan.PEMS.Framework.Controller.PemsController.OnActionExecuting | Enter
2016-01-08 15:20:28.2433 | Trace | Duncan.PEMS.Framework.Controller.PemsController.OnActionExecuting | UndefinedAction, C: GetCustomerGridDetails_NewHome, A:GIS
2016-01-08 15:20:28.2433 | Debug | Duncan.PEMS.Framework.Controller.PemsController.OnActionExecuting | UndefinedAction Pass execution to action
2016-01-08 15:20:28.2433 | Trace | Duncan.PEMS.Framework.Controller.PemsController.OnActionExecuting | Exit
2016-01-08 15:20:30.9374 | Trace | Duncan.PEMS.Framework.Controller.PemsController.OnActionExecuting | Enter
2016-01-08 15:20:31.1724 | Trace | Duncan.PEMS.Framework.Controller.PemsController.OnActionExecuting | UndefinedAction, C: EnforcementCitationDetails, A:Enforcement
2016-01-08 15:20:31.1724 | Debug | Duncan.PEMS.Framework.Controller.PemsController.OnActionExecuting | UndefinedAction Pass execution to action
2016-01-08 15:20:31.1724 | Trace | Duncan.PEMS.Framework.Controller.PemsController.OnActionExecuting | Exit
2016-01-08 15:21:27.0636 | Trace | Duncan.PEMS.Framework.Controller.PemsController.OnActionExecuting | Enter
2016-01-08 15:21:27.2827 | Trace | Duncan.PEMS.Framework.Controller.PemsController.OnActionExecuting | UndefinedAction, C: EnforcementCitationDetails, A:Enforcement
2016-01-08 15:21:27.2827 | Debug | Duncan.PEMS.Framework.Controller.PemsController.OnActionExecuting | UndefinedAction Pass execution to action
2016-01-08 15:21:27.2827 | Trace | Duncan.PEMS.Framework.Controller.PemsController.OnActionExecuting | Exit
2016-01-08 15:51:10.7997 | Trace | Duncan.PEMS.Framework.Controller.PemsController.OnActionExecuting | Enter
2016-01-08 15:51:11.2197 | Trace | Duncan.PEMS.Framework.Controller.PemsController.OnActionExecuting | Allowed, C: Index, A:Home
2016-01-08 15:51:11.2197 | Debug | Duncan.PEMS.Framework.Controller.PemsController.OnActionExecuting | Allowed Pass execution to action
2016-01-08 15:51:11.2197 | Trace | Duncan.PEMS.Framework.Controller.PemsController.OnActionExecuting | Exit
2016-01-08 15:51:20.2862 | Trace | Duncan.PEMS.Framework.Controller.PemsController.OnActionExecuting | Enter
2016-01-08 15:51:20.7642 | Trace | Duncan.PEMS.Framework.Controller.PemsController.OnActionExecuting | UndefinedAction, C: GetChangeBatteryRep, A:Home
2016-01-08 15:51:20.7642 | Debug | Duncan.PEMS.Framework.Controller.PemsController.OnActionExecuting | UndefinedAction Pass execution to action
2016-01-08 15:51:20.7642 | Trace | Duncan.PEMS.Framework.Controller.PemsController.OnActionExecuting | Exit
2016-01-08 15:51:21.3213 | Trace | Duncan.PEMS.Framework.Controller.PemsController.OnActionExecuting | Enter
2016-01-08 15:51:21.4563 | Trace | Duncan.PEMS.Framework.Controller.PemsController.OnActionExecuting | UndefinedAction, C: GetNoMeterCommRep, A:Home
2016-01-08 15:51:21.4563 | Debug | Duncan.PEMS.Framework.Controller.PemsController.OnActionExecuting | UndefinedAction Pass execution to action
2016-01-08 15:51:21.4563 | Trace | Duncan.PEMS.Framework.Controller.PemsController.OnActionExecuting | Exit
2016-01-08 15:51:21.8233 | Trace | Duncan.PEMS.Framework.Controller.PemsController.OnActionExecuting | Enter
2016-01-08 15:51:21.9533 | Trace | Duncan.PEMS.Framework.Controller.PemsController.OnActionExecuting | UndefinedAction, C: GetBatteryRep, A:Home
2016-01-08 15:51:21.9533 | Debug | Duncan.PEMS.Framework.Controller.PemsController.OnActionExecuting | UndefinedAction Pass execution to action
2016-01-08 15:51:21.9533 | Trace | Duncan.PEMS.Framework.Controller.PemsController.OnActionExecuting | Exit
2016-01-08 15:52:49.2493 | Trace | Duncan.PEMS.Framework.Controller.PemsController.OnActionExecuting | Enter
2016-01-08 15:52:49.3413 | Trace | Duncan.PEMS.Framework.Controller.PemsController.OnActionExecuting | DeniedWrongCity, C: GetEnforcementsummary, A:Enforcement
2016-01-08 15:52:49.3413 | Debug | Duncan.PEMS.Framework.Controller.PemsController.OnActionExecuting | DeniedWrongCity Send to city home page
2016-01-08 15:52:49.4033 | Trace | Duncan.PEMS.Framework.Controller.PemsController.OnActionExecuting | Exit
2016-01-08 15:52:49.6193 | Trace | Duncan.PEMS.Framework.Controller.PemsController.OnActionExecuting | Enter
2016-01-08 15:52:49.6523 | Trace | Duncan.PEMS.Framework.Controller.PemsController.OnActionExecuting | DeniedWrongCity, C: Index, A:Home
2016-01-08 15:52:49.6523 | Debug | Duncan.PEMS.Framework.Controller.PemsController.OnActionExecuting | DeniedWrongCity Send to city home page
2016-01-08 15:52:49.6663 | Trace | Duncan.PEMS.Framework.Controller.PemsController.OnActionExecuting | Exit
2016-01-08 15:52:49.7153 | Trace | Duncan.PEMS.Framework.Controller.PemsController.OnActionExecuting | Enter
2016-01-08 15:52:49.7473 | Trace | Duncan.PEMS.Framework.Controller.PemsController.OnActionExecuting | DeniedWrongCity, C: Index, A:Home
2016-01-08 15:52:49.7473 | Debug | Duncan.PEMS.Framework.Controller.PemsController.OnActionExecuting | DeniedWrongCity Send to city home page
2016-01-08 15:52:49.7663 | Trace | Duncan.PEMS.Framework.Controller.PemsController.OnActionExecuting | Exit
2016-01-08 15:52:49.7833 | Trace | Duncan.PEMS.Framework.Controller.PemsController.OnActionExecuting | Enter
2016-01-08 15:52:49.8123 | Trace | Duncan.PEMS.Framework.Controller.PemsController.OnActionExecuting | DeniedWrongCity, C: Index, A:Home
2016-01-08 15:52:49.8123 | Debug | Duncan.PEMS.Framework.Controller.PemsController.OnActionExecuting | DeniedWrongCity Send to city home page
2016-01-08 15:52:49.8223 | Trace | Duncan.PEMS.Framework.Controller.PemsController.OnActionExecuting | Exit
2016-01-08 15:52:49.8853 | Trace | Duncan.PEMS.Framework.Controller.PemsController.OnActionExecuting | Enter
2016-01-08 15:52:49.9003 | Trace | Duncan.PEMS.Framework.Controller.PemsController.OnActionExecuting | DeniedWrongCity, C: Index, A:Home
2016-01-08 15:52:49.9003 | Debug | Duncan.PEMS.Framework.Controller.PemsController.OnActionExecuting | DeniedWrongCity Send to city home page
2016-01-08 15:52:49.9163 | Trace | Duncan.PEMS.Framework.Controller.PemsController.OnActionExecuting | Exit
2016-01-08 15:52:49.9303 | Trace | Duncan.PEMS.Framework.Controller.PemsController.OnActionExecuting | Enter
2016-01-08 15:52:49.9573 | Trace | Duncan.PEMS.Framework.Controller.PemsController.OnActionExecuting | DeniedWrongCity, C: Index, A:Home
2016-01-08 15:52:49.9573 | Debug | Duncan.PEMS.Framework.Controller.PemsController.OnActionExecuting | DeniedWrongCity Send to city home page
2016-01-08 15:52:49.9633 | Trace | Duncan.PEMS.Framework.Controller.PemsController.OnActionExecuting | Exit
2016-01-08 15:52:49.9813 | Trace | Duncan.PEMS.Framework.Controller.PemsController.OnActionExecuting | Enter
2016-01-08 15:52:50.0043 | Trace | Duncan.PEMS.Framework.Controller.PemsController.OnActionExecuting | DeniedWrongCity, C: Index, A:Home
2016-01-08 15:52:50.0043 | Debug | Duncan.PEMS.Framework.Controller.PemsController.OnActionExecuting | DeniedWrongCity Send to city home page
2016-01-08 15:52:50.0153 | Trace | Duncan.PEMS.Framework.Controller.PemsController.OnActionExecuting | Exit
2016-01-08 15:52:50.0273 | Trace | Duncan.PEMS.Framework.Controller.PemsController.OnActionExecuting | Enter
2016-01-08 15:52:50.0533 | Trace | Duncan.PEMS.Framework.Controller.PemsController.OnActionExecuting | DeniedWrongCity, C: Index, A:Home
2016-01-08 15:52:50.0533 | Debug | Duncan.PEMS.Framework.Controller.PemsController.OnActionExecuting | DeniedWrongCity Send to city home page
2016-01-08 15:52:50.0533 | Trace | Duncan.PEMS.Framework.Controller.PemsController.OnActionExecuting | Exit
2016-01-08 15:52:50.0773 | Trace | Duncan.PEMS.Framework.Controller.PemsController.OnActionExecuting | Enter
2016-01-08 15:52:50.1003 | Trace | Duncan.PEMS.Framework.Controller.PemsController.OnActionExecuting | DeniedWrongCity, C: Index, A:Home
2016-01-08 15:52:50.1003 | Debug | Duncan.PEMS.Framework.Controller.PemsController.OnActionExecuting | DeniedWrongCity Send to city home page
2016-01-08 15:52:50.1003 | Trace | Duncan.PEMS.Framework.Controller.PemsController.OnActionExecuting | Exit
2016-01-08 15:52:50.1304 | Trace | Duncan.PEMS.Framework.Controller.PemsController.OnActionExecuting | Enter
2016-01-08 15:52:50.1504 | Trace | Duncan.PEMS.Framework.Controller.PemsController.OnActionExecuting | DeniedWrongCity, C: Index, A:Home
2016-01-08 15:52:50.1504 | Debug | Duncan.PEMS.Framework.Controller.PemsController.OnActionExecuting | DeniedWrongCity Send to city home page
2016-01-08 15:52:50.1644 | Trace | Duncan.PEMS.Framework.Controller.PemsController.OnActionExecuting | Exit
2016-01-08 15:52:50.1804 | Trace | Duncan.PEMS.Framework.Controller.PemsController.OnActionExecuting | Enter
2016-01-08 15:52:50.2014 | Trace | Duncan.PEMS.Framework.Controller.PemsController.OnActionExecuting | DeniedWrongCity, C: Index, A:Home
2016-01-08 15:52:50.2014 | Debug | Duncan.PEMS.Framework.Controller.PemsController.OnActionExecuting | DeniedWrongCity Send to city home page
2016-01-08 15:52:50.2104 | Trace | Duncan.PEMS.Framework.Controller.PemsController.OnActionExecuting | Exit
2016-01-08 15:52:50.2304 | Trace | Duncan.PEMS.Framework.Controller.PemsController.OnActionExecuting | Enter
2016-01-08 15:52:50.2534 | Trace | Duncan.PEMS.Framework.Controller.PemsController.OnActionExecuting | DeniedWrongCity, C: Index, A:Home
2016-01-08 15:52:50.2534 | Debug | Duncan.PEMS.Framework.Controller.PemsController.OnActionExecuting | DeniedWrongCity Send to city home page
2016-01-08 15:52:50.2624 | Trace | Duncan.PEMS.Framework.Controller.PemsController.OnActionExecuting | Exit
2016-01-08 15:52:50.2754 | Trace | Duncan.PEMS.Framework.Controller.PemsController.OnActionExecuting | Enter
2016-01-08 15:52:50.3064 | Trace | Duncan.PEMS.Framework.Controller.PemsController.OnActionExecuting | DeniedWrongCity, C: Index, A:Home
2016-01-08 15:52:50.3064 | Debug | Duncan.PEMS.Framework.Controller.PemsController.OnActionExecuting | DeniedWrongCity Send to city home page
2016-01-08 15:52:50.3064 | Trace | Duncan.PEMS.Framework.Controller.PemsController.OnActionExecuting | Exit
2016-01-08 15:52:50.3294 | Trace | Duncan.PEMS.Framework.Controller.PemsController.OnActionExecuting | Enter
2016-01-08 15:52:50.3584 | Trace | Duncan.PEMS.Framework.Controller.PemsController.OnActionExecuting | DeniedWrongCity, C: Index, A:Home
2016-01-08 15:52:50.3584 | Debug | Duncan.PEMS.Framework.Controller.PemsController.OnActionExecuting | DeniedWrongCity Send to city home page
2016-01-08 15:52:50.3674 | Trace | Duncan.PEMS.Framework.Controller.PemsController.OnActionExecuting | Exit
2016-01-08 15:52:50.3674 | Trace | Duncan.PEMS.Framework.Controller.PemsController.OnActionExecuting | Enter
2016-01-08 15:52:50.3994 | Trace | Duncan.PEMS.Framework.Controller.PemsController.OnActionExecuting | DeniedWrongCity, C: Index, A:Home
2016-01-08 15:52:50.3994 | Debug | Duncan.PEMS.Framework.Controller.PemsController.OnActionExecuting | DeniedWrongCity Send to city home page
2016-01-08 15:52:50.4134 | Trace | Duncan.PEMS.Framework.Controller.PemsController.OnActionExecuting | Exit
2016-01-08 15:52:50.4354 | Trace | Duncan.PEMS.Framework.Controller.PemsController.OnActionExecuting | Enter
2016-01-08 15:52:50.4634 | Trace | Duncan.PEMS.Framework.Controller.PemsController.OnActionExecuting | DeniedWrongCity, C: Index, A:Home
2016-01-08 15:52:50.4634 | Debug | Duncan.PEMS.Framework.Controller.PemsController.OnActionExecuting | DeniedWrongCity Send to city home page
2016-01-08 15:52:50.4634 | Trace | Duncan.PEMS.Framework.Controller.PemsController.OnActionExecuting | Exit
2016-01-08 15:52:50.4854 | Trace | Duncan.PEMS.Framework.Controller.PemsController.OnActionExecuting | Enter
2016-01-08 15:52:50.5104 | Trace | Duncan.PEMS.Framework.Controller.PemsController.OnActionExecuting | DeniedWrongCity, C: Index, A:Home
2016-01-08 15:52:50.5104 | Debug | Duncan.PEMS.Framework.Controller.PemsController.OnActionExecuting | DeniedWrongCity Send to city home page
2016-01-08 15:52:50.5104 | Trace | Duncan.PEMS.Framework.Controller.PemsController.OnActionExecuting | Exit
2016-01-08 15:52:50.5234 | Trace | Duncan.PEMS.Framework.Controller.PemsController.OnActionExecuting | Enter
2016-01-08 15:52:50.5544 | Trace | Duncan.PEMS.Framework.Controller.PemsController.OnActionExecuting | DeniedWrongCity, C: Index, A:Home
2016-01-08 15:52:50.5544 | Debug | Duncan.PEMS.Framework.Controller.PemsController.OnActionExecuting | DeniedWrongCity Send to city home page
2016-01-08 15:52:50.5544 | Trace | Duncan.PEMS.Framework.Controller.PemsController.OnActionExecuting | Exit
2016-01-08 15:52:50.5774 | Trace | Duncan.PEMS.Framework.Controller.PemsController.OnActionExecuting | Enter
2016-01-08 15:52:50.6024 | Trace | Duncan.PEMS.Framework.Controller.PemsController.OnActionExecuting | DeniedWrongCity, C: Index, A:Home
2016-01-08 15:52:50.6024 | Debug | Duncan.PEMS.Framework.Controller.PemsController.OnActionExecuting | DeniedWrongCity Send to city home page
2016-01-08 15:52:50.6024 | Trace | Duncan.PEMS.Framework.Controller.PemsController.OnActionExecuting | Exit
2016-01-08 15:52:50.6234 | Trace | Duncan.PEMS.Framework.Controller.PemsController.OnActionExecuting | Enter
2016-01-08 15:52:50.6484 | Trace | Duncan.PEMS.Framework.Controller.PemsController.OnActionExecuting | DeniedWrongCity, C: Index, A:Home
2016-01-08 15:52:50.6484 | Debug | Duncan.PEMS.Framework.Controller.PemsController.OnActionExecuting | DeniedWrongCity Send to city home page
2016-01-08 15:52:50.6484 | Trace | Duncan.PEMS.Framework.Controller.PemsController.OnActionExecuting | Exit
2016-01-08 15:52:50.6684 | Trace | Duncan.PEMS.Framework.Controller.PemsController.OnActionExecuting | Enter
2016-01-08 15:52:50.6934 | Trace | Duncan.PEMS.Framework.Controller.PemsController.OnActionExecuting | DeniedWrongCity, C: Index, A:Home
2016-01-08 15:52:50.6934 | Debug | Duncan.PEMS.Framework.Controller.PemsController.OnActionExecuting | DeniedWrongCity Send to city home page
2016-01-08 15:52:50.6934 | Trace | Duncan.PEMS.Framework.Controller.PemsController.OnActionExecuting | Exit
2016-01-08 15:52:53.9016 | Trace | Duncan.PEMS.Framework.Controller.PemsController.OnActionExecuting | Enter
2016-01-08 15:52:53.9296 | Trace | Duncan.PEMS.Framework.Controller.PemsController.OnActionExecuting | DeniedWrongCity, C: Index, A:FileUpload
2016-01-08 15:52:53.9296 | Debug | Duncan.PEMS.Framework.Controller.PemsController.OnActionExecuting | DeniedWrongCity Send to city home page
2016-01-08 15:52:53.9376 | Trace | Duncan.PEMS.Framework.Controller.PemsController.OnActionExecuting | Exit
2016-01-08 15:52:54.0026 | Trace | Duncan.PEMS.Framework.Controller.PemsController.OnActionExecuting | Enter
2016-01-08 15:52:54.0266 | Trace | Duncan.PEMS.Framework.Controller.PemsController.OnActionExecuting | DeniedWrongCity, C: Index, A:Home
2016-01-08 15:52:54.0266 | Debug | Duncan.PEMS.Framework.Controller.PemsController.OnActionExecuting | DeniedWrongCity Send to city home page
2016-01-08 15:52:54.0336 | Trace | Duncan.PEMS.Framework.Controller.PemsController.OnActionExecuting | Exit
2016-01-08 15:52:54.0676 | Trace | Duncan.PEMS.Framework.Controller.PemsController.OnActionExecuting | Enter
2016-01-08 15:52:54.0986 | Trace | Duncan.PEMS.Framework.Controller.PemsController.OnActionExecuting | DeniedWrongCity, C: Index, A:Home
2016-01-08 15:52:54.0986 | Debug | Duncan.PEMS.Framework.Controller.PemsController.OnActionExecuting | DeniedWrongCity Send to city home page
2016-01-08 15:52:54.0986 | Trace | Duncan.PEMS.Framework.Controller.PemsController.OnActionExecuting | Exit
2016-01-08 15:52:54.1206 | Trace | Duncan.PEMS.Framework.Controller.PemsController.OnActionExecuting | Enter
2016-01-08 15:52:54.1486 | Trace | Duncan.PEMS.Framework.Controller.PemsController.OnActionExecuting | DeniedWrongCity, C: Index, A:Home
2016-01-08 15:52:54.1486 | Debug | Duncan.PEMS.Framework.Controller.PemsController.OnActionExecuting | DeniedWrongCity Send to city home page
2016-01-08 15:52:54.1586 | Trace | Duncan.PEMS.Framework.Controller.PemsController.OnActionExecuting | Exit
2016-01-08 15:52:54.1586 | Trace | Duncan.PEMS.Framework.Controller.PemsController.OnActionExecuting | Enter
2016-01-08 15:52:54.1916 | Trace | Duncan.PEMS.Framework.Controller.PemsController.OnActionExecuting | DeniedWrongCity, C: Index, A:Home
2016-01-08 15:52:54.1916 | Debug | Duncan.PEMS.Framework.Controller.PemsController.OnActionExecuting | DeniedWrongCity Send to city home page
2016-01-08 15:52:54.1916 | Trace | Duncan.PEMS.Framework.Controller.PemsController.OnActionExecuting | Exit
2016-01-08 15:52:54.2126 | Trace | Duncan.PEMS.Framework.Controller.PemsController.OnActionExecuting | Enter
2016-01-08 15:52:54.2356 | Trace | Duncan.PEMS.Framework.Controller.PemsController.OnActionExecuting | DeniedWrongCity, C: Index, A:Home
2016-01-08 15:52:54.2356 | Debug | Duncan.PEMS.Framework.Controller.PemsController.OnActionExecuting | DeniedWrongCity Send to city home page
2016-01-08 15:52:54.2356 | Trace | Duncan.PEMS.Framework.Controller.PemsController.OnActionExecuting | Exit
2016-01-08 15:52:54.2516 | Trace | Duncan.PEMS.Framework.Controller.PemsController.OnActionExecuting | Enter
2016-01-08 15:52:54.2766 | Trace | Duncan.PEMS.Framework.Controller.PemsController.OnActionExecuting | DeniedWrongCity, C: Index, A:Home
2016-01-08 15:52:54.2766 | Debug | Duncan.PEMS.Framework.Controller.PemsController.OnActionExecuting | DeniedWrongCity Send to city home page
2016-01-08 15:52:54.2856 | Trace | Duncan.PEMS.Framework.Controller.PemsController.OnActionExecuting | Exit
2016-01-08 15:52:54.3106 | Trace | Duncan.PEMS.Framework.Controller.PemsController.OnActionExecuting | Enter
2016-01-08 15:52:54.3326 | Trace | Duncan.PEMS.Framework.Controller.PemsController.OnActionExecuting | DeniedWrongCity, C: Index, A:Home
2016-01-08 15:52:54.3326 | Debug | Duncan.PEMS.Framework.Controller.PemsController.OnActionExecuting | DeniedWrongCity Send to city home page
2016-01-08 15:52:54.3326 | Trace | Duncan.PEMS.Framework.Controller.PemsController.OnActionExecuting | Exit
2016-01-08 15:52:54.3496 | Trace | Duncan.PEMS.Framework.Controller.PemsController.OnActionExecuting | Enter
2016-01-08 15:52:54.3676 | Trace | Duncan.PEMS.Framework.Controller.PemsController.OnActionExecuting | DeniedWrongCity, C: Index, A:Home
2016-01-08 15:52:54.3676 | Debug | Duncan.PEMS.Framework.Controller.PemsController.OnActionExecuting | DeniedWrongCity Send to city home page
2016-01-08 15:52:54.4156 | Trace | Duncan.PEMS.Framework.Controller.PemsController.OnActionExecuting | Exit
2016-01-08 15:52:54.4296 | Trace | Duncan.PEMS.Framework.Controller.PemsController.OnActionExecuting | Enter
2016-01-08 15:52:54.4386 | Trace | Duncan.PEMS.Framework.Controller.PemsController.OnActionExecuting | DeniedWrongCity, C: Index, A:Home
2016-01-08 15:52:54.4386 | Debug | Duncan.PEMS.Framework.Controller.PemsController.OnActionExecuting | DeniedWrongCity Send to city home page
2016-01-08 15:52:54.4566 | Trace | Duncan.PEMS.Framework.Controller.PemsController.OnActionExecuting | Exit
2016-01-08 15:52:54.4566 | Trace | Duncan.PEMS.Framework.Controller.PemsController.OnActionExecuting | Enter
2016-01-08 15:52:54.4906 | Trace | Duncan.PEMS.Framework.Controller.PemsController.OnActionExecuting | DeniedWrongCity, C: Index, A:Home
2016-01-08 15:52:54.4906 | Debug | Duncan.PEMS.Framework.Controller.PemsController.OnActionExecuting | DeniedWrongCity Send to city home page
2016-01-08 15:52:54.4996 | Trace | Duncan.PEMS.Framework.Controller.PemsController.OnActionExecuting | Exit
2016-01-08 15:52:54.4996 | Trace | Duncan.PEMS.Framework.Controller.PemsController.OnActionExecuting | Enter
2016-01-08 15:52:54.5346 | Trace | Duncan.PEMS.Framework.Controller.PemsController.OnActionExecuting | DeniedWrongCity, C: Index, A:Home
2016-01-08 15:52:54.5346 | Debug | Duncan.PEMS.Framework.Controller.PemsController.OnActionExecuting | DeniedWrongCity Send to city home page
2016-01-08 15:52:54.5346 | Trace | Duncan.PEMS.Framework.Controller.PemsController.OnActionExecuting | Exit
2016-01-08 15:52:54.5566 | Trace | Duncan.PEMS.Framework.Controller.PemsController.OnActionExecuting | Enter
2016-01-08 15:52:54.5776 | Trace | Duncan.PEMS.Framework.Controller.PemsController.OnActionExecuting | DeniedWrongCity, C: Index, A:Home
2016-01-08 15:52:54.5776 | Debug | Duncan.PEMS.Framework.Controller.PemsController.OnActionExecuting | DeniedWrongCity Send to city home page
2016-01-08 15:52:54.5776 | Trace | Duncan.PEMS.Framework.Controller.PemsController.OnActionExecuting | Exit
2016-01-08 15:52:54.6256 | Trace | Duncan.PEMS.Framework.Controller.PemsController.OnActionExecuting | Enter
2016-01-08 15:52:54.6476 | Trace | Duncan.PEMS.Framework.Controller.PemsController.OnActionExecuting | DeniedWrongCity, C: Index, A:Home
2016-01-08 15:52:54.6476 | Debug | Duncan.PEMS.Framework.Controller.PemsController.OnActionExecuting | DeniedWrongCity Send to city home page
2016-01-08 15:52:54.6556 | Trace | Duncan.PEMS.Framework.Controller.PemsController.OnActionExecuting | Exit
2016-01-08 15:52:54.6556 | Trace | Duncan.PEMS.Framework.Controller.PemsController.OnActionExecuting | Enter
2016-01-08 15:52:54.6886 | Trace | Duncan.PEMS.Framework.Controller.PemsController.OnActionExecuting | DeniedWrongCity, C: Index, A:Home
2016-01-08 15:52:54.6886 | Debug | Duncan.PEMS.Framework.Controller.PemsController.OnActionExecuting | DeniedWrongCity Send to city home page
2016-01-08 15:52:54.6886 | Trace | Duncan.PEMS.Framework.Controller.PemsController.OnActionExecuting | Exit
2016-01-08 15:52:54.7106 | Trace | Duncan.PEMS.Framework.Controller.PemsController.OnActionExecuting | Enter
2016-01-08 15:52:54.7336 | Trace | Duncan.PEMS.Framework.Controller.PemsController.OnActionExecuting | DeniedWrongCity, C: Index, A:Home
2016-01-08 15:52:54.7336 | Debug | Duncan.PEMS.Framework.Controller.PemsController.OnActionExecuting | DeniedWrongCity Send to city home page
2016-01-08 15:52:54.7336 | Trace | Duncan.PEMS.Framework.Controller.PemsController.OnActionExecuting | Exit
2016-01-08 15:52:54.7516 | Trace | Duncan.PEMS.Framework.Controller.PemsController.OnActionExecuting | Enter
2016-01-08 15:52:54.7786 | Trace | Duncan.PEMS.Framework.Controller.PemsController.OnActionExecuting | DeniedWrongCity, C: Index, A:Home
2016-01-08 15:52:54.7786 | Debug | Duncan.PEMS.Framework.Controller.PemsController.OnActionExecuting | DeniedWrongCity Send to city home page
2016-01-08 15:52:54.7856 | Trace | Duncan.PEMS.Framework.Controller.PemsController.OnActionExecuting | Exit
2016-01-08 15:52:54.8406 | Trace | Duncan.PEMS.Framework.Controller.PemsController.OnActionExecuting | Enter
2016-01-08 15:52:54.8646 | Trace | Duncan.PEMS.Framework.Controller.PemsController.OnActionExecuting | DeniedWrongCity, C: Index, A:Home
2016-01-08 15:52:54.8646 | Debug | Duncan.PEMS.Framework.Controller.PemsController.OnActionExecuting | DeniedWrongCity Send to city home page
2016-01-08 15:52:54.8646 | Trace | Duncan.PEMS.Framework.Controller.PemsController.OnActionExecuting | Exit
2016-01-08 15:52:54.8756 | Trace | Duncan.PEMS.Framework.Controller.PemsController.OnActionExecuting | Enter
2016-01-08 15:52:54.9056 | Trace | Duncan.PEMS.Framework.Controller.PemsController.OnActionExecuting | DeniedWrongCity, C: Index, A:Home
2016-01-08 15:52:54.9056 | Debug | Duncan.PEMS.Framework.Controller.PemsController.OnActionExecuting | DeniedWrongCity Send to city home page
2016-01-08 15:52:54.9056 | Trace | Duncan.PEMS.Framework.Controller.PemsController.OnActionExecuting | Exit
2016-01-08 15:52:54.9286 | Trace | Duncan.PEMS.Framework.Controller.PemsController.OnActionExecuting | Enter
2016-01-08 15:52:54.9516 | Trace | Duncan.PEMS.Framework.Controller.PemsController.OnActionExecuting | DeniedWrongCity, C: Index, A:Home
2016-01-08 15:52:54.9516 | Debug | Duncan.PEMS.Framework.Controller.PemsController.OnActionExecuting | DeniedWrongCity Send to city home page
2016-01-08 15:52:54.9516 | Trace | Duncan.PEMS.Framework.Controller.PemsController.OnActionExecuting | Exit
2016-01-08 15:52:54.9776 | Trace | Duncan.PEMS.Framework.Controller.PemsController.OnActionExecuting | Enter
2016-01-08 15:52:54.9966 | Trace | Duncan.PEMS.Framework.Controller.PemsController.OnActionExecuting | DeniedWrongCity, C: Index, A:Home
2016-01-08 15:52:54.9966 | Debug | Duncan.PEMS.Framework.Controller.PemsController.OnActionExecuting | DeniedWrongCity Send to city home page
2016-01-08 15:52:55.0006 | Trace | Duncan.PEMS.Framework.Controller.PemsController.OnActionExecuting | Exit
2016-01-08 15:54:53.4814 | Trace | Duncan.PEMS.Framework.Controller.PemsController.OnActionExecuting | Enter
2016-01-08 15:55:00.8488 | Trace | Duncan.PEMS.Framework.Controller.PemsController.OnActionExecuting | Allowed, C: Index, A:Home
2016-01-08 15:55:00.8488 | Debug | Duncan.PEMS.Framework.Controller.PemsController.OnActionExecuting | Allowed Pass execution to action
2016-01-08 15:55:00.8488 | Trace | Duncan.PEMS.Framework.Controller.PemsController.OnActionExecuting | Exit
2016-01-08 15:55:52.2808 | Trace | Duncan.PEMS.Framework.Controller.PemsController.OnActionExecuting | Enter
2016-01-08 15:55:52.6878 | Trace | Duncan.PEMS.Framework.Controller.PemsController.OnActionExecuting | UndefinedAction, C: GetAssetTypes_HomePage, A:GIS
2016-01-08 15:55:52.6878 | Debug | Duncan.PEMS.Framework.Controller.PemsController.OnActionExecuting | UndefinedAction Pass execution to action
2016-01-08 15:55:52.6878 | Trace | Duncan.PEMS.Framework.Controller.PemsController.OnActionExecuting | Exit
2016-01-08 15:55:53.1928 | Trace | Duncan.PEMS.Framework.Controller.PemsController.OnActionExecuting | Enter
2016-01-08 15:55:53.3828 | Trace | Duncan.PEMS.Framework.Controller.PemsController.OnActionExecuting | UndefinedAction, C: GetCustomerGridDetails_NewHome, A:GIS
2016-01-08 15:55:53.3828 | Debug | Duncan.PEMS.Framework.Controller.PemsController.OnActionExecuting | UndefinedAction Pass execution to action
2016-01-08 15:55:53.3828 | Trace | Duncan.PEMS.Framework.Controller.PemsController.OnActionExecuting | Exit
2016-01-08 15:55:55.2959 | Trace | Duncan.PEMS.Framework.Controller.PemsController.OnActionExecuting | Enter
2016-01-08 15:55:55.5230 | Trace | Duncan.PEMS.Framework.Controller.PemsController.OnActionExecuting | UndefinedAction, C: GetCustomerGridDetails_NewHome, A:GIS
2016-01-08 15:55:55.5230 | Debug | Duncan.PEMS.Framework.Controller.PemsController.OnActionExecuting | UndefinedAction Pass execution to action
2016-01-08 15:55:55.5230 | Trace | Duncan.PEMS.Framework.Controller.PemsController.OnActionExecuting | Exit
2016-01-08 15:55:56.4170 | Trace | Duncan.PEMS.Framework.Controller.PemsController.OnActionExecuting | Enter
2016-01-08 15:55:56.6950 | Trace | Duncan.PEMS.Framework.Controller.PemsController.OnActionExecuting | UndefinedAction, C: GetBatteryRep, A:Home
2016-01-08 15:55:56.6950 | Debug | Duncan.PEMS.Framework.Controller.PemsController.OnActionExecuting | UndefinedAction Pass execution to action
2016-01-08 15:55:56.6950 | Trace | Duncan.PEMS.Framework.Controller.PemsController.OnActionExecuting | Exit
2016-01-08 15:55:56.9280 | Trace | Duncan.PEMS.Framework.Controller.PemsController.OnActionExecuting | Enter
2016-01-08 15:55:57.0950 | Trace | Duncan.PEMS.Framework.Controller.PemsController.OnActionExecuting | UndefinedAction, C: GetChangeBatteryRep, A:Home
2016-01-08 15:55:57.0950 | Debug | Duncan.PEMS.Framework.Controller.PemsController.OnActionExecuting | UndefinedAction Pass execution to action
2016-01-08 15:55:57.0950 | Trace | Duncan.PEMS.Framework.Controller.PemsController.OnActionExecuting | Exit
2016-01-08 15:55:57.4281 | Trace | Duncan.PEMS.Framework.Controller.PemsController.OnActionExecuting | Enter
2016-01-08 15:55:57.7041 | Trace | Duncan.PEMS.Framework.Controller.PemsController.OnActionExecuting | UndefinedAction, C: GetNoMeterCommRep, A:Home
2016-01-08 15:55:57.7041 | Debug | Duncan.PEMS.Framework.Controller.PemsController.OnActionExecuting | UndefinedAction Pass execution to action
2016-01-08 15:55:57.7071 | Trace | Duncan.PEMS.Framework.Controller.PemsController.OnActionExecuting | Exit
2016-01-08 15:59:37.9777 | Trace | Duncan.PEMS.Framework.Controller.PemsController.OnActionExecuting | Enter
2016-01-08 15:59:38.0567 | Trace | Duncan.PEMS.Framework.Controller.PemsController.OnActionExecuting | Allowed, C: Edit, A:Profile
2016-01-08 15:59:38.0567 | Debug | Duncan.PEMS.Framework.Controller.PemsController.OnActionExecuting | Allowed Pass execution to action
2016-01-08 15:59:38.0567 | Trace | Duncan.PEMS.Framework.Controller.PemsController.OnActionExecuting | Exit
2016-01-08 15:59:43.2110 | Trace | Duncan.PEMS.Framework.Controller.PemsController.OnActionExecuting | Enter
2016-01-08 15:59:43.2540 | Trace | Duncan.PEMS.Framework.Controller.PemsController.OnActionExecuting | Allowed, C: Index, A:Enforcement
2016-01-08 15:59:43.2540 | Debug | Duncan.PEMS.Framework.Controller.PemsController.OnActionExecuting | Allowed Pass execution to action
2016-01-08 15:59:43.2540 | Trace | Duncan.PEMS.Framework.Controller.PemsController.OnActionExecuting | Exit
2016-01-08 15:59:49.8944 | Trace | Duncan.PEMS.Framework.Controller.PemsController.OnActionExecuting | Enter
2016-01-08 15:59:50.2524 | Trace | Duncan.PEMS.Framework.Controller.PemsController.OnActionExecuting | UndefinedAction, C: GetFilterValues, A:Enforcement
2016-01-08 15:59:50.2524 | Debug | Duncan.PEMS.Framework.Controller.PemsController.OnActionExecuting | UndefinedAction Pass execution to action
2016-01-08 15:59:50.2524 | Trace | Duncan.PEMS.Framework.Controller.PemsController.OnActionExecuting | Exit
2016-01-08 16:02:08.2323 | Trace | Duncan.PEMS.Framework.Controller.PemsController.OnActionExecuting | Enter
2016-01-08 16:02:08.5273 | Trace | Duncan.PEMS.Framework.Controller.PemsController.OnActionExecuting | UndefinedAction, C: GetFilterValues, A:Enforcement
2016-01-08 16:02:08.5273 | Debug | Duncan.PEMS.Framework.Controller.PemsController.OnActionExecuting | UndefinedAction Pass execution to action
2016-01-08 16:02:08.5273 | Trace | Duncan.PEMS.Framework.Controller.PemsController.OnActionExecuting | Exit
2016-01-08 16:02:09.2613 | Trace | Duncan.PEMS.Framework.Controller.PemsController.OnActionExecuting | Enter
2016-01-08 16:02:09.3453 | Trace | Duncan.PEMS.Framework.Controller.PemsController.OnActionExecuting | Allowed, C: Index, A:Alarms
2016-01-08 16:02:09.3453 | Debug | Duncan.PEMS.Framework.Controller.PemsController.OnActionExecuting | Allowed Pass execution to action
2016-01-08 16:02:09.3453 | Trace | Duncan.PEMS.Framework.Controller.PemsController.OnActionExecuting | Exit
2016-01-08 16:02:14.2976 | Trace | Duncan.PEMS.Framework.Controller.PemsController.OnActionExecuting | Enter
2016-01-08 16:02:14.2976 | Trace | Duncan.PEMS.Framework.Controller.PemsController.OnActionExecuting | UndefinedAjax, C: GetAssetTypes, A:Alarms
2016-01-08 16:02:14.2976 | Debug | Duncan.PEMS.Framework.Controller.PemsController.OnActionExecuting | UndefinedAjax Pass execution to action
2016-01-08 16:02:14.2976 | Trace | Duncan.PEMS.Framework.Controller.PemsController.OnActionExecuting | Exit
2016-01-08 16:02:14.5916 | Trace | Duncan.PEMS.Framework.Controller.PemsController.OnActionExecuting | Enter
2016-01-08 16:02:14.5916 | Trace | Duncan.PEMS.Framework.Controller.PemsController.OnActionExecuting | UndefinedAjax, C: GetTargetServices, A:Alarms
2016-01-08 16:02:14.5916 | Debug | Duncan.PEMS.Framework.Controller.PemsController.OnActionExecuting | UndefinedAjax Pass execution to action
2016-01-08 16:02:14.5916 | Trace | Duncan.PEMS.Framework.Controller.PemsController.OnActionExecuting | Exit
2016-01-08 16:02:14.7476 | Trace | Duncan.PEMS.Framework.Controller.PemsController.OnActionExecuting | Enter
2016-01-08 16:02:14.7476 | Trace | Duncan.PEMS.Framework.Controller.PemsController.OnActionExecuting | UndefinedAjax, C: GetAssetStates, A:Alarms
2016-01-08 16:02:14.7476 | Debug | Duncan.PEMS.Framework.Controller.PemsController.OnActionExecuting | UndefinedAjax Pass execution to action
2016-01-08 16:02:14.7476 | Trace | Duncan.PEMS.Framework.Controller.PemsController.OnActionExecuting | Exit
2016-01-08 16:02:14.9287 | Trace | Duncan.PEMS.Framework.Controller.PemsController.OnActionExecuting | Enter
2016-01-08 16:02:14.9287 | Trace | Duncan.PEMS.Framework.Controller.PemsController.OnActionExecuting | UndefinedAjax, C: GetAlarmSources, A:Alarms
2016-01-08 16:02:14.9287 | Debug | Duncan.PEMS.Framework.Controller.PemsController.OnActionExecuting | UndefinedAjax Pass execution to action
2016-01-08 16:02:14.9287 | Trace | Duncan.PEMS.Framework.Controller.PemsController.OnActionExecuting | Exit
2016-01-08 16:02:15.1887 | Trace | Duncan.PEMS.Framework.Controller.PemsController.OnActionExecuting | Enter
2016-01-08 16:02:15.1887 | Trace | Duncan.PEMS.Framework.Controller.PemsController.OnActionExecuting | UndefinedAjax, C: GetTimeTypes, A:Alarms
2016-01-08 16:02:15.1887 | Debug | Duncan.PEMS.Framework.Controller.PemsController.OnActionExecuting | UndefinedAjax Pass execution to action
2016-01-08 16:02:15.1887 | Trace | Duncan.PEMS.Framework.Controller.PemsController.OnActionExecuting | Exit
2016-01-08 16:02:15.3567 | Trace | Duncan.PEMS.Framework.Controller.PemsController.OnActionExecuting | Enter
2016-01-08 16:02:15.3567 | Trace | Duncan.PEMS.Framework.Controller.PemsController.OnActionExecuting | UndefinedAjax, C: GetAlarmSeverities, A:Alarms
2016-01-08 16:02:15.3567 | Debug | Duncan.PEMS.Framework.Controller.PemsController.OnActionExecuting | UndefinedAjax Pass execution to action
2016-01-08 16:02:15.3567 | Trace | Duncan.PEMS.Framework.Controller.PemsController.OnActionExecuting | Exit
2016-01-08 16:02:15.4687 | Trace | Duncan.PEMS.Framework.Controller.PemsController.OnActionExecuting | Enter
2016-01-08 16:02:15.4687 | Trace | Duncan.PEMS.Framework.Controller.PemsController.OnActionExecuting | UndefinedAjax, C: GetAlarmFilters, A:Alarms
2016-01-08 16:02:15.4687 | Debug | Duncan.PEMS.Framework.Controller.PemsController.OnActionExecuting | UndefinedAjax Pass execution to action
2016-01-08 16:02:15.4687 | Trace | Duncan.PEMS.Framework.Controller.PemsController.OnActionExecuting | Exit
2016-01-08 16:02:15.6167 | Trace | Duncan.PEMS.Framework.Controller.PemsController.OnActionExecuting | Enter
2016-01-08 16:02:15.6167 | Trace | Duncan.PEMS.Framework.Controller.PemsController.OnActionExecuting | UndefinedAjax, C: GetTechnicianDetails, A:Alarms
2016-01-08 16:02:15.6167 | Debug | Duncan.PEMS.Framework.Controller.PemsController.OnActionExecuting | UndefinedAjax Pass execution to action
2016-01-08 16:02:15.6197 | Trace | Duncan.PEMS.Framework.Controller.PemsController.OnActionExecuting | Exit
2016-01-08 16:02:15.7697 | Trace | Duncan.PEMS.Framework.Controller.PemsController.OnActionExecuting | Enter
2016-01-08 16:02:15.7697 | Trace | Duncan.PEMS.Framework.Controller.PemsController.OnActionExecuting | UndefinedAjax, C: GetSavedSortValues, A:Alarms
2016-01-08 16:02:15.7697 | Debug | Duncan.PEMS.Framework.Controller.PemsController.OnActionExecuting | UndefinedAjax Pass execution to action
2016-01-08 16:02:15.7697 | Trace | Duncan.PEMS.Framework.Controller.PemsController.OnActionExecuting | Exit
2016-01-08 16:02:16.2947 | Trace | Duncan.PEMS.Framework.Controller.PemsController.OnActionExecuting | Enter
2016-01-08 16:02:16.2947 | Trace | Duncan.PEMS.Framework.Controller.PemsController.OnActionExecuting | UndefinedAjax, C: GetGridData, A:Alarms
2016-01-08 16:02:16.2947 | Debug | Duncan.PEMS.Framework.Controller.PemsController.OnActionExecuting | UndefinedAjax Pass execution to action
2016-01-08 16:02:16.2947 | Trace | Duncan.PEMS.Framework.Controller.PemsController.OnActionExecuting | Exit
2016-01-08 16:02:16.6598 | Trace | Duncan.PEMS.Framework.Controller.PemsController.OnActionExecuting | Enter
2016-01-08 16:02:16.9288 | Trace | Duncan.PEMS.Framework.Controller.PemsController.OnActionExecuting | UndefinedAction, C: GetItems, A:Alarms
2016-01-08 16:02:16.9298 | Debug | Duncan.PEMS.Framework.Controller.PemsController.OnActionExecuting | UndefinedAction Pass execution to action
2016-01-08 16:02:16.9298 | Trace | Duncan.PEMS.Framework.Controller.PemsController.OnActionExecuting | Exit
