2016-05-25 10:53:00.5294 | Trace | Duncan.PEMS.Framework.Controller.PemsController.OnActionExecuting | Enter
2016-05-25 10:53:00.8654 | Trace | Duncan.PEMS.Framework.Controller.PemsController.OnActionExecuting | Allowed, C: Index, A:Home
2016-05-25 10:53:00.8674 | Debug | Duncan.PEMS.Framework.Controller.PemsController.OnActionExecuting | Allowed Pass execution to action
2016-05-25 10:53:00.8674 | Trace | Duncan.PEMS.Framework.Controller.PemsController.OnActionExecuting | Exit
2016-05-25 10:54:25.4662 | Trace | Duncan.PEMS.Framework.Controller.PemsController.OnActionExecuting | Enter
2016-05-25 10:54:26.4913 | Trace | Duncan.PEMS.Framework.Controller.PemsController.OnActionExecuting | UndefinedAction, C: GetBatteryRep, A:Home
2016-05-25 10:54:26.4913 | Debug | Duncan.PEMS.Framework.Controller.PemsController.OnActionExecuting | UndefinedAction Pass execution to action
2016-05-25 10:54:26.4913 | Trace | Duncan.PEMS.Framework.Controller.PemsController.OnActionExecuting | Exit
2016-05-25 10:54:27.0293 | Trace | Duncan.PEMS.Framework.Controller.PemsController.OnActionExecuting | Enter
2016-05-25 10:54:27.3883 | Trace | Duncan.PEMS.Framework.Controller.PemsController.OnActionExecuting | UndefinedAction, C: GetAssetTypes_HomePage, A:GIS
2016-05-25 10:54:27.3883 | Debug | Duncan.PEMS.Framework.Controller.PemsController.OnActionExecuting | UndefinedAction Pass execution to action
2016-05-25 10:54:27.3883 | Trace | Duncan.PEMS.Framework.Controller.PemsController.OnActionExecuting | Exit
2016-05-25 10:54:27.6374 | Trace | Duncan.PEMS.Framework.Controller.PemsController.OnActionExecuting | Enter
2016-05-25 10:54:27.9444 | Trace | Duncan.PEMS.Framework.Controller.PemsController.OnActionExecuting | UndefinedAction, C: GetPaymentRep, A:Home
2016-05-25 10:54:27.9444 | Debug | Duncan.PEMS.Framework.Controller.PemsController.OnActionExecuting | UndefinedAction Pass execution to action
2016-05-25 10:54:27.9444 | Trace | Duncan.PEMS.Framework.Controller.PemsController.OnActionExecuting | Exit
2016-05-25 10:54:28.2124 | Trace | Duncan.PEMS.Framework.Controller.PemsController.OnActionExecuting | Enter
2016-05-25 10:54:28.7044 | Trace | Duncan.PEMS.Framework.Controller.PemsController.OnActionExecuting | UndefinedAction, C: GetSpacestatusSensorRep, A:Home
2016-05-25 10:54:28.7044 | Debug | Duncan.PEMS.Framework.Controller.PemsController.OnActionExecuting | UndefinedAction Pass execution to action
2016-05-25 10:54:28.7044 | Trace | Duncan.PEMS.Framework.Controller.PemsController.OnActionExecuting | Exit
2016-05-25 10:54:29.7755 | Trace | Duncan.PEMS.Framework.Controller.PemsController.OnActionExecuting | Enter
2016-05-25 10:54:30.2265 | Trace | Duncan.PEMS.Framework.Controller.PemsController.OnActionExecuting | UndefinedAction, C: GetChangeBatteryRep, A:Home
2016-05-25 10:54:30.2265 | Debug | Duncan.PEMS.Framework.Controller.PemsController.OnActionExecuting | UndefinedAction Pass execution to action
2016-05-25 10:54:30.2265 | Trace | Duncan.PEMS.Framework.Controller.PemsController.OnActionExecuting | Exit
2016-05-25 10:54:30.3345 | Trace | Duncan.PEMS.Framework.Controller.PemsController.OnActionExecuting | Enter
2016-05-25 10:54:30.6765 | Trace | Duncan.PEMS.Framework.Controller.PemsController.OnActionExecuting | UndefinedAction, C: GetEnforceableSpaceRep, A:Home
2016-05-25 10:54:30.6765 | Debug | Duncan.PEMS.Framework.Controller.PemsController.OnActionExecuting | UndefinedAction Pass execution to action
2016-05-25 10:54:30.6765 | Trace | Duncan.PEMS.Framework.Controller.PemsController.OnActionExecuting | Exit
2016-05-25 10:54:30.9676 | Trace | Duncan.PEMS.Framework.Controller.PemsController.OnActionExecuting | Enter
2016-05-25 10:54:31.2386 | Trace | Duncan.PEMS.Framework.Controller.PemsController.OnActionExecuting | UndefinedAction, C: GetOccupancyForMobile, A:GIS
2016-05-25 10:54:31.2386 | Debug | Duncan.PEMS.Framework.Controller.PemsController.OnActionExecuting | UndefinedAction Pass execution to action
2016-05-25 10:54:31.2386 | Trace | Duncan.PEMS.Framework.Controller.PemsController.OnActionExecuting | Exit
2016-05-25 11:00:14.6582 | Trace | Duncan.PEMS.Framework.Controller.PemsController.OnActionExecuting | Enter
2016-05-25 11:00:14.7922 | Trace | Duncan.PEMS.Framework.Controller.PemsController.OnActionExecuting | Allowed, C: Index, A:Occupancy
2016-05-25 11:00:14.7922 | Debug | Duncan.PEMS.Framework.Controller.PemsController.OnActionExecuting | Allowed Pass execution to action
2016-05-25 11:00:14.7922 | Trace | Duncan.PEMS.Framework.Controller.PemsController.OnActionExecuting | Exit
2016-05-25 11:00:20.4335 | Trace | Duncan.PEMS.Framework.Controller.PemsController.OnActionExecuting | Enter
2016-05-25 11:00:20.8736 | Trace | Duncan.PEMS.Framework.Controller.PemsController.OnActionExecuting | UndefinedAction, C: GetNoncompliantStatuses, A:Occupancy
2016-05-25 11:00:20.8736 | Debug | Duncan.PEMS.Framework.Controller.PemsController.OnActionExecuting | UndefinedAction Pass execution to action
2016-05-25 11:00:20.8736 | Trace | Duncan.PEMS.Framework.Controller.PemsController.OnActionExecuting | Exit
2016-05-25 11:00:21.0686 | Trace | Duncan.PEMS.Framework.Controller.PemsController.OnActionExecuting | Enter
2016-05-25 11:00:21.3346 | Trace | Duncan.PEMS.Framework.Controller.PemsController.OnActionExecuting | UndefinedAction, C: GetAssetTypes, A:Occupancy
2016-05-25 11:00:21.3346 | Debug | Duncan.PEMS.Framework.Controller.PemsController.OnActionExecuting | UndefinedAction Pass execution to action
2016-05-25 11:00:21.3346 | Trace | Duncan.PEMS.Framework.Controller.PemsController.OnActionExecuting | Exit
2016-05-25 11:00:21.4816 | Trace | Duncan.PEMS.Framework.Controller.PemsController.OnActionExecuting | Enter
2016-05-25 11:00:21.7096 | Trace | Duncan.PEMS.Framework.Controller.PemsController.OnActionExecuting | UndefinedAction, C: GetOccupancyStatuses, A:Occupancy
2016-05-25 11:00:21.7096 | Debug | Duncan.PEMS.Framework.Controller.PemsController.OnActionExecuting | UndefinedAction Pass execution to action
2016-05-25 11:00:21.7096 | Trace | Duncan.PEMS.Framework.Controller.PemsController.OnActionExecuting | Exit
2016-05-25 11:00:21.7946 | Trace | Duncan.PEMS.Framework.Controller.PemsController.OnActionExecuting | Enter
2016-05-25 11:00:22.0006 | Trace | Duncan.PEMS.Framework.Controller.PemsController.OnActionExecuting | UndefinedAction, C: GetOperationalStatuses, A:Occupancy
2016-05-25 11:00:22.0006 | Debug | Duncan.PEMS.Framework.Controller.PemsController.OnActionExecuting | UndefinedAction Pass execution to action
2016-05-25 11:00:22.0006 | Trace | Duncan.PEMS.Framework.Controller.PemsController.OnActionExecuting | Exit
2016-05-25 11:00:22.0796 | Trace | Duncan.PEMS.Framework.Controller.PemsController.OnActionExecuting | Enter
2016-05-25 11:00:22.2806 | Trace | Duncan.PEMS.Framework.Controller.PemsController.OnActionExecuting | UndefinedAction, C: GetAssetTypes, A:Occupancy
2016-05-25 11:00:22.2806 | Debug | Duncan.PEMS.Framework.Controller.PemsController.OnActionExecuting | UndefinedAction Pass execution to action
2016-05-25 11:00:22.2806 | Trace | Duncan.PEMS.Framework.Controller.PemsController.OnActionExecuting | Exit
2016-05-25 11:00:22.4757 | Trace | Duncan.PEMS.Framework.Controller.PemsController.OnActionExecuting | Enter
2016-05-25 11:00:22.8597 | Trace | Duncan.PEMS.Framework.Controller.PemsController.OnActionExecuting | UndefinedAction, C: GetTimeTypes, A:Occupancy
2016-05-25 11:00:22.8597 | Debug | Duncan.PEMS.Framework.Controller.PemsController.OnActionExecuting | UndefinedAction Pass execution to action
2016-05-25 11:00:22.8597 | Trace | Duncan.PEMS.Framework.Controller.PemsController.OnActionExecuting | Exit
2016-05-25 11:00:23.1607 | Trace | Duncan.PEMS.Framework.Controller.PemsController.OnActionExecuting | Enter
2016-05-25 11:00:23.3527 | Trace | Duncan.PEMS.Framework.Controller.PemsController.OnActionExecuting | UndefinedAction, C: GetNoncompliantStatuses, A:Occupancy
2016-05-25 11:00:23.3527 | Debug | Duncan.PEMS.Framework.Controller.PemsController.OnActionExecuting | UndefinedAction Pass execution to action
2016-05-25 11:00:23.3527 | Trace | Duncan.PEMS.Framework.Controller.PemsController.OnActionExecuting | Exit
2016-05-25 11:00:23.6747 | Trace | Duncan.PEMS.Framework.Controller.PemsController.OnActionExecuting | Enter
2016-05-25 11:00:23.9117 | Trace | Duncan.PEMS.Framework.Controller.PemsController.OnActionExecuting | UndefinedAction, C: GetOperationalStatuses, A:Occupancy
2016-05-25 11:00:23.9117 | Debug | Duncan.PEMS.Framework.Controller.PemsController.OnActionExecuting | UndefinedAction Pass execution to action
2016-05-25 11:00:23.9117 | Trace | Duncan.PEMS.Framework.Controller.PemsController.OnActionExecuting | Exit
2016-05-25 11:00:24.1918 | Trace | Duncan.PEMS.Framework.Controller.PemsController.OnActionExecuting | Enter
2016-05-25 11:00:24.5178 | Trace | Duncan.PEMS.Framework.Controller.PemsController.OnActionExecuting | UndefinedAction, C: GetOccupancyStatuses, A:Occupancy
2016-05-25 11:00:24.5178 | Debug | Duncan.PEMS.Framework.Controller.PemsController.OnActionExecuting | UndefinedAction Pass execution to action
2016-05-25 11:00:24.5178 | Trace | Duncan.PEMS.Framework.Controller.PemsController.OnActionExecuting | Exit
2016-05-25 11:00:24.8148 | Trace | Duncan.PEMS.Framework.Controller.PemsController.OnActionExecuting | Enter
2016-05-25 11:00:25.1138 | Trace | Duncan.PEMS.Framework.Controller.PemsController.OnActionExecuting | UndefinedAction, C: GetTimeTypes, A:Occupancy
2016-05-25 11:00:25.1138 | Debug | Duncan.PEMS.Framework.Controller.PemsController.OnActionExecuting | UndefinedAction Pass execution to action
2016-05-25 11:00:25.1138 | Trace | Duncan.PEMS.Framework.Controller.PemsController.OnActionExecuting | Exit
2016-05-25 11:03:06.6611 | Trace | Duncan.PEMS.Framework.Controller.PemsController.OnActionExecuting | Enter
2016-05-25 11:03:07.0631 | Trace | Duncan.PEMS.Framework.Controller.PemsController.OnActionExecuting | UndefinedAction, C: GetTimeTypes, A:Occupancy
2016-05-25 11:03:07.0631 | Debug | Duncan.PEMS.Framework.Controller.PemsController.OnActionExecuting | UndefinedAction Pass execution to action
2016-05-25 11:03:07.0631 | Trace | Duncan.PEMS.Framework.Controller.PemsController.OnActionExecuting | Exit
2016-05-25 11:03:07.1821 | Trace | Duncan.PEMS.Framework.Controller.PemsController.OnActionExecuting | Enter
2016-05-25 11:03:07.5661 | Trace | Duncan.PEMS.Framework.Controller.PemsController.OnActionExecuting | UndefinedAction, C: GetOperationalStatuses, A:Occupancy
2016-05-25 11:03:07.5661 | Debug | Duncan.PEMS.Framework.Controller.PemsController.OnActionExecuting | UndefinedAction Pass execution to action
2016-05-25 11:03:07.5661 | Trace | Duncan.PEMS.Framework.Controller.PemsController.OnActionExecuting | Exit
2016-05-25 11:03:07.6801 | Trace | Duncan.PEMS.Framework.Controller.PemsController.OnActionExecuting | Enter
2016-05-25 11:03:07.9441 | Trace | Duncan.PEMS.Framework.Controller.PemsController.OnActionExecuting | UndefinedAction, C: GetOccupancyStatuses, A:Occupancy
2016-05-25 11:03:07.9441 | Debug | Duncan.PEMS.Framework.Controller.PemsController.OnActionExecuting | UndefinedAction Pass execution to action
2016-05-25 11:03:07.9441 | Trace | Duncan.PEMS.Framework.Controller.PemsController.OnActionExecuting | Exit
2016-05-25 11:03:08.1941 | Trace | Duncan.PEMS.Framework.Controller.PemsController.OnActionExecuting | Enter
2016-05-25 11:03:08.3781 | Trace | Duncan.PEMS.Framework.Controller.PemsController.OnActionExecuting | UndefinedAction, C: GetNoncompliantStatuses, A:Occupancy
2016-05-25 11:03:08.3781 | Debug | Duncan.PEMS.Framework.Controller.PemsController.OnActionExecuting | UndefinedAction Pass execution to action
2016-05-25 11:03:08.3781 | Trace | Duncan.PEMS.Framework.Controller.PemsController.OnActionExecuting | Exit
2016-05-25 11:03:08.7212 | Trace | Duncan.PEMS.Framework.Controller.PemsController.OnActionExecuting | Enter
2016-05-25 11:03:08.7712 | Trace | Duncan.PEMS.Framework.Controller.PemsController.OnActionExecuting | Allowed, C: Index, A:Transactions
2016-05-25 11:03:08.7712 | Debug | Duncan.PEMS.Framework.Controller.PemsController.OnActionExecuting | Allowed Pass execution to action
2016-05-25 11:03:08.7712 | Trace | Duncan.PEMS.Framework.Controller.PemsController.OnActionExecuting | Exit
2016-05-25 11:03:12.5154 | Trace | Duncan.PEMS.Framework.Controller.PemsController.OnActionExecuting | Enter
2016-05-25 11:03:12.8944 | Trace | Duncan.PEMS.Framework.Controller.PemsController.OnActionExecuting | UndefinedAction, C: GetNoncompliantStatuses, A:Occupancy
2016-05-25 11:03:12.8944 | Debug | Duncan.PEMS.Framework.Controller.PemsController.OnActionExecuting | UndefinedAction Pass execution to action
2016-05-25 11:03:12.8944 | Trace | Duncan.PEMS.Framework.Controller.PemsController.OnActionExecuting | Exit
2016-05-25 11:03:13.4564 | Trace | Duncan.PEMS.Framework.Controller.PemsController.OnActionExecuting | Enter
2016-05-25 11:03:13.7545 | Trace | Duncan.PEMS.Framework.Controller.PemsController.OnActionExecuting | UndefinedAction, C: GetOperationalStatuses, A:Occupancy
2016-05-25 11:03:13.7545 | Debug | Duncan.PEMS.Framework.Controller.PemsController.OnActionExecuting | UndefinedAction Pass execution to action
2016-05-25 11:03:13.7545 | Trace | Duncan.PEMS.Framework.Controller.PemsController.OnActionExecuting | Exit
2016-05-25 11:03:13.9665 | Trace | Duncan.PEMS.Framework.Controller.PemsController.OnActionExecuting | Enter
2016-05-25 11:03:14.2085 | Trace | Duncan.PEMS.Framework.Controller.PemsController.OnActionExecuting | UndefinedAction, C: GetTimeTypes, A:Occupancy
2016-05-25 11:03:14.2085 | Debug | Duncan.PEMS.Framework.Controller.PemsController.OnActionExecuting | UndefinedAction Pass execution to action
2016-05-25 11:03:14.2085 | Trace | Duncan.PEMS.Framework.Controller.PemsController.OnActionExecuting | Exit
2016-05-25 11:03:14.4655 | Trace | Duncan.PEMS.Framework.Controller.PemsController.OnActionExecuting | Enter
2016-05-25 11:03:14.6555 | Trace | Duncan.PEMS.Framework.Controller.PemsController.OnActionExecuting | UndefinedAction, C: GetOccupancyStatuses, A:Occupancy
2016-05-25 11:03:14.6555 | Debug | Duncan.PEMS.Framework.Controller.PemsController.OnActionExecuting | UndefinedAction Pass execution to action
2016-05-25 11:03:14.6555 | Trace | Duncan.PEMS.Framework.Controller.PemsController.OnActionExecuting | Exit
2016-05-25 11:03:14.7725 | Trace | Duncan.PEMS.Framework.Controller.PemsController.OnActionExecuting | Enter
2016-05-25 11:03:14.9405 | Trace | Duncan.PEMS.Framework.Controller.PemsController.OnActionExecuting | UndefinedAction, C: GetFilterValues, A:Transactions
2016-05-25 11:03:14.9405 | Debug | Duncan.PEMS.Framework.Controller.PemsController.OnActionExecuting | UndefinedAction Pass execution to action
2016-05-25 11:03:14.9405 | Trace | Duncan.PEMS.Framework.Controller.PemsController.OnActionExecuting | Exit
2016-05-25 11:03:17.0096 | Trace | Duncan.PEMS.Framework.Controller.PemsController.OnActionExecuting | Enter
2016-05-25 11:03:17.3057 | Trace | Duncan.PEMS.Framework.Controller.PemsController.OnActionExecuting | UndefinedAction, C: GetAssetTypes, A:Occupancy
2016-05-25 11:03:17.3057 | Debug | Duncan.PEMS.Framework.Controller.PemsController.OnActionExecuting | UndefinedAction Pass execution to action
2016-05-25 11:03:17.3057 | Trace | Duncan.PEMS.Framework.Controller.PemsController.OnActionExecuting | Exit
2016-05-25 11:03:17.5097 | Trace | Duncan.PEMS.Framework.Controller.PemsController.OnActionExecuting | Enter
2016-05-25 11:03:17.7227 | Trace | Duncan.PEMS.Framework.Controller.PemsController.OnActionExecuting | UndefinedAction, C: GetAssetTypes, A:Occupancy
2016-05-25 11:03:17.7227 | Debug | Duncan.PEMS.Framework.Controller.PemsController.OnActionExecuting | UndefinedAction Pass execution to action
2016-05-25 11:03:17.7227 | Trace | Duncan.PEMS.Framework.Controller.PemsController.OnActionExecuting | Exit
2016-05-25 11:03:18.8277 | Trace | Duncan.PEMS.Framework.Controller.PemsController.OnActionExecuting | Enter
2016-05-25 11:03:19.1208 | Trace | Duncan.PEMS.Framework.Controller.PemsController.OnActionExecuting | UndefinedAction, C: SensorIndex, A:Transactions
2016-05-25 11:03:19.1208 | Debug | Duncan.PEMS.Framework.Controller.PemsController.OnActionExecuting | UndefinedAction Pass execution to action
2016-05-25 11:03:19.1208 | Trace | Duncan.PEMS.Framework.Controller.PemsController.OnActionExecuting | Exit
2016-05-25 11:03:26.9182 | Trace | Duncan.PEMS.Framework.Controller.PemsController.OnActionExecuting | Enter
2016-05-25 11:03:27.2192 | Trace | Duncan.PEMS.Framework.Controller.PemsController.OnActionExecuting | UndefinedAction, C: GetSensorFilterValues, A:Transactions
2016-05-25 11:03:27.2192 | Debug | Duncan.PEMS.Framework.Controller.PemsController.OnActionExecuting | UndefinedAction Pass execution to action
2016-05-25 11:03:27.2192 | Trace | Duncan.PEMS.Framework.Controller.PemsController.OnActionExecuting | Exit
2016-05-25 11:03:40.5410 | Trace | Duncan.PEMS.Framework.Controller.PemsController.OnActionExecuting | Enter
2016-05-25 11:03:40.7930 | Trace | Duncan.PEMS.Framework.Controller.PemsController.OnActionExecuting | UndefinedAction, C: SensorIndex, A:Transactions
2016-05-25 11:03:40.7930 | Debug | Duncan.PEMS.Framework.Controller.PemsController.OnActionExecuting | UndefinedAction Pass execution to action
2016-05-25 11:03:40.7930 | Trace | Duncan.PEMS.Framework.Controller.PemsController.OnActionExecuting | Exit
2016-05-25 11:03:45.6593 | Trace | Duncan.PEMS.Framework.Controller.PemsController.OnActionExecuting | Enter
2016-05-25 11:03:45.9793 | Trace | Duncan.PEMS.Framework.Controller.PemsController.OnActionExecuting | UndefinedAction, C: GetSensorFilterValues, A:Transactions
2016-05-25 11:03:45.9793 | Debug | Duncan.PEMS.Framework.Controller.PemsController.OnActionExecuting | UndefinedAction Pass execution to action
2016-05-25 11:03:45.9793 | Trace | Duncan.PEMS.Framework.Controller.PemsController.OnActionExecuting | Exit
2016-05-25 11:03:51.8246 | Trace | Duncan.PEMS.Framework.Controller.PemsController.OnActionExecuting | Enter
2016-05-25 11:03:51.8286 | Trace | Duncan.PEMS.Framework.Controller.PemsController.OnActionExecuting | UndefinedAjax, C: GetGridData, A:Transactions
2016-05-25 11:03:51.8286 | Debug | Duncan.PEMS.Framework.Controller.PemsController.OnActionExecuting | UndefinedAjax Pass execution to action
2016-05-25 11:03:51.8286 | Trace | Duncan.PEMS.Framework.Controller.PemsController.OnActionExecuting | Exit
2016-05-25 11:03:52.1157 | Trace | Duncan.PEMS.Framework.Controller.PemsController.OnActionExecuting | Enter
2016-05-25 11:03:52.4747 | Trace | Duncan.PEMS.Framework.Controller.PemsController.OnActionExecuting | UndefinedAction, C: GetSensorTransactions, A:Transactions
2016-05-25 11:03:52.4747 | Debug | Duncan.PEMS.Framework.Controller.PemsController.OnActionExecuting | UndefinedAction Pass execution to action
2016-05-25 11:03:52.4747 | Trace | Duncan.PEMS.Framework.Controller.PemsController.OnActionExecuting | Exit
2016-05-25 11:04:31.4699 | Trace | Duncan.PEMS.Framework.Controller.PemsController.OnActionExecuting | Enter
2016-05-25 11:04:31.7259 | Trace | Duncan.PEMS.Framework.Controller.PemsController.OnActionExecuting | UndefinedAction, C: SensorIndex, A:Transactions
2016-05-25 11:04:31.7259 | Debug | Duncan.PEMS.Framework.Controller.PemsController.OnActionExecuting | UndefinedAction Pass execution to action
2016-05-25 11:04:31.7259 | Trace | Duncan.PEMS.Framework.Controller.PemsController.OnActionExecuting | Exit
2016-05-25 11:05:01.9506 | Trace | Duncan.PEMS.Framework.Controller.PemsController.OnActionExecuting | Enter
2016-05-25 11:05:02.2647 | Trace | Duncan.PEMS.Framework.Controller.PemsController.OnActionExecuting | UndefinedAction, C: GetSensorFilterValues, A:Transactions
2016-05-25 11:05:02.2647 | Debug | Duncan.PEMS.Framework.Controller.PemsController.OnActionExecuting | UndefinedAction Pass execution to action
2016-05-25 11:05:02.2647 | Trace | Duncan.PEMS.Framework.Controller.PemsController.OnActionExecuting | Exit
2016-05-25 11:10:52.5617 | Trace | Duncan.PEMS.Framework.Controller.PemsController.OnActionExecuting | Enter
2016-05-25 11:10:53.0327 | Trace | Duncan.PEMS.Framework.Controller.PemsController.OnActionExecuting | UndefinedAjax, C: Index, A:Home
2016-05-25 11:10:53.0327 | Debug | Duncan.PEMS.Framework.Controller.PemsController.OnActionExecuting | UndefinedAjax Pass execution to action
2016-05-25 11:10:53.0327 | Trace | Duncan.PEMS.Framework.Controller.PemsController.OnActionExecuting | Exit
2016-05-25 15:41:02.8272 | Trace | Duncan.PEMS.Framework.Controller.PemsController.OnActionExecuting | Enter
2016-05-25 15:41:03.2833 | Trace | Duncan.PEMS.Framework.Controller.PemsController.OnActionExecuting | Allowed, C: Index, A:Home
2016-05-25 15:41:03.2863 | Debug | Duncan.PEMS.Framework.Controller.PemsController.OnActionExecuting | Allowed Pass execution to action
2016-05-25 15:41:03.2863 | Trace | Duncan.PEMS.Framework.Controller.PemsController.OnActionExecuting | Exit
2016-05-25 15:42:07.7899 | Trace | Duncan.PEMS.Framework.Controller.PemsController.OnActionExecuting | Enter
2016-05-25 15:42:08.5410 | Trace | Duncan.PEMS.Framework.Controller.PemsController.OnActionExecuting | UndefinedAction, C: GetAssetTypes_HomePage, A:GIS
2016-05-25 15:42:08.5410 | Debug | Duncan.PEMS.Framework.Controller.PemsController.OnActionExecuting | UndefinedAction Pass execution to action
2016-05-25 15:42:08.5410 | Trace | Duncan.PEMS.Framework.Controller.PemsController.OnActionExecuting | Exit
2016-05-25 15:42:09.0540 | Trace | Duncan.PEMS.Framework.Controller.PemsController.OnActionExecuting | Enter
2016-05-25 15:42:09.5360 | Trace | Duncan.PEMS.Framework.Controller.PemsController.OnActionExecuting | UndefinedAction, C: GetOccupancyForMobile, A:GIS
2016-05-25 15:42:09.5360 | Debug | Duncan.PEMS.Framework.Controller.PemsController.OnActionExecuting | UndefinedAction Pass execution to action
2016-05-25 15:42:09.5360 | Trace | Duncan.PEMS.Framework.Controller.PemsController.OnActionExecuting | Exit
2016-05-25 15:42:09.8841 | Trace | Duncan.PEMS.Framework.Controller.PemsController.OnActionExecuting | Enter
2016-05-25 15:42:10.2261 | Trace | Duncan.PEMS.Framework.Controller.PemsController.OnActionExecuting | UndefinedAction, C: GetBatteryRep, A:Home
2016-05-25 15:42:10.2261 | Debug | Duncan.PEMS.Framework.Controller.PemsController.OnActionExecuting | UndefinedAction Pass execution to action
2016-05-25 15:42:10.2261 | Trace | Duncan.PEMS.Framework.Controller.PemsController.OnActionExecuting | Exit
2016-05-25 15:42:11.4142 | Trace | Duncan.PEMS.Framework.Controller.PemsController.OnActionExecuting | Enter
2016-05-25 15:42:11.6492 | Trace | Duncan.PEMS.Framework.Controller.PemsController.OnActionExecuting | UndefinedAction, C: GetChangeBatteryRep, A:Home
2016-05-25 15:42:11.6492 | Debug | Duncan.PEMS.Framework.Controller.PemsController.OnActionExecuting | UndefinedAction Pass execution to action
2016-05-25 15:42:11.6492 | Trace | Duncan.PEMS.Framework.Controller.PemsController.OnActionExecuting | Exit
2016-05-25 15:42:11.9272 | Trace | Duncan.PEMS.Framework.Controller.PemsController.OnActionExecuting | Enter
2016-05-25 15:42:12.1762 | Trace | Duncan.PEMS.Framework.Controller.PemsController.OnActionExecuting | UndefinedAction, C: GetPaymentRep, A:Home
2016-05-25 15:42:12.1762 | Debug | Duncan.PEMS.Framework.Controller.PemsController.OnActionExecuting | UndefinedAction Pass execution to action
2016-05-25 15:42:12.1762 | Trace | Duncan.PEMS.Framework.Controller.PemsController.OnActionExecuting | Exit
2016-05-25 15:42:12.4282 | Trace | Duncan.PEMS.Framework.Controller.PemsController.OnActionExecuting | Enter
2016-05-25 15:42:12.6282 | Trace | Duncan.PEMS.Framework.Controller.PemsController.OnActionExecuting | UndefinedAction, C: GetEnforceableSpaceRep, A:Home
2016-05-25 15:42:12.6282 | Debug | Duncan.PEMS.Framework.Controller.PemsController.OnActionExecuting | UndefinedAction Pass execution to action
2016-05-25 15:42:12.6282 | Trace | Duncan.PEMS.Framework.Controller.PemsController.OnActionExecuting | Exit
2016-05-25 15:42:12.9412 | Trace | Duncan.PEMS.Framework.Controller.PemsController.OnActionExecuting | Enter
2016-05-25 15:42:12.9932 | Trace | Duncan.PEMS.Framework.Controller.PemsController.OnActionExecuting | UndefinedAction, C: GetSpacestatusSensorRep, A:Home
2016-05-25 15:42:12.9932 | Debug | Duncan.PEMS.Framework.Controller.PemsController.OnActionExecuting | UndefinedAction Pass execution to action
2016-05-25 15:42:12.9932 | Trace | Duncan.PEMS.Framework.Controller.PemsController.OnActionExecuting | Exit
2016-05-25 16:33:58.9529 | Trace | Duncan.PEMS.Framework.Controller.PemsController.OnActionExecuting | Enter
2016-05-25 16:33:59.0049 | Trace | Duncan.PEMS.Framework.Controller.PemsController.OnActionExecuting | Exit
2016-05-25 17:50:57.1410 | Trace | Duncan.PEMS.Framework.Controller.PemsController.OnActionExecuting | Enter
2016-05-25 17:50:57.3131 | Trace | Duncan.PEMS.Framework.Controller.PemsController.OnActionExecuting | Allowed, C: Index, A:Home
2016-05-25 17:50:57.3141 | Debug | Duncan.PEMS.Framework.Controller.PemsController.OnActionExecuting | Allowed Pass execution to action
2016-05-25 17:50:57.3141 | Trace | Duncan.PEMS.Framework.Controller.PemsController.OnActionExecuting | Exit
2016-05-25 17:52:17.0936 | Trace | Duncan.PEMS.Framework.Controller.PemsController.OnActionExecuting | Enter
2016-05-25 17:52:17.4646 | Trace | Duncan.PEMS.Framework.Controller.PemsController.OnActionExecuting | UndefinedAction, C: GetAssetTypes_HomePage, A:GIS
2016-05-25 17:52:17.4646 | Debug | Duncan.PEMS.Framework.Controller.PemsController.OnActionExecuting | UndefinedAction Pass execution to action
2016-05-25 17:52:17.4646 | Trace | Duncan.PEMS.Framework.Controller.PemsController.OnActionExecuting | Exit
2016-05-25 17:52:17.6556 | Trace | Duncan.PEMS.Framework.Controller.PemsController.OnActionExecuting | Enter
2016-05-25 17:52:17.8817 | Trace | Duncan.PEMS.Framework.Controller.PemsController.OnActionExecuting | UndefinedAction, C: GetBatteryRep, A:Home
2016-05-25 17:52:17.8817 | Debug | Duncan.PEMS.Framework.Controller.PemsController.OnActionExecuting | UndefinedAction Pass execution to action
2016-05-25 17:52:17.8817 | Trace | Duncan.PEMS.Framework.Controller.PemsController.OnActionExecuting | Exit
2016-05-25 17:52:18.0247 | Trace | Duncan.PEMS.Framework.Controller.PemsController.OnActionExecuting | Enter
2016-05-25 17:52:18.2307 | Trace | Duncan.PEMS.Framework.Controller.PemsController.OnActionExecuting | UndefinedAction, C: GetOccupancyForMobile, A:GIS
2016-05-25 17:52:18.2317 | Debug | Duncan.PEMS.Framework.Controller.PemsController.OnActionExecuting | UndefinedAction Pass execution to action
2016-05-25 17:52:18.2317 | Trace | Duncan.PEMS.Framework.Controller.PemsController.OnActionExecuting | Exit
2016-05-25 17:52:18.6067 | Trace | Duncan.PEMS.Framework.Controller.PemsController.OnActionExecuting | Enter
2016-05-25 17:52:18.9147 | Trace | Duncan.PEMS.Framework.Controller.PemsController.OnActionExecuting | UndefinedAction, C: GetChangeBatteryRep, A:Home
2016-05-25 17:52:18.9147 | Debug | Duncan.PEMS.Framework.Controller.PemsController.OnActionExecuting | UndefinedAction Pass execution to action
2016-05-25 17:52:18.9147 | Trace | Duncan.PEMS.Framework.Controller.PemsController.OnActionExecuting | Exit
2016-05-25 17:52:19.1077 | Trace | Duncan.PEMS.Framework.Controller.PemsController.OnActionExecuting | Enter
2016-05-25 17:52:19.3497 | Trace | Duncan.PEMS.Framework.Controller.PemsController.OnActionExecuting | UndefinedAction, C: GetSpacestatusSensorRep, A:Home
2016-05-25 17:52:19.3497 | Debug | Duncan.PEMS.Framework.Controller.PemsController.OnActionExecuting | UndefinedAction Pass execution to action
2016-05-25 17:52:19.3497 | Trace | Duncan.PEMS.Framework.Controller.PemsController.OnActionExecuting | Exit
2016-05-25 17:52:19.6838 | Trace | Duncan.PEMS.Framework.Controller.PemsController.OnActionExecuting | Enter
2016-05-25 17:52:19.9588 | Trace | Duncan.PEMS.Framework.Controller.PemsController.OnActionExecuting | UndefinedAction, C: GetEnforceableSpaceRep, A:Home
2016-05-25 17:52:19.9588 | Debug | Duncan.PEMS.Framework.Controller.PemsController.OnActionExecuting | UndefinedAction Pass execution to action
2016-05-25 17:52:19.9588 | Trace | Duncan.PEMS.Framework.Controller.PemsController.OnActionExecuting | Exit
2016-05-25 17:52:20.7748 | Trace | Duncan.PEMS.Framework.Controller.PemsController.OnActionExecuting | Enter
2016-05-25 17:52:21.0308 | Trace | Duncan.PEMS.Framework.Controller.PemsController.OnActionExecuting | UndefinedAction, C: GetPaymentRep, A:Home
2016-05-25 17:52:21.0308 | Debug | Duncan.PEMS.Framework.Controller.PemsController.OnActionExecuting | UndefinedAction Pass execution to action
2016-05-25 17:52:21.0308 | Trace | Duncan.PEMS.Framework.Controller.PemsController.OnActionExecuting | Exit
2016-05-25 17:52:21.5269 | Trace | Duncan.PEMS.Framework.Controller.PemsController.OnActionExecuting | Enter
2016-05-25 17:52:21.7109 | Trace | Duncan.PEMS.Framework.Controller.PemsController.OnActionExecuting | Allowed, C: Index, A:Transactions
2016-05-25 17:52:21.7109 | Debug | Duncan.PEMS.Framework.Controller.PemsController.OnActionExecuting | Allowed Pass execution to action
2016-05-25 17:52:21.7109 | Trace | Duncan.PEMS.Framework.Controller.PemsController.OnActionExecuting | Exit
2016-05-25 17:52:27.8842 | Trace | Duncan.PEMS.Framework.Controller.PemsController.OnActionExecuting | Enter
2016-05-25 17:52:28.2022 | Trace | Duncan.PEMS.Framework.Controller.PemsController.OnActionExecuting | UndefinedAction, C: GetFilterValues, A:Transactions
2016-05-25 17:52:28.2022 | Debug | Duncan.PEMS.Framework.Controller.PemsController.OnActionExecuting | UndefinedAction Pass execution to action
2016-05-25 17:52:28.2022 | Trace | Duncan.PEMS.Framework.Controller.PemsController.OnActionExecuting | Exit
2016-05-25 17:52:37.2858 | Trace | Duncan.PEMS.Framework.Controller.PemsController.OnActionExecuting | Enter
2016-05-25 17:52:37.4938 | Trace | Duncan.PEMS.Framework.Controller.PemsController.OnActionExecuting | UndefinedAction, C: SensorIndex, A:Transactions
2016-05-25 17:52:37.4938 | Debug | Duncan.PEMS.Framework.Controller.PemsController.OnActionExecuting | UndefinedAction Pass execution to action
2016-05-25 17:52:37.4938 | Trace | Duncan.PEMS.Framework.Controller.PemsController.OnActionExecuting | Exit
2016-05-25 17:52:39.5789 | Trace | Duncan.PEMS.Framework.Controller.PemsController.OnActionExecuting | Enter
2016-05-25 17:52:39.8529 | Trace | Duncan.PEMS.Framework.Controller.PemsController.OnActionExecuting | UndefinedAction, C: GetSensorFilterValues, A:Transactions
2016-05-25 17:52:39.8529 | Debug | Duncan.PEMS.Framework.Controller.PemsController.OnActionExecuting | UndefinedAction Pass execution to action
2016-05-25 17:52:39.8529 | Trace | Duncan.PEMS.Framework.Controller.PemsController.OnActionExecuting | Exit
2016-05-25 17:52:52.2886 | Trace | Duncan.PEMS.Framework.Controller.PemsController.OnActionExecuting | Enter
2016-05-25 17:52:52.2886 | Trace | Duncan.PEMS.Framework.Controller.PemsController.OnActionExecuting | UndefinedAjax, C: GetGridData, A:Transactions
2016-05-25 17:52:52.2886 | Debug | Duncan.PEMS.Framework.Controller.PemsController.OnActionExecuting | UndefinedAjax Pass execution to action
2016-05-25 17:52:52.2886 | Trace | Duncan.PEMS.Framework.Controller.PemsController.OnActionExecuting | Exit
2016-05-25 17:52:52.5906 | Trace | Duncan.PEMS.Framework.Controller.PemsController.OnActionExecuting | Enter
2016-05-25 17:52:52.8327 | Trace | Duncan.PEMS.Framework.Controller.PemsController.OnActionExecuting | UndefinedAction, C: GetSensorTransactions, A:Transactions
2016-05-25 17:52:52.8327 | Debug | Duncan.PEMS.Framework.Controller.PemsController.OnActionExecuting | UndefinedAction Pass execution to action
2016-05-25 17:52:52.8327 | Trace | Duncan.PEMS.Framework.Controller.PemsController.OnActionExecuting | Exit
2016-05-25 17:55:32.4228 | Trace | Duncan.PEMS.Framework.Controller.PemsController.OnActionExecuting | Enter
2016-05-25 17:55:32.4228 | Trace | Duncan.PEMS.Framework.Controller.PemsController.OnActionExecuting | UndefinedAjax, C: GetGridData, A:Transactions
2016-05-25 17:55:32.4228 | Debug | Duncan.PEMS.Framework.Controller.PemsController.OnActionExecuting | UndefinedAjax Pass execution to action
2016-05-25 17:55:32.4228 | Trace | Duncan.PEMS.Framework.Controller.PemsController.OnActionExecuting | Exit
2016-05-25 17:55:32.5348 | Trace | Duncan.PEMS.Framework.Controller.PemsController.OnActionExecuting | Enter
2016-05-25 17:55:32.8238 | Trace | Duncan.PEMS.Framework.Controller.PemsController.OnActionExecuting | UndefinedAction, C: GetSensorTransactions, A:Transactions
2016-05-25 17:55:32.8238 | Debug | Duncan.PEMS.Framework.Controller.PemsController.OnActionExecuting | UndefinedAction Pass execution to action
2016-05-25 17:55:32.8238 | Trace | Duncan.PEMS.Framework.Controller.PemsController.OnActionExecuting | Exit
2016-05-25 18:14:23.2035 | Trace | Duncan.PEMS.Framework.Controller.PemsController.OnActionExecuting | Enter
2016-05-25 18:14:23.3505 | Trace | Duncan.PEMS.Framework.Controller.PemsController.OnActionExecuting | UndefinedAjax, C: GetGridData, A:Transactions
2016-05-25 18:14:23.3505 | Debug | Duncan.PEMS.Framework.Controller.PemsController.OnActionExecuting | UndefinedAjax Pass execution to action
2016-05-25 18:14:23.3505 | Trace | Duncan.PEMS.Framework.Controller.PemsController.OnActionExecuting | Exit
2016-05-25 18:14:24.3335 | Trace | Duncan.PEMS.Framework.Controller.PemsController.OnActionExecuting | Enter
2016-05-25 18:14:24.7716 | Trace | Duncan.PEMS.Framework.Controller.PemsController.OnActionExecuting | Enter
2016-05-25 18:14:29.4618 | Trace | Duncan.PEMS.Framework.Controller.PemsController.OnActionExecuting | Allowed, C: Index, A:Home
2016-05-25 18:14:29.4618 | Debug | Duncan.PEMS.Framework.Controller.PemsController.OnActionExecuting | Allowed Pass execution to action
2016-05-25 18:14:29.4618 | Trace | Duncan.PEMS.Framework.Controller.PemsController.OnActionExecuting | Exit
2016-05-25 18:14:29.7808 | Trace | Duncan.PEMS.Framework.Controller.PemsController.OnActionExecuting | UndefinedAction, C: GetSensorTransactions, A:Transactions
2016-05-25 18:14:29.7808 | Debug | Duncan.PEMS.Framework.Controller.PemsController.OnActionExecuting | UndefinedAction Pass execution to action
2016-05-25 18:14:29.7808 | Trace | Duncan.PEMS.Framework.Controller.PemsController.OnActionExecuting | Exit
2016-05-25 18:16:07.1644 | Trace | Duncan.PEMS.Framework.Controller.PemsController.OnActionExecuting | Enter
2016-05-25 18:16:12.4497 | Trace | Duncan.PEMS.Framework.Controller.PemsController.OnActionExecuting | Allowed, C: Index, A:Home
2016-05-25 18:16:12.4497 | Debug | Duncan.PEMS.Framework.Controller.PemsController.OnActionExecuting | Allowed Pass execution to action
2016-05-25 18:16:12.4497 | Trace | Duncan.PEMS.Framework.Controller.PemsController.OnActionExecuting | Exit
2016-05-25 18:17:31.4752 | Trace | Duncan.PEMS.Framework.Controller.PemsController.OnActionExecuting | Enter
2016-05-25 18:17:31.8323 | Trace | Duncan.PEMS.Framework.Controller.PemsController.OnActionExecuting | UndefinedAction, C: GetBatteryRep, A:Home
2016-05-25 18:17:31.8323 | Debug | Duncan.PEMS.Framework.Controller.PemsController.OnActionExecuting | UndefinedAction Pass execution to action
2016-05-25 18:17:31.8323 | Trace | Duncan.PEMS.Framework.Controller.PemsController.OnActionExecuting | Exit
2016-05-25 18:17:32.1323 | Trace | Duncan.PEMS.Framework.Controller.PemsController.OnActionExecuting | Enter
2016-05-25 18:17:32.4523 | Trace | Duncan.PEMS.Framework.Controller.PemsController.OnActionExecuting | UndefinedAction, C: GetAssetTypes_HomePage, A:GIS
2016-05-25 18:17:32.4523 | Debug | Duncan.PEMS.Framework.Controller.PemsController.OnActionExecuting | UndefinedAction Pass execution to action
2016-05-25 18:17:32.4523 | Trace | Duncan.PEMS.Framework.Controller.PemsController.OnActionExecuting | Exit
2016-05-25 18:17:33.0173 | Trace | Duncan.PEMS.Framework.Controller.PemsController.OnActionExecuting | Enter
2016-05-25 18:17:33.2913 | Trace | Duncan.PEMS.Framework.Controller.PemsController.OnActionExecuting | UndefinedAction, C: GetPaymentRep, A:Home
2016-05-25 18:17:33.2913 | Debug | Duncan.PEMS.Framework.Controller.PemsController.OnActionExecuting | UndefinedAction Pass execution to action
2016-05-25 18:17:33.2913 | Trace | Duncan.PEMS.Framework.Controller.PemsController.OnActionExecuting | Exit
2016-05-25 18:17:33.5173 | Trace | Duncan.PEMS.Framework.Controller.PemsController.OnActionExecuting | Enter
2016-05-25 18:17:33.7074 | Trace | Duncan.PEMS.Framework.Controller.PemsController.OnActionExecuting | UndefinedAction, C: GetChangeBatteryRep, A:Home
2016-05-25 18:17:33.7074 | Debug | Duncan.PEMS.Framework.Controller.PemsController.OnActionExecuting | UndefinedAction Pass execution to action
2016-05-25 18:17:33.7074 | Trace | Duncan.PEMS.Framework.Controller.PemsController.OnActionExecuting | Exit
2016-05-25 18:17:34.0304 | Trace | Duncan.PEMS.Framework.Controller.PemsController.OnActionExecuting | Enter
2016-05-25 18:17:34.2594 | Trace | Duncan.PEMS.Framework.Controller.PemsController.OnActionExecuting | UndefinedAction, C: GetSpacestatusSensorRep, A:Home
2016-05-25 18:17:34.2594 | Debug | Duncan.PEMS.Framework.Controller.PemsController.OnActionExecuting | UndefinedAction Pass execution to action
2016-05-25 18:17:34.2594 | Trace | Duncan.PEMS.Framework.Controller.PemsController.OnActionExecuting | Exit
2016-05-25 18:17:34.6084 | Trace | Duncan.PEMS.Framework.Controller.PemsController.OnActionExecuting | Enter
2016-05-25 18:17:34.8664 | Trace | Duncan.PEMS.Framework.Controller.PemsController.OnActionExecuting | UndefinedAction, C: GetEnforceableSpaceRep, A:Home
2016-05-25 18:17:34.8664 | Debug | Duncan.PEMS.Framework.Controller.PemsController.OnActionExecuting | UndefinedAction Pass execution to action
2016-05-25 18:17:34.8664 | Trace | Duncan.PEMS.Framework.Controller.PemsController.OnActionExecuting | Exit
2016-05-25 18:17:35.2344 | Trace | Duncan.PEMS.Framework.Controller.PemsController.OnActionExecuting | Enter
2016-05-25 18:17:35.5265 | Trace | Duncan.PEMS.Framework.Controller.PemsController.OnActionExecuting | UndefinedAction, C: GetOccupancyForMobile, A:GIS
2016-05-25 18:17:35.5265 | Debug | Duncan.PEMS.Framework.Controller.PemsController.OnActionExecuting | UndefinedAction Pass execution to action
2016-05-25 18:17:35.5265 | Trace | Duncan.PEMS.Framework.Controller.PemsController.OnActionExecuting | Exit
2016-05-25 18:17:42.5969 | Trace | Duncan.PEMS.Framework.Controller.PemsController.OnActionExecuting | Enter
2016-05-25 18:17:42.5969 | Trace | Duncan.PEMS.Framework.Controller.PemsController.OnActionExecuting | UndefinedAjax, C: GetGridData, A:Transactions
2016-05-25 18:17:42.5969 | Debug | Duncan.PEMS.Framework.Controller.PemsController.OnActionExecuting | UndefinedAjax Pass execution to action
2016-05-25 18:17:42.5969 | Trace | Duncan.PEMS.Framework.Controller.PemsController.OnActionExecuting | Exit
2016-05-25 18:17:42.9269 | Trace | Duncan.PEMS.Framework.Controller.PemsController.OnActionExecuting | Enter
2016-05-25 18:17:43.2299 | Trace | Duncan.PEMS.Framework.Controller.PemsController.OnActionExecuting | UndefinedAction, C: GetSensorTransactions, A:Transactions
2016-05-25 18:17:43.2299 | Debug | Duncan.PEMS.Framework.Controller.PemsController.OnActionExecuting | UndefinedAction Pass execution to action
2016-05-25 18:17:43.2299 | Trace | Duncan.PEMS.Framework.Controller.PemsController.OnActionExecuting | Exit
2016-05-25 18:17:59.1218 | Trace | Duncan.PEMS.Framework.Controller.PemsController.OnActionExecuting | Enter
2016-05-25 18:17:59.1218 | Trace | Duncan.PEMS.Framework.Controller.PemsController.OnActionExecuting | UndefinedAjax, C: GetGridData, A:Transactions
2016-05-25 18:17:59.1218 | Debug | Duncan.PEMS.Framework.Controller.PemsController.OnActionExecuting | UndefinedAjax Pass execution to action
2016-05-25 18:17:59.1218 | Trace | Duncan.PEMS.Framework.Controller.PemsController.OnActionExecuting | Exit
2016-05-25 18:17:59.1828 | Trace | Duncan.PEMS.Framework.Controller.PemsController.OnActionExecuting | Enter
2016-05-25 18:17:59.5748 | Trace | Duncan.PEMS.Framework.Controller.PemsController.OnActionExecuting | UndefinedAction, C: GetSensorTransactions, A:Transactions
2016-05-25 18:17:59.5748 | Debug | Duncan.PEMS.Framework.Controller.PemsController.OnActionExecuting | UndefinedAction Pass execution to action
2016-05-25 18:17:59.5748 | Trace | Duncan.PEMS.Framework.Controller.PemsController.OnActionExecuting | Exit
2016-05-25 18:18:08.4603 | Trace | Duncan.PEMS.Framework.Controller.PemsController.OnActionExecuting | Enter
2016-05-25 18:18:08.4603 | Trace | Duncan.PEMS.Framework.Controller.PemsController.OnActionExecuting | UndefinedAjax, C: GetGridData, A:Transactions
2016-05-25 18:18:08.4603 | Debug | Duncan.PEMS.Framework.Controller.PemsController.OnActionExecuting | UndefinedAjax Pass execution to action
2016-05-25 18:18:08.4603 | Trace | Duncan.PEMS.Framework.Controller.PemsController.OnActionExecuting | Exit
2016-05-25 18:18:08.5274 | Trace | Duncan.PEMS.Framework.Controller.PemsController.OnActionExecuting | Enter
2016-05-25 18:18:08.8334 | Trace | Duncan.PEMS.Framework.Controller.PemsController.OnActionExecuting | UndefinedAction, C: GetSensorTransactions, A:Transactions
2016-05-25 18:18:08.8344 | Debug | Duncan.PEMS.Framework.Controller.PemsController.OnActionExecuting | UndefinedAction Pass execution to action
2016-05-25 18:18:08.8344 | Trace | Duncan.PEMS.Framework.Controller.PemsController.OnActionExecuting | Exit
2016-05-25 18:18:14.6207 | Trace | Duncan.PEMS.Framework.Controller.PemsController.OnActionExecuting | Enter
2016-05-25 18:18:14.6207 | Trace | Duncan.PEMS.Framework.Controller.PemsController.OnActionExecuting | UndefinedAjax, C: GetGridData, A:Transactions
2016-05-25 18:18:14.6227 | Debug | Duncan.PEMS.Framework.Controller.PemsController.OnActionExecuting | UndefinedAjax Pass execution to action
2016-05-25 18:18:14.6227 | Trace | Duncan.PEMS.Framework.Controller.PemsController.OnActionExecuting | Exit
2016-05-25 18:18:14.6727 | Trace | Duncan.PEMS.Framework.Controller.PemsController.OnActionExecuting | Enter
2016-05-25 18:18:14.9887 | Trace | Duncan.PEMS.Framework.Controller.PemsController.OnActionExecuting | UndefinedAction, C: GetSensorTransactions, A:Transactions
2016-05-25 18:18:14.9887 | Debug | Duncan.PEMS.Framework.Controller.PemsController.OnActionExecuting | UndefinedAction Pass execution to action
2016-05-25 18:18:14.9887 | Trace | Duncan.PEMS.Framework.Controller.PemsController.OnActionExecuting | Exit
2016-05-25 18:18:26.3874 | Trace | Duncan.PEMS.Framework.Controller.PemsController.OnActionExecuting | Enter
2016-05-25 18:18:26.3874 | Trace | Duncan.PEMS.Framework.Controller.PemsController.OnActionExecuting | UndefinedAjax, C: GetGridData, A:Transactions
2016-05-25 18:18:26.3874 | Debug | Duncan.PEMS.Framework.Controller.PemsController.OnActionExecuting | UndefinedAjax Pass execution to action
2016-05-25 18:18:26.3874 | Trace | Duncan.PEMS.Framework.Controller.PemsController.OnActionExecuting | Exit
2016-05-25 18:18:26.4574 | Trace | Duncan.PEMS.Framework.Controller.PemsController.OnActionExecuting | Enter
2016-05-25 18:18:26.7564 | Trace | Duncan.PEMS.Framework.Controller.PemsController.OnActionExecuting | UndefinedAction, C: GetSensorTransactions, A:Transactions
2016-05-25 18:18:26.7564 | Debug | Duncan.PEMS.Framework.Controller.PemsController.OnActionExecuting | UndefinedAction Pass execution to action
2016-05-25 18:18:26.7564 | Trace | Duncan.PEMS.Framework.Controller.PemsController.OnActionExecuting | Exit
2016-05-25 18:19:20.5785 | Trace | Duncan.PEMS.Framework.Controller.PemsController.OnActionExecuting | Enter
2016-05-25 18:19:20.5805 | Trace | Duncan.PEMS.Framework.Controller.PemsController.OnActionExecuting | UndefinedAjax, C: GetGridData, A:Transactions
2016-05-25 18:19:20.5805 | Debug | Duncan.PEMS.Framework.Controller.PemsController.OnActionExecuting | UndefinedAjax Pass execution to action
2016-05-25 18:19:20.5805 | Trace | Duncan.PEMS.Framework.Controller.PemsController.OnActionExecuting | Exit
2016-05-25 18:19:20.6325 | Trace | Duncan.PEMS.Framework.Controller.PemsController.OnActionExecuting | Enter
2016-05-25 18:19:20.7195 | Trace | Duncan.PEMS.Framework.Controller.PemsController.OnActionExecuting | UndefinedAction, C: GetSensorTransactions, A:Transactions
2016-05-25 18:19:20.7195 | Debug | Duncan.PEMS.Framework.Controller.PemsController.OnActionExecuting | UndefinedAction Pass execution to action
2016-05-25 18:19:20.7195 | Trace | Duncan.PEMS.Framework.Controller.PemsController.OnActionExecuting | Exit
2016-05-25 18:49:16.4852 | Trace | Duncan.PEMS.Framework.Controller.PemsController.OnActionExecuting | Enter
2016-05-25 18:49:16.4992 | Trace | Duncan.PEMS.Framework.Controller.PemsController.OnActionExecuting | Exit
