2016-01-25 10:00:06.1489 | Trace | Duncan.PEMS.Framework.Controller.PemsController.OnActionExecuting | Enter
2016-01-25 10:00:12.9993 | Trace | Duncan.PEMS.Framework.Controller.PemsController.OnActionExecuting | Allowed, C: Index, A:Home
2016-01-25 10:00:12.9993 | Debug | Duncan.PEMS.Framework.Controller.PemsController.OnActionExecuting | Allowed Pass execution to action
2016-01-25 10:00:12.9993 | Trace | Duncan.PEMS.Framework.Controller.PemsController.OnActionExecuting | Exit
2016-01-25 10:01:20.3082 | Trace | Duncan.PEMS.Framework.Controller.PemsController.OnActionExecuting | Enter
2016-01-25 10:01:20.3762 | Trace | Duncan.PEMS.Framework.Controller.PemsController.OnActionExecuting | DeniedNoCity, C: GetBatteryRep, A:Home
2016-01-25 10:01:20.3762 | Debug | Duncan.PEMS.Framework.Controller.PemsController.OnActionExecuting | DeniedNoCity Send to landing page
2016-01-25 10:01:20.3762 | Trace | Duncan.PEMS.Framework.Controller.PemsController.OnActionExecuting | Exit
2016-01-25 10:01:20.8352 | Trace | Duncan.PEMS.Framework.Controller.PemsController.OnActionExecuting | Enter
2016-01-25 10:01:20.8682 | Trace | Duncan.PEMS.Framework.Controller.PemsController.OnActionExecuting | DeniedNoCity, C: GetChangeBatteryRep, A:Home
2016-01-25 10:01:20.8682 | Debug | Duncan.PEMS.Framework.Controller.PemsController.OnActionExecuting | DeniedNoCity Send to landing page
2016-01-25 10:01:20.8682 | Trace | Duncan.PEMS.Framework.Controller.PemsController.OnActionExecuting | Exit
2016-01-25 10:01:21.3732 | Trace | Duncan.PEMS.Framework.Controller.PemsController.OnActionExecuting | Enter
2016-01-25 10:01:21.4152 | Trace | Duncan.PEMS.Framework.Controller.PemsController.OnActionExecuting | DeniedNoCity, C: GetEnforceableSpaceRep, A:Home
2016-01-25 10:01:21.4152 | Debug | Duncan.PEMS.Framework.Controller.PemsController.OnActionExecuting | DeniedNoCity Send to landing page
2016-01-25 10:01:21.4152 | Trace | Duncan.PEMS.Framework.Controller.PemsController.OnActionExecuting | Exit
2016-01-25 10:01:21.9003 | Trace | Duncan.PEMS.Framework.Controller.PemsController.OnActionExecuting | Enter
2016-01-25 10:01:21.9373 | Trace | Duncan.PEMS.Framework.Controller.PemsController.OnActionExecuting | DeniedNoCity, C: GetAssetTypes_HomePage, A:GIS
2016-01-25 10:01:21.9373 | Debug | Duncan.PEMS.Framework.Controller.PemsController.OnActionExecuting | DeniedNoCity Send to landing page
2016-01-25 10:01:21.9373 | Trace | Duncan.PEMS.Framework.Controller.PemsController.OnActionExecuting | Exit
2016-01-25 10:01:22.3803 | Trace | Duncan.PEMS.Framework.Controller.PemsController.OnActionExecuting | Enter
2016-01-25 10:01:22.4123 | Trace | Duncan.PEMS.Framework.Controller.PemsController.OnActionExecuting | DeniedNoCity, C: GetSpacestatusSensorRep, A:Home
2016-01-25 10:01:22.4123 | Debug | Duncan.PEMS.Framework.Controller.PemsController.OnActionExecuting | DeniedNoCity Send to landing page
2016-01-25 10:01:22.4123 | Trace | Duncan.PEMS.Framework.Controller.PemsController.OnActionExecuting | Exit
2016-01-25 10:01:22.8813 | Trace | Duncan.PEMS.Framework.Controller.PemsController.OnActionExecuting | Enter
2016-01-25 10:01:22.9013 | Trace | Duncan.PEMS.Framework.Controller.PemsController.OnActionExecuting | DeniedNoCity, C: GetSensorCommRep, A:Home
2016-01-25 10:01:22.9013 | Debug | Duncan.PEMS.Framework.Controller.PemsController.OnActionExecuting | DeniedNoCity Send to landing page
2016-01-25 10:01:22.9013 | Trace | Duncan.PEMS.Framework.Controller.PemsController.OnActionExecuting | Exit
2016-01-25 10:01:32.0518 | Trace | Duncan.PEMS.Framework.Controller.PemsController.OnActionExecuting | Enter
2016-01-25 10:01:32.0678 | Trace | Duncan.PEMS.Framework.Controller.PemsController.OnActionExecuting | DeniedNoCity, C: GetNoMeterCommRep, A:Home
2016-01-25 10:01:32.0678 | Debug | Duncan.PEMS.Framework.Controller.PemsController.OnActionExecuting | DeniedNoCity Send to landing page
2016-01-25 10:01:32.0678 | Trace | Duncan.PEMS.Framework.Controller.PemsController.OnActionExecuting | Exit
2016-01-25 10:03:08.3723 | Trace | Duncan.PEMS.Framework.Controller.PemsController.OnActionExecuting | Enter
2016-01-25 10:03:08.4553 | Trace | Duncan.PEMS.Framework.Controller.PemsController.OnActionExecuting | DeniedNoCity, C: RevenueAuditSummary, A:Transactions
2016-01-25 10:03:08.4553 | Debug | Duncan.PEMS.Framework.Controller.PemsController.OnActionExecuting | DeniedNoCity Send to landing page
2016-01-25 10:03:08.4553 | Trace | Duncan.PEMS.Framework.Controller.PemsController.OnActionExecuting | Exit
2016-01-25 10:03:21.1921 | Trace | Duncan.PEMS.Framework.Controller.PemsController.OnActionExecuting | Enter
2016-01-25 10:03:21.2491 | Trace | Duncan.PEMS.Framework.Controller.PemsController.OnActionExecuting | Allowed, C: Index, A:Home
2016-01-25 10:03:21.2491 | Debug | Duncan.PEMS.Framework.Controller.PemsController.OnActionExecuting | Allowed Pass execution to action
2016-01-25 10:03:21.2491 | Trace | Duncan.PEMS.Framework.Controller.PemsController.OnActionExecuting | Exit
2016-01-25 10:03:24.0622 | Trace | Duncan.PEMS.Framework.Controller.PemsController.OnActionExecuting | Enter
2016-01-25 10:03:24.4023 | Trace | Duncan.PEMS.Framework.Controller.PemsController.OnActionExecuting | UndefinedAction, C: GetBatteryRep, A:Home
2016-01-25 10:03:24.4033 | Debug | Duncan.PEMS.Framework.Controller.PemsController.OnActionExecuting | UndefinedAction Pass execution to action
2016-01-25 10:03:24.4033 | Trace | Duncan.PEMS.Framework.Controller.PemsController.OnActionExecuting | Exit
2016-01-25 10:03:24.7123 | Trace | Duncan.PEMS.Framework.Controller.PemsController.OnActionExecuting | Enter
2016-01-25 10:03:24.9883 | Trace | Duncan.PEMS.Framework.Controller.PemsController.OnActionExecuting | UndefinedAction, C: GetAssetTypes_HomePage, A:GIS
2016-01-25 10:03:24.9883 | Debug | Duncan.PEMS.Framework.Controller.PemsController.OnActionExecuting | UndefinedAction Pass execution to action
2016-01-25 10:03:24.9883 | Trace | Duncan.PEMS.Framework.Controller.PemsController.OnActionExecuting | Exit
2016-01-25 10:03:25.3703 | Trace | Duncan.PEMS.Framework.Controller.PemsController.OnActionExecuting | Enter
2016-01-25 10:03:25.5593 | Trace | Duncan.PEMS.Framework.Controller.PemsController.OnActionExecuting | UndefinedAction, C: GetCustomerGridDetails_NewHome, A:GIS
2016-01-25 10:03:25.5593 | Debug | Duncan.PEMS.Framework.Controller.PemsController.OnActionExecuting | UndefinedAction Pass execution to action
2016-01-25 10:03:25.5593 | Trace | Duncan.PEMS.Framework.Controller.PemsController.OnActionExecuting | Exit
2016-01-25 10:03:27.0444 | Trace | Duncan.PEMS.Framework.Controller.PemsController.OnActionExecuting | Enter
2016-01-25 10:03:27.2094 | Trace | Duncan.PEMS.Framework.Controller.PemsController.OnActionExecuting | UndefinedAction, C: GetCustomerGridDetails_NewHome, A:GIS
2016-01-25 10:03:27.2094 | Debug | Duncan.PEMS.Framework.Controller.PemsController.OnActionExecuting | UndefinedAction Pass execution to action
2016-01-25 10:03:27.2094 | Trace | Duncan.PEMS.Framework.Controller.PemsController.OnActionExecuting | Exit
2016-01-25 10:03:27.7525 | Trace | Duncan.PEMS.Framework.Controller.PemsController.OnActionExecuting | Enter
2016-01-25 10:03:27.7985 | Trace | Duncan.PEMS.Framework.Controller.PemsController.OnActionExecuting | Allowed, C: RevenueAuditSummary, A:Transactions
2016-01-25 10:03:27.7985 | Debug | Duncan.PEMS.Framework.Controller.PemsController.OnActionExecuting | Allowed Pass execution to action
2016-01-25 10:03:27.7985 | Trace | Duncan.PEMS.Framework.Controller.PemsController.OnActionExecuting | Exit
2016-01-25 10:03:34.2638 | Trace | Duncan.PEMS.Framework.Controller.PemsController.OnActionExecuting | Enter
2016-01-25 10:03:34.5198 | Trace | Duncan.PEMS.Framework.Controller.PemsController.OnActionExecuting | UndefinedAction, C: GetSensorCommRep, A:Home
2016-01-25 10:03:34.5198 | Debug | Duncan.PEMS.Framework.Controller.PemsController.OnActionExecuting | UndefinedAction Pass execution to action
2016-01-25 10:03:34.5198 | Trace | Duncan.PEMS.Framework.Controller.PemsController.OnActionExecuting | Exit
2016-01-25 10:03:34.7809 | Trace | Duncan.PEMS.Framework.Controller.PemsController.OnActionExecuting | Enter
2016-01-25 10:03:35.0929 | Trace | Duncan.PEMS.Framework.Controller.PemsController.OnActionExecuting | UndefinedAction, C: GetNoMeterCommRep, A:Home
2016-01-25 10:03:35.0929 | Debug | Duncan.PEMS.Framework.Controller.PemsController.OnActionExecuting | UndefinedAction Pass execution to action
2016-01-25 10:03:35.0929 | Trace | Duncan.PEMS.Framework.Controller.PemsController.OnActionExecuting | Exit
2016-01-25 10:03:35.7949 | Trace | Duncan.PEMS.Framework.Controller.PemsController.OnActionExecuting | Enter
2016-01-25 10:03:36.0509 | Trace | Duncan.PEMS.Framework.Controller.PemsController.OnActionExecuting | UndefinedAction, C: GetEnforceableSpaceRep, A:Home
2016-01-25 10:03:36.0509 | Debug | Duncan.PEMS.Framework.Controller.PemsController.OnActionExecuting | UndefinedAction Pass execution to action
2016-01-25 10:03:36.0509 | Trace | Duncan.PEMS.Framework.Controller.PemsController.OnActionExecuting | Exit
2016-01-25 10:03:36.2909 | Trace | Duncan.PEMS.Framework.Controller.PemsController.OnActionExecuting | Enter
2016-01-25 10:03:36.4980 | Trace | Duncan.PEMS.Framework.Controller.PemsController.OnActionExecuting | UndefinedAction, C: GetSpacestatusSensorRep, A:Home
2016-01-25 10:03:36.4980 | Debug | Duncan.PEMS.Framework.Controller.PemsController.OnActionExecuting | UndefinedAction Pass execution to action
2016-01-25 10:03:36.4980 | Trace | Duncan.PEMS.Framework.Controller.PemsController.OnActionExecuting | Exit
2016-01-25 10:03:36.8060 | Trace | Duncan.PEMS.Framework.Controller.PemsController.OnActionExecuting | Enter
2016-01-25 10:03:37.1060 | Trace | Duncan.PEMS.Framework.Controller.PemsController.OnActionExecuting | UndefinedAction, C: GetChangeBatteryRep, A:Home
2016-01-25 10:03:37.1060 | Debug | Duncan.PEMS.Framework.Controller.PemsController.OnActionExecuting | UndefinedAction Pass execution to action
2016-01-25 10:03:37.1060 | Trace | Duncan.PEMS.Framework.Controller.PemsController.OnActionExecuting | Exit
2016-01-25 10:03:48.7577 | Trace | Duncan.PEMS.Framework.Controller.PemsController.OnActionExecuting | Enter
2016-01-25 10:03:48.9847 | Trace | Duncan.PEMS.Framework.Controller.PemsController.OnActionExecuting | UndefinedAction, C: GetRevenueAuditSummary, A:Transactions
2016-01-25 10:03:48.9847 | Debug | Duncan.PEMS.Framework.Controller.PemsController.OnActionExecuting | UndefinedAction Pass execution to action
2016-01-25 10:03:48.9847 | Trace | Duncan.PEMS.Framework.Controller.PemsController.OnActionExecuting | Exit
2016-01-25 10:04:17.2063 | Trace | Duncan.PEMS.Framework.Controller.PemsController.OnActionExecuting | Enter
2016-01-25 10:04:17.4423 | Trace | Duncan.PEMS.Framework.Controller.PemsController.OnActionExecuting | UndefinedAction, C: GetRevenueAuditSummary, A:Transactions
2016-01-25 10:04:17.4423 | Debug | Duncan.PEMS.Framework.Controller.PemsController.OnActionExecuting | UndefinedAction Pass execution to action
2016-01-25 10:04:17.4433 | Trace | Duncan.PEMS.Framework.Controller.PemsController.OnActionExecuting | Exit
2016-01-25 10:09:22.3557 | Trace | Duncan.PEMS.Framework.Controller.PemsController.OnActionExecuting | Enter
2016-01-25 10:09:22.4667 | Trace | Duncan.PEMS.Framework.Controller.PemsController.OnActionExecuting | Allowed, C: RevenueAuditSummary, A:Transactions
2016-01-25 10:09:22.4667 | Debug | Duncan.PEMS.Framework.Controller.PemsController.OnActionExecuting | Allowed Pass execution to action
2016-01-25 10:09:22.4667 | Trace | Duncan.PEMS.Framework.Controller.PemsController.OnActionExecuting | Exit
2016-01-25 10:09:35.7295 | Trace | Duncan.PEMS.Framework.Controller.PemsController.OnActionExecuting | Enter
2016-01-25 10:09:35.9525 | Trace | Duncan.PEMS.Framework.Controller.PemsController.OnActionExecuting | UndefinedAction, C: GetRevenueAuditSummary, A:Transactions
2016-01-25 10:09:35.9525 | Debug | Duncan.PEMS.Framework.Controller.PemsController.OnActionExecuting | UndefinedAction Pass execution to action
2016-01-25 10:09:35.9525 | Trace | Duncan.PEMS.Framework.Controller.PemsController.OnActionExecuting | Exit
2016-01-25 10:11:15.9422 | Trace | Duncan.PEMS.Framework.Controller.PemsController.OnActionExecuting | Enter
2016-01-25 10:11:16.1722 | Trace | Duncan.PEMS.Framework.Controller.PemsController.OnActionExecuting | UndefinedAction, C: GetRevenueAuditSummary, A:Transactions
2016-01-25 10:11:16.1722 | Debug | Duncan.PEMS.Framework.Controller.PemsController.OnActionExecuting | UndefinedAction Pass execution to action
2016-01-25 10:11:16.1722 | Trace | Duncan.PEMS.Framework.Controller.PemsController.OnActionExecuting | Exit
2016-01-25 10:27:24.2096 | Trace | Duncan.PEMS.Framework.Controller.PemsController.OnActionExecuting | Enter
2016-01-25 10:27:24.4416 | Trace | Duncan.PEMS.Framework.Controller.PemsController.OnActionExecuting | UndefinedAction, C: ExportToPdf, A:Transactions
2016-01-25 10:27:24.4416 | Debug | Duncan.PEMS.Framework.Controller.PemsController.OnActionExecuting | UndefinedAction Pass execution to action
2016-01-25 10:27:24.4416 | Trace | Duncan.PEMS.Framework.Controller.PemsController.OnActionExecuting | Exit
2016-01-25 10:28:56.9169 | Trace | Duncan.PEMS.Framework.Controller.PemsController.OnActionExecuting | Enter
2016-01-25 10:28:57.0849 | Trace | Duncan.PEMS.Framework.Controller.PemsController.OnActionExecuting | UndefinedAction, C: ExportToPdf, A:Transactions
2016-01-25 10:28:57.0849 | Debug | Duncan.PEMS.Framework.Controller.PemsController.OnActionExecuting | UndefinedAction Pass execution to action
2016-01-25 10:28:57.0849 | Trace | Duncan.PEMS.Framework.Controller.PemsController.OnActionExecuting | Exit
2016-01-25 10:29:12.1428 | Trace | Duncan.PEMS.Framework.Controller.PemsController.OnActionExecuting | Enter
2016-01-25 10:29:12.2028 | Trace | Duncan.PEMS.Framework.Controller.PemsController.OnActionExecuting | Allowed, C: RevenueAuditSummary, A:Transactions
2016-01-25 10:29:12.2028 | Debug | Duncan.PEMS.Framework.Controller.PemsController.OnActionExecuting | Allowed Pass execution to action
2016-01-25 10:29:12.2028 | Trace | Duncan.PEMS.Framework.Controller.PemsController.OnActionExecuting | Exit
2016-01-25 10:31:02.2531 | Trace | Duncan.PEMS.Framework.Controller.PemsController.OnActionExecuting | Enter
2016-01-25 10:31:02.4621 | Trace | Duncan.PEMS.Framework.Controller.PemsController.OnActionExecuting | UndefinedAction, C: GetRevenueAuditSummary, A:Transactions
2016-01-25 10:31:02.4621 | Debug | Duncan.PEMS.Framework.Controller.PemsController.OnActionExecuting | UndefinedAction Pass execution to action
2016-01-25 10:31:02.4621 | Trace | Duncan.PEMS.Framework.Controller.PemsController.OnActionExecuting | Exit
2016-01-25 10:32:57.2157 | Trace | Duncan.PEMS.Framework.Controller.PemsController.OnActionExecuting | Enter
2016-01-25 10:32:57.4857 | Trace | Duncan.PEMS.Framework.Controller.PemsController.OnActionExecuting | UndefinedAction, C: RevenueAuditDetails, A:Transactions
2016-01-25 10:32:57.4857 | Debug | Duncan.PEMS.Framework.Controller.PemsController.OnActionExecuting | UndefinedAction Pass execution to action
2016-01-25 10:32:57.4857 | Trace | Duncan.PEMS.Framework.Controller.PemsController.OnActionExecuting | Exit
2016-01-25 10:33:00.1668 | Trace | Duncan.PEMS.Framework.Controller.PemsController.OnActionExecuting | Enter
2016-01-25 10:33:00.3388 | Trace | Duncan.PEMS.Framework.Controller.PemsController.OnActionExecuting | UndefinedAction, C: GetFilterValues, A:Transactions
2016-01-25 10:33:00.3388 | Debug | Duncan.PEMS.Framework.Controller.PemsController.OnActionExecuting | UndefinedAction Pass execution to action
2016-01-25 10:33:00.3388 | Trace | Duncan.PEMS.Framework.Controller.PemsController.OnActionExecuting | Exit
2016-01-25 10:33:00.9889 | Trace | Duncan.PEMS.Framework.Controller.PemsController.OnActionExecuting | Enter
2016-01-25 10:33:01.2439 | Trace | Duncan.PEMS.Framework.Controller.PemsController.OnActionExecuting | UndefinedAction, C: GetRevenueAuditDetails, A:Transactions
2016-01-25 10:33:01.2439 | Debug | Duncan.PEMS.Framework.Controller.PemsController.OnActionExecuting | UndefinedAction Pass execution to action
2016-01-25 10:33:01.2439 | Trace | Duncan.PEMS.Framework.Controller.PemsController.OnActionExecuting | Exit
2016-01-25 10:34:07.7607 | Trace | Duncan.PEMS.Framework.Controller.PemsController.OnActionExecuting | Enter
2016-01-25 10:34:08.1757 | Trace | Duncan.PEMS.Framework.Controller.PemsController.OnActionExecuting | UndefinedAction, C: RevenueAuditDetails, A:Transactions
2016-01-25 10:34:08.1757 | Debug | Duncan.PEMS.Framework.Controller.PemsController.OnActionExecuting | UndefinedAction Pass execution to action
2016-01-25 10:34:08.1757 | Trace | Duncan.PEMS.Framework.Controller.PemsController.OnActionExecuting | Exit
2016-01-25 10:34:16.4012 | Trace | Duncan.PEMS.Framework.Controller.PemsController.OnActionExecuting | Enter
2016-01-25 10:34:16.5662 | Trace | Duncan.PEMS.Framework.Controller.PemsController.OnActionExecuting | UndefinedAction, C: GetFilterValues, A:Transactions
2016-01-25 10:34:16.5662 | Debug | Duncan.PEMS.Framework.Controller.PemsController.OnActionExecuting | UndefinedAction Pass execution to action
2016-01-25 10:34:16.5662 | Trace | Duncan.PEMS.Framework.Controller.PemsController.OnActionExecuting | Exit
2016-01-25 10:34:17.1902 | Trace | Duncan.PEMS.Framework.Controller.PemsController.OnActionExecuting | Enter
2016-01-25 10:34:17.3662 | Trace | Duncan.PEMS.Framework.Controller.PemsController.OnActionExecuting | UndefinedAction, C: GetRevenueAuditDetails, A:Transactions
2016-01-25 10:34:17.3672 | Debug | Duncan.PEMS.Framework.Controller.PemsController.OnActionExecuting | UndefinedAction Pass execution to action
2016-01-25 10:34:17.3672 | Trace | Duncan.PEMS.Framework.Controller.PemsController.OnActionExecuting | Exit
2016-01-25 10:35:05.4050 | Trace | Duncan.PEMS.Framework.Controller.PemsController.OnActionExecuting | Enter
2016-01-25 10:35:05.4640 | Trace | Duncan.PEMS.Framework.Controller.PemsController.OnActionExecuting | Allowed, C: Index, A:Events
2016-01-25 10:35:05.4640 | Debug | Duncan.PEMS.Framework.Controller.PemsController.OnActionExecuting | Allowed Pass execution to action
2016-01-25 10:35:05.4640 | Trace | Duncan.PEMS.Framework.Controller.PemsController.OnActionExecuting | Exit
2016-01-25 10:35:11.6303 | Trace | Duncan.PEMS.Framework.Controller.PemsController.OnActionExecuting | Enter
2016-01-25 10:35:11.7904 | Trace | Duncan.PEMS.Framework.Controller.PemsController.OnActionExecuting | UndefinedAction, C: GetFilterValues, A:Events
2016-01-25 10:35:11.7904 | Debug | Duncan.PEMS.Framework.Controller.PemsController.OnActionExecuting | UndefinedAction Pass execution to action
2016-01-25 10:35:11.7904 | Trace | Duncan.PEMS.Framework.Controller.PemsController.OnActionExecuting | Exit
2016-01-25 10:41:36.3083 | Trace | Duncan.PEMS.Framework.Controller.PemsController.OnActionExecuting | Enter
2016-01-25 10:41:36.3794 | Trace | Duncan.PEMS.Framework.Controller.PemsController.OnActionExecuting | Allowed, C: RevenueAuditSummary, A:Transactions
2016-01-25 10:41:36.3794 | Debug | Duncan.PEMS.Framework.Controller.PemsController.OnActionExecuting | Allowed Pass execution to action
2016-01-25 10:41:36.3794 | Trace | Duncan.PEMS.Framework.Controller.PemsController.OnActionExecuting | Exit
2016-01-25 10:41:43.0827 | Trace | Duncan.PEMS.Framework.Controller.PemsController.OnActionExecuting | Enter
2016-01-25 10:41:43.4048 | Trace | Duncan.PEMS.Framework.Controller.PemsController.OnActionExecuting | UndefinedAction, C: GetRevenueAuditSummary, A:Transactions
2016-01-25 10:41:43.4058 | Debug | Duncan.PEMS.Framework.Controller.PemsController.OnActionExecuting | UndefinedAction Pass execution to action
2016-01-25 10:41:43.4058 | Trace | Duncan.PEMS.Framework.Controller.PemsController.OnActionExecuting | Exit
2016-01-25 11:40:03.7211 | Trace | Duncan.PEMS.Framework.Controller.PemsController.OnActionExecuting | Enter
2016-01-25 11:40:05.9003 | Trace | Duncan.PEMS.Framework.Controller.PemsController.OnActionExecuting | UndefinedAction, C: GetRevenueAuditSummary, A:Transactions
2016-01-25 11:40:05.9003 | Debug | Duncan.PEMS.Framework.Controller.PemsController.OnActionExecuting | UndefinedAction Pass execution to action
2016-01-25 11:40:05.9003 | Trace | Duncan.PEMS.Framework.Controller.PemsController.OnActionExecuting | Exit
2016-01-25 11:48:52.2074 | Trace | Duncan.PEMS.Framework.Controller.PemsController.OnActionExecuting | Enter
2016-01-25 11:48:52.4434 | Trace | Duncan.PEMS.Framework.Controller.PemsController.OnActionExecuting | UndefinedAction, C: RevenueAuditDetails, A:Transactions
2016-01-25 11:48:52.4434 | Debug | Duncan.PEMS.Framework.Controller.PemsController.OnActionExecuting | UndefinedAction Pass execution to action
2016-01-25 11:48:52.4434 | Trace | Duncan.PEMS.Framework.Controller.PemsController.OnActionExecuting | Exit
2016-01-25 11:49:01.4109 | Trace | Duncan.PEMS.Framework.Controller.PemsController.OnActionExecuting | Enter
2016-01-25 11:49:01.6139 | Trace | Duncan.PEMS.Framework.Controller.PemsController.OnActionExecuting | UndefinedAction, C: GetFilterValues, A:Transactions
2016-01-25 11:49:01.6139 | Debug | Duncan.PEMS.Framework.Controller.PemsController.OnActionExecuting | UndefinedAction Pass execution to action
2016-01-25 11:49:01.6139 | Trace | Duncan.PEMS.Framework.Controller.PemsController.OnActionExecuting | Exit
2016-01-25 11:49:02.5200 | Trace | Duncan.PEMS.Framework.Controller.PemsController.OnActionExecuting | Enter
2016-01-25 11:49:02.8070 | Trace | Duncan.PEMS.Framework.Controller.PemsController.OnActionExecuting | UndefinedAction, C: GetRevenueAuditDetails, A:Transactions
2016-01-25 11:49:02.8070 | Debug | Duncan.PEMS.Framework.Controller.PemsController.OnActionExecuting | UndefinedAction Pass execution to action
2016-01-25 11:49:02.8070 | Trace | Duncan.PEMS.Framework.Controller.PemsController.OnActionExecuting | Exit
2016-01-25 11:49:28.1774 | Trace | Duncan.PEMS.Framework.Controller.PemsController.OnActionExecuting | Enter
2016-01-25 11:49:28.5324 | Trace | Duncan.PEMS.Framework.Controller.PemsController.OnActionExecuting | UndefinedAction, C: GetRevenueAuditDetails, A:Transactions
2016-01-25 11:49:28.5324 | Debug | Duncan.PEMS.Framework.Controller.PemsController.OnActionExecuting | UndefinedAction Pass execution to action
2016-01-25 11:49:28.5324 | Trace | Duncan.PEMS.Framework.Controller.PemsController.OnActionExecuting | Exit
2016-01-25 12:07:33.8045 | Trace | Duncan.PEMS.Framework.Controller.PemsController.OnActionExecuting | Enter
2016-01-25 12:07:33.9665 | Trace | Duncan.PEMS.Framework.Controller.PemsController.OnActionExecuting | Allowed, C: RevenueAuditSummary, A:Transactions
2016-01-25 12:07:33.9665 | Debug | Duncan.PEMS.Framework.Controller.PemsController.OnActionExecuting | Allowed Pass execution to action
2016-01-25 12:07:33.9665 | Trace | Duncan.PEMS.Framework.Controller.PemsController.OnActionExecuting | Exit
2016-01-25 12:07:42.0700 | Trace | Duncan.PEMS.Framework.Controller.PemsController.OnActionExecuting | Enter
2016-01-25 12:07:42.4650 | Trace | Duncan.PEMS.Framework.Controller.PemsController.OnActionExecuting | UndefinedAction, C: GetRevenueAuditSummary, A:Transactions
2016-01-25 12:07:42.4650 | Debug | Duncan.PEMS.Framework.Controller.PemsController.OnActionExecuting | UndefinedAction Pass execution to action
2016-01-25 12:07:42.4650 | Trace | Duncan.PEMS.Framework.Controller.PemsController.OnActionExecuting | Exit
2016-01-25 12:08:18.8071 | Trace | Duncan.PEMS.Framework.Controller.PemsController.OnActionExecuting | Enter
2016-01-25 12:08:18.8831 | Trace | Duncan.PEMS.Framework.Controller.PemsController.OnActionExecuting | Allowed, C: RevenueAuditSummary, A:Transactions
2016-01-25 12:08:18.8831 | Debug | Duncan.PEMS.Framework.Controller.PemsController.OnActionExecuting | Allowed Pass execution to action
2016-01-25 12:08:18.8831 | Trace | Duncan.PEMS.Framework.Controller.PemsController.OnActionExecuting | Exit
2016-01-25 12:08:25.6735 | Trace | Duncan.PEMS.Framework.Controller.PemsController.OnActionExecuting | Enter
2016-01-25 12:08:25.9865 | Trace | Duncan.PEMS.Framework.Controller.PemsController.OnActionExecuting | UndefinedAction, C: GetRevenueAuditSummary, A:Transactions
2016-01-25 12:08:25.9865 | Debug | Duncan.PEMS.Framework.Controller.PemsController.OnActionExecuting | UndefinedAction Pass execution to action
2016-01-25 12:08:25.9865 | Trace | Duncan.PEMS.Framework.Controller.PemsController.OnActionExecuting | Exit
2016-01-25 12:08:30.7308 | Trace | Duncan.PEMS.Framework.Controller.PemsController.OnActionExecuting | Enter
2016-01-25 12:08:31.0388 | Trace | Duncan.PEMS.Framework.Controller.PemsController.OnActionExecuting | UndefinedAction, C: ExportToPdf, A:Transactions
2016-01-25 12:08:31.0388 | Debug | Duncan.PEMS.Framework.Controller.PemsController.OnActionExecuting | UndefinedAction Pass execution to action
2016-01-25 12:08:31.0388 | Trace | Duncan.PEMS.Framework.Controller.PemsController.OnActionExecuting | Exit
2016-01-25 12:10:38.7521 | Trace | Duncan.PEMS.Framework.Controller.PemsController.OnActionExecuting | Enter
2016-01-25 12:10:38.8161 | Trace | Duncan.PEMS.Framework.Controller.PemsController.OnActionExecuting | Allowed, C: RevenueAuditSummary, A:Transactions
2016-01-25 12:10:38.8161 | Debug | Duncan.PEMS.Framework.Controller.PemsController.OnActionExecuting | Allowed Pass execution to action
2016-01-25 12:10:38.8161 | Trace | Duncan.PEMS.Framework.Controller.PemsController.OnActionExecuting | Exit
2016-01-25 12:10:44.9844 | Trace | Duncan.PEMS.Framework.Controller.PemsController.OnActionExecuting | Enter
2016-01-25 12:10:45.2815 | Trace | Duncan.PEMS.Framework.Controller.PemsController.OnActionExecuting | UndefinedAction, C: GetRevenueAuditSummary, A:Transactions
2016-01-25 12:10:45.2815 | Debug | Duncan.PEMS.Framework.Controller.PemsController.OnActionExecuting | UndefinedAction Pass execution to action
2016-01-25 12:10:45.2815 | Trace | Duncan.PEMS.Framework.Controller.PemsController.OnActionExecuting | Exit
2016-01-25 12:10:53.4219 | Trace | Duncan.PEMS.Framework.Controller.PemsController.OnActionExecuting | Enter
2016-01-25 12:10:53.7179 | Trace | Duncan.PEMS.Framework.Controller.PemsController.OnActionExecuting | UndefinedAction, C: ExportToPdf, A:Transactions
2016-01-25 12:10:53.7179 | Debug | Duncan.PEMS.Framework.Controller.PemsController.OnActionExecuting | UndefinedAction Pass execution to action
2016-01-25 12:10:53.7179 | Trace | Duncan.PEMS.Framework.Controller.PemsController.OnActionExecuting | Exit
2016-01-25 12:12:47.6425 | Trace | Duncan.PEMS.Framework.Controller.PemsController.OnActionExecuting | Enter
2016-01-25 12:12:47.7545 | Trace | Duncan.PEMS.Framework.Controller.PemsController.OnActionExecuting | Allowed, C: RevenueAuditSummary, A:Transactions
2016-01-25 12:12:47.7545 | Debug | Duncan.PEMS.Framework.Controller.PemsController.OnActionExecuting | Allowed Pass execution to action
2016-01-25 12:12:47.7545 | Trace | Duncan.PEMS.Framework.Controller.PemsController.OnActionExecuting | Exit
2016-01-25 12:12:53.4308 | Trace | Duncan.PEMS.Framework.Controller.PemsController.OnActionExecuting | Enter
2016-01-25 12:12:53.7798 | Trace | Duncan.PEMS.Framework.Controller.PemsController.OnActionExecuting | UndefinedAction, C: GetRevenueAuditSummary, A:Transactions
2016-01-25 12:12:53.7798 | Debug | Duncan.PEMS.Framework.Controller.PemsController.OnActionExecuting | UndefinedAction Pass execution to action
2016-01-25 12:12:53.7798 | Trace | Duncan.PEMS.Framework.Controller.PemsController.OnActionExecuting | Exit
2016-01-25 12:13:05.8945 | Trace | Duncan.PEMS.Framework.Controller.PemsController.OnActionExecuting | Enter
2016-01-25 12:13:06.1495 | Trace | Duncan.PEMS.Framework.Controller.PemsController.OnActionExecuting | UndefinedAction, C: ExportToPdf, A:Transactions
2016-01-25 12:13:06.1495 | Debug | Duncan.PEMS.Framework.Controller.PemsController.OnActionExecuting | UndefinedAction Pass execution to action
2016-01-25 12:13:06.1495 | Trace | Duncan.PEMS.Framework.Controller.PemsController.OnActionExecuting | Exit
2016-01-25 12:17:57.6082 | Trace | Duncan.PEMS.Framework.Controller.PemsController.OnActionExecuting | Enter
2016-01-25 12:17:57.8832 | Trace | Duncan.PEMS.Framework.Controller.PemsController.OnActionExecuting | UndefinedAction, C: GetRevenueAuditSummary, A:Transactions
2016-01-25 12:17:57.8832 | Debug | Duncan.PEMS.Framework.Controller.PemsController.OnActionExecuting | UndefinedAction Pass execution to action
2016-01-25 12:17:57.8832 | Trace | Duncan.PEMS.Framework.Controller.PemsController.OnActionExecuting | Exit
2016-01-25 12:19:35.5888 | Trace | Duncan.PEMS.Framework.Controller.PemsController.OnActionExecuting | Enter
2016-01-25 12:19:35.9868 | Trace | Duncan.PEMS.Framework.Controller.PemsController.OnActionExecuting | UndefinedAction, C: GetRevenueAuditSummary, A:Transactions
2016-01-25 12:19:35.9868 | Debug | Duncan.PEMS.Framework.Controller.PemsController.OnActionExecuting | UndefinedAction Pass execution to action
2016-01-25 12:19:35.9868 | Trace | Duncan.PEMS.Framework.Controller.PemsController.OnActionExecuting | Exit
2016-01-25 12:19:41.8492 | Trace | Duncan.PEMS.Framework.Controller.PemsController.OnActionExecuting | Enter
2016-01-25 12:19:42.1162 | Trace | Duncan.PEMS.Framework.Controller.PemsController.OnActionExecuting | UndefinedAction, C: GetRevenueAuditSummary, A:Transactions
2016-01-25 12:19:42.1162 | Debug | Duncan.PEMS.Framework.Controller.PemsController.OnActionExecuting | UndefinedAction Pass execution to action
2016-01-25 12:19:42.1162 | Trace | Duncan.PEMS.Framework.Controller.PemsController.OnActionExecuting | Exit
2016-01-25 13:08:03.5328 | Trace | Duncan.PEMS.Framework.Controller.PemsController.OnActionExecuting | Enter
2016-01-25 13:08:03.9338 | Trace | Duncan.PEMS.Framework.Controller.PemsController.OnActionExecuting | UndefinedAction, C: ExportToCsv, A:Transactions
2016-01-25 13:08:03.9338 | Debug | Duncan.PEMS.Framework.Controller.PemsController.OnActionExecuting | UndefinedAction Pass execution to action
2016-01-25 13:08:03.9338 | Trace | Duncan.PEMS.Framework.Controller.PemsController.OnActionExecuting | Exit
2016-01-25 13:43:33.3446 | Trace | Duncan.PEMS.Framework.Controller.PemsController.OnActionExecuting | Enter
2016-01-25 13:43:34.2186 | Trace | Duncan.PEMS.Framework.Controller.PemsController.OnActionExecuting | Allowed, C: Index, A:Home
2016-01-25 13:43:34.2186 | Debug | Duncan.PEMS.Framework.Controller.PemsController.OnActionExecuting | Allowed Pass execution to action
2016-01-25 13:43:34.2186 | Trace | Duncan.PEMS.Framework.Controller.PemsController.OnActionExecuting | Exit
2016-01-25 13:43:48.5985 | Trace | Duncan.PEMS.Framework.Controller.PemsController.OnActionExecuting | Enter
2016-01-25 13:43:49.1095 | Trace | Duncan.PEMS.Framework.Controller.PemsController.OnActionExecuting | UndefinedAction, C: GetBatteryRep, A:Home
2016-01-25 13:43:49.1095 | Debug | Duncan.PEMS.Framework.Controller.PemsController.OnActionExecuting | UndefinedAction Pass execution to action
2016-01-25 13:43:49.1095 | Trace | Duncan.PEMS.Framework.Controller.PemsController.OnActionExecuting | Exit
2016-01-25 13:43:49.6855 | Trace | Duncan.PEMS.Framework.Controller.PemsController.OnActionExecuting | Enter
2016-01-25 13:43:50.0445 | Trace | Duncan.PEMS.Framework.Controller.PemsController.OnActionExecuting | UndefinedAction, C: GetSpacestatusSensorRep, A:Home
2016-01-25 13:43:50.0445 | Debug | Duncan.PEMS.Framework.Controller.PemsController.OnActionExecuting | UndefinedAction Pass execution to action
2016-01-25 13:43:50.0445 | Trace | Duncan.PEMS.Framework.Controller.PemsController.OnActionExecuting | Exit
2016-01-25 13:43:51.6816 | Trace | Duncan.PEMS.Framework.Controller.PemsController.OnActionExecuting | Enter
2016-01-25 13:43:51.9497 | Trace | Duncan.PEMS.Framework.Controller.PemsController.OnActionExecuting | UndefinedAction, C: GetNoMeterCommRep, A:Home
2016-01-25 13:43:51.9497 | Debug | Duncan.PEMS.Framework.Controller.PemsController.OnActionExecuting | UndefinedAction Pass execution to action
2016-01-25 13:43:51.9497 | Trace | Duncan.PEMS.Framework.Controller.PemsController.OnActionExecuting | Exit
2016-01-25 13:43:52.1917 | Trace | Duncan.PEMS.Framework.Controller.PemsController.OnActionExecuting | Enter
2016-01-25 13:43:52.4677 | Trace | Duncan.PEMS.Framework.Controller.PemsController.OnActionExecuting | UndefinedAction, C: GetEnforceableSpaceRep, A:Home
2016-01-25 13:43:52.4677 | Debug | Duncan.PEMS.Framework.Controller.PemsController.OnActionExecuting | UndefinedAction Pass execution to action
2016-01-25 13:43:52.4677 | Trace | Duncan.PEMS.Framework.Controller.PemsController.OnActionExecuting | Exit
2016-01-25 13:43:52.6967 | Trace | Duncan.PEMS.Framework.Controller.PemsController.OnActionExecuting | Enter
2016-01-25 13:43:52.9837 | Trace | Duncan.PEMS.Framework.Controller.PemsController.OnActionExecuting | UndefinedAction, C: GetChangeBatteryRep, A:Home
2016-01-25 13:43:52.9837 | Debug | Duncan.PEMS.Framework.Controller.PemsController.OnActionExecuting | UndefinedAction Pass execution to action
2016-01-25 13:43:52.9837 | Trace | Duncan.PEMS.Framework.Controller.PemsController.OnActionExecuting | Exit
2016-01-25 13:43:53.3427 | Trace | Duncan.PEMS.Framework.Controller.PemsController.OnActionExecuting | Enter
2016-01-25 13:43:53.4867 | Trace | Duncan.PEMS.Framework.Controller.PemsController.OnActionExecuting | UndefinedAction, C: GetAssetTypes_HomePage, A:GIS
2016-01-25 13:43:53.4867 | Debug | Duncan.PEMS.Framework.Controller.PemsController.OnActionExecuting | UndefinedAction Pass execution to action
2016-01-25 13:43:53.4867 | Trace | Duncan.PEMS.Framework.Controller.PemsController.OnActionExecuting | Exit
2016-01-25 13:43:53.7658 | Trace | Duncan.PEMS.Framework.Controller.PemsController.OnActionExecuting | Enter
2016-01-25 13:43:53.9968 | Trace | Duncan.PEMS.Framework.Controller.PemsController.OnActionExecuting | UndefinedAction, C: GetCustomerGridDetails_NewHome, A:GIS
2016-01-25 13:43:53.9968 | Debug | Duncan.PEMS.Framework.Controller.PemsController.OnActionExecuting | UndefinedAction Pass execution to action
2016-01-25 13:43:53.9968 | Trace | Duncan.PEMS.Framework.Controller.PemsController.OnActionExecuting | Exit
2016-01-25 13:43:56.3209 | Trace | Duncan.PEMS.Framework.Controller.PemsController.OnActionExecuting | Enter
2016-01-25 13:43:56.6169 | Trace | Duncan.PEMS.Framework.Controller.PemsController.OnActionExecuting | UndefinedAction, C: GetCustomerGridDetails_NewHome, A:GIS
2016-01-25 13:43:56.6169 | Debug | Duncan.PEMS.Framework.Controller.PemsController.OnActionExecuting | UndefinedAction Pass execution to action
2016-01-25 13:43:56.6169 | Trace | Duncan.PEMS.Framework.Controller.PemsController.OnActionExecuting | Exit
2016-01-25 13:43:57.3800 | Trace | Duncan.PEMS.Framework.Controller.PemsController.OnActionExecuting | Enter
2016-01-25 13:43:57.7300 | Trace | Duncan.PEMS.Framework.Controller.PemsController.OnActionExecuting | UndefinedAction, C: GetSensorCommRep, A:Home
2016-01-25 13:43:57.7300 | Debug | Duncan.PEMS.Framework.Controller.PemsController.OnActionExecuting | UndefinedAction Pass execution to action
2016-01-25 13:43:57.7300 | Trace | Duncan.PEMS.Framework.Controller.PemsController.OnActionExecuting | Exit
2016-01-25 13:44:28.1677 | Trace | Duncan.PEMS.Framework.Controller.PemsController.OnActionExecuting | Enter
2016-01-25 13:44:28.2477 | Trace | Duncan.PEMS.Framework.Controller.PemsController.OnActionExecuting | Allowed, C: Index, A:Events
2016-01-25 13:44:28.2477 | Debug | Duncan.PEMS.Framework.Controller.PemsController.OnActionExecuting | Allowed Pass execution to action
2016-01-25 13:44:28.2477 | Trace | Duncan.PEMS.Framework.Controller.PemsController.OnActionExecuting | Exit
2016-01-25 13:44:31.5909 | Trace | Duncan.PEMS.Framework.Controller.PemsController.OnActionExecuting | Enter
2016-01-25 13:44:31.8509 | Trace | Duncan.PEMS.Framework.Controller.PemsController.OnActionExecuting | UndefinedAction, C: GetFilterValues, A:Events
2016-01-25 13:44:31.8509 | Debug | Duncan.PEMS.Framework.Controller.PemsController.OnActionExecuting | UndefinedAction Pass execution to action
2016-01-25 13:44:31.8509 | Trace | Duncan.PEMS.Framework.Controller.PemsController.OnActionExecuting | Exit
2016-01-25 13:44:35.1991 | Trace | Duncan.PEMS.Framework.Controller.PemsController.OnActionExecuting | Enter
2016-01-25 13:44:35.4981 | Trace | Duncan.PEMS.Framework.Controller.PemsController.OnActionExecuting | UndefinedAction, C: GetGrid, A:Events
2016-01-25 13:44:35.4981 | Debug | Duncan.PEMS.Framework.Controller.PemsController.OnActionExecuting | UndefinedAction Pass execution to action
2016-01-25 13:44:35.4981 | Trace | Duncan.PEMS.Framework.Controller.PemsController.OnActionExecuting | Exit
2016-01-25 13:44:37.2712 | Trace | Duncan.PEMS.Framework.Controller.PemsController.OnActionExecuting | Enter
2016-01-25 13:44:37.7813 | Trace | Duncan.PEMS.Framework.Controller.PemsController.OnActionExecuting | UndefinedAction, C: GetSummaryEvents, A:Events
2016-01-25 13:44:37.7813 | Debug | Duncan.PEMS.Framework.Controller.PemsController.OnActionExecuting | UndefinedAction Pass execution to action
2016-01-25 13:44:37.7813 | Trace | Duncan.PEMS.Framework.Controller.PemsController.OnActionExecuting | Exit
2016-01-25 13:44:47.2998 | Trace | Duncan.PEMS.Framework.Controller.PemsController.OnActionExecuting | Enter
2016-01-25 13:44:47.3448 | Trace | Duncan.PEMS.Framework.Controller.PemsController.OnActionExecuting | Allowed, C: RevenueAuditSummary, A:Transactions
2016-01-25 13:44:47.3448 | Debug | Duncan.PEMS.Framework.Controller.PemsController.OnActionExecuting | Allowed Pass execution to action
2016-01-25 13:44:47.3578 | Trace | Duncan.PEMS.Framework.Controller.PemsController.OnActionExecuting | Exit
2016-01-25 13:44:56.0133 | Trace | Duncan.PEMS.Framework.Controller.PemsController.OnActionExecuting | Enter
2016-01-25 13:44:56.2733 | Trace | Duncan.PEMS.Framework.Controller.PemsController.OnActionExecuting | UndefinedAction, C: GetRevenueAuditSummary, A:Transactions
2016-01-25 13:44:56.2733 | Debug | Duncan.PEMS.Framework.Controller.PemsController.OnActionExecuting | UndefinedAction Pass execution to action
2016-01-25 13:44:56.2733 | Trace | Duncan.PEMS.Framework.Controller.PemsController.OnActionExecuting | Exit
2016-01-25 14:25:54.7011 | Trace | Duncan.PEMS.Framework.Controller.PemsController.OnActionExecuting | Enter
2016-01-25 14:25:55.0651 | Trace | Duncan.PEMS.Framework.Controller.PemsController.OnActionExecuting | UndefinedAction, C: GetRevenueAuditSummary, A:Transactions
2016-01-25 14:25:55.0651 | Debug | Duncan.PEMS.Framework.Controller.PemsController.OnActionExecuting | UndefinedAction Pass execution to action
2016-01-25 14:25:55.0651 | Trace | Duncan.PEMS.Framework.Controller.PemsController.OnActionExecuting | Exit
2016-01-25 14:34:52.4439 | Trace | Duncan.PEMS.Framework.Controller.PemsController.OnActionExecuting | Enter
2016-01-25 14:34:52.5249 | Trace | Duncan.PEMS.Framework.Controller.PemsController.OnActionExecuting | Allowed, C: RevenueAuditSummary, A:Transactions
2016-01-25 14:34:52.5249 | Debug | Duncan.PEMS.Framework.Controller.PemsController.OnActionExecuting | Allowed Pass execution to action
2016-01-25 14:34:52.5249 | Trace | Duncan.PEMS.Framework.Controller.PemsController.OnActionExecuting | Exit
2016-01-25 14:35:16.3172 | Trace | Duncan.PEMS.Framework.Controller.PemsController.OnActionExecuting | Enter
2016-01-25 14:35:16.6313 | Trace | Duncan.PEMS.Framework.Controller.PemsController.OnActionExecuting | UndefinedAction, C: GetRevenueAuditSummary, A:Transactions
2016-01-25 14:35:16.6323 | Debug | Duncan.PEMS.Framework.Controller.PemsController.OnActionExecuting | UndefinedAction Pass execution to action
2016-01-25 14:35:16.6323 | Trace | Duncan.PEMS.Framework.Controller.PemsController.OnActionExecuting | Exit
