2016-07-15 14:57:19.2518 | Trace | Duncan.PEMS.Framework.Controller.PemsController.OnActionExecuting | Enter
2016-07-15 14:57:24.8471 | Trace | Duncan.PEMS.Framework.Controller.PemsController.OnActionExecuting | Allowed, C: Index, A:Home
2016-07-15 14:57:24.8471 | Debug | Duncan.PEMS.Framework.Controller.PemsController.OnActionExecuting | Allowed Pass execution to action
2016-07-15 14:57:24.8491 | Trace | Duncan.PEMS.Framework.Controller.PemsController.OnActionExecuting | Exit
2016-07-15 14:58:43.3956 | Trace | Duncan.PEMS.Framework.Controller.PemsController.OnActionExecuting | Enter
2016-07-15 14:58:43.4596 | Trace | Duncan.PEMS.Framework.Controller.PemsController.OnActionExecuting | Allowed, C: Index, A:Home
2016-07-15 14:58:43.4596 | Debug | Duncan.PEMS.Framework.Controller.PemsController.OnActionExecuting | Allowed Pass execution to action
2016-07-15 14:58:43.4596 | Trace | Duncan.PEMS.Framework.Controller.PemsController.OnActionExecuting | Exit
2016-07-15 14:58:53.7812 | Trace | Duncan.PEMS.Framework.Controller.PemsController.OnActionExecuting | Enter
2016-07-15 14:58:54.9823 | Trace | Duncan.PEMS.Framework.Controller.PemsController.OnActionExecuting | UndefinedAction, C: GetBatteryRep, A:Home
2016-07-15 14:58:54.9823 | Debug | Duncan.PEMS.Framework.Controller.PemsController.OnActionExecuting | UndefinedAction Pass execution to action
2016-07-15 14:58:54.9823 | Trace | Duncan.PEMS.Framework.Controller.PemsController.OnActionExecuting | Exit
2016-07-15 14:58:55.5793 | Trace | Duncan.PEMS.Framework.Controller.PemsController.OnActionExecuting | Enter
2016-07-15 14:58:56.0203 | Trace | Duncan.PEMS.Framework.Controller.PemsController.OnActionExecuting | UndefinedAction, C: GetAssetTypes_HomePage, A:GIS
2016-07-15 14:58:56.0203 | Debug | Duncan.PEMS.Framework.Controller.PemsController.OnActionExecuting | UndefinedAction Pass execution to action
2016-07-15 14:58:56.0203 | Trace | Duncan.PEMS.Framework.Controller.PemsController.OnActionExecuting | Exit
2016-07-15 14:58:57.1914 | Trace | Duncan.PEMS.Framework.Controller.PemsController.OnActionExecuting | Enter
2016-07-15 14:58:57.4724 | Trace | Duncan.PEMS.Framework.Controller.PemsController.OnActionExecuting | UndefinedAction, C: GetEnforceableSpaceRep, A:Home
2016-07-15 14:58:57.4724 | Debug | Duncan.PEMS.Framework.Controller.PemsController.OnActionExecuting | UndefinedAction Pass execution to action
2016-07-15 14:58:57.4724 | Trace | Duncan.PEMS.Framework.Controller.PemsController.OnActionExecuting | Exit
2016-07-15 14:58:57.6894 | Trace | Duncan.PEMS.Framework.Controller.PemsController.OnActionExecuting | Enter
2016-07-15 14:58:57.8824 | Trace | Duncan.PEMS.Framework.Controller.PemsController.OnActionExecuting | UndefinedAction, C: GetPaymentRep, A:Home
2016-07-15 14:58:57.8824 | Debug | Duncan.PEMS.Framework.Controller.PemsController.OnActionExecuting | UndefinedAction Pass execution to action
2016-07-15 14:58:57.8824 | Trace | Duncan.PEMS.Framework.Controller.PemsController.OnActionExecuting | Exit
2016-07-15 14:58:58.2014 | Trace | Duncan.PEMS.Framework.Controller.PemsController.OnActionExecuting | Enter
2016-07-15 14:58:58.3704 | Trace | Duncan.PEMS.Framework.Controller.PemsController.OnActionExecuting | UndefinedAction, C: GetChangeBatteryRep, A:Home
2016-07-15 14:58:58.3704 | Debug | Duncan.PEMS.Framework.Controller.PemsController.OnActionExecuting | UndefinedAction Pass execution to action
2016-07-15 14:58:58.3704 | Trace | Duncan.PEMS.Framework.Controller.PemsController.OnActionExecuting | Exit
2016-07-15 14:58:58.5695 | Trace | Duncan.PEMS.Framework.Controller.PemsController.OnActionExecuting | Enter
2016-07-15 14:58:58.7335 | Trace | Duncan.PEMS.Framework.Controller.PemsController.OnActionExecuting | UndefinedAction, C: GetOccupancyForMobile, A:GIS
2016-07-15 14:58:58.7335 | Debug | Duncan.PEMS.Framework.Controller.PemsController.OnActionExecuting | UndefinedAction Pass execution to action
2016-07-15 14:58:58.7335 | Trace | Duncan.PEMS.Framework.Controller.PemsController.OnActionExecuting | Exit
2016-07-15 14:58:59.2155 | Trace | Duncan.PEMS.Framework.Controller.PemsController.OnActionExecuting | Enter
2016-07-15 14:58:59.4615 | Trace | Duncan.PEMS.Framework.Controller.PemsController.OnActionExecuting | UndefinedAction, C: GetSpacestatusSensorRep, A:Home
2016-07-15 14:58:59.4615 | Debug | Duncan.PEMS.Framework.Controller.PemsController.OnActionExecuting | UndefinedAction Pass execution to action
2016-07-15 14:58:59.4615 | Trace | Duncan.PEMS.Framework.Controller.PemsController.OnActionExecuting | Exit
2016-07-15 14:58:59.9245 | Trace | Duncan.PEMS.Framework.Controller.PemsController.OnActionExecuting | Enter
2016-07-15 14:58:59.9745 | Trace | Duncan.PEMS.Framework.Controller.PemsController.OnActionExecuting | Allowed, C: ReportAssetStatus, A:Reports
2016-07-15 14:58:59.9745 | Debug | Duncan.PEMS.Framework.Controller.PemsController.OnActionExecuting | Allowed Pass execution to action
2016-07-15 14:58:59.9745 | Trace | Duncan.PEMS.Framework.Controller.PemsController.OnActionExecuting | Exit
2016-07-15 15:05:15.7800 | Trace | Duncan.PEMS.Framework.Controller.PemsController.OnActionExecuting | Enter
2016-07-15 15:05:20.7653 | Trace | Duncan.PEMS.Framework.Controller.PemsController.OnActionExecuting | Allowed, C: Index, A:Home
2016-07-15 15:05:20.7653 | Debug | Duncan.PEMS.Framework.Controller.PemsController.OnActionExecuting | Allowed Pass execution to action
2016-07-15 15:05:20.7653 | Trace | Duncan.PEMS.Framework.Controller.PemsController.OnActionExecuting | Exit
2016-07-15 15:06:41.0069 | Trace | Duncan.PEMS.Framework.Controller.PemsController.OnActionExecuting | Enter
2016-07-15 15:06:41.2709 | Trace | Duncan.PEMS.Framework.Controller.PemsController.OnActionExecuting | UndefinedAction, C: GetAssetTypes_HomePage, A:GIS
2016-07-15 15:06:41.2709 | Debug | Duncan.PEMS.Framework.Controller.PemsController.OnActionExecuting | UndefinedAction Pass execution to action
2016-07-15 15:06:41.2709 | Trace | Duncan.PEMS.Framework.Controller.PemsController.OnActionExecuting | Exit
2016-07-15 15:06:41.5389 | Trace | Duncan.PEMS.Framework.Controller.PemsController.OnActionExecuting | Enter
2016-07-15 15:06:41.7910 | Trace | Duncan.PEMS.Framework.Controller.PemsController.OnActionExecuting | UndefinedAction, C: GetChangeBatteryRep, A:Home
2016-07-15 15:06:41.7910 | Debug | Duncan.PEMS.Framework.Controller.PemsController.OnActionExecuting | UndefinedAction Pass execution to action
2016-07-15 15:06:41.7910 | Trace | Duncan.PEMS.Framework.Controller.PemsController.OnActionExecuting | Exit
2016-07-15 15:06:42.0260 | Trace | Duncan.PEMS.Framework.Controller.PemsController.OnActionExecuting | Enter
2016-07-15 15:06:42.2420 | Trace | Duncan.PEMS.Framework.Controller.PemsController.OnActionExecuting | UndefinedAction, C: GetPaymentRep, A:Home
2016-07-15 15:06:42.2420 | Debug | Duncan.PEMS.Framework.Controller.PemsController.OnActionExecuting | UndefinedAction Pass execution to action
2016-07-15 15:06:42.2420 | Trace | Duncan.PEMS.Framework.Controller.PemsController.OnActionExecuting | Exit
2016-07-15 15:06:42.5380 | Trace | Duncan.PEMS.Framework.Controller.PemsController.OnActionExecuting | Enter
2016-07-15 15:06:42.6890 | Trace | Duncan.PEMS.Framework.Controller.PemsController.OnActionExecuting | UndefinedAction, C: GetSpacestatusSensorRep, A:Home
2016-07-15 15:06:42.6890 | Debug | Duncan.PEMS.Framework.Controller.PemsController.OnActionExecuting | UndefinedAction Pass execution to action
2016-07-15 15:06:42.6890 | Trace | Duncan.PEMS.Framework.Controller.PemsController.OnActionExecuting | Exit
2016-07-15 15:06:43.0400 | Trace | Duncan.PEMS.Framework.Controller.PemsController.OnActionExecuting | Enter
2016-07-15 15:06:43.4530 | Trace | Duncan.PEMS.Framework.Controller.PemsController.OnActionExecuting | UndefinedAction, C: GetBatteryRep, A:Home
2016-07-15 15:06:43.4530 | Debug | Duncan.PEMS.Framework.Controller.PemsController.OnActionExecuting | UndefinedAction Pass execution to action
2016-07-15 15:06:43.4530 | Trace | Duncan.PEMS.Framework.Controller.PemsController.OnActionExecuting | Exit
2016-07-15 15:06:43.6701 | Trace | Duncan.PEMS.Framework.Controller.PemsController.OnActionExecuting | Enter
2016-07-15 15:06:43.7191 | Trace | Duncan.PEMS.Framework.Controller.PemsController.OnActionExecuting | Allowed, C: ReportAssetStatus, A:Reports
2016-07-15 15:06:43.7191 | Debug | Duncan.PEMS.Framework.Controller.PemsController.OnActionExecuting | Allowed Pass execution to action
2016-07-15 15:06:43.7191 | Trace | Duncan.PEMS.Framework.Controller.PemsController.OnActionExecuting | Exit
2016-07-15 15:06:46.2522 | Trace | Duncan.PEMS.Framework.Controller.PemsController.OnActionExecuting | Enter
2016-07-15 15:06:46.7312 | Trace | Duncan.PEMS.Framework.Controller.PemsController.OnActionExecuting | UndefinedAction, C: GetOccupancyForMobile, A:GIS
2016-07-15 15:06:46.7312 | Debug | Duncan.PEMS.Framework.Controller.PemsController.OnActionExecuting | UndefinedAction Pass execution to action
2016-07-15 15:06:46.7312 | Trace | Duncan.PEMS.Framework.Controller.PemsController.OnActionExecuting | Exit
2016-07-15 15:06:47.2393 | Trace | Duncan.PEMS.Framework.Controller.PemsController.OnActionExecuting | Enter
2016-07-15 15:06:47.6563 | Trace | Duncan.PEMS.Framework.Controller.PemsController.OnActionExecuting | UndefinedAction, C: GetEnforceableSpaceRep, A:Home
2016-07-15 15:06:47.6563 | Debug | Duncan.PEMS.Framework.Controller.PemsController.OnActionExecuting | UndefinedAction Pass execution to action
2016-07-15 15:06:47.6563 | Trace | Duncan.PEMS.Framework.Controller.PemsController.OnActionExecuting | Exit
2016-07-15 15:06:48.6323 | Trace | Duncan.PEMS.Framework.Controller.PemsController.OnActionExecuting | Enter
2016-07-15 15:06:48.8214 | Trace | Duncan.PEMS.Framework.Controller.PemsController.OnActionExecuting | UndefinedAction, C: BatteryVoltageIndex, A:Reports
2016-07-15 15:06:48.8214 | Debug | Duncan.PEMS.Framework.Controller.PemsController.OnActionExecuting | UndefinedAction Pass execution to action
2016-07-15 15:06:48.8214 | Trace | Duncan.PEMS.Framework.Controller.PemsController.OnActionExecuting | Exit
2016-07-15 15:06:58.0179 | Trace | Duncan.PEMS.Framework.Controller.PemsController.OnActionExecuting | Enter
2016-07-15 15:06:58.0879 | Trace | Duncan.PEMS.Framework.Controller.PemsController.OnActionExecuting | Allowed, C: ReportAssetStatus, A:Reports
2016-07-15 15:06:58.0879 | Debug | Duncan.PEMS.Framework.Controller.PemsController.OnActionExecuting | Allowed Pass execution to action
2016-07-15 15:06:58.0879 | Trace | Duncan.PEMS.Framework.Controller.PemsController.OnActionExecuting | Exit
2016-07-15 15:07:01.2811 | Trace | Duncan.PEMS.Framework.Controller.PemsController.OnActionExecuting | Enter
2016-07-15 15:07:01.7671 | Trace | Duncan.PEMS.Framework.Controller.PemsController.OnActionExecuting | UndefinedAction, C: BatteryChangeByDay, A:Reports
2016-07-15 15:07:01.7671 | Debug | Duncan.PEMS.Framework.Controller.PemsController.OnActionExecuting | UndefinedAction Pass execution to action
2016-07-15 15:07:01.7671 | Trace | Duncan.PEMS.Framework.Controller.PemsController.OnActionExecuting | Exit
2016-07-15 15:07:05.1823 | Trace | Duncan.PEMS.Framework.Controller.PemsController.OnActionExecuting | Enter
2016-07-15 15:07:05.3473 | Trace | Duncan.PEMS.Framework.Controller.PemsController.OnActionExecuting | Allowed, C: ReportAssetStatus, A:Reports
2016-07-15 15:07:05.3473 | Debug | Duncan.PEMS.Framework.Controller.PemsController.OnActionExecuting | Allowed Pass execution to action
2016-07-15 15:07:05.3473 | Trace | Duncan.PEMS.Framework.Controller.PemsController.OnActionExecuting | Exit
2016-07-15 15:07:09.3805 | Trace | Duncan.PEMS.Framework.Controller.PemsController.OnActionExecuting | Enter
2016-07-15 15:07:09.7916 | Trace | Duncan.PEMS.Framework.Controller.PemsController.OnActionExecuting | UndefinedAction, C: BatteryAnalysis, A:Reports
2016-07-15 15:07:09.7916 | Debug | Duncan.PEMS.Framework.Controller.PemsController.OnActionExecuting | UndefinedAction Pass execution to action
2016-07-15 15:07:09.7916 | Trace | Duncan.PEMS.Framework.Controller.PemsController.OnActionExecuting | Exit
2016-07-15 15:07:19.7351 | Trace | Duncan.PEMS.Framework.Controller.PemsController.OnActionExecuting | Enter
2016-07-15 15:07:19.9951 | Trace | Duncan.PEMS.Framework.Controller.PemsController.OnActionExecuting | UndefinedAction, C: GetBatteryAnalysisDetails, A:BatteryChange
2016-07-15 15:07:19.9951 | Debug | Duncan.PEMS.Framework.Controller.PemsController.OnActionExecuting | UndefinedAction Pass execution to action
2016-07-15 15:07:19.9951 | Trace | Duncan.PEMS.Framework.Controller.PemsController.OnActionExecuting | Exit
2016-07-15 15:07:44.8266 | Trace | Duncan.PEMS.Framework.Controller.PemsController.OnActionExecuting | Enter
2016-07-15 15:07:45.1636 | Trace | Duncan.PEMS.Framework.Controller.PemsController.OnActionExecuting | UndefinedAction, C: GetBatteryAnalysisDetails, A:BatteryChange
2016-07-15 15:07:45.1636 | Debug | Duncan.PEMS.Framework.Controller.PemsController.OnActionExecuting | UndefinedAction Pass execution to action
2016-07-15 15:07:45.1636 | Trace | Duncan.PEMS.Framework.Controller.PemsController.OnActionExecuting | Exit
2016-07-15 15:07:46.4216 | Trace | Duncan.PEMS.Framework.Controller.PemsController.OnActionExecuting | Enter
2016-07-15 15:07:46.9357 | Trace | Duncan.PEMS.Framework.Controller.PemsController.OnActionExecuting | UndefinedAction, C: GetUniqueIDSFromAction, A:BatteryChange
2016-07-15 15:07:46.9357 | Debug | Duncan.PEMS.Framework.Controller.PemsController.OnActionExecuting | UndefinedAction Pass execution to action
2016-07-15 15:07:46.9357 | Trace | Duncan.PEMS.Framework.Controller.PemsController.OnActionExecuting | Exit
2016-07-15 15:07:47.2237 | Trace | Duncan.PEMS.Framework.Controller.PemsController.OnActionExecuting | Enter
2016-07-15 15:07:47.4907 | Trace | Duncan.PEMS.Framework.Controller.PemsController.OnActionExecuting | UndefinedAction, C: GetCommsDataForUniqueIDS, A:BatteryChange
2016-07-15 15:07:47.4907 | Debug | Duncan.PEMS.Framework.Controller.PemsController.OnActionExecuting | UndefinedAction Pass execution to action
2016-07-15 15:07:47.4907 | Trace | Duncan.PEMS.Framework.Controller.PemsController.OnActionExecuting | Exit
2016-07-15 15:07:48.0907 | Trace | Duncan.PEMS.Framework.Controller.PemsController.OnActionExecuting | Enter
2016-07-15 15:07:48.3098 | Trace | Duncan.PEMS.Framework.Controller.PemsController.OnActionExecuting | UndefinedAction, C: GetTrellisChartDataForUniqueIDS, A:BatteryChange
2016-07-15 15:07:48.3098 | Debug | Duncan.PEMS.Framework.Controller.PemsController.OnActionExecuting | UndefinedAction Pass execution to action
2016-07-15 15:07:48.3098 | Trace | Duncan.PEMS.Framework.Controller.PemsController.OnActionExecuting | Exit
2016-07-15 15:07:49.7648 | Trace | Duncan.PEMS.Framework.Controller.PemsController.OnActionExecuting | Enter
2016-07-15 15:07:50.0289 | Trace | Duncan.PEMS.Framework.Controller.PemsController.OnActionExecuting | UndefinedAction, C: GetCommsDataForUniqueIDS, A:BatteryChange
2016-07-15 15:07:50.0289 | Debug | Duncan.PEMS.Framework.Controller.PemsController.OnActionExecuting | UndefinedAction Pass execution to action
2016-07-15 15:07:50.0289 | Trace | Duncan.PEMS.Framework.Controller.PemsController.OnActionExecuting | Exit
2016-07-15 15:07:50.3609 | Trace | Duncan.PEMS.Framework.Controller.PemsController.OnActionExecuting | Enter
2016-07-15 15:07:50.5359 | Trace | Duncan.PEMS.Framework.Controller.PemsController.OnActionExecuting | UndefinedAction, C: GetTrellisChartDataForUniqueIDS, A:BatteryChange
2016-07-15 15:07:50.5359 | Debug | Duncan.PEMS.Framework.Controller.PemsController.OnActionExecuting | UndefinedAction Pass execution to action
2016-07-15 15:07:50.5359 | Trace | Duncan.PEMS.Framework.Controller.PemsController.OnActionExecuting | Exit
2016-07-15 15:07:51.3849 | Trace | Duncan.PEMS.Framework.Controller.PemsController.OnActionExecuting | Enter
2016-07-15 15:07:51.6849 | Trace | Duncan.PEMS.Framework.Controller.PemsController.OnActionExecuting | UndefinedAction, C: GetCommsDataForUniqueIDS, A:BatteryChange
2016-07-15 15:07:51.6849 | Debug | Duncan.PEMS.Framework.Controller.PemsController.OnActionExecuting | UndefinedAction Pass execution to action
2016-07-15 15:07:51.6849 | Trace | Duncan.PEMS.Framework.Controller.PemsController.OnActionExecuting | Exit
2016-07-15 15:07:52.0390 | Trace | Duncan.PEMS.Framework.Controller.PemsController.OnActionExecuting | Enter
2016-07-15 15:07:52.2780 | Trace | Duncan.PEMS.Framework.Controller.PemsController.OnActionExecuting | UndefinedAction, C: GetTrellisChartDataForUniqueIDS, A:BatteryChange
2016-07-15 15:07:52.2780 | Debug | Duncan.PEMS.Framework.Controller.PemsController.OnActionExecuting | UndefinedAction Pass execution to action
2016-07-15 15:07:52.2780 | Trace | Duncan.PEMS.Framework.Controller.PemsController.OnActionExecuting | Exit
2016-07-15 15:07:53.2370 | Trace | Duncan.PEMS.Framework.Controller.PemsController.OnActionExecuting | Enter
2016-07-15 15:07:53.5851 | Trace | Duncan.PEMS.Framework.Controller.PemsController.OnActionExecuting | UndefinedAction, C: GetCommsDataForUniqueIDS, A:BatteryChange
2016-07-15 15:07:53.5851 | Debug | Duncan.PEMS.Framework.Controller.PemsController.OnActionExecuting | UndefinedAction Pass execution to action
2016-07-15 15:07:53.5851 | Trace | Duncan.PEMS.Framework.Controller.PemsController.OnActionExecuting | Exit
2016-07-15 15:07:53.8191 | Trace | Duncan.PEMS.Framework.Controller.PemsController.OnActionExecuting | Enter
2016-07-15 15:07:54.0441 | Trace | Duncan.PEMS.Framework.Controller.PemsController.OnActionExecuting | UndefinedAction, C: GetTrellisChartDataForUniqueIDS, A:BatteryChange
2016-07-15 15:07:54.0441 | Debug | Duncan.PEMS.Framework.Controller.PemsController.OnActionExecuting | UndefinedAction Pass execution to action
2016-07-15 15:07:54.0441 | Trace | Duncan.PEMS.Framework.Controller.PemsController.OnActionExecuting | Exit
2016-07-15 15:07:54.7461 | Trace | Duncan.PEMS.Framework.Controller.PemsController.OnActionExecuting | Enter
2016-07-15 15:07:54.9821 | Trace | Duncan.PEMS.Framework.Controller.PemsController.OnActionExecuting | UndefinedAction, C: GetCommsDataForUniqueIDS, A:BatteryChange
2016-07-15 15:07:54.9821 | Debug | Duncan.PEMS.Framework.Controller.PemsController.OnActionExecuting | UndefinedAction Pass execution to action
2016-07-15 15:07:54.9821 | Trace | Duncan.PEMS.Framework.Controller.PemsController.OnActionExecuting | Exit
2016-07-15 15:07:55.1992 | Trace | Duncan.PEMS.Framework.Controller.PemsController.OnActionExecuting | Enter
2016-07-15 15:07:55.4042 | Trace | Duncan.PEMS.Framework.Controller.PemsController.OnActionExecuting | UndefinedAction, C: GetTrellisChartDataForUniqueIDS, A:BatteryChange
2016-07-15 15:07:55.4052 | Debug | Duncan.PEMS.Framework.Controller.PemsController.OnActionExecuting | UndefinedAction Pass execution to action
2016-07-15 15:07:55.4052 | Trace | Duncan.PEMS.Framework.Controller.PemsController.OnActionExecuting | Exit
2016-07-15 15:07:55.9702 | Trace | Duncan.PEMS.Framework.Controller.PemsController.OnActionExecuting | Enter
2016-07-15 15:07:56.1402 | Trace | Duncan.PEMS.Framework.Controller.PemsController.OnActionExecuting | UndefinedAction, C: GetCommsDataForUniqueIDS, A:BatteryChange
2016-07-15 15:07:56.1402 | Debug | Duncan.PEMS.Framework.Controller.PemsController.OnActionExecuting | UndefinedAction Pass execution to action
2016-07-15 15:07:56.1402 | Trace | Duncan.PEMS.Framework.Controller.PemsController.OnActionExecuting | Exit
2016-07-15 15:07:56.3142 | Trace | Duncan.PEMS.Framework.Controller.PemsController.OnActionExecuting | Enter
2016-07-15 15:07:56.5232 | Trace | Duncan.PEMS.Framework.Controller.PemsController.OnActionExecuting | UndefinedAction, C: GetTrellisChartDataForUniqueIDS, A:BatteryChange
2016-07-15 15:07:56.5232 | Debug | Duncan.PEMS.Framework.Controller.PemsController.OnActionExecuting | UndefinedAction Pass execution to action
2016-07-15 15:07:56.5232 | Trace | Duncan.PEMS.Framework.Controller.PemsController.OnActionExecuting | Exit
2016-07-15 15:07:57.0433 | Trace | Duncan.PEMS.Framework.Controller.PemsController.OnActionExecuting | Enter
2016-07-15 15:07:57.2203 | Trace | Duncan.PEMS.Framework.Controller.PemsController.OnActionExecuting | UndefinedAction, C: GetCommsDataForUniqueIDS, A:BatteryChange
2016-07-15 15:07:57.2203 | Debug | Duncan.PEMS.Framework.Controller.PemsController.OnActionExecuting | UndefinedAction Pass execution to action
2016-07-15 15:07:57.2203 | Trace | Duncan.PEMS.Framework.Controller.PemsController.OnActionExecuting | Exit
2016-07-15 15:07:57.4113 | Trace | Duncan.PEMS.Framework.Controller.PemsController.OnActionExecuting | Enter
2016-07-15 15:07:57.6853 | Trace | Duncan.PEMS.Framework.Controller.PemsController.OnActionExecuting | UndefinedAction, C: GetTrellisChartDataForUniqueIDS, A:BatteryChange
2016-07-15 15:07:57.6853 | Debug | Duncan.PEMS.Framework.Controller.PemsController.OnActionExecuting | UndefinedAction Pass execution to action
2016-07-15 15:07:57.6853 | Trace | Duncan.PEMS.Framework.Controller.PemsController.OnActionExecuting | Exit
2016-07-15 15:07:58.7254 | Trace | Duncan.PEMS.Framework.Controller.PemsController.OnActionExecuting | Enter
2016-07-15 15:07:59.1054 | Trace | Duncan.PEMS.Framework.Controller.PemsController.OnActionExecuting | UndefinedAction, C: GetCommsDataForUniqueIDS, A:BatteryChange
2016-07-15 15:07:59.1054 | Debug | Duncan.PEMS.Framework.Controller.PemsController.OnActionExecuting | UndefinedAction Pass execution to action
2016-07-15 15:07:59.1054 | Trace | Duncan.PEMS.Framework.Controller.PemsController.OnActionExecuting | Exit
2016-07-15 15:07:59.3334 | Trace | Duncan.PEMS.Framework.Controller.PemsController.OnActionExecuting | Enter
2016-07-15 15:07:59.5464 | Trace | Duncan.PEMS.Framework.Controller.PemsController.OnActionExecuting | UndefinedAction, C: GetTrellisChartDataForUniqueIDS, A:BatteryChange
2016-07-15 15:07:59.5464 | Debug | Duncan.PEMS.Framework.Controller.PemsController.OnActionExecuting | UndefinedAction Pass execution to action
2016-07-15 15:07:59.5464 | Trace | Duncan.PEMS.Framework.Controller.PemsController.OnActionExecuting | Exit
2016-07-15 15:08:00.2064 | Trace | Duncan.PEMS.Framework.Controller.PemsController.OnActionExecuting | Enter
2016-07-15 15:08:00.4745 | Trace | Duncan.PEMS.Framework.Controller.PemsController.OnActionExecuting | UndefinedAction, C: GetCommsDataForUniqueIDS, A:BatteryChange
2016-07-15 15:08:00.4745 | Debug | Duncan.PEMS.Framework.Controller.PemsController.OnActionExecuting | UndefinedAction Pass execution to action
2016-07-15 15:08:00.4755 | Trace | Duncan.PEMS.Framework.Controller.PemsController.OnActionExecuting | Exit
2016-07-15 15:08:00.8315 | Trace | Duncan.PEMS.Framework.Controller.PemsController.OnActionExecuting | Enter
2016-07-15 15:08:01.0225 | Trace | Duncan.PEMS.Framework.Controller.PemsController.OnActionExecuting | UndefinedAction, C: GetTrellisChartDataForUniqueIDS, A:BatteryChange
2016-07-15 15:08:01.0225 | Debug | Duncan.PEMS.Framework.Controller.PemsController.OnActionExecuting | UndefinedAction Pass execution to action
2016-07-15 15:08:01.0225 | Trace | Duncan.PEMS.Framework.Controller.PemsController.OnActionExecuting | Exit
2016-07-15 15:08:01.6865 | Trace | Duncan.PEMS.Framework.Controller.PemsController.OnActionExecuting | Enter
2016-07-15 15:08:01.9115 | Trace | Duncan.PEMS.Framework.Controller.PemsController.OnActionExecuting | UndefinedAction, C: GetCommsDataForUniqueIDS, A:BatteryChange
2016-07-15 15:08:01.9115 | Debug | Duncan.PEMS.Framework.Controller.PemsController.OnActionExecuting | UndefinedAction Pass execution to action
2016-07-15 15:08:01.9115 | Trace | Duncan.PEMS.Framework.Controller.PemsController.OnActionExecuting | Exit
2016-07-15 15:08:02.1495 | Trace | Duncan.PEMS.Framework.Controller.PemsController.OnActionExecuting | Enter
2016-07-15 15:08:02.3886 | Trace | Duncan.PEMS.Framework.Controller.PemsController.OnActionExecuting | UndefinedAction, C: GetTrellisChartDataForUniqueIDS, A:BatteryChange
2016-07-15 15:08:02.3886 | Debug | Duncan.PEMS.Framework.Controller.PemsController.OnActionExecuting | UndefinedAction Pass execution to action
2016-07-15 15:08:02.3886 | Trace | Duncan.PEMS.Framework.Controller.PemsController.OnActionExecuting | Exit
2016-07-15 15:08:02.9416 | Trace | Duncan.PEMS.Framework.Controller.PemsController.OnActionExecuting | Enter
2016-07-15 15:08:03.2576 | Trace | Duncan.PEMS.Framework.Controller.PemsController.OnActionExecuting | UndefinedAction, C: GetCommsDataForUniqueIDS, A:BatteryChange
2016-07-15 15:08:03.2576 | Debug | Duncan.PEMS.Framework.Controller.PemsController.OnActionExecuting | UndefinedAction Pass execution to action
2016-07-15 15:08:03.2576 | Trace | Duncan.PEMS.Framework.Controller.PemsController.OnActionExecuting | Exit
2016-07-15 15:08:03.4376 | Trace | Duncan.PEMS.Framework.Controller.PemsController.OnActionExecuting | Enter
2016-07-15 15:08:03.6026 | Trace | Duncan.PEMS.Framework.Controller.PemsController.OnActionExecuting | UndefinedAction, C: GetTrellisChartDataForUniqueIDS, A:BatteryChange
2016-07-15 15:08:03.6026 | Debug | Duncan.PEMS.Framework.Controller.PemsController.OnActionExecuting | UndefinedAction Pass execution to action
2016-07-15 15:08:03.6026 | Trace | Duncan.PEMS.Framework.Controller.PemsController.OnActionExecuting | Exit
2016-07-15 15:08:04.0517 | Trace | Duncan.PEMS.Framework.Controller.PemsController.OnActionExecuting | Enter
2016-07-15 15:08:04.2517 | Trace | Duncan.PEMS.Framework.Controller.PemsController.OnActionExecuting | UndefinedAction, C: GetCommsDataForUniqueIDS, A:BatteryChange
2016-07-15 15:08:04.2517 | Debug | Duncan.PEMS.Framework.Controller.PemsController.OnActionExecuting | UndefinedAction Pass execution to action
2016-07-15 15:08:04.2517 | Trace | Duncan.PEMS.Framework.Controller.PemsController.OnActionExecuting | Exit
2016-07-15 15:08:04.4197 | Trace | Duncan.PEMS.Framework.Controller.PemsController.OnActionExecuting | Enter
2016-07-15 15:08:04.5607 | Trace | Duncan.PEMS.Framework.Controller.PemsController.OnActionExecuting | UndefinedAction, C: GetTrellisChartDataForUniqueIDS, A:BatteryChange
2016-07-15 15:08:04.5607 | Debug | Duncan.PEMS.Framework.Controller.PemsController.OnActionExecuting | UndefinedAction Pass execution to action
2016-07-15 15:08:04.5607 | Trace | Duncan.PEMS.Framework.Controller.PemsController.OnActionExecuting | Exit
2016-07-15 15:08:04.9357 | Trace | Duncan.PEMS.Framework.Controller.PemsController.OnActionExecuting | Enter
2016-07-15 15:08:05.0587 | Trace | Duncan.PEMS.Framework.Controller.PemsController.OnActionExecuting | UndefinedAction, C: GetCommsDataForUniqueIDS, A:BatteryChange
2016-07-15 15:08:05.0587 | Debug | Duncan.PEMS.Framework.Controller.PemsController.OnActionExecuting | UndefinedAction Pass execution to action
2016-07-15 15:08:05.0587 | Trace | Duncan.PEMS.Framework.Controller.PemsController.OnActionExecuting | Exit
2016-07-15 15:08:05.2087 | Trace | Duncan.PEMS.Framework.Controller.PemsController.OnActionExecuting | Enter
2016-07-15 15:08:05.3457 | Trace | Duncan.PEMS.Framework.Controller.PemsController.OnActionExecuting | UndefinedAction, C: GetTrellisChartDataForUniqueIDS, A:BatteryChange
2016-07-15 15:08:05.3457 | Debug | Duncan.PEMS.Framework.Controller.PemsController.OnActionExecuting | UndefinedAction Pass execution to action
2016-07-15 15:08:05.3457 | Trace | Duncan.PEMS.Framework.Controller.PemsController.OnActionExecuting | Exit
2016-07-15 15:08:05.8478 | Trace | Duncan.PEMS.Framework.Controller.PemsController.OnActionExecuting | Enter
2016-07-15 15:08:06.0228 | Trace | Duncan.PEMS.Framework.Controller.PemsController.OnActionExecuting | UndefinedAction, C: GetCommsDataForUniqueIDS, A:BatteryChange
2016-07-15 15:08:06.0228 | Debug | Duncan.PEMS.Framework.Controller.PemsController.OnActionExecuting | UndefinedAction Pass execution to action
2016-07-15 15:08:06.0228 | Trace | Duncan.PEMS.Framework.Controller.PemsController.OnActionExecuting | Exit
2016-07-15 15:08:06.1798 | Trace | Duncan.PEMS.Framework.Controller.PemsController.OnActionExecuting | Enter
2016-07-15 15:08:06.2798 | Trace | Duncan.PEMS.Framework.Controller.PemsController.OnActionExecuting | UndefinedAction, C: GetTrellisChartDataForUniqueIDS, A:BatteryChange
2016-07-15 15:08:06.2798 | Debug | Duncan.PEMS.Framework.Controller.PemsController.OnActionExecuting | UndefinedAction Pass execution to action
2016-07-15 15:08:06.2798 | Trace | Duncan.PEMS.Framework.Controller.PemsController.OnActionExecuting | Exit
2016-07-15 15:08:06.6948 | Trace | Duncan.PEMS.Framework.Controller.PemsController.OnActionExecuting | Enter
2016-07-15 15:08:06.7888 | Trace | Duncan.PEMS.Framework.Controller.PemsController.OnActionExecuting | UndefinedAction, C: GetCommsDataForUniqueIDS, A:BatteryChange
2016-07-15 15:08:06.7888 | Debug | Duncan.PEMS.Framework.Controller.PemsController.OnActionExecuting | UndefinedAction Pass execution to action
2016-07-15 15:08:06.7888 | Trace | Duncan.PEMS.Framework.Controller.PemsController.OnActionExecuting | Exit
2016-07-15 15:08:06.9338 | Trace | Duncan.PEMS.Framework.Controller.PemsController.OnActionExecuting | Enter
2016-07-15 15:08:07.0468 | Trace | Duncan.PEMS.Framework.Controller.PemsController.OnActionExecuting | UndefinedAction, C: GetTrellisChartDataForUniqueIDS, A:BatteryChange
2016-07-15 15:08:07.0468 | Debug | Duncan.PEMS.Framework.Controller.PemsController.OnActionExecuting | UndefinedAction Pass execution to action
2016-07-15 15:08:07.0468 | Trace | Duncan.PEMS.Framework.Controller.PemsController.OnActionExecuting | Exit
2016-07-15 15:08:07.4469 | Trace | Duncan.PEMS.Framework.Controller.PemsController.OnActionExecuting | Enter
2016-07-15 15:08:07.5529 | Trace | Duncan.PEMS.Framework.Controller.PemsController.OnActionExecuting | UndefinedAction, C: GetCommsDataForUniqueIDS, A:BatteryChange
2016-07-15 15:08:07.5529 | Debug | Duncan.PEMS.Framework.Controller.PemsController.OnActionExecuting | UndefinedAction Pass execution to action
2016-07-15 15:08:07.5529 | Trace | Duncan.PEMS.Framework.Controller.PemsController.OnActionExecuting | Exit
2016-07-15 15:08:07.6889 | Trace | Duncan.PEMS.Framework.Controller.PemsController.OnActionExecuting | Enter
2016-07-15 15:08:07.7819 | Trace | Duncan.PEMS.Framework.Controller.PemsController.OnActionExecuting | UndefinedAction, C: GetTrellisChartDataForUniqueIDS, A:BatteryChange
2016-07-15 15:08:07.7819 | Debug | Duncan.PEMS.Framework.Controller.PemsController.OnActionExecuting | UndefinedAction Pass execution to action
2016-07-15 15:08:07.7819 | Trace | Duncan.PEMS.Framework.Controller.PemsController.OnActionExecuting | Exit
2016-07-15 15:08:08.1139 | Trace | Duncan.PEMS.Framework.Controller.PemsController.OnActionExecuting | Enter
2016-07-15 15:08:08.2079 | Trace | Duncan.PEMS.Framework.Controller.PemsController.OnActionExecuting | UndefinedAction, C: GetCommsDataForUniqueIDS, A:BatteryChange
2016-07-15 15:08:08.2079 | Debug | Duncan.PEMS.Framework.Controller.PemsController.OnActionExecuting | UndefinedAction Pass execution to action
2016-07-15 15:08:08.2079 | Trace | Duncan.PEMS.Framework.Controller.PemsController.OnActionExecuting | Exit
2016-07-15 15:08:08.3249 | Trace | Duncan.PEMS.Framework.Controller.PemsController.OnActionExecuting | Enter
2016-07-15 15:08:08.4269 | Trace | Duncan.PEMS.Framework.Controller.PemsController.OnActionExecuting | UndefinedAction, C: GetTrellisChartDataForUniqueIDS, A:BatteryChange
2016-07-15 15:08:08.4269 | Debug | Duncan.PEMS.Framework.Controller.PemsController.OnActionExecuting | UndefinedAction Pass execution to action
2016-07-15 15:08:08.4269 | Trace | Duncan.PEMS.Framework.Controller.PemsController.OnActionExecuting | Exit
2016-07-15 15:08:08.7879 | Trace | Duncan.PEMS.Framework.Controller.PemsController.OnActionExecuting | Enter
2016-07-15 15:08:08.9029 | Trace | Duncan.PEMS.Framework.Controller.PemsController.OnActionExecuting | UndefinedAction, C: GetCommsDataForUniqueIDS, A:BatteryChange
2016-07-15 15:08:08.9029 | Debug | Duncan.PEMS.Framework.Controller.PemsController.OnActionExecuting | UndefinedAction Pass execution to action
2016-07-15 15:08:08.9029 | Trace | Duncan.PEMS.Framework.Controller.PemsController.OnActionExecuting | Exit
2016-07-15 15:08:09.0689 | Trace | Duncan.PEMS.Framework.Controller.PemsController.OnActionExecuting | Enter
2016-07-15 15:08:09.1940 | Trace | Duncan.PEMS.Framework.Controller.PemsController.OnActionExecuting | UndefinedAction, C: GetTrellisChartDataForUniqueIDS, A:BatteryChange
2016-07-15 15:08:09.1940 | Debug | Duncan.PEMS.Framework.Controller.PemsController.OnActionExecuting | UndefinedAction Pass execution to action
2016-07-15 15:08:09.1940 | Trace | Duncan.PEMS.Framework.Controller.PemsController.OnActionExecuting | Exit
2016-07-15 15:08:09.5430 | Trace | Duncan.PEMS.Framework.Controller.PemsController.OnActionExecuting | Enter
2016-07-15 15:08:09.6390 | Trace | Duncan.PEMS.Framework.Controller.PemsController.OnActionExecuting | UndefinedAction, C: GetCommsDataForUniqueIDS, A:BatteryChange
2016-07-15 15:08:09.6390 | Debug | Duncan.PEMS.Framework.Controller.PemsController.OnActionExecuting | UndefinedAction Pass execution to action
2016-07-15 15:08:09.6390 | Trace | Duncan.PEMS.Framework.Controller.PemsController.OnActionExecuting | Exit
2016-07-15 15:08:09.7600 | Trace | Duncan.PEMS.Framework.Controller.PemsController.OnActionExecuting | Enter
2016-07-15 15:08:09.8630 | Trace | Duncan.PEMS.Framework.Controller.PemsController.OnActionExecuting | UndefinedAction, C: GetTrellisChartDataForUniqueIDS, A:BatteryChange
2016-07-15 15:08:09.8630 | Debug | Duncan.PEMS.Framework.Controller.PemsController.OnActionExecuting | UndefinedAction Pass execution to action
2016-07-15 15:08:09.8630 | Trace | Duncan.PEMS.Framework.Controller.PemsController.OnActionExecuting | Exit
2016-07-15 15:08:10.2250 | Trace | Duncan.PEMS.Framework.Controller.PemsController.OnActionExecuting | Enter
2016-07-15 15:08:10.3400 | Trace | Duncan.PEMS.Framework.Controller.PemsController.OnActionExecuting | UndefinedAction, C: GetCommsDataForUniqueIDS, A:BatteryChange
2016-07-15 15:08:10.3400 | Debug | Duncan.PEMS.Framework.Controller.PemsController.OnActionExecuting | UndefinedAction Pass execution to action
2016-07-15 15:08:10.3400 | Trace | Duncan.PEMS.Framework.Controller.PemsController.OnActionExecuting | Exit
2016-07-15 15:08:10.4770 | Trace | Duncan.PEMS.Framework.Controller.PemsController.OnActionExecuting | Enter
2016-07-15 15:08:10.5830 | Trace | Duncan.PEMS.Framework.Controller.PemsController.OnActionExecuting | UndefinedAction, C: GetTrellisChartDataForUniqueIDS, A:BatteryChange
2016-07-15 15:08:10.5830 | Debug | Duncan.PEMS.Framework.Controller.PemsController.OnActionExecuting | UndefinedAction Pass execution to action
2016-07-15 15:08:10.5830 | Trace | Duncan.PEMS.Framework.Controller.PemsController.OnActionExecuting | Exit
2016-07-15 15:08:10.9150 | Trace | Duncan.PEMS.Framework.Controller.PemsController.OnActionExecuting | Enter
2016-07-15 15:08:11.0061 | Trace | Duncan.PEMS.Framework.Controller.PemsController.OnActionExecuting | UndefinedAction, C: GetCommsDataForUniqueIDS, A:BatteryChange
2016-07-15 15:08:11.0061 | Debug | Duncan.PEMS.Framework.Controller.PemsController.OnActionExecuting | UndefinedAction Pass execution to action
2016-07-15 15:08:11.0061 | Trace | Duncan.PEMS.Framework.Controller.PemsController.OnActionExecuting | Exit
2016-07-15 15:08:11.1111 | Trace | Duncan.PEMS.Framework.Controller.PemsController.OnActionExecuting | Enter
2016-07-15 15:08:11.2051 | Trace | Duncan.PEMS.Framework.Controller.PemsController.OnActionExecuting | UndefinedAction, C: GetTrellisChartDataForUniqueIDS, A:BatteryChange
2016-07-15 15:08:11.2051 | Debug | Duncan.PEMS.Framework.Controller.PemsController.OnActionExecuting | UndefinedAction Pass execution to action
2016-07-15 15:08:11.2051 | Trace | Duncan.PEMS.Framework.Controller.PemsController.OnActionExecuting | Exit
