2015-10-30 15:37:56.6555 | Trace | Duncan.PEMS.Framework.Controller.PemsController.OnActionExecuting | Enter
2015-10-30 15:37:57.2045 | Trace | Duncan.PEMS.Framework.Controller.PemsController.OnActionExecuting | Allowed, C: Index, A:Home
2015-10-30 15:37:57.2045 | Debug | Duncan.PEMS.Framework.Controller.PemsController.OnActionExecuting | Allowed Pass execution to action
2015-10-30 15:37:57.2045 | Trace | Duncan.PEMS.Framework.Controller.PemsController.OnActionExecuting | Exit
2015-10-30 15:39:12.7528 | Trace | Duncan.PEMS.Framework.Controller.PemsController.OnActionExecuting | Enter
2015-10-30 15:39:12.8638 | Trace | Duncan.PEMS.Framework.Controller.PemsController.OnActionExecuting | UndefinedAction, C: GetAssetTypes_HomePage, A:GIS
2015-10-30 15:39:12.8638 | Debug | Duncan.PEMS.Framework.Controller.PemsController.OnActionExecuting | UndefinedAction Pass execution to action
2015-10-30 15:39:12.8638 | Trace | Duncan.PEMS.Framework.Controller.PemsController.OnActionExecuting | Exit
2015-10-30 15:39:14.5809 | Trace | Duncan.PEMS.Framework.Controller.PemsController.OnActionExecuting | Enter
2015-10-30 15:39:14.6109 | Trace | Duncan.PEMS.Framework.Controller.PemsController.OnActionExecuting | UndefinedAction, C: GetCustomerGridDetails_NewHome, A:GIS
2015-10-30 15:39:14.6109 | Debug | Duncan.PEMS.Framework.Controller.PemsController.OnActionExecuting | UndefinedAction Pass execution to action
2015-10-30 15:39:14.6109 | Trace | Duncan.PEMS.Framework.Controller.PemsController.OnActionExecuting | Exit
2015-10-30 15:39:16.0600 | Trace | Duncan.PEMS.Framework.Controller.PemsController.OnActionExecuting | Enter
2015-10-30 15:39:16.0840 | Trace | Duncan.PEMS.Framework.Controller.PemsController.OnActionExecuting | UndefinedAction, C: GetCustomerGridDetails_NewHome, A:GIS
2015-10-30 15:39:16.0840 | Debug | Duncan.PEMS.Framework.Controller.PemsController.OnActionExecuting | UndefinedAction Pass execution to action
2015-10-30 15:39:16.0840 | Trace | Duncan.PEMS.Framework.Controller.PemsController.OnActionExecuting | Exit
2015-10-30 15:43:28.6355 | Trace | Duncan.PEMS.Framework.Controller.PemsController.OnActionExecuting | Enter
2015-10-30 15:43:31.3956 | Trace | Duncan.PEMS.Framework.Controller.PemsController.OnActionExecuting | Allowed, C: Index, A:Home
2015-10-30 15:43:31.3966 | Debug | Duncan.PEMS.Framework.Controller.PemsController.OnActionExecuting | Allowed Pass execution to action
2015-10-30 15:43:31.3966 | Trace | Duncan.PEMS.Framework.Controller.PemsController.OnActionExecuting | Exit
2015-10-30 15:43:41.8832 | Trace | Duncan.PEMS.Framework.Controller.PemsController.OnActionExecuting | Enter
2015-10-30 15:43:42.1462 | Trace | Duncan.PEMS.Framework.Controller.PemsController.OnActionExecuting | Allowed, C: Index, A:Home
2015-10-30 15:43:42.1462 | Debug | Duncan.PEMS.Framework.Controller.PemsController.OnActionExecuting | Allowed Pass execution to action
2015-10-30 15:43:42.1462 | Trace | Duncan.PEMS.Framework.Controller.PemsController.OnActionExecuting | Exit
2015-10-30 16:01:30.9504 | Trace | Duncan.PEMS.Framework.Controller.PemsController.OnActionExecuting | Enter
2015-10-30 16:01:32.1784 | Trace | Duncan.PEMS.Framework.Controller.PemsController.OnActionExecuting | UndefinedAction, C: GetAssetTypes_HomePage, A:GIS
2015-10-30 16:01:32.1784 | Debug | Duncan.PEMS.Framework.Controller.PemsController.OnActionExecuting | UndefinedAction Pass execution to action
2015-10-30 16:01:32.1784 | Trace | Duncan.PEMS.Framework.Controller.PemsController.OnActionExecuting | Exit
2015-10-30 16:01:32.4655 | Trace | Duncan.PEMS.Framework.Controller.PemsController.OnActionExecuting | Enter
2015-10-30 16:01:32.8575 | Trace | Duncan.PEMS.Framework.Controller.PemsController.OnActionExecuting | UndefinedAction, C: GetCustomerGridDetails_NewHome, A:GIS
2015-10-30 16:01:32.8575 | Debug | Duncan.PEMS.Framework.Controller.PemsController.OnActionExecuting | UndefinedAction Pass execution to action
2015-10-30 16:01:32.8575 | Trace | Duncan.PEMS.Framework.Controller.PemsController.OnActionExecuting | Exit
2015-10-30 16:01:34.6726 | Trace | Duncan.PEMS.Framework.Controller.PemsController.OnActionExecuting | Enter
2015-10-30 16:01:35.1326 | Trace | Duncan.PEMS.Framework.Controller.PemsController.OnActionExecuting | UndefinedAction, C: GetCustomerGridDetails_NewHome, A:GIS
2015-10-30 16:01:35.1326 | Debug | Duncan.PEMS.Framework.Controller.PemsController.OnActionExecuting | UndefinedAction Pass execution to action
2015-10-30 16:01:35.1326 | Trace | Duncan.PEMS.Framework.Controller.PemsController.OnActionExecuting | Exit
2015-10-30 16:09:47.1678 | Trace | Duncan.PEMS.Framework.Controller.PemsController.OnActionExecuting | Enter
2015-10-30 16:09:50.7060 | Trace | Duncan.PEMS.Framework.Controller.PemsController.OnActionExecuting | Allowed, C: Index, A:Home
2015-10-30 16:09:50.7060 | Debug | Duncan.PEMS.Framework.Controller.PemsController.OnActionExecuting | Allowed Pass execution to action
2015-10-30 16:09:50.7060 | Trace | Duncan.PEMS.Framework.Controller.PemsController.OnActionExecuting | Exit
2015-10-30 16:11:04.2182 | Trace | Duncan.PEMS.Framework.Controller.PemsController.OnActionExecuting | Enter
2015-10-30 16:11:04.7522 | Trace | Duncan.PEMS.Framework.Controller.PemsController.OnActionExecuting | UndefinedAction, C: GetAssetTypes_HomePage, A:GIS
2015-10-30 16:11:04.7522 | Debug | Duncan.PEMS.Framework.Controller.PemsController.OnActionExecuting | UndefinedAction Pass execution to action
2015-10-30 16:11:04.7522 | Trace | Duncan.PEMS.Framework.Controller.PemsController.OnActionExecuting | Exit
2015-10-30 16:11:05.3112 | Trace | Duncan.PEMS.Framework.Controller.PemsController.OnActionExecuting | Enter
2015-10-30 16:11:06.0523 | Trace | Duncan.PEMS.Framework.Controller.PemsController.OnActionExecuting | UndefinedAction, C: GetCustomerGridDetails_NewHome, A:GIS
2015-10-30 16:11:06.0533 | Debug | Duncan.PEMS.Framework.Controller.PemsController.OnActionExecuting | UndefinedAction Pass execution to action
2015-10-30 16:11:06.0533 | Trace | Duncan.PEMS.Framework.Controller.PemsController.OnActionExecuting | Exit
2015-10-30 16:11:07.3553 | Trace | Duncan.PEMS.Framework.Controller.PemsController.OnActionExecuting | Enter
2015-10-30 16:11:08.1604 | Trace | Duncan.PEMS.Framework.Controller.PemsController.OnActionExecuting | UndefinedAction, C: GetCustomerGridDetails_NewHome, A:GIS
2015-10-30 16:11:08.1604 | Debug | Duncan.PEMS.Framework.Controller.PemsController.OnActionExecuting | UndefinedAction Pass execution to action
2015-10-30 16:11:08.1604 | Trace | Duncan.PEMS.Framework.Controller.PemsController.OnActionExecuting | Exit
