2015-02-26 16:42:39.2045 | Trace | Duncan.PEMS.Framework.Controller.PemsController.OnActionExecuting | Enter
2015-02-26 16:42:39.3006 | Trace | Duncan.PEMS.Framework.Controller.PemsController.OnActionExecuting | Allowed, C: Index, A:Home
2015-02-26 16:42:39.3006 | Debug | Duncan.PEMS.Framework.Controller.PemsController.OnActionExecuting | Allowed Pass execution to action
2015-02-26 16:42:39.3006 | Trace | Duncan.PEMS.Framework.Controller.PemsController.OnActionExecuting | Exit
2015-02-26 16:43:12.1494 | Trace | Duncan.PEMS.Framework.Controller.PemsController.OnActionExecuting | Enter
2015-02-26 16:43:12.3874 | Trace | Duncan.PEMS.Framework.Controller.PemsController.OnActionExecuting | UndefinedAction, C: GetAssetTypes_HomePage, A:GIS
2015-02-26 16:43:12.3874 | Debug | Duncan.PEMS.Framework.Controller.PemsController.OnActionExecuting | UndefinedAction Pass execution to action
2015-02-26 16:43:12.3874 | Trace | Duncan.PEMS.Framework.Controller.PemsController.OnActionExecuting | Exit
2015-02-26 16:43:12.9825 | Trace | Duncan.PEMS.Framework.Controller.PemsController.OnActionExecuting | Enter
2015-02-26 16:43:13.0565 | Trace | Duncan.PEMS.Framework.Controller.PemsController.OnActionExecuting | UndefinedAction, C: GetCustomerGridDetails_New, A:GIS
2015-02-26 16:43:13.0565 | Debug | Duncan.PEMS.Framework.Controller.PemsController.OnActionExecuting | UndefinedAction Pass execution to action
2015-02-26 16:43:13.0565 | Trace | Duncan.PEMS.Framework.Controller.PemsController.OnActionExecuting | Exit
2015-02-26 16:43:13.9855 | Trace | Duncan.PEMS.Framework.Controller.PemsController.OnActionExecuting | Enter
2015-02-26 16:43:14.1055 | Trace | Duncan.PEMS.Framework.Controller.PemsController.OnActionExecuting | UndefinedAction, C: GetCustomerGridDetails_New, A:GIS
2015-02-26 16:43:14.1055 | Debug | Duncan.PEMS.Framework.Controller.PemsController.OnActionExecuting | UndefinedAction Pass execution to action
2015-02-26 16:43:14.1055 | Trace | Duncan.PEMS.Framework.Controller.PemsController.OnActionExecuting | Exit
2015-02-26 16:43:14.2555 | Error | Duncan.PEMS.Web.Areas.city.Controllers.GISController.GetCustomerGridDetails_New | ERROR IN GetCustomerGridDetails Method (GIS Reports)
2015-02-26 16:43:23.9707 | Trace | Duncan.PEMS.Framework.Controller.PemsController.OnActionExecuting | Enter
2015-02-26 16:43:24.0087 | Trace | Duncan.PEMS.Framework.Controller.PemsController.OnActionExecuting | Allowed, C: ReportPEMSReports, A:Reports
2015-02-26 16:43:24.0087 | Debug | Duncan.PEMS.Framework.Controller.PemsController.OnActionExecuting | Allowed Pass execution to action
2015-02-26 16:43:24.0087 | Trace | Duncan.PEMS.Framework.Controller.PemsController.OnActionExecuting | Exit
2015-02-26 16:43:26.5208 | Trace | Duncan.PEMS.Framework.Controller.PemsController.OnActionExecuting | Enter
2015-02-26 16:43:26.6048 | Trace | Duncan.PEMS.Framework.Controller.PemsController.OnActionExecuting | UndefinedAction, C: RptFrame19, A:Reports
2015-02-26 16:43:26.6048 | Debug | Duncan.PEMS.Framework.Controller.PemsController.OnActionExecuting | UndefinedAction Pass execution to action
2015-02-26 16:43:26.6048 | Trace | Duncan.PEMS.Framework.Controller.PemsController.OnActionExecuting | Exit
2015-02-26 16:43:26.6598 | Trace | Duncan.PEMS.Framework.Controller.PemsController.OnActionExecuting | Enter
2015-02-26 16:43:26.7378 | Trace | Duncan.PEMS.Framework.Controller.PemsController.OnActionExecuting | UndefinedAction, C: ReportViewer, A:Reporting
2015-02-26 16:43:26.7378 | Debug | Duncan.PEMS.Framework.Controller.PemsController.OnActionExecuting | UndefinedAction Pass execution to action
2015-02-26 16:43:26.7378 | Trace | Duncan.PEMS.Framework.Controller.PemsController.OnActionExecuting | Exit
2015-02-26 16:48:44.8105 | Trace | Duncan.PEMS.Framework.Controller.PemsController.OnActionExecuting | Enter
2015-02-26 16:48:44.8995 | Trace | Duncan.PEMS.Framework.Controller.PemsController.OnActionExecuting | UndefinedAction, C: ReportViewer, A:Reporting
2015-02-26 16:48:44.8995 | Debug | Duncan.PEMS.Framework.Controller.PemsController.OnActionExecuting | UndefinedAction Pass execution to action
2015-02-26 16:48:44.8995 | Trace | Duncan.PEMS.Framework.Controller.PemsController.OnActionExecuting | Exit
2015-02-26 17:51:23.6986 | Trace | Duncan.PEMS.Framework.Controller.PemsController.OnActionExecuting | Enter
2015-02-26 17:51:24.0186 | Trace | Duncan.PEMS.Framework.Controller.PemsController.OnActionExecuting | Allowed, C: Index, A:Home
2015-02-26 17:51:24.0186 | Debug | Duncan.PEMS.Framework.Controller.PemsController.OnActionExecuting | Allowed Pass execution to action
2015-02-26 17:51:24.0186 | Trace | Duncan.PEMS.Framework.Controller.PemsController.OnActionExecuting | Exit
2015-02-26 17:51:55.1744 | Trace | Duncan.PEMS.Framework.Controller.PemsController.OnActionExecuting | Enter
2015-02-26 17:51:55.7044 | Trace | Duncan.PEMS.Framework.Controller.PemsController.OnActionExecuting | UndefinedAction, C: GetAssetTypes_HomePage, A:GIS
2015-02-26 17:51:55.7104 | Debug | Duncan.PEMS.Framework.Controller.PemsController.OnActionExecuting | UndefinedAction Pass execution to action
2015-02-26 17:51:55.7104 | Trace | Duncan.PEMS.Framework.Controller.PemsController.OnActionExecuting | Exit
2015-02-26 17:51:56.1114 | Trace | Duncan.PEMS.Framework.Controller.PemsController.OnActionExecuting | Enter
2015-02-26 17:51:56.4184 | Trace | Duncan.PEMS.Framework.Controller.PemsController.OnActionExecuting | UndefinedAction, C: GetCustomerGridDetails_New, A:GIS
2015-02-26 17:51:56.4184 | Debug | Duncan.PEMS.Framework.Controller.PemsController.OnActionExecuting | UndefinedAction Pass execution to action
2015-02-26 17:51:56.4184 | Trace | Duncan.PEMS.Framework.Controller.PemsController.OnActionExecuting | Exit
2015-02-26 17:51:56.6674 | Error | Duncan.PEMS.Web.Areas.city.Controllers.GISController.GetCustomerGridDetails_New | ERROR IN GetCustomerGridDetails Method (GIS Reports)
2015-02-26 17:51:57.1325 | Trace | Duncan.PEMS.Framework.Controller.PemsController.OnActionExecuting | Enter
2015-02-26 17:51:57.2345 | Trace | Duncan.PEMS.Framework.Controller.PemsController.OnActionExecuting | UndefinedAction, C: GetCustomerGridDetails_New, A:GIS
2015-02-26 17:51:57.2345 | Debug | Duncan.PEMS.Framework.Controller.PemsController.OnActionExecuting | UndefinedAction Pass execution to action
2015-02-26 17:51:57.2345 | Trace | Duncan.PEMS.Framework.Controller.PemsController.OnActionExecuting | Exit
2015-02-26 17:52:01.7745 | Trace | Duncan.PEMS.Framework.Controller.PemsController.OnActionExecuting | Enter
2015-02-26 17:52:01.8355 | Trace | Duncan.PEMS.Framework.Controller.PemsController.OnActionExecuting | Allowed, C: ReportPEMSReports, A:Reports
2015-02-26 17:52:01.8355 | Debug | Duncan.PEMS.Framework.Controller.PemsController.OnActionExecuting | Allowed Pass execution to action
2015-02-26 17:52:01.8355 | Trace | Duncan.PEMS.Framework.Controller.PemsController.OnActionExecuting | Exit
2015-02-26 17:52:04.9337 | Trace | Duncan.PEMS.Framework.Controller.PemsController.OnActionExecuting | Enter
2015-02-26 17:52:05.0517 | Trace | Duncan.PEMS.Framework.Controller.PemsController.OnActionExecuting | UndefinedAction, C: RptFrame19, A:Reports
2015-02-26 17:52:05.0517 | Debug | Duncan.PEMS.Framework.Controller.PemsController.OnActionExecuting | UndefinedAction Pass execution to action
2015-02-26 17:52:05.0517 | Trace | Duncan.PEMS.Framework.Controller.PemsController.OnActionExecuting | Exit
2015-02-26 17:52:05.3127 | Trace | Duncan.PEMS.Framework.Controller.PemsController.OnActionExecuting | Enter
2015-02-26 17:52:05.3877 | Trace | Duncan.PEMS.Framework.Controller.PemsController.OnActionExecuting | UndefinedAction, C: ReportViewer, A:Reporting
2015-02-26 17:52:05.3877 | Debug | Duncan.PEMS.Framework.Controller.PemsController.OnActionExecuting | UndefinedAction Pass execution to action
2015-02-26 17:52:05.3877 | Trace | Duncan.PEMS.Framework.Controller.PemsController.OnActionExecuting | Exit
