2015-09-01 15:34:28.4236 | Trace | Duncan.PEMS.Framework.Controller.PemsController.OnActionExecuting | Enter
2015-09-01 15:34:28.5256 | Trace | Duncan.PEMS.Framework.Controller.PemsController.OnActionExecuting | Allowed, C: Index, A:Home
2015-09-01 15:34:28.5256 | Debug | Duncan.PEMS.Framework.Controller.PemsController.OnActionExecuting | Allowed Pass execution to action
2015-09-01 15:34:28.5256 | Trace | Duncan.PEMS.Framework.Controller.PemsController.OnActionExecuting | Exit
2015-09-01 15:34:57.2462 | Trace | Duncan.PEMS.Framework.Controller.PemsController.OnActionExecuting | Enter
2015-09-01 15:34:57.5532 | Trace | Duncan.PEMS.Framework.Controller.PemsController.OnActionExecuting | UndefinedAction, C: GetAssetTypes_HomePage, A:GIS
2015-09-01 15:34:57.5532 | Debug | Duncan.PEMS.Framework.Controller.PemsController.OnActionExecuting | UndefinedAction Pass execution to action
2015-09-01 15:34:57.5532 | Trace | Duncan.PEMS.Framework.Controller.PemsController.OnActionExecuting | Exit
2015-09-01 15:34:57.9932 | Trace | Duncan.PEMS.Framework.Controller.PemsController.OnActionExecuting | Enter
2015-09-01 15:34:58.1373 | Trace | Duncan.PEMS.Framework.Controller.PemsController.OnActionExecuting | UndefinedAction, C: GetCustomerGridDetails_NewHome, A:GIS
2015-09-01 15:34:58.1373 | Debug | Duncan.PEMS.Framework.Controller.PemsController.OnActionExecuting | UndefinedAction Pass execution to action
2015-09-01 15:34:58.1373 | Trace | Duncan.PEMS.Framework.Controller.PemsController.OnActionExecuting | Exit
2015-09-01 15:34:59.0203 | Trace | Duncan.PEMS.Framework.Controller.PemsController.OnActionExecuting | Enter
2015-09-01 15:34:59.1663 | Trace | Duncan.PEMS.Framework.Controller.PemsController.OnActionExecuting | UndefinedAction, C: GetCustomerGridDetails_NewHome, A:GIS
2015-09-01 15:34:59.1663 | Debug | Duncan.PEMS.Framework.Controller.PemsController.OnActionExecuting | UndefinedAction Pass execution to action
2015-09-01 15:34:59.1663 | Trace | Duncan.PEMS.Framework.Controller.PemsController.OnActionExecuting | Exit
2015-09-01 15:35:06.3357 | Trace | Duncan.PEMS.Framework.Controller.PemsController.OnActionExecuting | Enter
2015-09-01 15:35:06.3807 | Trace | Duncan.PEMS.Framework.Controller.PemsController.OnActionExecuting | Allowed, C: Index, A:Occupancy
2015-09-01 15:35:06.3807 | Debug | Duncan.PEMS.Framework.Controller.PemsController.OnActionExecuting | Allowed Pass execution to action
2015-09-01 15:35:06.3807 | Trace | Duncan.PEMS.Framework.Controller.PemsController.OnActionExecuting | Exit
2015-09-01 15:35:08.4558 | Trace | Duncan.PEMS.Framework.Controller.PemsController.OnActionExecuting | Enter
2015-09-01 15:35:08.5478 | Trace | Duncan.PEMS.Framework.Controller.PemsController.OnActionExecuting | UndefinedAction, C: GetTimeTypes, A:Occupancy
2015-09-01 15:35:08.5478 | Debug | Duncan.PEMS.Framework.Controller.PemsController.OnActionExecuting | UndefinedAction Pass execution to action
2015-09-01 15:35:08.5478 | Trace | Duncan.PEMS.Framework.Controller.PemsController.OnActionExecuting | Exit
2015-09-01 15:35:08.6219 | Trace | Duncan.PEMS.Framework.Controller.PemsController.OnActionExecuting | Enter
2015-09-01 15:35:08.7039 | Trace | Duncan.PEMS.Framework.Controller.PemsController.OnActionExecuting | UndefinedAction, C: GetNoncompliantStatuses, A:Occupancy
2015-09-01 15:35:08.7039 | Debug | Duncan.PEMS.Framework.Controller.PemsController.OnActionExecuting | UndefinedAction Pass execution to action
2015-09-01 15:35:08.7039 | Trace | Duncan.PEMS.Framework.Controller.PemsController.OnActionExecuting | Exit
2015-09-01 15:35:08.7589 | Trace | Duncan.PEMS.Framework.Controller.PemsController.OnActionExecuting | Enter
2015-09-01 15:35:08.8339 | Trace | Duncan.PEMS.Framework.Controller.PemsController.OnActionExecuting | UndefinedAction, C: GetOccupancyStatuses, A:Occupancy
2015-09-01 15:35:08.8339 | Debug | Duncan.PEMS.Framework.Controller.PemsController.OnActionExecuting | UndefinedAction Pass execution to action
2015-09-01 15:35:08.8339 | Trace | Duncan.PEMS.Framework.Controller.PemsController.OnActionExecuting | Exit
2015-09-01 15:35:08.9109 | Trace | Duncan.PEMS.Framework.Controller.PemsController.OnActionExecuting | Enter
2015-09-01 15:35:08.9989 | Trace | Duncan.PEMS.Framework.Controller.PemsController.OnActionExecuting | UndefinedAction, C: GetOperationalStatuses, A:Occupancy
2015-09-01 15:35:08.9989 | Debug | Duncan.PEMS.Framework.Controller.PemsController.OnActionExecuting | UndefinedAction Pass execution to action
2015-09-01 15:35:08.9989 | Trace | Duncan.PEMS.Framework.Controller.PemsController.OnActionExecuting | Exit
2015-09-01 15:35:09.0529 | Trace | Duncan.PEMS.Framework.Controller.PemsController.OnActionExecuting | Enter
2015-09-01 15:35:09.1419 | Trace | Duncan.PEMS.Framework.Controller.PemsController.OnActionExecuting | UndefinedAction, C: GetAssetTypes, A:Occupancy
2015-09-01 15:35:09.1419 | Debug | Duncan.PEMS.Framework.Controller.PemsController.OnActionExecuting | UndefinedAction Pass execution to action
2015-09-01 15:35:09.1419 | Trace | Duncan.PEMS.Framework.Controller.PemsController.OnActionExecuting | Exit
2015-09-01 15:35:09.4669 | Trace | Duncan.PEMS.Framework.Controller.PemsController.OnActionExecuting | Enter
2015-09-01 15:35:09.5459 | Trace | Duncan.PEMS.Framework.Controller.PemsController.OnActionExecuting | UndefinedAction, C: GetOperationalStatuses, A:Occupancy
2015-09-01 15:35:09.5459 | Debug | Duncan.PEMS.Framework.Controller.PemsController.OnActionExecuting | UndefinedAction Pass execution to action
2015-09-01 15:35:09.5459 | Trace | Duncan.PEMS.Framework.Controller.PemsController.OnActionExecuting | Exit
2015-09-01 15:35:09.6279 | Trace | Duncan.PEMS.Framework.Controller.PemsController.OnActionExecuting | Enter
2015-09-01 15:35:09.7039 | Trace | Duncan.PEMS.Framework.Controller.PemsController.OnActionExecuting | UndefinedAction, C: GetTimeTypes, A:Occupancy
2015-09-01 15:35:09.7039 | Debug | Duncan.PEMS.Framework.Controller.PemsController.OnActionExecuting | UndefinedAction Pass execution to action
2015-09-01 15:35:09.7039 | Trace | Duncan.PEMS.Framework.Controller.PemsController.OnActionExecuting | Exit
2015-09-01 15:35:09.9859 | Trace | Duncan.PEMS.Framework.Controller.PemsController.OnActionExecuting | Enter
2015-09-01 15:35:10.0559 | Trace | Duncan.PEMS.Framework.Controller.PemsController.OnActionExecuting | UndefinedAction, C: GetOccupancyStatuses, A:Occupancy
2015-09-01 15:35:10.0659 | Debug | Duncan.PEMS.Framework.Controller.PemsController.OnActionExecuting | UndefinedAction Pass execution to action
2015-09-01 15:35:10.0659 | Trace | Duncan.PEMS.Framework.Controller.PemsController.OnActionExecuting | Exit
2015-09-01 15:35:10.1449 | Trace | Duncan.PEMS.Framework.Controller.PemsController.OnActionExecuting | Enter
2015-09-01 15:35:10.2289 | Trace | Duncan.PEMS.Framework.Controller.PemsController.OnActionExecuting | UndefinedAction, C: GetAssetTypes, A:Occupancy
2015-09-01 15:35:10.2289 | Debug | Duncan.PEMS.Framework.Controller.PemsController.OnActionExecuting | UndefinedAction Pass execution to action
2015-09-01 15:35:10.2289 | Trace | Duncan.PEMS.Framework.Controller.PemsController.OnActionExecuting | Exit
2015-09-01 15:35:10.4859 | Trace | Duncan.PEMS.Framework.Controller.PemsController.OnActionExecuting | Enter
2015-09-01 15:35:10.6029 | Trace | Duncan.PEMS.Framework.Controller.PemsController.OnActionExecuting | UndefinedAction, C: GetNoncompliantStatuses, A:Occupancy
2015-09-01 15:35:10.6029 | Debug | Duncan.PEMS.Framework.Controller.PemsController.OnActionExecuting | UndefinedAction Pass execution to action
2015-09-01 15:35:10.6029 | Trace | Duncan.PEMS.Framework.Controller.PemsController.OnActionExecuting | Exit
2015-09-01 15:35:11.0599 | Trace | Duncan.PEMS.Framework.Controller.PemsController.OnActionExecuting | Enter
2015-09-01 15:35:11.0599 | Trace | Duncan.PEMS.Framework.Controller.PemsController.OnActionExecuting | UndefinedAjax, C: GetGridData, A:Occupancy
2015-09-01 15:35:11.0599 | Debug | Duncan.PEMS.Framework.Controller.PemsController.OnActionExecuting | UndefinedAjax Pass execution to action
2015-09-01 15:35:11.0599 | Trace | Duncan.PEMS.Framework.Controller.PemsController.OnActionExecuting | Exit
2015-09-01 15:35:11.2329 | Trace | Duncan.PEMS.Framework.Controller.PemsController.OnActionExecuting | Enter
2015-09-01 15:35:11.3139 | Trace | Duncan.PEMS.Framework.Controller.PemsController.OnActionExecuting | UndefinedAction, C: GetItems, A:Occupancy
2015-09-01 15:35:11.3139 | Debug | Duncan.PEMS.Framework.Controller.PemsController.OnActionExecuting | UndefinedAction Pass execution to action
2015-09-01 15:35:11.3139 | Trace | Duncan.PEMS.Framework.Controller.PemsController.OnActionExecuting | Exit
