2016-02-24 10:32:00.9098 | Trace | Duncan.PEMS.Framework.Controller.PemsController.OnActionExecuting | Enter
2016-02-24 10:32:08.6112 | Trace | Duncan.PEMS.Framework.Controller.PemsController.OnActionExecuting | Allowed, C: Index, A:Home
2016-02-24 10:32:08.6112 | Debug | Duncan.PEMS.Framework.Controller.PemsController.OnActionExecuting | Allowed Pass execution to action
2016-02-24 10:32:08.6132 | Trace | Duncan.PEMS.Framework.Controller.PemsController.OnActionExecuting | Exit
2016-02-24 10:34:47.9503 | Trace | Duncan.PEMS.Framework.Controller.PemsController.OnActionExecuting | Enter
2016-02-24 10:34:50.5865 | Trace | Duncan.PEMS.Framework.Controller.PemsController.OnActionExecuting | UndefinedAction, C: GetEnforceableSpaceRep, A:Home
2016-02-24 10:34:50.5865 | Debug | Duncan.PEMS.Framework.Controller.PemsController.OnActionExecuting | UndefinedAction Pass execution to action
2016-02-24 10:34:50.5865 | Trace | Duncan.PEMS.Framework.Controller.PemsController.OnActionExecuting | Exit
2016-02-24 10:34:52.0196 | Trace | Duncan.PEMS.Framework.Controller.PemsController.OnActionExecuting | Enter
2016-02-24 10:34:53.8297 | Trace | Duncan.PEMS.Framework.Controller.PemsController.OnActionExecuting | UndefinedAction, C: GetAssetTypes_HomePage, A:GIS
2016-02-24 10:34:53.8297 | Debug | Duncan.PEMS.Framework.Controller.PemsController.OnActionExecuting | UndefinedAction Pass execution to action
2016-02-24 10:34:53.8297 | Trace | Duncan.PEMS.Framework.Controller.PemsController.OnActionExecuting | Exit
2016-02-24 10:34:55.1478 | Trace | Duncan.PEMS.Framework.Controller.PemsController.OnActionExecuting | Enter
2016-02-24 10:34:57.0629 | Trace | Duncan.PEMS.Framework.Controller.PemsController.OnActionExecuting | UndefinedAction, C: GetOccupancyForMobile, A:GIS
2016-02-24 10:34:57.0629 | Debug | Duncan.PEMS.Framework.Controller.PemsController.OnActionExecuting | UndefinedAction Pass execution to action
2016-02-24 10:34:57.0629 | Trace | Duncan.PEMS.Framework.Controller.PemsController.OnActionExecuting | Exit
2016-02-24 10:34:59.2340 | Trace | Duncan.PEMS.Framework.Controller.PemsController.OnActionExecuting | Enter
2016-02-24 10:35:01.1221 | Trace | Duncan.PEMS.Framework.Controller.PemsController.OnActionExecuting | UndefinedAction, C: GetBatteryRep, A:Home
2016-02-24 10:35:01.1221 | Debug | Duncan.PEMS.Framework.Controller.PemsController.OnActionExecuting | UndefinedAction Pass execution to action
2016-02-24 10:35:01.1221 | Trace | Duncan.PEMS.Framework.Controller.PemsController.OnActionExecuting | Exit
2016-02-24 10:35:03.3092 | Trace | Duncan.PEMS.Framework.Controller.PemsController.OnActionExecuting | Enter
2016-02-24 10:35:05.0753 | Trace | Duncan.PEMS.Framework.Controller.PemsController.OnActionExecuting | UndefinedAction, C: GetChangeBatteryRep, A:Home
2016-02-24 10:35:05.0753 | Debug | Duncan.PEMS.Framework.Controller.PemsController.OnActionExecuting | UndefinedAction Pass execution to action
2016-02-24 10:35:05.0753 | Trace | Duncan.PEMS.Framework.Controller.PemsController.OnActionExecuting | Exit
2016-02-24 10:35:06.3574 | Trace | Duncan.PEMS.Framework.Controller.PemsController.OnActionExecuting | Enter
2016-02-24 10:35:08.1145 | Trace | Duncan.PEMS.Framework.Controller.PemsController.OnActionExecuting | UndefinedAction, C: GetSensorCommRep, A:Home
2016-02-24 10:35:08.1145 | Debug | Duncan.PEMS.Framework.Controller.PemsController.OnActionExecuting | UndefinedAction Pass execution to action
2016-02-24 10:35:08.1145 | Trace | Duncan.PEMS.Framework.Controller.PemsController.OnActionExecuting | Exit
2016-02-24 10:35:09.8876 | Trace | Duncan.PEMS.Framework.Controller.PemsController.OnActionExecuting | Enter
2016-02-24 10:35:11.6397 | Trace | Duncan.PEMS.Framework.Controller.PemsController.OnActionExecuting | UndefinedAction, C: GetSpacestatusSensorRep, A:Home
2016-02-24 10:35:11.6397 | Debug | Duncan.PEMS.Framework.Controller.PemsController.OnActionExecuting | UndefinedAction Pass execution to action
2016-02-24 10:35:11.6397 | Trace | Duncan.PEMS.Framework.Controller.PemsController.OnActionExecuting | Exit
2016-02-24 10:36:04.2877 | Trace | Duncan.PEMS.Framework.Controller.PemsController.OnActionExecuting | Enter
2016-02-24 10:36:06.6638 | Trace | Duncan.PEMS.Framework.Controller.PemsController.OnActionExecuting | Allowed, C: ScheduleFD, A:FileUpload
2016-02-24 10:36:06.6638 | Debug | Duncan.PEMS.Framework.Controller.PemsController.OnActionExecuting | Allowed Pass execution to action
2016-02-24 10:36:06.6638 | Trace | Duncan.PEMS.Framework.Controller.PemsController.OnActionExecuting | Exit
2016-02-24 10:36:16.9284 | Trace | Duncan.PEMS.Framework.Controller.PemsController.OnActionExecuting | Enter
2016-02-24 10:36:18.7525 | Trace | Duncan.PEMS.Framework.Controller.PemsController.OnActionExecuting | UndefinedAction, C: GetGroupingElements, A:FileUpload
2016-02-24 10:36:18.7525 | Debug | Duncan.PEMS.Framework.Controller.PemsController.OnActionExecuting | UndefinedAction Pass execution to action
2016-02-24 10:36:18.7525 | Trace | Duncan.PEMS.Framework.Controller.PemsController.OnActionExecuting | Exit
2016-02-24 10:36:19.7046 | Trace | Duncan.PEMS.Framework.Controller.PemsController.OnActionExecuting | Enter
2016-02-24 10:36:21.8467 | Trace | Duncan.PEMS.Framework.Controller.PemsController.OnActionExecuting | UndefinedAction, C: GetFileTypes, A:FileUpload
2016-02-24 10:36:21.8467 | Debug | Duncan.PEMS.Framework.Controller.PemsController.OnActionExecuting | UndefinedAction Pass execution to action
2016-02-24 10:36:21.8467 | Trace | Duncan.PEMS.Framework.Controller.PemsController.OnActionExecuting | Exit
2016-02-24 10:36:23.1248 | Trace | Duncan.PEMS.Framework.Controller.PemsController.OnActionExecuting | Enter
2016-02-24 10:36:24.9309 | Trace | Duncan.PEMS.Framework.Controller.PemsController.OnActionExecuting | UndefinedAction, C: GetFileTypes, A:FileUpload
2016-02-24 10:36:24.9309 | Debug | Duncan.PEMS.Framework.Controller.PemsController.OnActionExecuting | UndefinedAction Pass execution to action
2016-02-24 10:36:24.9309 | Trace | Duncan.PEMS.Framework.Controller.PemsController.OnActionExecuting | Exit
2016-02-24 10:36:26.2620 | Trace | Duncan.PEMS.Framework.Controller.PemsController.OnActionExecuting | Enter
2016-02-24 10:36:28.7261 | Trace | Duncan.PEMS.Framework.Controller.PemsController.OnActionExecuting | UndefinedAction, C: GetLocationsForListBox, A:FileUpload
2016-02-24 10:36:28.7261 | Debug | Duncan.PEMS.Framework.Controller.PemsController.OnActionExecuting | UndefinedAction Pass execution to action
2016-02-24 10:36:28.7261 | Trace | Duncan.PEMS.Framework.Controller.PemsController.OnActionExecuting | Exit
2016-02-24 10:36:30.3382 | Trace | Duncan.PEMS.Framework.Controller.PemsController.OnActionExecuting | Enter
2016-02-24 10:36:32.1053 | Trace | Duncan.PEMS.Framework.Controller.PemsController.OnActionExecuting | UndefinedAction, C: GetFileTypes, A:FileUpload
2016-02-24 10:36:32.1053 | Debug | Duncan.PEMS.Framework.Controller.PemsController.OnActionExecuting | UndefinedAction Pass execution to action
2016-02-24 10:36:32.1053 | Trace | Duncan.PEMS.Framework.Controller.PemsController.OnActionExecuting | Exit
2016-02-24 10:36:33.3864 | Trace | Duncan.PEMS.Framework.Controller.PemsController.OnActionExecuting | Enter
2016-02-24 10:36:35.2525 | Trace | Duncan.PEMS.Framework.Controller.PemsController.OnActionExecuting | UndefinedAction, C: GetFileTypes, A:FileUpload
2016-02-24 10:36:35.2525 | Debug | Duncan.PEMS.Framework.Controller.PemsController.OnActionExecuting | UndefinedAction Pass execution to action
2016-02-24 10:36:35.2525 | Trace | Duncan.PEMS.Framework.Controller.PemsController.OnActionExecuting | Exit
2016-02-24 10:36:36.9366 | Trace | Duncan.PEMS.Framework.Controller.PemsController.OnActionExecuting | Enter
2016-02-24 10:36:38.6907 | Trace | Duncan.PEMS.Framework.Controller.PemsController.OnActionExecuting | UndefinedAction, C: GetFileTypes, A:FileUpload
2016-02-24 10:36:38.6907 | Debug | Duncan.PEMS.Framework.Controller.PemsController.OnActionExecuting | UndefinedAction Pass execution to action
2016-02-24 10:36:38.6907 | Trace | Duncan.PEMS.Framework.Controller.PemsController.OnActionExecuting | Exit
2016-02-24 10:36:40.0088 | Trace | Duncan.PEMS.Framework.Controller.PemsController.OnActionExecuting | Enter
2016-02-24 10:36:41.7989 | Trace | Duncan.PEMS.Framework.Controller.PemsController.OnActionExecuting | UndefinedAction, C: GetFileTypes, A:FileUpload
2016-02-24 10:36:41.7989 | Debug | Duncan.PEMS.Framework.Controller.PemsController.OnActionExecuting | UndefinedAction Pass execution to action
2016-02-24 10:36:41.7989 | Trace | Duncan.PEMS.Framework.Controller.PemsController.OnActionExecuting | Exit
2016-02-24 10:37:32.5518 | Trace | Duncan.PEMS.Framework.Controller.PemsController.OnActionExecuting | Enter
2016-02-24 10:37:34.2629 | Trace | Duncan.PEMS.Framework.Controller.PemsController.OnActionExecuting | Allowed, C: Index, A:FileUpload
2016-02-24 10:37:34.2629 | Debug | Duncan.PEMS.Framework.Controller.PemsController.OnActionExecuting | Allowed Pass execution to action
2016-02-24 10:37:34.2629 | Trace | Duncan.PEMS.Framework.Controller.PemsController.OnActionExecuting | Exit
2016-02-24 10:37:39.1541 | Trace | Duncan.PEMS.Framework.Controller.PemsController.OnActionExecuting | Enter
2016-02-24 10:37:40.9402 | Trace | Duncan.PEMS.Framework.Controller.PemsController.OnActionExecuting | UndefinedAction, C: GetFileTypesForUpload, A:FileUpload
2016-02-24 10:37:40.9402 | Debug | Duncan.PEMS.Framework.Controller.PemsController.OnActionExecuting | UndefinedAction Pass execution to action
2016-02-24 10:37:40.9402 | Trace | Duncan.PEMS.Framework.Controller.PemsController.OnActionExecuting | Exit
2016-02-24 10:38:46.9230 | Trace | Duncan.PEMS.Framework.Controller.PemsController.OnActionExecuting | Enter
2016-02-24 10:38:48.6251 | Trace | Duncan.PEMS.Framework.Controller.PemsController.OnActionExecuting | Allowed, C: ScheduleFD, A:FileUpload
2016-02-24 10:38:48.6251 | Debug | Duncan.PEMS.Framework.Controller.PemsController.OnActionExecuting | Allowed Pass execution to action
2016-02-24 10:38:48.6251 | Trace | Duncan.PEMS.Framework.Controller.PemsController.OnActionExecuting | Exit
2016-02-24 10:38:52.1213 | Trace | Duncan.PEMS.Framework.Controller.PemsController.OnActionExecuting | Enter
2016-02-24 10:38:53.9254 | Trace | Duncan.PEMS.Framework.Controller.PemsController.OnActionExecuting | UndefinedAction, C: GetGroupingElements, A:FileUpload
2016-02-24 10:38:53.9254 | Debug | Duncan.PEMS.Framework.Controller.PemsController.OnActionExecuting | UndefinedAction Pass execution to action
2016-02-24 10:38:53.9254 | Trace | Duncan.PEMS.Framework.Controller.PemsController.OnActionExecuting | Exit
2016-02-24 10:38:55.6405 | Trace | Duncan.PEMS.Framework.Controller.PemsController.OnActionExecuting | Enter
2016-02-24 10:38:57.4016 | Trace | Duncan.PEMS.Framework.Controller.PemsController.OnActionExecuting | UndefinedAction, C: GetFileTypes, A:FileUpload
2016-02-24 10:38:57.4016 | Debug | Duncan.PEMS.Framework.Controller.PemsController.OnActionExecuting | UndefinedAction Pass execution to action
2016-02-24 10:38:57.4016 | Trace | Duncan.PEMS.Framework.Controller.PemsController.OnActionExecuting | Exit
2016-02-24 10:38:59.4647 | Trace | Duncan.PEMS.Framework.Controller.PemsController.OnActionExecuting | Enter
2016-02-24 10:39:01.2478 | Trace | Duncan.PEMS.Framework.Controller.PemsController.OnActionExecuting | UndefinedAction, C: GetFileTypes, A:FileUpload
2016-02-24 10:39:01.2478 | Debug | Duncan.PEMS.Framework.Controller.PemsController.OnActionExecuting | UndefinedAction Pass execution to action
2016-02-24 10:39:01.2478 | Trace | Duncan.PEMS.Framework.Controller.PemsController.OnActionExecuting | Exit
2016-02-24 10:39:03.3290 | Trace | Duncan.PEMS.Framework.Controller.PemsController.OnActionExecuting | Enter
2016-02-24 10:39:05.1211 | Trace | Duncan.PEMS.Framework.Controller.PemsController.OnActionExecuting | UndefinedAction, C: GetFileTypes, A:FileUpload
2016-02-24 10:39:05.1211 | Debug | Duncan.PEMS.Framework.Controller.PemsController.OnActionExecuting | UndefinedAction Pass execution to action
2016-02-24 10:39:05.1211 | Trace | Duncan.PEMS.Framework.Controller.PemsController.OnActionExecuting | Exit
2016-02-24 10:39:06.4151 | Trace | Duncan.PEMS.Framework.Controller.PemsController.OnActionExecuting | Enter
2016-02-24 10:39:08.2572 | Trace | Duncan.PEMS.Framework.Controller.PemsController.OnActionExecuting | UndefinedAction, C: GetFileTypes, A:FileUpload
2016-02-24 10:39:08.2572 | Debug | Duncan.PEMS.Framework.Controller.PemsController.OnActionExecuting | UndefinedAction Pass execution to action
2016-02-24 10:39:08.2572 | Trace | Duncan.PEMS.Framework.Controller.PemsController.OnActionExecuting | Exit
2016-02-24 10:39:09.9603 | Trace | Duncan.PEMS.Framework.Controller.PemsController.OnActionExecuting | Enter
2016-02-24 10:39:11.7194 | Trace | Duncan.PEMS.Framework.Controller.PemsController.OnActionExecuting | UndefinedAction, C: GetFileTypes, A:FileUpload
2016-02-24 10:39:11.7194 | Debug | Duncan.PEMS.Framework.Controller.PemsController.OnActionExecuting | UndefinedAction Pass execution to action
2016-02-24 10:39:11.7194 | Trace | Duncan.PEMS.Framework.Controller.PemsController.OnActionExecuting | Exit
2016-02-24 10:39:13.5135 | Trace | Duncan.PEMS.Framework.Controller.PemsController.OnActionExecuting | Enter
2016-02-24 10:39:15.2716 | Trace | Duncan.PEMS.Framework.Controller.PemsController.OnActionExecuting | UndefinedAction, C: GetFileTypes, A:FileUpload
2016-02-24 10:39:15.2716 | Debug | Duncan.PEMS.Framework.Controller.PemsController.OnActionExecuting | UndefinedAction Pass execution to action
2016-02-24 10:39:15.2716 | Trace | Duncan.PEMS.Framework.Controller.PemsController.OnActionExecuting | Exit
2016-02-24 10:45:04.0496 | Trace | Duncan.PEMS.Framework.Controller.PemsController.OnActionExecuting | Enter
2016-02-24 10:45:06.6257 | Trace | Duncan.PEMS.Framework.Controller.PemsController.OnActionExecuting | UndefinedAction, C: GetLocationsForListBox, A:FileUpload
2016-02-24 10:45:06.6257 | Debug | Duncan.PEMS.Framework.Controller.PemsController.OnActionExecuting | UndefinedAction Pass execution to action
2016-02-24 10:45:06.6257 | Trace | Duncan.PEMS.Framework.Controller.PemsController.OnActionExecuting | Exit
2016-02-24 10:47:07.7407 | Trace | Duncan.PEMS.Framework.Controller.PemsController.OnActionExecuting | Enter
2016-02-24 10:47:09.3818 | Trace | Duncan.PEMS.Framework.Controller.PemsController.OnActionExecuting | UndefinedAction, C: GetListOfFileNames, A:FileUpload
2016-02-24 10:47:09.3818 | Debug | Duncan.PEMS.Framework.Controller.PemsController.OnActionExecuting | UndefinedAction Pass execution to action
2016-02-24 10:47:09.3818 | Trace | Duncan.PEMS.Framework.Controller.PemsController.OnActionExecuting | Exit
2016-02-24 10:47:39.1815 | Trace | Duncan.PEMS.Framework.Controller.PemsController.OnActionExecuting | Enter
2016-02-24 10:47:40.8295 | Trace | Duncan.PEMS.Framework.Controller.PemsController.OnActionExecuting | UndefinedAction, C: GetLocationsForListBox, A:FileUpload
2016-02-24 10:47:40.8295 | Debug | Duncan.PEMS.Framework.Controller.PemsController.OnActionExecuting | UndefinedAction Pass execution to action
2016-02-24 10:47:40.8295 | Trace | Duncan.PEMS.Framework.Controller.PemsController.OnActionExecuting | Exit
2016-02-24 10:51:11.7426 | Trace | Duncan.PEMS.Framework.Controller.PemsController.OnActionExecuting | Enter
2016-02-24 10:51:15.0088 | Trace | Duncan.PEMS.Framework.Controller.PemsController.OnActionExecuting | UndefinedAction, C: GetListOfFileNames, A:FileUpload
2016-02-24 10:51:15.0088 | Debug | Duncan.PEMS.Framework.Controller.PemsController.OnActionExecuting | UndefinedAction Pass execution to action
2016-02-24 10:51:15.0088 | Trace | Duncan.PEMS.Framework.Controller.PemsController.OnActionExecuting | Exit
2016-02-24 11:01:52.8703 | Trace | Duncan.PEMS.Framework.Controller.PemsController.OnActionExecuting | Enter
2016-02-24 11:01:58.0446 | Trace | Duncan.PEMS.Framework.Controller.PemsController.OnActionExecuting | Allowed, C: Index, A:Home
2016-02-24 11:01:58.0446 | Debug | Duncan.PEMS.Framework.Controller.PemsController.OnActionExecuting | Allowed Pass execution to action
2016-02-24 11:01:58.0446 | Trace | Duncan.PEMS.Framework.Controller.PemsController.OnActionExecuting | Exit
2016-02-24 11:03:33.6220 | Trace | Duncan.PEMS.Framework.Controller.PemsController.OnActionExecuting | Enter
2016-02-24 11:03:36.4112 | Trace | Duncan.PEMS.Framework.Controller.PemsController.OnActionExecuting | UndefinedAction, C: GetListOfFileNames, A:FileUpload
2016-02-24 11:03:36.4112 | Debug | Duncan.PEMS.Framework.Controller.PemsController.OnActionExecuting | UndefinedAction Pass execution to action
2016-02-24 11:03:36.4112 | Trace | Duncan.PEMS.Framework.Controller.PemsController.OnActionExecuting | Exit
2016-02-24 11:04:19.7127 | Trace | Duncan.PEMS.Framework.Controller.PemsController.OnActionExecuting | Enter
2016-02-24 11:04:21.7438 | Trace | Duncan.PEMS.Framework.Controller.PemsController.OnActionExecuting | UndefinedAction, C: GetBatteryRep, A:Home
2016-02-24 11:04:21.7438 | Debug | Duncan.PEMS.Framework.Controller.PemsController.OnActionExecuting | UndefinedAction Pass execution to action
2016-02-24 11:04:21.7438 | Trace | Duncan.PEMS.Framework.Controller.PemsController.OnActionExecuting | Exit
2016-02-24 11:04:23.0199 | Trace | Duncan.PEMS.Framework.Controller.PemsController.OnActionExecuting | Enter
2016-02-24 11:04:24.8320 | Trace | Duncan.PEMS.Framework.Controller.PemsController.OnActionExecuting | UndefinedAction, C: GetAssetTypes_HomePage, A:GIS
2016-02-24 11:04:24.8320 | Debug | Duncan.PEMS.Framework.Controller.PemsController.OnActionExecuting | UndefinedAction Pass execution to action
2016-02-24 11:04:24.8320 | Trace | Duncan.PEMS.Framework.Controller.PemsController.OnActionExecuting | Exit
2016-02-24 11:04:26.1451 | Trace | Duncan.PEMS.Framework.Controller.PemsController.OnActionExecuting | Enter
2016-02-24 11:04:27.9222 | Trace | Duncan.PEMS.Framework.Controller.PemsController.OnActionExecuting | UndefinedAction, C: GetOccupancyForMobile, A:GIS
2016-02-24 11:04:27.9222 | Debug | Duncan.PEMS.Framework.Controller.PemsController.OnActionExecuting | UndefinedAction Pass execution to action
2016-02-24 11:04:27.9222 | Trace | Duncan.PEMS.Framework.Controller.PemsController.OnActionExecuting | Exit
2016-02-24 11:04:29.6162 | Trace | Duncan.PEMS.Framework.Controller.PemsController.OnActionExecuting | Enter
2016-02-24 11:04:31.5214 | Trace | Duncan.PEMS.Framework.Controller.PemsController.OnActionExecuting | UndefinedAction, C: GetChangeBatteryRep, A:Home
2016-02-24 11:04:31.5214 | Debug | Duncan.PEMS.Framework.Controller.PemsController.OnActionExecuting | UndefinedAction Pass execution to action
2016-02-24 11:04:31.5214 | Trace | Duncan.PEMS.Framework.Controller.PemsController.OnActionExecuting | Exit
2016-02-24 11:04:33.2285 | Trace | Duncan.PEMS.Framework.Controller.PemsController.OnActionExecuting | Enter
2016-02-24 11:04:34.9546 | Trace | Duncan.PEMS.Framework.Controller.PemsController.OnActionExecuting | Allowed, C: ScheduleFD, A:FileUpload
2016-02-24 11:04:34.9546 | Debug | Duncan.PEMS.Framework.Controller.PemsController.OnActionExecuting | Allowed Pass execution to action
2016-02-24 11:04:34.9546 | Trace | Duncan.PEMS.Framework.Controller.PemsController.OnActionExecuting | Exit
2016-02-24 11:04:43.3500 | Trace | Duncan.PEMS.Framework.Controller.PemsController.OnActionExecuting | Enter
2016-02-24 11:04:45.1911 | Trace | Duncan.PEMS.Framework.Controller.PemsController.OnActionExecuting | UndefinedAction, C: GetFileTypes, A:FileUpload
2016-02-24 11:04:45.1911 | Debug | Duncan.PEMS.Framework.Controller.PemsController.OnActionExecuting | UndefinedAction Pass execution to action
2016-02-24 11:04:45.1911 | Trace | Duncan.PEMS.Framework.Controller.PemsController.OnActionExecuting | Exit
2016-02-24 11:04:46.4452 | Trace | Duncan.PEMS.Framework.Controller.PemsController.OnActionExecuting | Enter
2016-02-24 11:04:48.2163 | Trace | Duncan.PEMS.Framework.Controller.PemsController.OnActionExecuting | UndefinedAction, C: GetFileTypes, A:FileUpload
2016-02-24 11:04:48.2163 | Debug | Duncan.PEMS.Framework.Controller.PemsController.OnActionExecuting | UndefinedAction Pass execution to action
2016-02-24 11:04:48.2163 | Trace | Duncan.PEMS.Framework.Controller.PemsController.OnActionExecuting | Exit
2016-02-24 11:04:49.8754 | Trace | Duncan.PEMS.Framework.Controller.PemsController.OnActionExecuting | Enter
2016-02-24 11:04:51.6395 | Trace | Duncan.PEMS.Framework.Controller.PemsController.OnActionExecuting | UndefinedAction, C: GetFileTypes, A:FileUpload
2016-02-24 11:04:51.6395 | Debug | Duncan.PEMS.Framework.Controller.PemsController.OnActionExecuting | UndefinedAction Pass execution to action
2016-02-24 11:04:51.6395 | Trace | Duncan.PEMS.Framework.Controller.PemsController.OnActionExecuting | Exit
2016-02-24 11:04:52.9316 | Trace | Duncan.PEMS.Framework.Controller.PemsController.OnActionExecuting | Enter
2016-02-24 11:04:54.7617 | Trace | Duncan.PEMS.Framework.Controller.PemsController.OnActionExecuting | UndefinedAction, C: GetFileTypes, A:FileUpload
2016-02-24 11:04:54.7617 | Debug | Duncan.PEMS.Framework.Controller.PemsController.OnActionExecuting | UndefinedAction Pass execution to action
2016-02-24 11:04:54.7617 | Trace | Duncan.PEMS.Framework.Controller.PemsController.OnActionExecuting | Exit
2016-02-24 11:04:56.2498 | Trace | Duncan.PEMS.Framework.Controller.PemsController.OnActionExecuting | Enter
2016-02-24 11:04:58.0159 | Trace | Duncan.PEMS.Framework.Controller.PemsController.OnActionExecuting | UndefinedAction, C: GetFileTypes, A:FileUpload
2016-02-24 11:04:58.0159 | Debug | Duncan.PEMS.Framework.Controller.PemsController.OnActionExecuting | UndefinedAction Pass execution to action
2016-02-24 11:04:58.0169 | Trace | Duncan.PEMS.Framework.Controller.PemsController.OnActionExecuting | Exit
2016-02-24 11:05:00.3410 | Trace | Duncan.PEMS.Framework.Controller.PemsController.OnActionExecuting | Enter
2016-02-24 11:05:02.1901 | Trace | Duncan.PEMS.Framework.Controller.PemsController.OnActionExecuting | UndefinedAction, C: GetGroupingElements, A:FileUpload
2016-02-24 11:05:02.1901 | Debug | Duncan.PEMS.Framework.Controller.PemsController.OnActionExecuting | UndefinedAction Pass execution to action
2016-02-24 11:05:02.1901 | Trace | Duncan.PEMS.Framework.Controller.PemsController.OnActionExecuting | Exit
2016-02-24 11:05:03.4612 | Trace | Duncan.PEMS.Framework.Controller.PemsController.OnActionExecuting | Enter
2016-02-24 11:05:05.2233 | Trace | Duncan.PEMS.Framework.Controller.PemsController.OnActionExecuting | UndefinedAction, C: GetFileTypes, A:FileUpload
2016-02-24 11:05:05.2233 | Debug | Duncan.PEMS.Framework.Controller.PemsController.OnActionExecuting | UndefinedAction Pass execution to action
2016-02-24 11:05:05.2233 | Trace | Duncan.PEMS.Framework.Controller.PemsController.OnActionExecuting | Exit
2016-02-24 11:05:06.7704 | Trace | Duncan.PEMS.Framework.Controller.PemsController.OnActionExecuting | Enter
2016-02-24 11:05:08.5175 | Trace | Duncan.PEMS.Framework.Controller.PemsController.OnActionExecuting | UndefinedAction, C: GetEnforceableSpaceRep, A:Home
2016-02-24 11:05:08.5175 | Debug | Duncan.PEMS.Framework.Controller.PemsController.OnActionExecuting | UndefinedAction Pass execution to action
2016-02-24 11:05:08.5175 | Trace | Duncan.PEMS.Framework.Controller.PemsController.OnActionExecuting | Exit
2016-02-24 11:05:09.8596 | Trace | Duncan.PEMS.Framework.Controller.PemsController.OnActionExecuting | Enter
2016-02-24 11:05:11.6237 | Trace | Duncan.PEMS.Framework.Controller.PemsController.OnActionExecuting | UndefinedAction, C: GetSensorCommRep, A:Home
2016-02-24 11:05:11.6237 | Debug | Duncan.PEMS.Framework.Controller.PemsController.OnActionExecuting | UndefinedAction Pass execution to action
2016-02-24 11:05:11.6237 | Trace | Duncan.PEMS.Framework.Controller.PemsController.OnActionExecuting | Exit
2016-02-24 11:05:13.0967 | Trace | Duncan.PEMS.Framework.Controller.PemsController.OnActionExecuting | Enter
2016-02-24 11:05:14.8648 | Trace | Duncan.PEMS.Framework.Controller.PemsController.OnActionExecuting | UndefinedAction, C: GetLocationsForListBox, A:FileUpload
2016-02-24 11:05:14.8648 | Debug | Duncan.PEMS.Framework.Controller.PemsController.OnActionExecuting | UndefinedAction Pass execution to action
2016-02-24 11:05:14.8648 | Trace | Duncan.PEMS.Framework.Controller.PemsController.OnActionExecuting | Exit
2016-02-24 11:05:16.4429 | Trace | Duncan.PEMS.Framework.Controller.PemsController.OnActionExecuting | Enter
2016-02-24 11:05:18.1890 | Trace | Duncan.PEMS.Framework.Controller.PemsController.OnActionExecuting | UndefinedAction, C: GetSpacestatusSensorRep, A:Home
2016-02-24 11:05:18.1890 | Debug | Duncan.PEMS.Framework.Controller.PemsController.OnActionExecuting | UndefinedAction Pass execution to action
2016-02-24 11:05:18.1890 | Trace | Duncan.PEMS.Framework.Controller.PemsController.OnActionExecuting | Exit
2016-02-24 11:05:25.6945 | Trace | Duncan.PEMS.Framework.Controller.PemsController.OnActionExecuting | Enter
2016-02-24 11:05:27.4686 | Trace | Duncan.PEMS.Framework.Controller.PemsController.OnActionExecuting | UndefinedAction, C: GetListOfFileNames, A:FileUpload
2016-02-24 11:05:27.4686 | Debug | Duncan.PEMS.Framework.Controller.PemsController.OnActionExecuting | UndefinedAction Pass execution to action
2016-02-24 11:05:27.4696 | Trace | Duncan.PEMS.Framework.Controller.PemsController.OnActionExecuting | Exit
2016-02-24 11:05:40.9513 | Trace | Duncan.PEMS.Framework.Controller.PemsController.OnActionExecuting | Enter
2016-02-24 11:05:42.8824 | Trace | Duncan.PEMS.Framework.Controller.PemsController.OnActionExecuting | UndefinedAction, C: GetLocationsForListBox, A:FileUpload
2016-02-24 11:05:42.8824 | Debug | Duncan.PEMS.Framework.Controller.PemsController.OnActionExecuting | UndefinedAction Pass execution to action
2016-02-24 11:05:42.8824 | Trace | Duncan.PEMS.Framework.Controller.PemsController.OnActionExecuting | Exit
2016-02-24 11:06:46.1181 | Trace | Duncan.PEMS.Framework.Controller.PemsController.OnActionExecuting | Enter
2016-02-24 11:06:47.8082 | Trace | Duncan.PEMS.Framework.Controller.PemsController.OnActionExecuting | Allowed, C: ScheduleFD, A:FileUpload
2016-02-24 11:06:47.8082 | Debug | Duncan.PEMS.Framework.Controller.PemsController.OnActionExecuting | Allowed Pass execution to action
2016-02-24 11:06:47.8082 | Trace | Duncan.PEMS.Framework.Controller.PemsController.OnActionExecuting | Exit
2016-02-24 11:06:54.5505 | Trace | Duncan.PEMS.Framework.Controller.PemsController.OnActionExecuting | Enter
2016-02-24 11:06:56.3506 | Trace | Duncan.PEMS.Framework.Controller.PemsController.OnActionExecuting | UndefinedAction, C: GetFileTypes, A:FileUpload
2016-02-24 11:06:56.3506 | Debug | Duncan.PEMS.Framework.Controller.PemsController.OnActionExecuting | UndefinedAction Pass execution to action
2016-02-24 11:06:56.3506 | Trace | Duncan.PEMS.Framework.Controller.PemsController.OnActionExecuting | Exit
2016-02-24 11:06:57.5837 | Trace | Duncan.PEMS.Framework.Controller.PemsController.OnActionExecuting | Enter
2016-02-24 11:06:59.4668 | Trace | Duncan.PEMS.Framework.Controller.PemsController.OnActionExecuting | UndefinedAction, C: GetFileTypes, A:FileUpload
2016-02-24 11:06:59.4668 | Debug | Duncan.PEMS.Framework.Controller.PemsController.OnActionExecuting | UndefinedAction Pass execution to action
2016-02-24 11:06:59.4668 | Trace | Duncan.PEMS.Framework.Controller.PemsController.OnActionExecuting | Exit
2016-02-24 11:07:00.8829 | Trace | Duncan.PEMS.Framework.Controller.PemsController.OnActionExecuting | Enter
2016-02-24 11:07:02.6450 | Trace | Duncan.PEMS.Framework.Controller.PemsController.OnActionExecuting | UndefinedAction, C: GetFileTypes, A:FileUpload
2016-02-24 11:07:02.6460 | Debug | Duncan.PEMS.Framework.Controller.PemsController.OnActionExecuting | UndefinedAction Pass execution to action
2016-02-24 11:07:02.6460 | Trace | Duncan.PEMS.Framework.Controller.PemsController.OnActionExecuting | Exit
2016-02-24 11:07:04.2691 | Trace | Duncan.PEMS.Framework.Controller.PemsController.OnActionExecuting | Enter
2016-02-24 11:07:06.0402 | Trace | Duncan.PEMS.Framework.Controller.PemsController.OnActionExecuting | UndefinedAction, C: GetFileTypes, A:FileUpload
2016-02-24 11:07:06.0402 | Debug | Duncan.PEMS.Framework.Controller.PemsController.OnActionExecuting | UndefinedAction Pass execution to action
2016-02-24 11:07:06.0402 | Trace | Duncan.PEMS.Framework.Controller.PemsController.OnActionExecuting | Exit
2016-02-24 11:07:07.3233 | Trace | Duncan.PEMS.Framework.Controller.PemsController.OnActionExecuting | Enter
2016-02-24 11:07:09.4344 | Trace | Duncan.PEMS.Framework.Controller.PemsController.OnActionExecuting | UndefinedAction, C: GetFileTypes, A:FileUpload
2016-02-24 11:07:09.4344 | Debug | Duncan.PEMS.Framework.Controller.PemsController.OnActionExecuting | UndefinedAction Pass execution to action
2016-02-24 11:07:09.4344 | Trace | Duncan.PEMS.Framework.Controller.PemsController.OnActionExecuting | Exit
2016-02-24 11:07:10.8985 | Trace | Duncan.PEMS.Framework.Controller.PemsController.OnActionExecuting | Enter
2016-02-24 11:07:12.6756 | Trace | Duncan.PEMS.Framework.Controller.PemsController.OnActionExecuting | UndefinedAction, C: GetFileTypes, A:FileUpload
2016-02-24 11:07:12.6756 | Debug | Duncan.PEMS.Framework.Controller.PemsController.OnActionExecuting | UndefinedAction Pass execution to action
2016-02-24 11:07:12.6756 | Trace | Duncan.PEMS.Framework.Controller.PemsController.OnActionExecuting | Exit
2016-02-24 11:07:13.9406 | Trace | Duncan.PEMS.Framework.Controller.PemsController.OnActionExecuting | Enter
2016-02-24 11:07:15.7147 | Trace | Duncan.PEMS.Framework.Controller.PemsController.OnActionExecuting | UndefinedAction, C: GetGroupingElements, A:FileUpload
2016-02-24 11:07:15.7147 | Debug | Duncan.PEMS.Framework.Controller.PemsController.OnActionExecuting | UndefinedAction Pass execution to action
2016-02-24 11:07:15.7147 | Trace | Duncan.PEMS.Framework.Controller.PemsController.OnActionExecuting | Exit
2016-02-24 11:07:18.6929 | Trace | Duncan.PEMS.Framework.Controller.PemsController.OnActionExecuting | Enter
2016-02-24 11:07:20.4690 | Trace | Duncan.PEMS.Framework.Controller.PemsController.OnActionExecuting | UndefinedAction, C: GetLocationsForListBox, A:FileUpload
2016-02-24 11:07:20.4690 | Debug | Duncan.PEMS.Framework.Controller.PemsController.OnActionExecuting | UndefinedAction Pass execution to action
2016-02-24 11:07:20.4690 | Trace | Duncan.PEMS.Framework.Controller.PemsController.OnActionExecuting | Exit
2016-02-24 11:07:29.1125 | Trace | Duncan.PEMS.Framework.Controller.PemsController.OnActionExecuting | Enter
2016-02-24 11:07:30.8686 | Trace | Duncan.PEMS.Framework.Controller.PemsController.OnActionExecuting | UndefinedAction, C: GetListOfFileNames, A:FileUpload
2016-02-24 11:07:30.8686 | Debug | Duncan.PEMS.Framework.Controller.PemsController.OnActionExecuting | UndefinedAction Pass execution to action
2016-02-24 11:07:30.8686 | Trace | Duncan.PEMS.Framework.Controller.PemsController.OnActionExecuting | Exit
2016-02-24 11:07:44.9034 | Trace | Duncan.PEMS.Framework.Controller.PemsController.OnActionExecuting | Enter
2016-02-24 11:07:46.6755 | Trace | Duncan.PEMS.Framework.Controller.PemsController.OnActionExecuting | UndefinedAction, C: GetLocationsForListBox, A:FileUpload
2016-02-24 11:07:46.6755 | Debug | Duncan.PEMS.Framework.Controller.PemsController.OnActionExecuting | UndefinedAction Pass execution to action
2016-02-24 11:07:46.6755 | Trace | Duncan.PEMS.Framework.Controller.PemsController.OnActionExecuting | Exit
2016-02-24 11:08:13.9531 | Trace | Duncan.PEMS.Framework.Controller.PemsController.OnActionExecuting | Enter
2016-02-24 11:08:15.7222 | Trace | Duncan.PEMS.Framework.Controller.PemsController.OnActionExecuting | UndefinedAction, C: GetLocationsForListBox, A:FileUpload
2016-02-24 11:08:15.7222 | Debug | Duncan.PEMS.Framework.Controller.PemsController.OnActionExecuting | UndefinedAction Pass execution to action
2016-02-24 11:08:15.7222 | Trace | Duncan.PEMS.Framework.Controller.PemsController.OnActionExecuting | Exit
2016-02-24 11:08:20.0164 | Trace | Duncan.PEMS.Framework.Controller.PemsController.OnActionExecuting | Enter
2016-02-24 11:08:21.7885 | Trace | Duncan.PEMS.Framework.Controller.PemsController.OnActionExecuting | UndefinedAction, C: GetTargetListLocations, A:FileUpload
2016-02-24 11:08:21.7885 | Debug | Duncan.PEMS.Framework.Controller.PemsController.OnActionExecuting | UndefinedAction Pass execution to action
2016-02-24 11:08:21.7885 | Trace | Duncan.PEMS.Framework.Controller.PemsController.OnActionExecuting | Exit
2016-02-24 11:08:27.3068 | Trace | Duncan.PEMS.Framework.Controller.PemsController.OnActionExecuting | Enter
2016-02-24 11:08:29.2900 | Trace | Duncan.PEMS.Framework.Controller.PemsController.OnActionExecuting | UndefinedAction, C: GetLocationsForListBox, A:FileUpload
2016-02-24 11:08:29.2900 | Debug | Duncan.PEMS.Framework.Controller.PemsController.OnActionExecuting | UndefinedAction Pass execution to action
2016-02-24 11:08:29.2900 | Trace | Duncan.PEMS.Framework.Controller.PemsController.OnActionExecuting | Exit
2016-02-24 11:08:33.5722 | Trace | Duncan.PEMS.Framework.Controller.PemsController.OnActionExecuting | Enter
2016-02-24 11:08:35.4983 | Trace | Duncan.PEMS.Framework.Controller.PemsController.OnActionExecuting | UndefinedAction, C: GetTargetListLocations, A:FileUpload
2016-02-24 11:08:35.4983 | Debug | Duncan.PEMS.Framework.Controller.PemsController.OnActionExecuting | UndefinedAction Pass execution to action
2016-02-24 11:08:35.4983 | Trace | Duncan.PEMS.Framework.Controller.PemsController.OnActionExecuting | Exit
2016-02-24 11:08:44.3598 | Trace | Duncan.PEMS.Framework.Controller.PemsController.OnActionExecuting | Enter
2016-02-24 11:08:46.1659 | Trace | Duncan.PEMS.Framework.Controller.PemsController.OnActionExecuting | UndefinedAction, C: GetLocationsForListBox, A:FileUpload
2016-02-24 11:08:46.1659 | Debug | Duncan.PEMS.Framework.Controller.PemsController.OnActionExecuting | UndefinedAction Pass execution to action
2016-02-24 11:08:46.1659 | Trace | Duncan.PEMS.Framework.Controller.PemsController.OnActionExecuting | Exit
2016-02-24 11:09:07.5721 | Trace | Duncan.PEMS.Framework.Controller.PemsController.OnActionExecuting | Enter
2016-02-24 11:09:09.3472 | Trace | Duncan.PEMS.Framework.Controller.PemsController.OnActionExecuting | UndefinedAction, C: GetListOfFileNames, A:FileUpload
2016-02-24 11:09:09.3472 | Debug | Duncan.PEMS.Framework.Controller.PemsController.OnActionExecuting | UndefinedAction Pass execution to action
2016-02-24 11:09:09.3472 | Trace | Duncan.PEMS.Framework.Controller.PemsController.OnActionExecuting | Exit
2016-02-24 11:09:25.2332 | Trace | Duncan.PEMS.Framework.Controller.PemsController.OnActionExecuting | Enter
2016-02-24 11:09:27.6053 | Trace | Duncan.PEMS.Framework.Controller.PemsController.OnActionExecuting | UndefinedAction, C: GetListOfFileNames, A:FileUpload
2016-02-24 11:09:27.6053 | Debug | Duncan.PEMS.Framework.Controller.PemsController.OnActionExecuting | UndefinedAction Pass execution to action
2016-02-24 11:09:27.6053 | Trace | Duncan.PEMS.Framework.Controller.PemsController.OnActionExecuting | Exit
2016-02-24 11:09:31.9765 | Trace | Duncan.PEMS.Framework.Controller.PemsController.OnActionExecuting | Enter
2016-02-24 11:09:33.8346 | Trace | Duncan.PEMS.Framework.Controller.PemsController.OnActionExecuting | UndefinedAction, C: GetListOfFileNames, A:FileUpload
2016-02-24 11:09:33.8346 | Debug | Duncan.PEMS.Framework.Controller.PemsController.OnActionExecuting | UndefinedAction Pass execution to action
2016-02-24 11:09:33.8346 | Trace | Duncan.PEMS.Framework.Controller.PemsController.OnActionExecuting | Exit
2016-02-24 11:09:46.9454 | Trace | Duncan.PEMS.Framework.Controller.PemsController.OnActionExecuting | Enter
2016-02-24 11:09:48.7355 | Trace | Duncan.PEMS.Framework.Controller.PemsController.OnActionExecuting | UndefinedAction, C: GetLocationsForListBox, A:FileUpload
2016-02-24 11:09:48.7355 | Debug | Duncan.PEMS.Framework.Controller.PemsController.OnActionExecuting | UndefinedAction Pass execution to action
2016-02-24 11:09:48.7355 | Trace | Duncan.PEMS.Framework.Controller.PemsController.OnActionExecuting | Exit
2016-02-24 11:09:54.5378 | Trace | Duncan.PEMS.Framework.Controller.PemsController.OnActionExecuting | Enter
2016-02-24 11:09:56.3539 | Trace | Duncan.PEMS.Framework.Controller.PemsController.OnActionExecuting | UndefinedAction, C: GetListOfFileNames, A:FileUpload
2016-02-24 11:09:56.3539 | Debug | Duncan.PEMS.Framework.Controller.PemsController.OnActionExecuting | UndefinedAction Pass execution to action
2016-02-24 11:09:56.3539 | Trace | Duncan.PEMS.Framework.Controller.PemsController.OnActionExecuting | Exit
2016-02-24 11:10:35.4862 | Trace | Duncan.PEMS.Framework.Controller.PemsController.OnActionExecuting | Enter
2016-02-24 11:10:37.1803 | Trace | Duncan.PEMS.Framework.Controller.PemsController.OnActionExecuting | Allowed, C: ScheduleFD, A:FileUpload
2016-02-24 11:10:37.1803 | Debug | Duncan.PEMS.Framework.Controller.PemsController.OnActionExecuting | Allowed Pass execution to action
2016-02-24 11:10:37.1803 | Trace | Duncan.PEMS.Framework.Controller.PemsController.OnActionExecuting | Exit
2016-02-24 11:10:44.3017 | Trace | Duncan.PEMS.Framework.Controller.PemsController.OnActionExecuting | Enter
2016-02-24 11:10:46.0758 | Trace | Duncan.PEMS.Framework.Controller.PemsController.OnActionExecuting | UndefinedAction, C: GetFileTypes, A:FileUpload
2016-02-24 11:10:46.0758 | Debug | Duncan.PEMS.Framework.Controller.PemsController.OnActionExecuting | UndefinedAction Pass execution to action
2016-02-24 11:10:46.0758 | Trace | Duncan.PEMS.Framework.Controller.PemsController.OnActionExecuting | Exit
2016-02-24 11:10:47.2969 | Trace | Duncan.PEMS.Framework.Controller.PemsController.OnActionExecuting | Enter
2016-02-24 11:10:49.0580 | Trace | Duncan.PEMS.Framework.Controller.PemsController.OnActionExecuting | UndefinedAction, C: GetFileTypes, A:FileUpload
2016-02-24 11:10:49.0580 | Debug | Duncan.PEMS.Framework.Controller.PemsController.OnActionExecuting | UndefinedAction Pass execution to action
2016-02-24 11:10:49.0580 | Trace | Duncan.PEMS.Framework.Controller.PemsController.OnActionExecuting | Exit
2016-02-24 11:10:50.2990 | Trace | Duncan.PEMS.Framework.Controller.PemsController.OnActionExecuting | Enter
2016-02-24 11:10:52.0551 | Trace | Duncan.PEMS.Framework.Controller.PemsController.OnActionExecuting | UndefinedAction, C: GetGroupingElements, A:FileUpload
2016-02-24 11:10:52.0551 | Debug | Duncan.PEMS.Framework.Controller.PemsController.OnActionExecuting | UndefinedAction Pass execution to action
2016-02-24 11:10:52.0551 | Trace | Duncan.PEMS.Framework.Controller.PemsController.OnActionExecuting | Exit
2016-02-24 11:10:53.4512 | Trace | Duncan.PEMS.Framework.Controller.PemsController.OnActionExecuting | Enter
2016-02-24 11:10:55.3153 | Trace | Duncan.PEMS.Framework.Controller.PemsController.OnActionExecuting | UndefinedAction, C: GetFileTypes, A:FileUpload
2016-02-24 11:10:55.3153 | Debug | Duncan.PEMS.Framework.Controller.PemsController.OnActionExecuting | UndefinedAction Pass execution to action
2016-02-24 11:10:55.3153 | Trace | Duncan.PEMS.Framework.Controller.PemsController.OnActionExecuting | Exit
2016-02-24 11:10:56.5534 | Trace | Duncan.PEMS.Framework.Controller.PemsController.OnActionExecuting | Enter
2016-02-24 11:10:58.5225 | Trace | Duncan.PEMS.Framework.Controller.PemsController.OnActionExecuting | UndefinedAction, C: GetFileTypes, A:FileUpload
2016-02-24 11:10:58.5225 | Debug | Duncan.PEMS.Framework.Controller.PemsController.OnActionExecuting | UndefinedAction Pass execution to action
2016-02-24 11:10:58.5225 | Trace | Duncan.PEMS.Framework.Controller.PemsController.OnActionExecuting | Exit
2016-02-24 11:11:00.0846 | Trace | Duncan.PEMS.Framework.Controller.PemsController.OnActionExecuting | Enter
2016-02-24 11:11:01.8257 | Trace | Duncan.PEMS.Framework.Controller.PemsController.OnActionExecuting | UndefinedAction, C: GetFileTypes, A:FileUpload
2016-02-24 11:11:01.8257 | Debug | Duncan.PEMS.Framework.Controller.PemsController.OnActionExecuting | UndefinedAction Pass execution to action
2016-02-24 11:11:01.8257 | Trace | Duncan.PEMS.Framework.Controller.PemsController.OnActionExecuting | Exit
2016-02-24 11:11:03.1218 | Trace | Duncan.PEMS.Framework.Controller.PemsController.OnActionExecuting | Enter
2016-02-24 11:11:04.8739 | Trace | Duncan.PEMS.Framework.Controller.PemsController.OnActionExecuting | UndefinedAction, C: GetFileTypes, A:FileUpload
2016-02-24 11:11:04.8739 | Debug | Duncan.PEMS.Framework.Controller.PemsController.OnActionExecuting | UndefinedAction Pass execution to action
2016-02-24 11:11:04.8739 | Trace | Duncan.PEMS.Framework.Controller.PemsController.OnActionExecuting | Exit
2016-02-24 11:11:59.5630 | Trace | Duncan.PEMS.Framework.Controller.PemsController.OnActionExecuting | Enter
2016-02-24 11:12:01.3821 | Trace | Duncan.PEMS.Framework.Controller.PemsController.OnActionExecuting | UndefinedAction, C: GetLocationsForListBox, A:FileUpload
2016-02-24 11:12:01.3821 | Debug | Duncan.PEMS.Framework.Controller.PemsController.OnActionExecuting | UndefinedAction Pass execution to action
2016-02-24 11:12:01.3821 | Trace | Duncan.PEMS.Framework.Controller.PemsController.OnActionExecuting | Exit
2016-02-24 11:12:07.2674 | Trace | Duncan.PEMS.Framework.Controller.PemsController.OnActionExecuting | Enter
2016-02-24 11:12:09.0305 | Trace | Duncan.PEMS.Framework.Controller.PemsController.OnActionExecuting | UndefinedAction, C: GetListOfFileNames, A:FileUpload
2016-02-24 11:12:09.0305 | Debug | Duncan.PEMS.Framework.Controller.PemsController.OnActionExecuting | UndefinedAction Pass execution to action
2016-02-24 11:12:09.0305 | Trace | Duncan.PEMS.Framework.Controller.PemsController.OnActionExecuting | Exit
2016-02-24 11:12:23.5254 | Trace | Duncan.PEMS.Framework.Controller.PemsController.OnActionExecuting | Enter
2016-02-24 11:12:25.3335 | Trace | Duncan.PEMS.Framework.Controller.PemsController.OnActionExecuting | UndefinedAction, C: GetLocationsForListBox, A:FileUpload
2016-02-24 11:12:25.3335 | Debug | Duncan.PEMS.Framework.Controller.PemsController.OnActionExecuting | UndefinedAction Pass execution to action
2016-02-24 11:12:25.3335 | Trace | Duncan.PEMS.Framework.Controller.PemsController.OnActionExecuting | Exit
2016-02-24 11:12:34.0840 | Trace | Duncan.PEMS.Framework.Controller.PemsController.OnActionExecuting | Enter
2016-02-24 11:12:35.8481 | Trace | Duncan.PEMS.Framework.Controller.PemsController.OnActionExecuting | UndefinedAction, C: GetListOfFileNames, A:FileUpload
2016-02-24 11:12:35.8491 | Debug | Duncan.PEMS.Framework.Controller.PemsController.OnActionExecuting | UndefinedAction Pass execution to action
2016-02-24 11:12:35.8491 | Trace | Duncan.PEMS.Framework.Controller.PemsController.OnActionExecuting | Exit
2016-02-24 11:12:43.1725 | Trace | Duncan.PEMS.Framework.Controller.PemsController.OnActionExecuting | Enter
2016-02-24 11:12:44.9856 | Trace | Duncan.PEMS.Framework.Controller.PemsController.OnActionExecuting | UndefinedAction, C: GetListOfFileNames, A:FileUpload
2016-02-24 11:12:44.9856 | Debug | Duncan.PEMS.Framework.Controller.PemsController.OnActionExecuting | UndefinedAction Pass execution to action
2016-02-24 11:12:44.9856 | Trace | Duncan.PEMS.Framework.Controller.PemsController.OnActionExecuting | Exit
2016-02-24 11:13:01.2455 | Trace | Duncan.PEMS.Framework.Controller.PemsController.OnActionExecuting | Enter
2016-02-24 11:13:03.0096 | Trace | Duncan.PEMS.Framework.Controller.PemsController.OnActionExecuting | UndefinedAction, C: GetLocationsForListBox, A:FileUpload
2016-02-24 11:13:03.0096 | Debug | Duncan.PEMS.Framework.Controller.PemsController.OnActionExecuting | UndefinedAction Pass execution to action
2016-02-24 11:13:03.0096 | Trace | Duncan.PEMS.Framework.Controller.PemsController.OnActionExecuting | Exit
2016-02-24 11:13:06.2958 | Trace | Duncan.PEMS.Framework.Controller.PemsController.OnActionExecuting | Enter
2016-02-24 11:13:08.0749 | Trace | Duncan.PEMS.Framework.Controller.PemsController.OnActionExecuting | UndefinedAction, C: GetTargetListLocations, A:FileUpload
2016-02-24 11:13:08.0749 | Debug | Duncan.PEMS.Framework.Controller.PemsController.OnActionExecuting | UndefinedAction Pass execution to action
2016-02-24 11:13:08.0749 | Trace | Duncan.PEMS.Framework.Controller.PemsController.OnActionExecuting | Exit
2016-02-24 11:13:13.1802 | Trace | Duncan.PEMS.Framework.Controller.PemsController.OnActionExecuting | Enter
2016-02-24 11:13:15.4553 | Trace | Duncan.PEMS.Framework.Controller.PemsController.OnActionExecuting | UndefinedAction, C: GetListOfFileNames, A:FileUpload
2016-02-24 11:13:15.4583 | Debug | Duncan.PEMS.Framework.Controller.PemsController.OnActionExecuting | UndefinedAction Pass execution to action
2016-02-24 11:13:15.4583 | Trace | Duncan.PEMS.Framework.Controller.PemsController.OnActionExecuting | Exit
2016-02-24 11:36:44.5699 | Trace | Duncan.PEMS.Framework.Controller.PemsController.OnActionExecuting | Enter
2016-02-24 11:36:48.1671 | Trace | Duncan.PEMS.Framework.Controller.PemsController.OnActionExecuting | Allowed, C: Index, A:FileUpload
2016-02-24 11:36:48.1671 | Debug | Duncan.PEMS.Framework.Controller.PemsController.OnActionExecuting | Allowed Pass execution to action
2016-02-24 11:36:48.1671 | Trace | Duncan.PEMS.Framework.Controller.PemsController.OnActionExecuting | Exit
2016-02-24 11:38:16.1242 | Trace | Duncan.PEMS.Framework.Controller.PemsController.OnActionExecuting | Enter
2016-02-24 11:38:17.8093 | Trace | Duncan.PEMS.Framework.Controller.PemsController.OnActionExecuting | Allowed, C: Index, A:FileUpload
2016-02-24 11:38:17.8093 | Debug | Duncan.PEMS.Framework.Controller.PemsController.OnActionExecuting | Allowed Pass execution to action
2016-02-24 11:38:17.8093 | Trace | Duncan.PEMS.Framework.Controller.PemsController.OnActionExecuting | Exit
2016-02-24 11:38:23.7446 | Trace | Duncan.PEMS.Framework.Controller.PemsController.OnActionExecuting | Enter
2016-02-24 11:38:25.5457 | Trace | Duncan.PEMS.Framework.Controller.PemsController.OnActionExecuting | UndefinedAction, C: GetFileTypesForUpload, A:FileUpload
2016-02-24 11:38:25.5457 | Debug | Duncan.PEMS.Framework.Controller.PemsController.OnActionExecuting | UndefinedAction Pass execution to action
2016-02-24 11:38:25.5517 | Trace | Duncan.PEMS.Framework.Controller.PemsController.OnActionExecuting | Exit
2016-02-24 11:46:52.1527 | Trace | Duncan.PEMS.Framework.Controller.PemsController.OnActionExecuting | Enter
2016-02-24 11:46:57.2370 | Trace | Duncan.PEMS.Framework.Controller.PemsController.OnActionExecuting | Allowed, C: Index, A:Home
2016-02-24 11:46:57.2370 | Debug | Duncan.PEMS.Framework.Controller.PemsController.OnActionExecuting | Allowed Pass execution to action
2016-02-24 11:46:57.2370 | Trace | Duncan.PEMS.Framework.Controller.PemsController.OnActionExecuting | Exit
2016-02-24 11:49:52.6440 | Trace | Duncan.PEMS.Framework.Controller.PemsController.OnActionExecuting | Enter
2016-02-24 11:49:54.6051 | Trace | Duncan.PEMS.Framework.Controller.PemsController.OnActionExecuting | UndefinedAction, C: GetBatteryRep, A:Home
2016-02-24 11:49:54.6051 | Debug | Duncan.PEMS.Framework.Controller.PemsController.OnActionExecuting | UndefinedAction Pass execution to action
2016-02-24 11:49:54.6051 | Trace | Duncan.PEMS.Framework.Controller.PemsController.OnActionExecuting | Exit
2016-02-24 11:49:55.8762 | Trace | Duncan.PEMS.Framework.Controller.PemsController.OnActionExecuting | Enter
2016-02-24 11:49:57.6333 | Trace | Duncan.PEMS.Framework.Controller.PemsController.OnActionExecuting | UndefinedAction, C: GetAssetTypes_HomePage, A:GIS
2016-02-24 11:49:57.6333 | Debug | Duncan.PEMS.Framework.Controller.PemsController.OnActionExecuting | UndefinedAction Pass execution to action
2016-02-24 11:49:57.6333 | Trace | Duncan.PEMS.Framework.Controller.PemsController.OnActionExecuting | Exit
2016-02-24 11:49:59.6344 | Trace | Duncan.PEMS.Framework.Controller.PemsController.OnActionExecuting | Enter
2016-02-24 11:50:01.3805 | Trace | Duncan.PEMS.Framework.Controller.PemsController.OnActionExecuting | Allowed, C: Index, A:FileUpload
2016-02-24 11:50:01.3805 | Debug | Duncan.PEMS.Framework.Controller.PemsController.OnActionExecuting | Allowed Pass execution to action
2016-02-24 11:50:01.3805 | Trace | Duncan.PEMS.Framework.Controller.PemsController.OnActionExecuting | Exit
2016-02-24 11:50:09.4850 | Trace | Duncan.PEMS.Framework.Controller.PemsController.OnActionExecuting | Enter
2016-02-24 11:50:11.3341 | Trace | Duncan.PEMS.Framework.Controller.PemsController.OnActionExecuting | UndefinedAction, C: GetFileTypesForUpload, A:FileUpload
2016-02-24 11:50:11.3341 | Debug | Duncan.PEMS.Framework.Controller.PemsController.OnActionExecuting | UndefinedAction Pass execution to action
2016-02-24 11:50:11.3341 | Trace | Duncan.PEMS.Framework.Controller.PemsController.OnActionExecuting | Exit
2016-02-24 11:50:13.0902 | Trace | Duncan.PEMS.Framework.Controller.PemsController.OnActionExecuting | Enter
2016-02-24 11:50:15.4723 | Trace | Duncan.PEMS.Framework.Controller.PemsController.OnActionExecuting | UndefinedAction, C: GetEnforceableSpaceRep, A:Home
2016-02-24 11:50:15.4723 | Debug | Duncan.PEMS.Framework.Controller.PemsController.OnActionExecuting | UndefinedAction Pass execution to action
2016-02-24 11:50:15.4723 | Trace | Duncan.PEMS.Framework.Controller.PemsController.OnActionExecuting | Exit
2016-02-24 11:50:17.6604 | Trace | Duncan.PEMS.Framework.Controller.PemsController.OnActionExecuting | Enter
2016-02-24 11:50:19.4115 | Trace | Duncan.PEMS.Framework.Controller.PemsController.OnActionExecuting | UndefinedAction, C: GetSpacestatusSensorRep, A:Home
2016-02-24 11:50:19.4115 | Debug | Duncan.PEMS.Framework.Controller.PemsController.OnActionExecuting | UndefinedAction Pass execution to action
2016-02-24 11:50:19.4115 | Trace | Duncan.PEMS.Framework.Controller.PemsController.OnActionExecuting | Exit
2016-02-24 11:50:21.2026 | Trace | Duncan.PEMS.Framework.Controller.PemsController.OnActionExecuting | Enter
2016-02-24 11:50:23.0647 | Trace | Duncan.PEMS.Framework.Controller.PemsController.OnActionExecuting | UndefinedAction, C: GetSensorCommRep, A:Home
2016-02-24 11:50:23.0647 | Debug | Duncan.PEMS.Framework.Controller.PemsController.OnActionExecuting | UndefinedAction Pass execution to action
2016-02-24 11:50:23.0647 | Trace | Duncan.PEMS.Framework.Controller.PemsController.OnActionExecuting | Exit
2016-02-24 11:50:24.7918 | Trace | Duncan.PEMS.Framework.Controller.PemsController.OnActionExecuting | Enter
2016-02-24 11:50:26.5929 | Trace | Duncan.PEMS.Framework.Controller.PemsController.OnActionExecuting | UndefinedAction, C: GetChangeBatteryRep, A:Home
2016-02-24 11:50:26.5929 | Debug | Duncan.PEMS.Framework.Controller.PemsController.OnActionExecuting | UndefinedAction Pass execution to action
2016-02-24 11:50:26.5929 | Trace | Duncan.PEMS.Framework.Controller.PemsController.OnActionExecuting | Exit
2016-02-24 11:50:35.5865 | Trace | Duncan.PEMS.Framework.Controller.PemsController.OnActionExecuting | Enter
2016-02-24 11:50:37.3746 | Trace | Duncan.PEMS.Framework.Controller.PemsController.OnActionExecuting | UndefinedAction, C: GetFileDownloadsummary, A:FileUpload
2016-02-24 11:50:37.3746 | Debug | Duncan.PEMS.Framework.Controller.PemsController.OnActionExecuting | UndefinedAction Pass execution to action
2016-02-24 11:50:37.3746 | Trace | Duncan.PEMS.Framework.Controller.PemsController.OnActionExecuting | Exit
2016-02-24 11:57:58.0898 | Trace | Duncan.PEMS.Framework.Controller.PemsController.OnActionExecuting | Enter
2016-02-24 11:58:01.7680 | Trace | Duncan.PEMS.Framework.Controller.PemsController.OnActionExecuting | Allowed, C: FDInquiry, A:FileUpload
2016-02-24 11:58:01.7680 | Debug | Duncan.PEMS.Framework.Controller.PemsController.OnActionExecuting | Allowed Pass execution to action
2016-02-24 11:58:01.7680 | Trace | Duncan.PEMS.Framework.Controller.PemsController.OnActionExecuting | Exit
2016-02-24 11:58:07.9133 | Trace | Duncan.PEMS.Framework.Controller.PemsController.OnActionExecuting | Enter
2016-02-24 11:58:09.5834 | Trace | Duncan.PEMS.Framework.Controller.PemsController.OnActionExecuting | UndefinedAction, C: GetFileTypes, A:FileUpload
2016-02-24 11:58:09.5834 | Debug | Duncan.PEMS.Framework.Controller.PemsController.OnActionExecuting | UndefinedAction Pass execution to action
2016-02-24 11:58:09.5834 | Trace | Duncan.PEMS.Framework.Controller.PemsController.OnActionExecuting | Exit
2016-02-24 11:58:16.5348 | Trace | Duncan.PEMS.Framework.Controller.PemsController.OnActionExecuting | Enter
2016-02-24 11:58:18.1819 | Trace | Duncan.PEMS.Framework.Controller.PemsController.OnActionExecuting | UndefinedAction, C: GetAssetIds, A:FileUpload
2016-02-24 11:58:18.1819 | Debug | Duncan.PEMS.Framework.Controller.PemsController.OnActionExecuting | UndefinedAction Pass execution to action
2016-02-24 11:58:18.1819 | Trace | Duncan.PEMS.Framework.Controller.PemsController.OnActionExecuting | Exit
2016-02-24 11:58:19.5880 | Trace | Duncan.PEMS.Framework.Controller.PemsController.OnActionExecuting | Enter
2016-02-24 11:58:21.2321 | Trace | Duncan.PEMS.Framework.Controller.PemsController.OnActionExecuting | UndefinedAction, C: GetAssetIds, A:FileUpload
2016-02-24 11:58:21.2321 | Debug | Duncan.PEMS.Framework.Controller.PemsController.OnActionExecuting | UndefinedAction Pass execution to action
2016-02-24 11:58:21.2321 | Trace | Duncan.PEMS.Framework.Controller.PemsController.OnActionExecuting | Exit
2016-02-24 11:58:22.6682 | Trace | Duncan.PEMS.Framework.Controller.PemsController.OnActionExecuting | Enter
2016-02-24 11:58:24.3073 | Trace | Duncan.PEMS.Framework.Controller.PemsController.OnActionExecuting | UndefinedAction, C: GetFileSummary, A:FileUpload
2016-02-24 11:58:24.3073 | Debug | Duncan.PEMS.Framework.Controller.PemsController.OnActionExecuting | UndefinedAction Pass execution to action
2016-02-24 11:58:24.3073 | Trace | Duncan.PEMS.Framework.Controller.PemsController.OnActionExecuting | Exit
2016-02-24 12:13:20.6445 | Trace | Duncan.PEMS.Framework.Controller.PemsController.OnActionExecuting | Enter
2016-02-24 12:13:20.6445 | Trace | Duncan.PEMS.Framework.Controller.PemsController.OnActionExecuting | Enter
2016-02-24 12:13:30.2331 | Trace | Duncan.PEMS.Framework.Controller.PemsController.OnActionExecuting | UndefinedAction, C: GetAssetIds, A:FileUpload
2016-02-24 12:13:30.2331 | Debug | Duncan.PEMS.Framework.Controller.PemsController.OnActionExecuting | UndefinedAction Pass execution to action
2016-02-24 12:13:30.2341 | Trace | Duncan.PEMS.Framework.Controller.PemsController.OnActionExecuting | Exit
2016-02-24 12:13:30.2331 | Trace | Duncan.PEMS.Framework.Controller.PemsController.OnActionExecuting | UndefinedAction, C: GetFileSummary, A:FileUpload
2016-02-24 12:13:30.2341 | Debug | Duncan.PEMS.Framework.Controller.PemsController.OnActionExecuting | UndefinedAction Pass execution to action
2016-02-24 12:13:30.2341 | Trace | Duncan.PEMS.Framework.Controller.PemsController.OnActionExecuting | Exit
2016-02-24 12:14:40.7671 | Trace | Duncan.PEMS.Framework.Controller.PemsController.OnActionExecuting | Enter
2016-02-24 12:14:48.3605 | Trace | Duncan.PEMS.Framework.Controller.PemsController.OnActionExecuting | UndefinedAction, C: GetAssetIds, A:FileUpload
2016-02-24 12:14:48.3605 | Debug | Duncan.PEMS.Framework.Controller.PemsController.OnActionExecuting | UndefinedAction Pass execution to action
2016-02-24 12:14:48.3605 | Trace | Duncan.PEMS.Framework.Controller.PemsController.OnActionExecuting | Exit
