2016-01-13 12:26:20.4764 | Trace | Duncan.PEMS.Framework.Controller.PemsController.OnActionExecuting | Enter
2016-01-13 12:26:30.3239 | Trace | Duncan.PEMS.Framework.Controller.PemsController.OnActionExecuting | Allowed, C: Index, A:Home
2016-01-13 12:26:30.3239 | Debug | Duncan.PEMS.Framework.Controller.PemsController.OnActionExecuting | Allowed Pass execution to action
2016-01-13 12:26:30.3239 | Trace | Duncan.PEMS.Framework.Controller.PemsController.OnActionExecuting | Exit
2016-01-13 12:27:47.6533 | Trace | Duncan.PEMS.Framework.Controller.PemsController.OnActionExecuting | Enter
2016-01-13 12:27:48.7004 | Trace | Duncan.PEMS.Framework.Controller.PemsController.OnActionExecuting | UndefinedAction, C: GetChangeBatteryRep, A:Home
2016-01-13 12:27:48.7004 | Debug | Duncan.PEMS.Framework.Controller.PemsController.OnActionExecuting | UndefinedAction Pass execution to action
2016-01-13 12:27:48.7004 | Trace | Duncan.PEMS.Framework.Controller.PemsController.OnActionExecuting | Exit
2016-01-13 12:27:49.3144 | Trace | Duncan.PEMS.Framework.Controller.PemsController.OnActionExecuting | Enter
2016-01-13 12:27:49.7325 | Trace | Duncan.PEMS.Framework.Controller.PemsController.OnActionExecuting | UndefinedAction, C: GetBatteryRep, A:Home
2016-01-13 12:27:49.7325 | Debug | Duncan.PEMS.Framework.Controller.PemsController.OnActionExecuting | UndefinedAction Pass execution to action
2016-01-13 12:27:49.7325 | Trace | Duncan.PEMS.Framework.Controller.PemsController.OnActionExecuting | Exit
2016-01-13 12:27:50.3295 | Trace | Duncan.PEMS.Framework.Controller.PemsController.OnActionExecuting | Enter
2016-01-13 12:27:50.8905 | Trace | Duncan.PEMS.Framework.Controller.PemsController.OnActionExecuting | UndefinedAction, C: GetNoMeterCommRep, A:Home
2016-01-13 12:27:50.8905 | Debug | Duncan.PEMS.Framework.Controller.PemsController.OnActionExecuting | UndefinedAction Pass execution to action
2016-01-13 12:27:50.8905 | Trace | Duncan.PEMS.Framework.Controller.PemsController.OnActionExecuting | Exit
2016-01-13 12:27:51.8966 | Trace | Duncan.PEMS.Framework.Controller.PemsController.OnActionExecuting | Enter
2016-01-13 12:27:52.2316 | Trace | Duncan.PEMS.Framework.Controller.PemsController.OnActionExecuting | UndefinedAction, C: GetAssetTypes_HomePage, A:GIS
2016-01-13 12:27:52.2316 | Debug | Duncan.PEMS.Framework.Controller.PemsController.OnActionExecuting | UndefinedAction Pass execution to action
2016-01-13 12:27:52.2316 | Trace | Duncan.PEMS.Framework.Controller.PemsController.OnActionExecuting | Exit
2016-01-13 12:27:52.5366 | Trace | Duncan.PEMS.Framework.Controller.PemsController.OnActionExecuting | Enter
2016-01-13 12:27:52.8566 | Trace | Duncan.PEMS.Framework.Controller.PemsController.OnActionExecuting | UndefinedAction, C: GetCustomerGridDetails_NewHome, A:GIS
2016-01-13 12:27:52.8566 | Debug | Duncan.PEMS.Framework.Controller.PemsController.OnActionExecuting | UndefinedAction Pass execution to action
2016-01-13 12:27:52.8566 | Trace | Duncan.PEMS.Framework.Controller.PemsController.OnActionExecuting | Exit
2016-01-13 12:27:55.6378 | Trace | Duncan.PEMS.Framework.Controller.PemsController.OnActionExecuting | Enter
2016-01-13 12:27:55.8838 | Trace | Duncan.PEMS.Framework.Controller.PemsController.OnActionExecuting | UndefinedAction, C: GetCustomerGridDetails_NewHome, A:GIS
2016-01-13 12:27:55.8838 | Debug | Duncan.PEMS.Framework.Controller.PemsController.OnActionExecuting | UndefinedAction Pass execution to action
2016-01-13 12:27:55.8838 | Trace | Duncan.PEMS.Framework.Controller.PemsController.OnActionExecuting | Exit
2016-01-13 12:28:00.4861 | Trace | Duncan.PEMS.Framework.Controller.PemsController.OnActionExecuting | Enter
2016-01-13 12:28:00.5371 | Trace | Duncan.PEMS.Framework.Controller.PemsController.OnActionExecuting | Allowed, C: Index, A:Events
2016-01-13 12:28:00.5371 | Debug | Duncan.PEMS.Framework.Controller.PemsController.OnActionExecuting | Allowed Pass execution to action
2016-01-13 12:28:00.5371 | Trace | Duncan.PEMS.Framework.Controller.PemsController.OnActionExecuting | Exit
2016-01-13 12:28:09.3096 | Trace | Duncan.PEMS.Framework.Controller.PemsController.OnActionExecuting | Enter
2016-01-13 12:28:09.6256 | Trace | Duncan.PEMS.Framework.Controller.PemsController.OnActionExecuting | UndefinedAction, C: GetFilterValues, A:Events
2016-01-13 12:28:09.6256 | Debug | Duncan.PEMS.Framework.Controller.PemsController.OnActionExecuting | UndefinedAction Pass execution to action
2016-01-13 12:28:09.6256 | Trace | Duncan.PEMS.Framework.Controller.PemsController.OnActionExecuting | Exit
2016-01-13 12:32:49.4856 | Trace | Duncan.PEMS.Framework.Controller.PemsController.OnActionExecuting | Enter
2016-01-13 12:32:49.7226 | Trace | Duncan.PEMS.Framework.Controller.PemsController.OnActionExecuting | UndefinedAction, C: GetGrid, A:Events
2016-01-13 12:32:49.7226 | Debug | Duncan.PEMS.Framework.Controller.PemsController.OnActionExecuting | UndefinedAction Pass execution to action
2016-01-13 12:32:49.7226 | Trace | Duncan.PEMS.Framework.Controller.PemsController.OnActionExecuting | Exit
2016-01-13 12:33:15.4411 | Trace | Duncan.PEMS.Framework.Controller.PemsController.OnActionExecuting | Enter
2016-01-13 12:33:15.6841 | Trace | Duncan.PEMS.Framework.Controller.PemsController.OnActionExecuting | UndefinedAction, C: GetSummaryEvents, A:Events
2016-01-13 12:33:15.6841 | Debug | Duncan.PEMS.Framework.Controller.PemsController.OnActionExecuting | UndefinedAction Pass execution to action
2016-01-13 12:33:15.6841 | Trace | Duncan.PEMS.Framework.Controller.PemsController.OnActionExecuting | Exit
2016-01-13 12:33:51.1791 | Trace | Duncan.PEMS.Framework.Controller.PemsController.OnActionExecuting | Enter
2016-01-13 12:33:51.5902 | Trace | Duncan.PEMS.Framework.Controller.PemsController.OnActionExecuting | UndefinedAction, C: GetGrid, A:Events
2016-01-13 12:33:51.5902 | Debug | Duncan.PEMS.Framework.Controller.PemsController.OnActionExecuting | UndefinedAction Pass execution to action
2016-01-13 12:33:51.5902 | Trace | Duncan.PEMS.Framework.Controller.PemsController.OnActionExecuting | Exit
2016-01-13 12:34:16.2876 | Trace | Duncan.PEMS.Framework.Controller.PemsController.OnActionExecuting | Enter
2016-01-13 12:34:16.5546 | Trace | Duncan.PEMS.Framework.Controller.PemsController.OnActionExecuting | UndefinedAction, C: GetDiagnosticEvents, A:Events
2016-01-13 12:34:16.5546 | Debug | Duncan.PEMS.Framework.Controller.PemsController.OnActionExecuting | UndefinedAction Pass execution to action
2016-01-13 12:34:16.5546 | Trace | Duncan.PEMS.Framework.Controller.PemsController.OnActionExecuting | Exit
2016-01-13 12:35:12.9218 | Trace | Duncan.PEMS.Framework.Controller.PemsController.OnActionExecuting | Enter
2016-01-13 12:35:13.4208 | Trace | Duncan.PEMS.Framework.Controller.PemsController.OnActionExecuting | UndefinedAction, C: GetGrid, A:Events
2016-01-13 12:35:13.4208 | Debug | Duncan.PEMS.Framework.Controller.PemsController.OnActionExecuting | UndefinedAction Pass execution to action
2016-01-13 12:35:13.4208 | Trace | Duncan.PEMS.Framework.Controller.PemsController.OnActionExecuting | Exit
2016-01-13 12:35:21.9613 | Trace | Duncan.PEMS.Framework.Controller.PemsController.OnActionExecuting | Enter
2016-01-13 12:35:22.2363 | Trace | Duncan.PEMS.Framework.Controller.PemsController.OnActionExecuting | UndefinedAction, C: GetAlarmEvents, A:Events
2016-01-13 12:35:22.2363 | Debug | Duncan.PEMS.Framework.Controller.PemsController.OnActionExecuting | UndefinedAction Pass execution to action
2016-01-13 12:35:22.2363 | Trace | Duncan.PEMS.Framework.Controller.PemsController.OnActionExecuting | Exit
2016-01-13 12:36:06.5819 | Trace | Duncan.PEMS.Framework.Controller.PemsController.OnActionExecuting | Enter
2016-01-13 12:36:06.8869 | Trace | Duncan.PEMS.Framework.Controller.PemsController.OnActionExecuting | UndefinedAction, C: GetGrid, A:Events
2016-01-13 12:36:06.8869 | Debug | Duncan.PEMS.Framework.Controller.PemsController.OnActionExecuting | UndefinedAction Pass execution to action
2016-01-13 12:36:06.8869 | Trace | Duncan.PEMS.Framework.Controller.PemsController.OnActionExecuting | Exit
2016-01-13 12:36:15.3174 | Trace | Duncan.PEMS.Framework.Controller.PemsController.OnActionExecuting | Enter
2016-01-13 12:36:15.5924 | Trace | Duncan.PEMS.Framework.Controller.PemsController.OnActionExecuting | UndefinedAction, C: GetConnectionEvents, A:Events
2016-01-13 12:36:15.5924 | Debug | Duncan.PEMS.Framework.Controller.PemsController.OnActionExecuting | UndefinedAction Pass execution to action
2016-01-13 12:36:15.5924 | Trace | Duncan.PEMS.Framework.Controller.PemsController.OnActionExecuting | Exit
2016-01-13 12:36:25.8590 | Trace | Duncan.PEMS.Framework.Controller.PemsController.OnActionExecuting | Enter
2016-01-13 12:36:26.1090 | Trace | Duncan.PEMS.Framework.Controller.PemsController.OnActionExecuting | UndefinedAction, C: GetGrid, A:Events
2016-01-13 12:36:26.1090 | Debug | Duncan.PEMS.Framework.Controller.PemsController.OnActionExecuting | UndefinedAction Pass execution to action
2016-01-13 12:36:26.1090 | Trace | Duncan.PEMS.Framework.Controller.PemsController.OnActionExecuting | Exit
2016-01-13 12:36:34.4475 | Trace | Duncan.PEMS.Framework.Controller.PemsController.OnActionExecuting | Enter
2016-01-13 12:36:34.9365 | Trace | Duncan.PEMS.Framework.Controller.PemsController.OnActionExecuting | UndefinedAction, C: GetConnectionEvents, A:Events
2016-01-13 12:36:34.9365 | Debug | Duncan.PEMS.Framework.Controller.PemsController.OnActionExecuting | UndefinedAction Pass execution to action
2016-01-13 12:36:34.9365 | Trace | Duncan.PEMS.Framework.Controller.PemsController.OnActionExecuting | Exit
2016-01-13 12:37:01.8030 | Trace | Duncan.PEMS.Framework.Controller.PemsController.OnActionExecuting | Enter
2016-01-13 12:37:02.0901 | Trace | Duncan.PEMS.Framework.Controller.PemsController.OnActionExecuting | UndefinedAction, C: GetGrid, A:Events
2016-01-13 12:37:02.0901 | Debug | Duncan.PEMS.Framework.Controller.PemsController.OnActionExecuting | UndefinedAction Pass execution to action
2016-01-13 12:37:02.0901 | Trace | Duncan.PEMS.Framework.Controller.PemsController.OnActionExecuting | Exit
2016-01-13 12:37:09.7505 | Trace | Duncan.PEMS.Framework.Controller.PemsController.OnActionExecuting | Enter
2016-01-13 12:37:10.0925 | Trace | Duncan.PEMS.Framework.Controller.PemsController.OnActionExecuting | UndefinedAction, C: GetTransactionEvents, A:Events
2016-01-13 12:37:10.0925 | Debug | Duncan.PEMS.Framework.Controller.PemsController.OnActionExecuting | UndefinedAction Pass execution to action
2016-01-13 12:37:10.0925 | Trace | Duncan.PEMS.Framework.Controller.PemsController.OnActionExecuting | Exit
2016-01-13 12:37:22.4132 | Trace | Duncan.PEMS.Framework.Controller.PemsController.OnActionExecuting | Enter
2016-01-13 12:37:22.6912 | Trace | Duncan.PEMS.Framework.Controller.PemsController.OnActionExecuting | UndefinedAction, C: GetGrid, A:Events
2016-01-13 12:37:22.6912 | Debug | Duncan.PEMS.Framework.Controller.PemsController.OnActionExecuting | UndefinedAction Pass execution to action
2016-01-13 12:37:22.6912 | Trace | Duncan.PEMS.Framework.Controller.PemsController.OnActionExecuting | Exit
2016-01-13 12:37:31.3107 | Trace | Duncan.PEMS.Framework.Controller.PemsController.OnActionExecuting | Enter
2016-01-13 12:37:31.6117 | Trace | Duncan.PEMS.Framework.Controller.PemsController.OnActionExecuting | UndefinedAction, C: GetTransactionEvents, A:Events
2016-01-13 12:37:31.6117 | Debug | Duncan.PEMS.Framework.Controller.PemsController.OnActionExecuting | UndefinedAction Pass execution to action
2016-01-13 12:37:31.6117 | Trace | Duncan.PEMS.Framework.Controller.PemsController.OnActionExecuting | Exit
2016-01-13 12:37:40.1872 | Trace | Duncan.PEMS.Framework.Controller.PemsController.OnActionExecuting | Enter
2016-01-13 12:37:40.4622 | Trace | Duncan.PEMS.Framework.Controller.PemsController.OnActionExecuting | UndefinedAction, C: GetGrid, A:Events
2016-01-13 12:37:40.4632 | Debug | Duncan.PEMS.Framework.Controller.PemsController.OnActionExecuting | UndefinedAction Pass execution to action
2016-01-13 12:37:40.4632 | Trace | Duncan.PEMS.Framework.Controller.PemsController.OnActionExecuting | Exit
2016-01-13 12:38:22.0516 | Trace | Duncan.PEMS.Framework.Controller.PemsController.OnActionExecuting | Enter
2016-01-13 12:38:22.3846 | Trace | Duncan.PEMS.Framework.Controller.PemsController.OnActionExecuting | UndefinedAction, C: GetTransactionEvents, A:Events
2016-01-13 12:38:22.3846 | Debug | Duncan.PEMS.Framework.Controller.PemsController.OnActionExecuting | UndefinedAction Pass execution to action
2016-01-13 12:38:22.3846 | Trace | Duncan.PEMS.Framework.Controller.PemsController.OnActionExecuting | Exit
2016-01-13 12:38:31.6112 | Trace | Duncan.PEMS.Framework.Controller.PemsController.OnActionExecuting | Enter
2016-01-13 12:38:31.9992 | Trace | Duncan.PEMS.Framework.Controller.PemsController.OnActionExecuting | UndefinedAction, C: GetGrid, A:Events
2016-01-13 12:38:31.9992 | Debug | Duncan.PEMS.Framework.Controller.PemsController.OnActionExecuting | UndefinedAction Pass execution to action
2016-01-13 12:38:31.9992 | Trace | Duncan.PEMS.Framework.Controller.PemsController.OnActionExecuting | Exit
2016-01-13 12:39:26.5883 | Trace | Duncan.PEMS.Framework.Controller.PemsController.OnActionExecuting | Enter
2016-01-13 12:39:26.8823 | Trace | Duncan.PEMS.Framework.Controller.PemsController.OnActionExecuting | UndefinedAction, C: GetTransactionEvents, A:Events
2016-01-13 12:39:26.8823 | Debug | Duncan.PEMS.Framework.Controller.PemsController.OnActionExecuting | UndefinedAction Pass execution to action
2016-01-13 12:39:26.8823 | Trace | Duncan.PEMS.Framework.Controller.PemsController.OnActionExecuting | Exit
2016-01-13 12:40:50.6871 | Trace | Duncan.PEMS.Framework.Controller.PemsController.OnActionExecuting | Enter
2016-01-13 12:40:51.0011 | Trace | Duncan.PEMS.Framework.Controller.PemsController.OnActionExecuting | UndefinedAction, C: GetGrid, A:Events
2016-01-13 12:40:51.0011 | Debug | Duncan.PEMS.Framework.Controller.PemsController.OnActionExecuting | UndefinedAction Pass execution to action
2016-01-13 12:40:51.0011 | Trace | Duncan.PEMS.Framework.Controller.PemsController.OnActionExecuting | Exit
2016-01-13 12:40:57.1425 | Trace | Duncan.PEMS.Framework.Controller.PemsController.OnActionExecuting | Enter
2016-01-13 12:40:57.5365 | Trace | Duncan.PEMS.Framework.Controller.PemsController.OnActionExecuting | UndefinedAction, C: GetTransactionEvents, A:Events
2016-01-13 12:40:57.5365 | Debug | Duncan.PEMS.Framework.Controller.PemsController.OnActionExecuting | UndefinedAction Pass execution to action
2016-01-13 12:40:57.5365 | Trace | Duncan.PEMS.Framework.Controller.PemsController.OnActionExecuting | Exit
2016-01-13 12:41:14.4765 | Trace | Duncan.PEMS.Framework.Controller.PemsController.OnActionExecuting | Enter
2016-01-13 12:41:14.9435 | Trace | Duncan.PEMS.Framework.Controller.PemsController.OnActionExecuting | UndefinedAction, C: GetGrid, A:Events
2016-01-13 12:41:14.9435 | Debug | Duncan.PEMS.Framework.Controller.PemsController.OnActionExecuting | UndefinedAction Pass execution to action
2016-01-13 12:41:14.9435 | Trace | Duncan.PEMS.Framework.Controller.PemsController.OnActionExecuting | Exit
2016-01-13 12:41:48.4264 | Trace | Duncan.PEMS.Framework.Controller.PemsController.OnActionExecuting | Enter
2016-01-13 12:41:48.6494 | Trace | Duncan.PEMS.Framework.Controller.PemsController.OnActionExecuting | UndefinedAction, C: GetCollectionCommEvents, A:Events
2016-01-13 12:41:48.6494 | Debug | Duncan.PEMS.Framework.Controller.PemsController.OnActionExecuting | UndefinedAction Pass execution to action
2016-01-13 12:41:48.6494 | Trace | Duncan.PEMS.Framework.Controller.PemsController.OnActionExecuting | Exit
2016-01-13 12:41:57.9880 | Trace | Duncan.PEMS.Framework.Controller.PemsController.OnActionExecuting | Enter
2016-01-13 12:41:58.3860 | Trace | Duncan.PEMS.Framework.Controller.PemsController.OnActionExecuting | UndefinedAction, C: GetGrid, A:Events
2016-01-13 12:41:58.3860 | Debug | Duncan.PEMS.Framework.Controller.PemsController.OnActionExecuting | UndefinedAction Pass execution to action
2016-01-13 12:41:58.3860 | Trace | Duncan.PEMS.Framework.Controller.PemsController.OnActionExecuting | Exit
2016-01-13 12:42:44.9787 | Trace | Duncan.PEMS.Framework.Controller.PemsController.OnActionExecuting | Enter
2016-01-13 12:42:45.2367 | Trace | Duncan.PEMS.Framework.Controller.PemsController.OnActionExecuting | UndefinedAction, C: GetCollectionCBREvents, A:Events
2016-01-13 12:42:45.2367 | Debug | Duncan.PEMS.Framework.Controller.PemsController.OnActionExecuting | UndefinedAction Pass execution to action
2016-01-13 12:42:45.2367 | Trace | Duncan.PEMS.Framework.Controller.PemsController.OnActionExecuting | Exit
2016-01-13 12:42:52.5251 | Trace | Duncan.PEMS.Framework.Controller.PemsController.OnActionExecuting | Enter
2016-01-13 12:42:52.5901 | Trace | Duncan.PEMS.Framework.Controller.PemsController.OnActionExecuting | Allowed, C: Index, A:Alarms
2016-01-13 12:42:52.5901 | Debug | Duncan.PEMS.Framework.Controller.PemsController.OnActionExecuting | Allowed Pass execution to action
2016-01-13 12:42:52.5901 | Trace | Duncan.PEMS.Framework.Controller.PemsController.OnActionExecuting | Exit
2016-01-13 12:43:01.1086 | Trace | Duncan.PEMS.Framework.Controller.PemsController.OnActionExecuting | Enter
2016-01-13 12:43:01.1596 | Trace | Duncan.PEMS.Framework.Controller.PemsController.OnActionExecuting | Allowed, C: Index, A:Events
2016-01-13 12:43:01.1596 | Debug | Duncan.PEMS.Framework.Controller.PemsController.OnActionExecuting | Allowed Pass execution to action
2016-01-13 12:43:01.1596 | Trace | Duncan.PEMS.Framework.Controller.PemsController.OnActionExecuting | Exit
2016-01-13 12:43:03.8157 | Trace | Duncan.PEMS.Framework.Controller.PemsController.OnActionExecuting | Enter
2016-01-13 12:43:03.8787 | Trace | Duncan.PEMS.Framework.Controller.PemsController.OnActionExecuting | Allowed, C: Index, A:Events
2016-01-13 12:43:03.8787 | Debug | Duncan.PEMS.Framework.Controller.PemsController.OnActionExecuting | Allowed Pass execution to action
2016-01-13 12:43:03.8787 | Trace | Duncan.PEMS.Framework.Controller.PemsController.OnActionExecuting | Exit
2016-01-13 12:43:06.9289 | Trace | Duncan.PEMS.Framework.Controller.PemsController.OnActionExecuting | Enter
2016-01-13 12:43:07.2189 | Trace | Duncan.PEMS.Framework.Controller.PemsController.OnActionExecuting | UndefinedAction, C: GetFilterValues, A:Events
2016-01-13 12:43:07.2189 | Debug | Duncan.PEMS.Framework.Controller.PemsController.OnActionExecuting | UndefinedAction Pass execution to action
2016-01-13 12:43:07.2189 | Trace | Duncan.PEMS.Framework.Controller.PemsController.OnActionExecuting | Exit
2016-01-13 12:43:11.1802 | Trace | Duncan.PEMS.Framework.Controller.PemsController.OnActionExecuting | Enter
2016-01-13 12:43:11.2372 | Trace | Duncan.PEMS.Framework.Controller.PemsController.OnActionExecuting | Allowed, C: Index, A:Alarms
2016-01-13 12:43:11.2372 | Debug | Duncan.PEMS.Framework.Controller.PemsController.OnActionExecuting | Allowed Pass execution to action
2016-01-13 12:43:11.2372 | Trace | Duncan.PEMS.Framework.Controller.PemsController.OnActionExecuting | Exit
2016-01-13 12:43:14.5614 | Trace | Duncan.PEMS.Framework.Controller.PemsController.OnActionExecuting | Enter
2016-01-13 12:43:14.5614 | Trace | Duncan.PEMS.Framework.Controller.PemsController.OnActionExecuting | UndefinedAjax, C: GetAssetTypes, A:Alarms
2016-01-13 12:43:14.5614 | Debug | Duncan.PEMS.Framework.Controller.PemsController.OnActionExecuting | UndefinedAjax Pass execution to action
2016-01-13 12:43:14.5614 | Trace | Duncan.PEMS.Framework.Controller.PemsController.OnActionExecuting | Exit
2016-01-13 12:43:14.7904 | Trace | Duncan.PEMS.Framework.Controller.PemsController.OnActionExecuting | Enter
2016-01-13 12:43:14.7904 | Trace | Duncan.PEMS.Framework.Controller.PemsController.OnActionExecuting | UndefinedAjax, C: GetTargetServices, A:Alarms
2016-01-13 12:43:14.7904 | Debug | Duncan.PEMS.Framework.Controller.PemsController.OnActionExecuting | UndefinedAjax Pass execution to action
2016-01-13 12:43:14.7904 | Trace | Duncan.PEMS.Framework.Controller.PemsController.OnActionExecuting | Exit
2016-01-13 12:43:15.1814 | Trace | Duncan.PEMS.Framework.Controller.PemsController.OnActionExecuting | Enter
2016-01-13 12:43:15.1814 | Trace | Duncan.PEMS.Framework.Controller.PemsController.OnActionExecuting | UndefinedAjax, C: GetAssetStates, A:Alarms
2016-01-13 12:43:15.1814 | Debug | Duncan.PEMS.Framework.Controller.PemsController.OnActionExecuting | UndefinedAjax Pass execution to action
2016-01-13 12:43:15.1814 | Trace | Duncan.PEMS.Framework.Controller.PemsController.OnActionExecuting | Exit
2016-01-13 12:43:15.5414 | Trace | Duncan.PEMS.Framework.Controller.PemsController.OnActionExecuting | Enter
2016-01-13 12:43:15.5414 | Trace | Duncan.PEMS.Framework.Controller.PemsController.OnActionExecuting | UndefinedAjax, C: GetAlarmSources, A:Alarms
2016-01-13 12:43:15.5414 | Debug | Duncan.PEMS.Framework.Controller.PemsController.OnActionExecuting | UndefinedAjax Pass execution to action
2016-01-13 12:43:15.5414 | Trace | Duncan.PEMS.Framework.Controller.PemsController.OnActionExecuting | Exit
2016-01-13 12:43:15.7534 | Trace | Duncan.PEMS.Framework.Controller.PemsController.OnActionExecuting | Enter
2016-01-13 12:43:15.7534 | Trace | Duncan.PEMS.Framework.Controller.PemsController.OnActionExecuting | UndefinedAjax, C: GetTimeTypes, A:Alarms
2016-01-13 12:43:15.7534 | Debug | Duncan.PEMS.Framework.Controller.PemsController.OnActionExecuting | UndefinedAjax Pass execution to action
2016-01-13 12:43:15.7534 | Trace | Duncan.PEMS.Framework.Controller.PemsController.OnActionExecuting | Exit
2016-01-13 12:43:15.8724 | Trace | Duncan.PEMS.Framework.Controller.PemsController.OnActionExecuting | Enter
2016-01-13 12:43:15.8724 | Trace | Duncan.PEMS.Framework.Controller.PemsController.OnActionExecuting | UndefinedAjax, C: GetAlarmSeverities, A:Alarms
2016-01-13 12:43:15.8724 | Debug | Duncan.PEMS.Framework.Controller.PemsController.OnActionExecuting | UndefinedAjax Pass execution to action
2016-01-13 12:43:15.8724 | Trace | Duncan.PEMS.Framework.Controller.PemsController.OnActionExecuting | Exit
2016-01-13 12:43:15.9724 | Trace | Duncan.PEMS.Framework.Controller.PemsController.OnActionExecuting | Enter
2016-01-13 12:43:15.9744 | Trace | Duncan.PEMS.Framework.Controller.PemsController.OnActionExecuting | UndefinedAjax, C: GetAlarmFilters, A:Alarms
2016-01-13 12:43:15.9744 | Debug | Duncan.PEMS.Framework.Controller.PemsController.OnActionExecuting | UndefinedAjax Pass execution to action
2016-01-13 12:43:15.9744 | Trace | Duncan.PEMS.Framework.Controller.PemsController.OnActionExecuting | Exit
2016-01-13 12:43:16.0644 | Trace | Duncan.PEMS.Framework.Controller.PemsController.OnActionExecuting | Enter
2016-01-13 12:43:16.0644 | Trace | Duncan.PEMS.Framework.Controller.PemsController.OnActionExecuting | UndefinedAjax, C: GetTechnicianDetails, A:Alarms
2016-01-13 12:43:16.0644 | Debug | Duncan.PEMS.Framework.Controller.PemsController.OnActionExecuting | UndefinedAjax Pass execution to action
2016-01-13 12:43:16.0644 | Trace | Duncan.PEMS.Framework.Controller.PemsController.OnActionExecuting | Exit
2016-01-13 12:43:16.2035 | Trace | Duncan.PEMS.Framework.Controller.PemsController.OnActionExecuting | Enter
2016-01-13 12:43:16.2035 | Trace | Duncan.PEMS.Framework.Controller.PemsController.OnActionExecuting | UndefinedAjax, C: GetSavedSortValues, A:Alarms
2016-01-13 12:43:16.2035 | Debug | Duncan.PEMS.Framework.Controller.PemsController.OnActionExecuting | UndefinedAjax Pass execution to action
2016-01-13 12:43:16.2035 | Trace | Duncan.PEMS.Framework.Controller.PemsController.OnActionExecuting | Exit
2016-01-13 12:43:16.7435 | Trace | Duncan.PEMS.Framework.Controller.PemsController.OnActionExecuting | Enter
2016-01-13 12:43:16.7435 | Trace | Duncan.PEMS.Framework.Controller.PemsController.OnActionExecuting | UndefinedAjax, C: GetGridData, A:Alarms
2016-01-13 12:43:16.7435 | Debug | Duncan.PEMS.Framework.Controller.PemsController.OnActionExecuting | UndefinedAjax Pass execution to action
2016-01-13 12:43:16.7435 | Trace | Duncan.PEMS.Framework.Controller.PemsController.OnActionExecuting | Exit
2016-01-13 12:43:19.9597 | Trace | Duncan.PEMS.Framework.Controller.PemsController.OnActionExecuting | Enter
2016-01-13 12:43:20.1707 | Trace | Duncan.PEMS.Framework.Controller.PemsController.OnActionExecuting | UndefinedAction, C: GetItems, A:Alarms
2016-01-13 12:43:20.1717 | Debug | Duncan.PEMS.Framework.Controller.PemsController.OnActionExecuting | UndefinedAction Pass execution to action
2016-01-13 12:43:20.1717 | Trace | Duncan.PEMS.Framework.Controller.PemsController.OnActionExecuting | Exit
2016-01-13 12:55:40.9710 | Trace | Duncan.PEMS.Framework.Controller.PemsController.OnActionExecuting | Enter
2016-01-13 12:55:41.1431 | Trace | Duncan.PEMS.Framework.Controller.PemsController.OnActionExecuting | Allowed, C: Index, A:GIS
2016-01-13 12:55:41.1431 | Debug | Duncan.PEMS.Framework.Controller.PemsController.OnActionExecuting | Allowed Pass execution to action
2016-01-13 12:55:41.1431 | Trace | Duncan.PEMS.Framework.Controller.PemsController.OnActionExecuting | Exit
2016-01-13 12:55:55.1129 | Trace | Duncan.PEMS.Framework.Controller.PemsController.OnActionExecuting | Enter
2016-01-13 12:55:55.8779 | Trace | Duncan.PEMS.Framework.Controller.PemsController.OnActionExecuting | UndefinedAction, C: GetAssetTypes_Inventory, A:GIS
2016-01-13 12:55:55.8779 | Debug | Duncan.PEMS.Framework.Controller.PemsController.OnActionExecuting | UndefinedAction Pass execution to action
2016-01-13 12:55:55.8779 | Trace | Duncan.PEMS.Framework.Controller.PemsController.OnActionExecuting | Exit
2016-01-13 12:55:56.0319 | Trace | Duncan.PEMS.Framework.Controller.PemsController.OnActionExecuting | Enter
2016-01-13 12:55:56.3569 | Trace | Duncan.PEMS.Framework.Controller.PemsController.OnActionExecuting | UndefinedAction, C: GetComplianceStatus, A:GIS
2016-01-13 12:55:56.3569 | Debug | Duncan.PEMS.Framework.Controller.PemsController.OnActionExecuting | UndefinedAction Pass execution to action
2016-01-13 12:55:56.3569 | Trace | Duncan.PEMS.Framework.Controller.PemsController.OnActionExecuting | Exit
2016-01-13 12:55:56.4819 | Trace | Duncan.PEMS.Framework.Controller.PemsController.OnActionExecuting | Enter
2016-01-13 12:55:56.6989 | Trace | Duncan.PEMS.Framework.Controller.PemsController.OnActionExecuting | UndefinedAction, C: GetOperationalStatus, A:GIS
2016-01-13 12:55:56.6989 | Debug | Duncan.PEMS.Framework.Controller.PemsController.OnActionExecuting | UndefinedAction Pass execution to action
2016-01-13 12:55:56.6989 | Trace | Duncan.PEMS.Framework.Controller.PemsController.OnActionExecuting | Exit
2016-01-13 12:55:56.8060 | Trace | Duncan.PEMS.Framework.Controller.PemsController.OnActionExecuting | Enter
2016-01-13 12:55:57.0540 | Trace | Duncan.PEMS.Framework.Controller.PemsController.OnActionExecuting | UndefinedAction, C: GetAssetTypes_Inventory, A:GIS
2016-01-13 12:55:57.0540 | Debug | Duncan.PEMS.Framework.Controller.PemsController.OnActionExecuting | UndefinedAction Pass execution to action
2016-01-13 12:55:57.0540 | Trace | Duncan.PEMS.Framework.Controller.PemsController.OnActionExecuting | Exit
2016-01-13 12:55:57.1830 | Trace | Duncan.PEMS.Framework.Controller.PemsController.OnActionExecuting | Enter
2016-01-13 12:55:57.4550 | Trace | Duncan.PEMS.Framework.Controller.PemsController.OnActionExecuting | UndefinedAction, C: GetOccupancyStatus, A:GIS
2016-01-13 12:55:57.4550 | Debug | Duncan.PEMS.Framework.Controller.PemsController.OnActionExecuting | UndefinedAction Pass execution to action
2016-01-13 12:55:57.4550 | Trace | Duncan.PEMS.Framework.Controller.PemsController.OnActionExecuting | Exit
2016-01-13 12:55:57.6970 | Trace | Duncan.PEMS.Framework.Controller.PemsController.OnActionExecuting | Enter
2016-01-13 12:55:57.8920 | Trace | Duncan.PEMS.Framework.Controller.PemsController.OnActionExecuting | UndefinedAction, C: GetLoacationTypes, A:GIS
2016-01-13 12:55:57.8920 | Debug | Duncan.PEMS.Framework.Controller.PemsController.OnActionExecuting | UndefinedAction Pass execution to action
2016-01-13 12:55:57.8920 | Trace | Duncan.PEMS.Framework.Controller.PemsController.OnActionExecuting | Exit
2016-01-13 12:55:58.2120 | Trace | Duncan.PEMS.Framework.Controller.PemsController.OnActionExecuting | Enter
2016-01-13 12:55:58.7471 | Trace | Duncan.PEMS.Framework.Controller.PemsController.OnActionExecuting | UndefinedAction, C: GetDemandZones, A:GIS
2016-01-13 12:55:58.7471 | Debug | Duncan.PEMS.Framework.Controller.PemsController.OnActionExecuting | UndefinedAction Pass execution to action
2016-01-13 12:55:58.7471 | Trace | Duncan.PEMS.Framework.Controller.PemsController.OnActionExecuting | Exit
2016-01-13 12:55:59.2581 | Trace | Duncan.PEMS.Framework.Controller.PemsController.OnActionExecuting | Enter
2016-01-13 12:55:59.4851 | Trace | Duncan.PEMS.Framework.Controller.PemsController.OnActionExecuting | UndefinedAction, C: GetAssetTypes_Inventory, A:GIS
2016-01-13 12:55:59.4851 | Debug | Duncan.PEMS.Framework.Controller.PemsController.OnActionExecuting | UndefinedAction Pass execution to action
2016-01-13 12:55:59.4851 | Trace | Duncan.PEMS.Framework.Controller.PemsController.OnActionExecuting | Exit
2016-01-13 12:55:59.7721 | Trace | Duncan.PEMS.Framework.Controller.PemsController.OnActionExecuting | Enter
2016-01-13 12:56:00.0211 | Trace | Duncan.PEMS.Framework.Controller.PemsController.OnActionExecuting | UndefinedAction, C: GetAssetState, A:GIS
2016-01-13 12:56:00.0211 | Debug | Duncan.PEMS.Framework.Controller.PemsController.OnActionExecuting | UndefinedAction Pass execution to action
2016-01-13 12:56:00.0211 | Trace | Duncan.PEMS.Framework.Controller.PemsController.OnActionExecuting | Exit
