2015-10-19 10:56:55.4490 | Fatal | Duncan.PEMS.Security.SecurityManager.InitializeMembershipConnection | Error initializing database connection 'Duncan.Membership.Connector'
2015-10-19 11:07:34.2225 | Trace | Duncan.PEMS.Framework.Controller.PemsController.OnActionExecuting | Enter
2015-10-19 11:07:36.1856 | Trace | Duncan.PEMS.Framework.Controller.PemsController.OnActionExecuting | Allowed, C: Index, A:Home
2015-10-19 11:07:36.1856 | Debug | Duncan.PEMS.Framework.Controller.PemsController.OnActionExecuting | Allowed Pass execution to action
2015-10-19 11:07:36.1856 | Trace | Duncan.PEMS.Framework.Controller.PemsController.OnActionExecuting | Exit
2015-10-19 11:10:39.9601 | Trace | Duncan.PEMS.Framework.Controller.PemsController.OnActionExecuting | Enter
2015-10-19 11:10:43.5593 | Trace | Duncan.PEMS.Framework.Controller.PemsController.OnActionExecuting | UndefinedAction, C: GetAssetTypes_HomePage, A:GIS
2015-10-19 11:10:43.5593 | Debug | Duncan.PEMS.Framework.Controller.PemsController.OnActionExecuting | UndefinedAction Pass execution to action
2015-10-19 11:10:43.5593 | Trace | Duncan.PEMS.Framework.Controller.PemsController.OnActionExecuting | Exit
2015-10-19 11:10:46.6405 | Trace | Duncan.PEMS.Framework.Controller.PemsController.OnActionExecuting | Enter
2015-10-19 11:10:49.4717 | Trace | Duncan.PEMS.Framework.Controller.PemsController.OnActionExecuting | UndefinedAction, C: GetCustomerGridDetails_NewHome, A:GIS
2015-10-19 11:10:49.4717 | Debug | Duncan.PEMS.Framework.Controller.PemsController.OnActionExecuting | UndefinedAction Pass execution to action
2015-10-19 11:10:49.4717 | Trace | Duncan.PEMS.Framework.Controller.PemsController.OnActionExecuting | Exit
2015-10-19 11:11:04.3625 | Trace | Duncan.PEMS.Framework.Controller.PemsController.OnActionExecuting | Enter
2015-10-19 11:11:07.6117 | Trace | Duncan.PEMS.Framework.Controller.PemsController.OnActionExecuting | UndefinedAction, C: GetCustomerGridDetails_NewHome, A:GIS
2015-10-19 11:11:07.6117 | Debug | Duncan.PEMS.Framework.Controller.PemsController.OnActionExecuting | UndefinedAction Pass execution to action
2015-10-19 11:11:07.6117 | Trace | Duncan.PEMS.Framework.Controller.PemsController.OnActionExecuting | Exit
2015-10-19 12:45:51.2668 | Trace | Duncan.PEMS.Framework.Controller.PemsController.OnActionExecuting | Enter
2015-10-19 12:45:53.1419 | Trace | Duncan.PEMS.Framework.Controller.PemsController.OnActionExecuting | Allowed, C: Index, A:Home
2015-10-19 12:45:53.1419 | Debug | Duncan.PEMS.Framework.Controller.PemsController.OnActionExecuting | Allowed Pass execution to action
2015-10-19 12:45:53.1419 | Trace | Duncan.PEMS.Framework.Controller.PemsController.OnActionExecuting | Exit
2015-10-19 12:48:05.4565 | Trace | Duncan.PEMS.Framework.Controller.PemsController.OnActionExecuting | Enter
2015-10-19 12:48:07.7866 | Trace | Duncan.PEMS.Framework.Controller.PemsController.OnActionExecuting | UndefinedAction, C: GetAssetTypes_HomePage, A:GIS
2015-10-19 12:48:07.7866 | Debug | Duncan.PEMS.Framework.Controller.PemsController.OnActionExecuting | UndefinedAction Pass execution to action
2015-10-19 12:48:07.7866 | Trace | Duncan.PEMS.Framework.Controller.PemsController.OnActionExecuting | Exit
2015-10-19 12:48:09.1657 | Trace | Duncan.PEMS.Framework.Controller.PemsController.OnActionExecuting | Enter
2015-10-19 12:48:11.3118 | Trace | Duncan.PEMS.Framework.Controller.PemsController.OnActionExecuting | Allowed, C: ReportSpaceStatus, A:SpaceStatus
2015-10-19 12:48:11.3118 | Debug | Duncan.PEMS.Framework.Controller.PemsController.OnActionExecuting | Allowed Pass execution to action
2015-10-19 12:48:11.3118 | Trace | Duncan.PEMS.Framework.Controller.PemsController.OnActionExecuting | Exit
2015-10-19 12:48:54.4423 | Trace | Duncan.PEMS.Framework.Controller.PemsController.OnActionExecuting | Enter
2015-10-19 12:48:56.5744 | Trace | Duncan.PEMS.Framework.Controller.PemsController.OnActionExecuting | UndefinedAction, C: GetCustomerGridDetails_NewHome, A:GIS
2015-10-19 12:48:56.5744 | Debug | Duncan.PEMS.Framework.Controller.PemsController.OnActionExecuting | UndefinedAction Pass execution to action
2015-10-19 12:48:56.5744 | Trace | Duncan.PEMS.Framework.Controller.PemsController.OnActionExecuting | Exit
2015-10-19 12:48:59.5566 | Trace | Duncan.PEMS.Framework.Controller.PemsController.OnActionExecuting | Enter
2015-10-19 12:49:01.5917 | Trace | Duncan.PEMS.Framework.Controller.PemsController.OnActionExecuting | UndefinedAction, C: GetCustomerGridDetails_NewHome, A:GIS
2015-10-19 12:49:01.5917 | Debug | Duncan.PEMS.Framework.Controller.PemsController.OnActionExecuting | UndefinedAction Pass execution to action
2015-10-19 12:49:01.5917 | Trace | Duncan.PEMS.Framework.Controller.PemsController.OnActionExecuting | Exit
2015-10-19 12:49:22.5089 | Trace | Duncan.PEMS.Framework.Controller.PemsController.OnActionExecuting | Enter
2015-10-19 12:49:25.0240 | Trace | Duncan.PEMS.Framework.Controller.PemsController.OnActionExecuting | UndefinedAction, C: SpaceStatusbyArea, A:SpaceStatus
2015-10-19 12:49:25.0240 | Debug | Duncan.PEMS.Framework.Controller.PemsController.OnActionExecuting | UndefinedAction Pass execution to action
2015-10-19 12:49:25.0240 | Trace | Duncan.PEMS.Framework.Controller.PemsController.OnActionExecuting | Exit
2015-10-19 12:51:10.8321 | Trace | Duncan.PEMS.Framework.Controller.PemsController.OnActionExecuting | Enter
2015-10-19 12:51:12.9872 | Trace | Duncan.PEMS.Framework.Controller.PemsController.OnActionExecuting | UndefinedAction, C: SpaceStatusbyArea, A:SpaceStatus
2015-10-19 12:51:12.9872 | Debug | Duncan.PEMS.Framework.Controller.PemsController.OnActionExecuting | UndefinedAction Pass execution to action
2015-10-19 12:51:12.9872 | Trace | Duncan.PEMS.Framework.Controller.PemsController.OnActionExecuting | Exit
2015-10-19 12:54:50.2936 | Trace | Duncan.PEMS.Framework.Controller.PemsController.OnActionExecuting | Enter
2015-10-19 12:54:54.2258 | Trace | Duncan.PEMS.Framework.Controller.PemsController.OnActionExecuting | UndefinedAction, C: SpaceStatusbyArea, A:SpaceStatus
2015-10-19 12:54:54.2258 | Debug | Duncan.PEMS.Framework.Controller.PemsController.OnActionExecuting | UndefinedAction Pass execution to action
2015-10-19 12:54:54.2258 | Trace | Duncan.PEMS.Framework.Controller.PemsController.OnActionExecuting | Exit
2015-10-19 13:14:51.0113 | Trace | Duncan.PEMS.Framework.Controller.PemsController.OnActionExecuting | Enter
2015-10-19 13:14:55.8046 | Trace | Duncan.PEMS.Framework.Controller.PemsController.OnActionExecuting | UndefinedAction, C: SpaceStatusbyMeter, A:SpaceStatus
2015-10-19 13:14:55.8046 | Debug | Duncan.PEMS.Framework.Controller.PemsController.OnActionExecuting | UndefinedAction Pass execution to action
2015-10-19 13:14:55.8046 | Trace | Duncan.PEMS.Framework.Controller.PemsController.OnActionExecuting | Exit
2015-10-19 16:50:10.0312 | Trace | Duncan.PEMS.Framework.Controller.PemsController.OnActionExecuting | Enter
2015-10-19 16:50:16.3796 | Trace | Duncan.PEMS.Framework.Controller.PemsController.OnActionExecuting | Allowed, C: Index, A:Home
2015-10-19 16:50:16.3796 | Debug | Duncan.PEMS.Framework.Controller.PemsController.OnActionExecuting | Allowed Pass execution to action
2015-10-19 16:50:16.3796 | Trace | Duncan.PEMS.Framework.Controller.PemsController.OnActionExecuting | Exit
2015-10-19 16:52:36.3556 | Trace | Duncan.PEMS.Framework.Controller.PemsController.OnActionExecuting | Enter
2015-10-19 16:52:38.8157 | Trace | Duncan.PEMS.Framework.Controller.PemsController.OnActionExecuting | UndefinedAction, C: GetAssetTypes_HomePage, A:GIS
2015-10-19 16:52:38.8427 | Debug | Duncan.PEMS.Framework.Controller.PemsController.OnActionExecuting | UndefinedAction Pass execution to action
2015-10-19 16:52:38.8427 | Trace | Duncan.PEMS.Framework.Controller.PemsController.OnActionExecuting | Exit
2015-10-19 16:52:40.9979 | Trace | Duncan.PEMS.Framework.Controller.PemsController.OnActionExecuting | Enter
2015-10-19 16:52:44.5851 | Trace | Duncan.PEMS.Framework.Controller.PemsController.OnActionExecuting | UndefinedAction, C: GetCustomerGridDetails_NewHome, A:GIS
2015-10-19 16:52:44.6001 | Debug | Duncan.PEMS.Framework.Controller.PemsController.OnActionExecuting | UndefinedAction Pass execution to action
2015-10-19 16:52:44.6001 | Trace | Duncan.PEMS.Framework.Controller.PemsController.OnActionExecuting | Exit
2015-10-19 16:52:47.6902 | Trace | Duncan.PEMS.Framework.Controller.PemsController.OnActionExecuting | Enter
2015-10-19 16:52:50.4284 | Trace | Duncan.PEMS.Framework.Controller.PemsController.OnActionExecuting | UndefinedAction, C: GetCustomerGridDetails_NewHome, A:GIS
2015-10-19 16:52:50.4284 | Debug | Duncan.PEMS.Framework.Controller.PemsController.OnActionExecuting | UndefinedAction Pass execution to action
2015-10-19 16:52:50.4284 | Trace | Duncan.PEMS.Framework.Controller.PemsController.OnActionExecuting | Exit
2015-10-19 16:53:41.0343 | Error | Duncan.PEMS.Business.GIS.GISFactory.GetSearchMetersData_Inventory_All_Home | ERROR IN GetSearchMetersData_Inventory Method (GIS Reports)
2015-10-19 16:56:42.3627 | Trace | Duncan.PEMS.Framework.Controller.PemsController.OnActionExecuting | Enter
2015-10-19 16:56:44.6218 | Trace | Duncan.PEMS.Framework.Controller.PemsController.OnActionExecuting | DeniedNoCity, C: SpaceStatusbyArea, A:SpaceStatus
2015-10-19 16:56:44.6218 | Debug | Duncan.PEMS.Framework.Controller.PemsController.OnActionExecuting | DeniedNoCity Send to landing page
2015-10-19 16:56:44.6218 | Trace | Duncan.PEMS.Framework.Controller.PemsController.OnActionExecuting | Exit
2015-10-19 16:59:05.8129 | Trace | Duncan.PEMS.Framework.Controller.PemsController.OnActionExecuting | Enter
2015-10-19 16:59:08.4040 | Trace | Duncan.PEMS.Framework.Controller.PemsController.OnActionExecuting | Allowed, C: Index, A:Home
2015-10-19 16:59:08.4040 | Debug | Duncan.PEMS.Framework.Controller.PemsController.OnActionExecuting | Allowed Pass execution to action
2015-10-19 16:59:08.4040 | Trace | Duncan.PEMS.Framework.Controller.PemsController.OnActionExecuting | Exit
2015-10-19 17:00:54.3451 | Trace | Duncan.PEMS.Framework.Controller.PemsController.OnActionExecuting | Enter
2015-10-19 17:00:56.5862 | Trace | Duncan.PEMS.Framework.Controller.PemsController.OnActionExecuting | UndefinedAction, C: GetAssetTypes_HomePage, A:GIS
2015-10-19 17:00:56.5862 | Debug | Duncan.PEMS.Framework.Controller.PemsController.OnActionExecuting | UndefinedAction Pass execution to action
2015-10-19 17:00:56.5862 | Trace | Duncan.PEMS.Framework.Controller.PemsController.OnActionExecuting | Exit
2015-10-19 17:00:57.9833 | Trace | Duncan.PEMS.Framework.Controller.PemsController.OnActionExecuting | Enter
2015-10-19 17:01:00.1744 | Trace | Duncan.PEMS.Framework.Controller.PemsController.OnActionExecuting | UndefinedAction, C: GetCustomerGridDetails_NewHome, A:GIS
2015-10-19 17:01:00.1744 | Debug | Duncan.PEMS.Framework.Controller.PemsController.OnActionExecuting | UndefinedAction Pass execution to action
2015-10-19 17:01:00.1744 | Trace | Duncan.PEMS.Framework.Controller.PemsController.OnActionExecuting | Exit
2015-10-19 17:01:03.9766 | Trace | Duncan.PEMS.Framework.Controller.PemsController.OnActionExecuting | Enter
2015-10-19 17:01:06.2048 | Trace | Duncan.PEMS.Framework.Controller.PemsController.OnActionExecuting | Allowed, C: ReportSpaceStatus, A:SpaceStatus
2015-10-19 17:01:06.2048 | Debug | Duncan.PEMS.Framework.Controller.PemsController.OnActionExecuting | Allowed Pass execution to action
2015-10-19 17:01:06.2048 | Trace | Duncan.PEMS.Framework.Controller.PemsController.OnActionExecuting | Exit
2015-10-19 17:03:15.2761 | Trace | Duncan.PEMS.Framework.Controller.PemsController.OnActionExecuting | Enter
2015-10-19 17:04:51.4416 | Trace | Duncan.PEMS.Framework.Controller.PemsController.OnActionExecuting | UndefinedAction, C: GetCustomerGridDetails_NewHome, A:GIS
2015-10-19 17:04:51.4416 | Debug | Duncan.PEMS.Framework.Controller.PemsController.OnActionExecuting | UndefinedAction Pass execution to action
2015-10-19 17:04:51.4906 | Trace | Duncan.PEMS.Framework.Controller.PemsController.OnActionExecuting | Exit
2015-10-19 17:05:17.2941 | Trace | Duncan.PEMS.Framework.Controller.PemsController.OnActionExecuting | Enter
2015-10-19 17:05:19.3842 | Trace | Duncan.PEMS.Framework.Controller.PemsController.OnActionExecuting | UndefinedAction, C: SpaceStatusbyArea, A:SpaceStatus
2015-10-19 17:05:19.3842 | Debug | Duncan.PEMS.Framework.Controller.PemsController.OnActionExecuting | UndefinedAction Pass execution to action
2015-10-19 17:05:19.3842 | Trace | Duncan.PEMS.Framework.Controller.PemsController.OnActionExecuting | Exit
2015-10-19 17:11:20.8179 | Trace | Duncan.PEMS.Framework.Controller.PemsController.OnActionExecuting | Enter
2015-10-19 17:11:36.8628 | Trace | Duncan.PEMS.Framework.Controller.PemsController.OnActionExecuting | UndefinedAction, C: SpaceStatusbyArea, A:SpaceStatus
2015-10-19 17:11:36.8628 | Debug | Duncan.PEMS.Framework.Controller.PemsController.OnActionExecuting | UndefinedAction Pass execution to action
2015-10-19 17:11:36.8648 | Trace | Duncan.PEMS.Framework.Controller.PemsController.OnActionExecuting | Exit
2015-10-19 17:12:05.7335 | Trace | Duncan.PEMS.Framework.Controller.PemsController.OnActionExecuting | Enter
2015-10-19 17:12:21.0814 | Trace | Duncan.PEMS.Framework.Controller.PemsController.OnActionExecuting | UndefinedAction, C: SpaceStatusbyArea, A:SpaceStatus
2015-10-19 17:12:21.0814 | Debug | Duncan.PEMS.Framework.Controller.PemsController.OnActionExecuting | UndefinedAction Pass execution to action
2015-10-19 17:12:21.0814 | Trace | Duncan.PEMS.Framework.Controller.PemsController.OnActionExecuting | Exit
2015-10-19 17:48:21.5759 | Trace | Duncan.PEMS.Framework.Controller.PemsController.OnActionExecuting | Enter
2015-10-19 17:48:21.8999 | Trace | Duncan.PEMS.Framework.Controller.PemsController.OnActionExecuting | Allowed, C: Index, A:Home
2015-10-19 17:48:21.8999 | Debug | Duncan.PEMS.Framework.Controller.PemsController.OnActionExecuting | Allowed Pass execution to action
2015-10-19 17:48:21.8999 | Trace | Duncan.PEMS.Framework.Controller.PemsController.OnActionExecuting | Exit
2015-10-19 17:49:37.5233 | Trace | Duncan.PEMS.Framework.Controller.PemsController.OnActionExecuting | Enter
2015-10-19 17:49:38.0903 | Trace | Duncan.PEMS.Framework.Controller.PemsController.OnActionExecuting | UndefinedAction, C: GetAssetTypes_HomePage, A:GIS
2015-10-19 17:49:38.0903 | Debug | Duncan.PEMS.Framework.Controller.PemsController.OnActionExecuting | UndefinedAction Pass execution to action
2015-10-19 17:49:38.0903 | Trace | Duncan.PEMS.Framework.Controller.PemsController.OnActionExecuting | Exit
2015-10-19 17:49:39.1834 | Trace | Duncan.PEMS.Framework.Controller.PemsController.OnActionExecuting | Enter
2015-10-19 17:49:39.6544 | Trace | Duncan.PEMS.Framework.Controller.PemsController.OnActionExecuting | UndefinedAction, C: GetCustomerGridDetails_NewHome, A:GIS
2015-10-19 17:49:39.6544 | Debug | Duncan.PEMS.Framework.Controller.PemsController.OnActionExecuting | UndefinedAction Pass execution to action
2015-10-19 17:49:39.6544 | Trace | Duncan.PEMS.Framework.Controller.PemsController.OnActionExecuting | Exit
2015-10-19 17:49:41.6915 | Trace | Duncan.PEMS.Framework.Controller.PemsController.OnActionExecuting | Enter
2015-10-19 17:49:42.3265 | Trace | Duncan.PEMS.Framework.Controller.PemsController.OnActionExecuting | UndefinedAction, C: GetCustomerGridDetails_NewHome, A:GIS
2015-10-19 17:49:42.3265 | Debug | Duncan.PEMS.Framework.Controller.PemsController.OnActionExecuting | UndefinedAction Pass execution to action
2015-10-19 17:49:42.3265 | Trace | Duncan.PEMS.Framework.Controller.PemsController.OnActionExecuting | Exit
2015-10-19 17:50:27.8922 | Trace | Duncan.PEMS.Framework.Controller.PemsController.OnActionExecuting | Enter
2015-10-19 17:50:31.9904 | Trace | Duncan.PEMS.Framework.Controller.PemsController.OnActionExecuting | Allowed, C: ReportSpaceStatus, A:SpaceStatus
2015-10-19 17:50:31.9904 | Debug | Duncan.PEMS.Framework.Controller.PemsController.OnActionExecuting | Allowed Pass execution to action
2015-10-19 17:50:31.9904 | Trace | Duncan.PEMS.Framework.Controller.PemsController.OnActionExecuting | Exit
2015-10-19 17:51:32.4878 | Trace | Duncan.PEMS.Framework.Controller.PemsController.OnActionExecuting | Enter
2015-10-19 17:51:32.9509 | Trace | Duncan.PEMS.Framework.Controller.PemsController.OnActionExecuting | UndefinedAction, C: SpaceStatusbyArea, A:SpaceStatus
2015-10-19 17:51:32.9509 | Debug | Duncan.PEMS.Framework.Controller.PemsController.OnActionExecuting | UndefinedAction Pass execution to action
2015-10-19 17:51:32.9509 | Trace | Duncan.PEMS.Framework.Controller.PemsController.OnActionExecuting | Exit
2015-10-19 18:28:05.7473 | Trace | Duncan.PEMS.Framework.Controller.PemsController.OnActionExecuting | Enter
2015-10-19 18:28:06.3493 | Trace | Duncan.PEMS.Framework.Controller.PemsController.OnActionExecuting | UndefinedAction, C: SpaceStatusbyMeter, A:SpaceStatus
2015-10-19 18:28:06.3493 | Debug | Duncan.PEMS.Framework.Controller.PemsController.OnActionExecuting | UndefinedAction Pass execution to action
2015-10-19 18:28:06.3493 | Trace | Duncan.PEMS.Framework.Controller.PemsController.OnActionExecuting | Exit
2015-10-19 18:49:38.7903 | Trace | Duncan.PEMS.Framework.Controller.PemsController.OnActionExecuting | Enter
2015-10-19 18:49:39.2813 | Trace | Duncan.PEMS.Framework.Controller.PemsController.OnActionExecuting | UndefinedAction, C: SpaceStatusbyArea, A:SpaceStatus
2015-10-19 18:49:39.2813 | Debug | Duncan.PEMS.Framework.Controller.PemsController.OnActionExecuting | UndefinedAction Pass execution to action
2015-10-19 18:49:39.2813 | Trace | Duncan.PEMS.Framework.Controller.PemsController.OnActionExecuting | Exit
